==BEGIN DUMP_ARRAYS==
begin dump: w
0.00 0.00 0.00 0.00 0.00 0.00 0.00 0.00 0.00 0.00 0.00 0.00 0.00 0.00 0.00 0.00 0.00 0.00 0.00 0.00 
0.00 0.00 0.00 0.00 0.00 0.00 0.00 0.00 0.00 0.00 0.00 0.00 0.00 0.00 0.00 0.00 0.00 0.00 0.00 0.00 
0.00 0.00 0.00 0.00 0.00 0.00 0.00 0.00 0.00 0.00 0.00 0.00 0.00 0.00 0.00 0.00 0.00 0.00 0.00 0.00 
0.00 0.00 0.00 0.00 0.00 0.00 0.00 0.00 0.00 0.00 0.00 0.00 0.00 0.00 0.00 0.00 0.00 0.00 0.00 0.00 
0.00 0.00 0.00 0.00 0.00 0.00 0.00 0.00 0.00 0.00 0.00 0.00 0.00 0.00 0.00 0.00 0.00 0.00 0.00 0.00 
0.00 0.00 0.00 0.00 0.00 0.00 0.00 0.00 0.00 0.00 0.00 0.00 0.00 0.00 0.00 0.00 0.00 0.00 0.00 0.00 
0.00 0.00 0.00 0.00 0.00 0.00 0.00 0.00 0.00 0.00 0.00 0.00 0.00 0.00 0.00 0.00 0.00 0.00 0.00 0.00 
0.00 0.00 0.00 0.00 0.00 0.00 0.00 0.00 0.00 0.00 0.00 0.00 0.00 0.00 0.00 0.00 0.00 0.00 0.00 0.00 
0.00 0.00 0.00 0.00 0.00 0.00 0.00 0.00 0.00 0.00 0.00 0.00 0.00 0.00 0.00 0.00 0.00 0.00 0.00 0.00 
0.00 0.00 0.00 0.00 0.00 0.00 0.00 0.00 0.00 0.00 0.00 0.00 0.00 0.00 0.00 0.00 0.00 0.00 0.00 0.00 
0.00 0.00 0.00 0.00 0.00 0.00 0.00 0.00 0.00 0.00 0.00 0.00 0.00 0.00 0.00 0.00 0.00 0.00 0.00 0.00 
0.00 0.00 0.00 0.00 0.00 0.00 0.00 0.00 0.00 0.00 0.00 0.00 0.00 0.00 0.00 0.00 0.00 0.00 0.00 0.00 
0.00 0.00 0.00 0.00 0.00 0.00 0.00 0.00 0.00 0.00 0.00 0.00 0.00 0.00 0.00 0.00 0.00 0.00 0.00 0.00 
0.00 0.00 0.00 0.00 0.00 0.00 0.00 0.00 0.00 0.00 0.00 0.00 0.00 0.00 0.00 0.00 0.00 0.00 0.00 0.00 
0.00 0.00 0.00 0.00 0.00 0.00 0.00 0.00 0.00 0.00 0.00 0.00 0.00 0.00 0.00 0.00 0.00 0.00 0.00 0.00 
0.00 0.00 0.00 0.00 0.00 0.00 0.00 0.00 0.00 0.00 0.00 0.00 0.00 0.00 0.00 0.00 0.00 0.00 0.00 0.00 
0.00 0.00 0.00 0.00 0.00 0.00 0.00 0.00 0.00 0.00 0.00 0.00 0.00 0.00 0.00 0.00 0.00 0.00 0.00 0.00 
0.00 0.00 0.00 0.00 0.00 0.00 0.00 0.00 0.00 0.00 0.00 0.00 0.00 0.00 0.00 0.00 0.00 0.00 0.00 0.00 
0.00 0.00 0.00 0.00 0.00 0.00 0.00 0.00 0.00 0.00 0.00 0.00 0.00 0.00 0.00 0.00 0.00 0.00 0.00 0.00 
0.00 0.00 0.00 0.00 0.00 0.00 0.00 0.00 0.00 0.00 0.00 0.00 0.00 0.00 0.00 0.00 0.00 0.00 0.00 0.00 
end   dump: w
==END   DUMP_ARRAYS==
==BEGIN DUMP_ARRAYS==
begin dump: w
84.64 506497.97 557346.69 642914.06 734118.25 830006.00 930772.44 1029580.56 1125181.25 1231230.25 1324465.62 1431676.88 1530517.75 1634231.75 1734122.50 1833393.25 1926067.75 2037402.38 2138926.75 2237479.00 
2328388.00 2439785.50 2544318.75 2647678.75 2743508.75 2831841.75 2950926.75 3053844.50 3152220.00 3257605.50 3350756.00 3461047.25 3549443.25 3661492.75 3763273.25 3862765.75 3963334.25 4069173.00 4167930.25 4269846.50 
4343730.50 4473664.50 4574047.00 4677948.00 4775598.50 4880036.00 4982323.00 5079616.50 5174735.00 5288477.50 5352140.50 5491907.50 5590317.00 5693265.50 5794661.50 5894235.50 5992906.00 6087428.50 6203675.50 6303721.50 
6391473.00 6506033.50 6609055.00 6709707.50 6800519.50 6910008.50 7011457.00 7124893.50 7218009.00 7323838.50 7415497.50 7524286.50 7619639.00 7729537.50 7826811.00 7911821.50 8028829.00 8134208.50 8232666.00 8333086.50 
8378149.50 8542898.00 8641800.00 8742978.00 8842575.00 8943878.00 9048856.00 9153656.00 9245657.00 9363716.00 9448538.00 9558144.00 9654602.00 9758299.00 9858208.00 9959269.00 10052541.00 10167477.00 10265413.00 10363952.00 
10395726.00 10578266.00 10676789.00 10777749.00 10873588.00 10976838.00 11081004.00 11183925.00 11282291.00 11378072.00 11481428.00 11587511.00 11679514.00 11791571.00 11887343.00 11995242.00 12095817.00 12199238.00 12300405.00 12402321.00 
12474402.00 12606140.00 12706532.00 12802013.00 12908073.00 12993683.00 13112385.00 13215698.00 13304816.00 13414937.00 13511481.00 13618382.00 13714380.00 13793310.00 13942749.00 14032103.00 14128981.00 14235513.00 14336147.00 14436191.00 
14523949.00 14638502.00 14741525.00 14845786.00 14932980.00 15041880.00 15147534.00 15248954.00 15348088.00 15450311.00 15516598.00 15656755.00 15752110.00 15859599.00 15962883.00 16059072.00 16161296.00 16264279.00 16365143.00 16465556.00 
16510020.00 16675373.00 16774259.00 16879058.00 16975056.00 17076344.00 17178930.00 17283728.00 17378122.00 17484176.00 17579218.00 17684616.00 17790674.00 17894380.00 17994272.00 18076666.00 18185022.00 18297538.00 18403894.00 18502428.00 
18588538.00 18704734.00 18809266.00 18907820.00 19003660.00 19108716.00 19211068.00 19313992.00 19412370.00 19516542.00 19611520.00 19719992.00 19809592.00 19921648.00 20023424.00 20121110.00 20222288.00 20323316.00 20420866.00 20510786.00 
20484378.00 20762608.00 20851006.00 20950062.00 21046536.00 21146170.00 21248454.00 21351748.00 21440880.00 21553402.00 21648142.00 21756846.00 21856456.00 21959404.00 22060808.00 22158574.00 22259038.00 22365568.00 22462608.00 22568646.00 
22655822.00 22770960.00 22867988.00 22975844.00 23065448.00 23160008.00 23277598.00 23379014.00 23478148.00 23588778.00 23680438.00 23789208.00 23884590.00 23989670.00 24092950.00 24190946.00 24293766.00 24394342.00 24497606.00 24598026.00 
24642478.00 24807844.00 24906730.00 25009108.00 25107520.00 25208214.00 25308982.00 25413792.00 25510586.00 25616638.00 25681810.00 25823080.00 25920732.00 26024438.00 26124344.00 26225410.00 26317488.00 26427612.00 26530350.00 26634894.00 
26720410.00 26837202.00 26935728.00 27037874.00 27133738.00 27235190.00 27329122.00 27480078.00 27554434.00 27655006.00 27748168.00 27858456.00 27945652.00 28057700.00 28159490.00 28242992.00 28360752.00 28471384.00 28565338.00 28667268.00 
28739340.00 28871076.00 28971460.00 29074158.00 29173004.00 29272044.00 29384526.00 29481820.00 29570956.00 29685878.00 29778218.00 29895326.00 29986530.00 30089464.00 30190882.00 30290450.00 30389122.00 30495636.00 30595090.00 30695126.00 
30726146.00 30909432.00 31006468.00 31105912.00 31197934.00 31308022.00 31413672.00 31515092.00 31614220.00 31715242.00 31811106.00 31909682.00 32017038.00 32119738.00 32223010.00 32323406.00 32426252.00 32530406.00 32630072.00 32730492.00 
32774358.00 32940308.00 33039204.00 33139186.00 33239992.00 33324854.00 33445058.00 33543848.00 33643068.00 33749116.00 33844152.00 33949548.00 34050824.00 34148500.00 34260416.00 34357268.00 34449952.00 34563680.00 34662824.00 34767356.00 
34852872.00 34969676.00 35068196.00 35185964.00 35269800.00 35373056.00 35477224.00 35580132.00 35678508.00 35781480.00 35846272.00 35984920.00 36075720.00 36193768.00 36289548.00 36387268.00 36493224.00 36595444.00 36697808.00 36799728.00 
36870016.00 37003544.00 37103936.00 37204240.00 37305488.00 37404508.00 37508596.00 37611908.00 37701032.00 37812344.00 37908912.00 38015796.00 38116600.00 38219552.00 38320960.00 38404840.00 38519196.00 38625708.00 38727568.00 38833596.00 
38915964.00 39035912.00 39132952.00 39235984.00 39324408.00 39433888.00 39537748.00 39639176.00 39738312.00 39841728.00 39935172.00 40042188.00 40137532.00 40243804.00 40341096.00 40437276.00 40534700.00 40630488.00 40714524.00 40766888.00 
end   dump: w
==END   DUMP_ARRAYS==
