==BEGIN DUMP_ARRAYS==
begin dump: w
0.00 0.00 0.00 0.00 0.00 0.00 0.00 0.00 0.00 0.00 0.00 0.00 0.00 0.00 0.00 0.00 0.00 0.00 0.00 0.00 
0.00 0.00 0.00 0.00 0.00 0.00 0.00 0.00 0.00 0.00 0.00 0.00 0.00 0.00 0.00 0.00 0.00 0.00 0.00 0.00 
0.00 0.00 0.00 0.00 0.00 0.00 0.00 0.00 0.00 0.00 0.00 0.00 0.00 0.00 0.00 0.00 0.00 0.00 0.00 0.00 
0.00 0.00 0.00 0.00 0.00 0.00 0.00 0.00 0.00 0.00 0.00 0.00 0.00 0.00 0.00 0.00 0.00 0.00 0.00 0.00 
0.00 0.00 0.00 0.00 0.00 0.00 0.00 0.00 0.00 0.00 0.00 0.00 0.00 0.00 0.00 0.00 0.00 0.00 0.00 0.00 
0.00 0.00 0.00 0.00 0.00 0.00 0.00 0.00 0.00 0.00 0.00 0.00 0.00 0.00 0.00 0.00 0.00 0.00 0.00 0.00 
0.00 0.00 0.00 0.00 0.00 0.00 0.00 0.00 0.00 0.00 0.00 0.00 0.00 0.00 0.00 0.00 0.00 0.00 0.00 0.00 
0.00 0.00 0.00 0.00 0.00 0.00 0.00 0.00 0.00 0.00 0.00 0.00 0.00 0.00 0.00 0.00 0.00 0.00 0.00 0.00 
0.00 0.00 0.00 0.00 0.00 0.00 0.00 0.00 0.00 0.00 0.00 0.00 0.00 0.00 0.00 0.00 0.00 0.00 0.00 0.00 
0.00 0.00 0.00 0.00 0.00 0.00 0.00 0.00 0.00 0.00 0.00 0.00 0.00 0.00 0.00 0.00 0.00 0.00 0.00 0.00 
0.00 0.00 0.00 0.00 0.00 0.00 0.00 0.00 0.00 0.00 0.00 0.00 0.00 0.00 0.00 0.00 0.00 0.00 0.00 0.00 
0.00 0.00 0.00 0.00 0.00 0.00 0.00 0.00 0.00 0.00 0.00 0.00 0.00 0.00 0.00 0.00 0.00 0.00 0.00 0.00 
0.00 0.00 0.00 0.00 0.00 0.00 0.00 0.00 0.00 0.00 0.00 0.00 0.00 0.00 0.00 0.00 0.00 0.00 0.00 0.00 
0.00 0.00 0.00 0.00 0.00 0.00 0.00 0.00 0.00 0.00 0.00 0.00 0.00 0.00 0.00 0.00 0.00 0.00 0.00 0.00 
0.00 0.00 0.00 0.00 0.00 0.00 0.00 0.00 0.00 0.00 0.00 0.00 0.00 0.00 0.00 0.00 0.00 0.00 0.00 0.00 
0.00 0.00 0.00 0.00 0.00 0.00 0.00 0.00 0.00 0.00 0.00 0.00 0.00 0.00 0.00 0.00 0.00 0.00 0.00 0.00 
0.00 0.00 0.00 0.00 0.00 0.00 0.00 0.00 0.00 0.00 0.00 0.00 0.00 0.00 0.00 0.00 0.00 0.00 0.00 0.00 
0.00 0.00 0.00 0.00 0.00 0.00 0.00 0.00 0.00 0.00 0.00 0.00 0.00 0.00 0.00 0.00 0.00 0.00 0.00 0.00 
0.00 0.00 0.00 0.00 0.00 0.00 0.00 0.00 0.00 0.00 0.00 0.00 0.00 0.00 0.00 0.00 0.00 0.00 0.00 0.00 
0.00 0.00 0.00 0.00 0.00 0.00 0.00 0.00 0.00 0.00 0.00 0.00 0.00 0.00 0.00 0.00 0.00 0.00 0.00 0.00 
end   dump: w
==END   DUMP_ARRAYS==
==BEGIN DUMP_ARRAYS==
begin dump: w
84.64 506498.03 557346.75 642914.12 734118.25 830006.00 930772.38 1029580.62 1125181.00 1231230.12 1324465.62 1431676.75 1530517.62 1634231.88 1734122.62 1833393.25 1926067.50 2037402.38 2138927.00 2237479.25 
2328388.25 2439785.50 2544318.50 2647679.00 2743508.75 2831841.50 2950926.50 3053844.75 3152220.00 3257605.75 3350755.50 3461046.75 3549443.00 3661492.75 3763273.00 3862766.50 3963334.50 4069172.25 4167930.00 4269847.00 
4343731.00 4473665.00 4574047.50 4677948.00 4775598.50 4880036.00 4982323.00 5079616.00 5174734.50 5288477.50 5352141.00 5491906.50 5590316.50 5693265.50 5794661.50 5894235.50 5992906.50 6087428.50 6203675.50 6303720.50 
6391474.00 6506034.00 6609054.50 6709707.00 6800519.50 6910008.50 7011457.50 7124892.50 7218010.50 7323839.00 7415497.50 7524286.50 7619639.50 7729538.00 7826809.50 7911821.00 8028829.50 8134208.50 8232666.00 8333086.50 
8378148.50 8542898.00 8641800.00 8742977.00 8842576.00 8943879.00 9048858.00 9153656.00 9245657.00 9363716.00 9448538.00 9558144.00 9654602.00 9758298.00 9858209.00 9959271.00 10052542.00 10167477.00 10265413.00 10363953.00 
10395727.00 10578267.00 10676790.00 10777749.00 10873588.00 10976837.00 11081003.00 11183925.00 11282291.00 11378072.00 11481428.00 11587511.00 11679515.00 11791571.00 11887344.00 11995242.00 12095815.00 12199237.00 12300403.00 12402322.00 
12474402.00 12606142.00 12706532.00 12802014.00 12908074.00 12993683.00 13112388.00 13215697.00 13304818.00 13414938.00 13511482.00 13618383.00 13714382.00 13793311.00 13942752.00 14032102.00 14128980.00 14235513.00 14336148.00 14436191.00 
14523949.00 14638503.00 14741526.00 14845786.00 14932982.00 15041881.00 15147535.00 15248953.00 15348088.00 15450311.00 15516599.00 15656754.00 15752109.00 15859601.00 15962883.00 16059075.00 16161295.00 16264280.00 16365140.00 16465558.00 
16510020.00 16675372.00 16774260.00 16879056.00 16975058.00 17076342.00 17178932.00 17283728.00 17378124.00 17484178.00 17579218.00 17684614.00 17790674.00 17894382.00 17994274.00 18076666.00 18185022.00 18297538.00 18403892.00 18502430.00 
18588538.00 18704738.00 18809266.00 18907820.00 19003660.00 19108718.00 19211068.00 19313992.00 19412372.00 19516544.00 19611522.00 19719992.00 19809592.00 19921646.00 20023424.00 20121108.00 20222288.00 20323316.00 20420866.00 20510786.00 
20484380.00 20762608.00 20851004.00 20950066.00 21046534.00 21146172.00 21248454.00 21351748.00 21440880.00 21553406.00 21648140.00 21756844.00 21856458.00 21959406.00 22060812.00 22158576.00 22259034.00 22365566.00 22462608.00 22568648.00 
22655816.00 22770960.00 22867988.00 22975842.00 23065450.00 23160010.00 23277600.00 23379014.00 23478148.00 23588780.00 23680434.00 23789208.00 23884588.00 23989664.00 24092946.00 24190944.00 24293768.00 24394346.00 24497606.00 24598028.00 
24642478.00 24807840.00 24906732.00 25009108.00 25107522.00 25208214.00 25308982.00 25413796.00 25510586.00 25616638.00 25681808.00 25823082.00 25920736.00 26024432.00 26124340.00 26225408.00 26317490.00 26427612.00 26530350.00 26634898.00 
26720410.00 26837206.00 26935730.00 27037874.00 27133740.00 27235186.00 27329124.00 27480078.00 27554436.00 27655004.00 27748168.00 27858462.00 27945652.00 28057704.00 28159490.00 28242992.00 28360756.00 28471384.00 28565340.00 28667270.00 
28739342.00 28871076.00 28971458.00 29074158.00 29173006.00 29272042.00 29384526.00 29481820.00 29570956.00 29685880.00 29778218.00 29895324.00 29986528.00 30089466.00 30190882.00 30290452.00 30389120.00 30495634.00 30595090.00 30695126.00 
30726150.00 30909436.00 31006464.00 31105914.00 31197930.00 31308018.00 31413668.00 31515090.00 31614220.00 31715242.00 31811112.00 31909682.00 32017040.00 32119738.00 32223010.00 32323412.00 32426246.00 32530408.00 32630072.00 32730490.00 
32774360.00 32940304.00 33039204.00 33139186.00 33239994.00 33324856.00 33445054.00 33543854.00 33643064.00 33749116.00 33844152.00 33949548.00 34050828.00 34148504.00 34260412.00 34357264.00 34449952.00 34563680.00 34662824.00 34767360.00 
34852880.00 34969676.00 35068200.00 35185964.00 35269804.00 35373056.00 35477216.00 35580136.00 35678508.00 35781484.00 35846272.00 35984916.00 36075720.00 36193764.00 36289552.00 36387268.00 36493224.00 36595448.00 36697812.00 36799732.00 
36870024.00 37003548.00 37103932.00 37204240.00 37305488.00 37404508.00 37508600.00 37611912.00 37701028.00 37812340.00 37908912.00 38015796.00 38116604.00 38219552.00 38320960.00 38404840.00 38519192.00 38625708.00 38727564.00 38833596.00 
38915964.00 39035916.00 39132956.00 39235992.00 39324408.00 39433888.00 39537744.00 39639172.00 39738308.00 39841728.00 39935176.00 40042184.00 40137528.00 40243804.00 40341088.00 40437280.00 40534696.00 40630492.00 40714516.00 40766900.00 
end   dump: w
==END   DUMP_ARRAYS==
