==BEGIN DUMP_ARRAYS==
begin dump: w
0.00 0.00 0.00 0.00 0.00 0.00 0.00 0.00 0.00 0.00 0.00 0.00 0.00 0.00 0.00 0.00 0.00 0.00 0.00 0.00 
0.00 0.00 0.00 0.00 0.00 0.00 0.00 0.00 0.00 0.00 0.00 0.00 0.00 0.00 0.00 0.00 0.00 0.00 0.00 0.00 
0.00 0.00 0.00 0.00 0.00 0.00 0.00 0.00 0.00 0.00 0.00 0.00 0.00 0.00 0.00 0.00 0.00 0.00 0.00 0.00 
0.00 0.00 0.00 0.00 0.00 0.00 0.00 0.00 0.00 0.00 0.00 0.00 0.00 0.00 0.00 0.00 0.00 0.00 0.00 0.00 
0.00 0.00 0.00 0.00 0.00 0.00 0.00 0.00 0.00 0.00 0.00 0.00 0.00 0.00 0.00 0.00 0.00 0.00 0.00 0.00 
0.00 0.00 0.00 0.00 0.00 0.00 0.00 0.00 0.00 0.00 0.00 0.00 0.00 0.00 0.00 0.00 0.00 0.00 0.00 0.00 
0.00 0.00 0.00 0.00 0.00 0.00 0.00 0.00 0.00 0.00 0.00 0.00 0.00 0.00 0.00 0.00 0.00 0.00 0.00 0.00 
0.00 0.00 0.00 0.00 0.00 0.00 0.00 0.00 0.00 0.00 0.00 0.00 0.00 0.00 0.00 0.00 0.00 0.00 0.00 0.00 
0.00 0.00 0.00 0.00 0.00 0.00 0.00 0.00 0.00 0.00 0.00 0.00 0.00 0.00 0.00 0.00 0.00 0.00 0.00 0.00 
0.00 0.00 0.00 0.00 0.00 0.00 0.00 0.00 0.00 0.00 0.00 0.00 0.00 0.00 0.00 0.00 0.00 0.00 0.00 0.00 
0.00 0.00 0.00 0.00 0.00 0.00 0.00 0.00 0.00 0.00 0.00 0.00 0.00 0.00 0.00 0.00 0.00 0.00 0.00 0.00 
0.00 0.00 0.00 0.00 0.00 0.00 0.00 0.00 0.00 0.00 0.00 0.00 0.00 0.00 0.00 0.00 0.00 0.00 0.00 0.00 
0.00 0.00 0.00 0.00 0.00 0.00 0.00 0.00 0.00 0.00 0.00 0.00 0.00 0.00 0.00 0.00 0.00 0.00 0.00 0.00 
0.00 0.00 0.00 0.00 0.00 0.00 0.00 0.00 0.00 0.00 0.00 0.00 0.00 0.00 0.00 0.00 0.00 0.00 0.00 0.00 
0.00 0.00 0.00 0.00 0.00 0.00 0.00 0.00 0.00 0.00 0.00 0.00 0.00 0.00 0.00 0.00 0.00 0.00 0.00 0.00 
0.00 0.00 0.00 0.00 0.00 0.00 0.00 0.00 0.00 0.00 0.00 0.00 0.00 0.00 0.00 0.00 0.00 0.00 0.00 0.00 
0.00 0.00 0.00 0.00 0.00 0.00 0.00 0.00 0.00 0.00 0.00 0.00 0.00 0.00 0.00 0.00 0.00 0.00 0.00 0.00 
0.00 0.00 0.00 0.00 0.00 0.00 0.00 0.00 0.00 0.00 0.00 0.00 0.00 0.00 0.00 0.00 0.00 0.00 0.00 0.00 
0.00 0.00 0.00 0.00 0.00 0.00 0.00 0.00 0.00 0.00 0.00 0.00 0.00 0.00 0.00 0.00 0.00 0.00 0.00 0.00 
0.00 0.00 0.00 0.00 0.00 0.00 0.00 0.00 0.00 0.00 0.00 0.00 0.00 0.00 0.00 0.00 0.00 0.00 0.00 0.00 
end   dump: w
==END   DUMP_ARRAYS==
==BEGIN DUMP_ARRAYS==
begin dump: w
84.64 506497.91 557346.62 642914.06 734118.25 830006.12 930772.38 1029580.50 1125181.12 1231230.12 1324465.75 1431676.88 1530518.00 1634231.75 1734122.75 1833393.62 1926067.75 2037402.38 2138926.75 2237478.75 
2328388.25 2439785.50 2544318.75 2647679.00 2743508.75 2831841.75 2950926.25 3053844.75 3152219.75 3257605.50 3350755.75 3461046.75 3549443.00 3661492.75 3763272.75 3862766.25 3963333.75 4069172.50 4167930.00 4269846.50 
4343731.00 4473664.50 4574048.00 4677947.50 4775598.50 4880036.00 4982323.50 5079616.00 5174735.00 5288478.00 5352140.50 5491906.50 5590316.50 5693266.00 5794661.50 5894235.00 5992906.00 6087429.00 6203674.50 6303720.50 
6391474.00 6506032.50 6609055.00 6709707.00 6800519.00 6910007.50 7011457.00 7124893.00 7218009.00 7323838.50 7415497.50 7524286.50 7619638.50 7729537.00 7826810.50 7911821.50 8028828.50 8134209.00 8232666.00 8333086.00 
8378149.50 8542899.00 8641799.00 8742978.00 8842575.00 8943880.00 9048857.00 9153656.00 9245657.00 9363715.00 9448538.00 9558144.00 9654602.00 9758299.00 9858208.00 9959271.00 10052541.00 10167477.00 10265413.00 10363953.00 
10395727.00 10578266.00 10676789.00 10777748.00 10873589.00 10976837.00 11081003.00 11183924.00 11282290.00 11378071.00 11481428.00 11587512.00 11679514.00 11791572.00 11887342.00 11995240.00 12095816.00 12199237.00 12300404.00 12402321.00 
12474402.00 12606141.00 12706532.00 12802013.00 12908075.00 12993682.00 13112383.00 13215698.00 13304817.00 13414940.00 13511481.00 13618382.00 13714383.00 13793311.00 13942751.00 14032100.00 14128979.00 14235515.00 14336147.00 14436189.00 
14523950.00 14638503.00 14741525.00 14845788.00 14932980.00 15041878.00 15147535.00 15248955.00 15348088.00 15450310.00 15516599.00 15656755.00 15752109.00 15859600.00 15962882.00 16059074.00 16161296.00 16264281.00 16365139.00 16465556.00 
16510022.00 16675372.00 16774260.00 16879058.00 16975058.00 17076342.00 17178932.00 17283728.00 17378124.00 17484176.00 17579218.00 17684616.00 17790674.00 17894378.00 17994276.00 18076666.00 18185024.00 18297538.00 18403894.00 18502426.00 
18588536.00 18704736.00 18809264.00 18907822.00 19003662.00 19108718.00 19211068.00 19313990.00 19412370.00 19516540.00 19611524.00 19719990.00 19809592.00 19921646.00 20023422.00 20121108.00 20222290.00 20323316.00 20420866.00 20510786.00 
20484380.00 20762608.00 20851006.00 20950066.00 21046530.00 21146172.00 21248454.00 21351744.00 21440880.00 21553400.00 21648140.00 21756846.00 21856456.00 21959406.00 22060808.00 22158570.00 22259038.00 22365570.00 22462608.00 22568646.00 
22655818.00 22770964.00 22867990.00 22975846.00 23065450.00 23160010.00 23277600.00 23379016.00 23478150.00 23588778.00 23680438.00 23789206.00 23884592.00 23989666.00 24092948.00 24190946.00 24293766.00 24394344.00 24497608.00 24598026.00 
24642480.00 24807842.00 24906730.00 25009106.00 25107520.00 25208214.00 25308980.00 25413796.00 25510588.00 25616638.00 25681808.00 25823080.00 25920740.00 26024436.00 26124342.00 26225408.00 26317488.00 26427612.00 26530348.00 26634892.00 
26720408.00 26837204.00 26935726.00 27037874.00 27133738.00 27235186.00 27329124.00 27480076.00 27554436.00 27655006.00 27748168.00 27858460.00 27945652.00 28057702.00 28159488.00 28242992.00 28360756.00 28471384.00 28565338.00 28667268.00 
28739340.00 28871076.00 28971456.00 29074156.00 29173006.00 29272044.00 29384528.00 29481820.00 29570954.00 29685878.00 29778218.00 29895332.00 29986526.00 30089466.00 30190882.00 30290452.00 30389120.00 30495634.00 30595086.00 30695126.00 
30726148.00 30909432.00 31006468.00 31105916.00 31197930.00 31308022.00 31413668.00 31515092.00 31614220.00 31715242.00 31811106.00 31909684.00 32017036.00 32119740.00 32223010.00 32323410.00 32426246.00 32530410.00 32630078.00 32730488.00 
32774362.00 32940302.00 33039208.00 33139186.00 33239986.00 33324854.00 33445058.00 33543848.00 33643064.00 33749116.00 33844156.00 33949552.00 34050824.00 34148504.00 34260416.00 34357268.00 34449952.00 34563680.00 34662820.00 34767360.00 
34852876.00 34969672.00 35068196.00 35185968.00 35269800.00 35373056.00 35477216.00 35580136.00 35678508.00 35781480.00 35846272.00 35984920.00 36075720.00 36193768.00 36289552.00 36387260.00 36493228.00 36595444.00 36697812.00 36799724.00 
36870024.00 37003544.00 37103940.00 37204236.00 37305484.00 37404508.00 37508596.00 37611908.00 37701028.00 37812344.00 37908916.00 38015792.00 38116604.00 38219552.00 38320960.00 38404840.00 38519200.00 38625708.00 38727564.00 38833592.00 
38915964.00 39035912.00 39132956.00 39235988.00 39324412.00 39433884.00 39537744.00 39639176.00 39738304.00 39841732.00 39935168.00 40042184.00 40137532.00 40243804.00 40341088.00 40437280.00 40534692.00 40630484.00 40714528.00 40766888.00 
end   dump: w
==END   DUMP_ARRAYS==
