==BEGIN DUMP_ARRAYS==
begin dump: w
0.00 0.00 0.00 0.00 0.00 0.00 0.00 0.00 0.00 0.00 0.00 0.00 0.00 0.00 0.00 0.00 0.00 0.00 0.00 0.00 
0.00 0.00 0.00 0.00 0.00 0.00 0.00 0.00 0.00 0.00 0.00 0.00 0.00 0.00 0.00 0.00 0.00 0.00 0.00 0.00 
0.00 0.00 0.00 0.00 0.00 0.00 0.00 0.00 0.00 0.00 0.00 0.00 0.00 0.00 0.00 0.00 0.00 0.00 0.00 0.00 
0.00 0.00 0.00 0.00 0.00 0.00 0.00 0.00 0.00 0.00 0.00 0.00 0.00 0.00 0.00 0.00 0.00 0.00 0.00 0.00 
0.00 0.00 0.00 0.00 0.00 0.00 0.00 0.00 0.00 0.00 0.00 0.00 0.00 0.00 0.00 0.00 0.00 0.00 0.00 0.00 
0.00 0.00 0.00 0.00 0.00 0.00 0.00 0.00 0.00 0.00 0.00 0.00 0.00 0.00 0.00 0.00 0.00 0.00 0.00 0.00 
0.00 0.00 0.00 0.00 0.00 0.00 0.00 0.00 0.00 0.00 0.00 0.00 0.00 0.00 0.00 0.00 0.00 0.00 0.00 0.00 
0.00 0.00 0.00 0.00 0.00 0.00 0.00 0.00 0.00 0.00 0.00 0.00 0.00 0.00 0.00 0.00 0.00 0.00 0.00 0.00 
0.00 0.00 0.00 0.00 0.00 0.00 0.00 0.00 0.00 0.00 0.00 0.00 0.00 0.00 0.00 0.00 0.00 0.00 0.00 0.00 
0.00 0.00 0.00 0.00 0.00 0.00 0.00 0.00 0.00 0.00 0.00 0.00 0.00 0.00 0.00 0.00 0.00 0.00 0.00 0.00 
0.00 0.00 0.00 0.00 0.00 0.00 0.00 0.00 0.00 0.00 0.00 0.00 0.00 0.00 0.00 0.00 0.00 0.00 0.00 0.00 
0.00 0.00 0.00 0.00 0.00 0.00 0.00 0.00 0.00 0.00 0.00 0.00 0.00 0.00 0.00 0.00 0.00 0.00 0.00 0.00 
0.00 0.00 0.00 0.00 0.00 0.00 0.00 0.00 0.00 0.00 0.00 0.00 0.00 0.00 0.00 0.00 0.00 0.00 0.00 0.00 
0.00 0.00 0.00 0.00 0.00 0.00 0.00 0.00 0.00 0.00 0.00 0.00 0.00 0.00 0.00 0.00 0.00 0.00 0.00 0.00 
0.00 0.00 0.00 0.00 0.00 0.00 0.00 0.00 0.00 0.00 0.00 0.00 0.00 0.00 0.00 0.00 0.00 0.00 0.00 0.00 
0.00 0.00 0.00 0.00 0.00 0.00 0.00 0.00 0.00 0.00 0.00 0.00 0.00 0.00 0.00 0.00 0.00 0.00 0.00 0.00 
0.00 0.00 0.00 0.00 0.00 0.00 0.00 0.00 0.00 0.00 0.00 0.00 0.00 0.00 0.00 0.00 0.00 0.00 0.00 0.00 
0.00 0.00 0.00 0.00 0.00 0.00 0.00 0.00 0.00 0.00 0.00 0.00 0.00 0.00 0.00 0.00 0.00 0.00 0.00 0.00 
0.00 0.00 0.00 0.00 0.00 0.00 0.00 0.00 0.00 0.00 0.00 0.00 0.00 0.00 0.00 0.00 0.00 0.00 0.00 0.00 
0.00 0.00 0.00 0.00 0.00 0.00 0.00 0.00 0.00 0.00 0.00 0.00 0.00 0.00 0.00 0.00 0.00 0.00 0.00 0.00 
end   dump: w
==END   DUMP_ARRAYS==
==BEGIN DUMP_ARRAYS==
begin dump: w
84.64 506497.94 557346.75 642914.12 734118.31 830005.94 930772.44 1029580.50 1125181.12 1231230.38 1324465.62 1431676.88 1530518.00 1634231.88 1734122.75 1833393.62 1926067.50 2037402.38 2138926.75 2237479.25 
2328388.25 2439785.50 2544318.50 2647679.00 2743509.00 2831841.75 2950926.50 3053845.00 3152219.75 3257605.75 3350756.00 3461047.00 3549443.25 3661492.75 3763273.25 3862765.75 3963334.25 4069172.75 4167930.25 4269846.50 
4343730.50 4473664.00 4574047.50 4677947.00 4775599.00 4880036.00 4982323.00 5079616.50 5174735.00 5288477.50 5352140.50 5491907.00 5590316.50 5693266.50 5794661.50 5894235.00 5992906.50 6087429.00 6203675.50 6303721.00 
6391473.00 6506032.50 6609054.50 6709707.00 6800519.00 6910009.00 7011457.00 7124893.50 7218009.00 7323839.50 7415497.50 7524287.00 7619639.00 7729538.00 7826811.50 7911820.00 8028828.00 8134209.00 8232666.00 8333086.50 
8378150.00 8542898.00 8641799.00 8742977.00 8842576.00 8943878.00 9048856.00 9153656.00 9245656.00 9363716.00 9448538.00 9558145.00 9654603.00 9758299.00 9858208.00 9959271.00 10052542.00 10167477.00 10265412.00 10363952.00 
10395726.00 10578266.00 10676789.00 10777748.00 10873590.00 10976838.00 11081004.00 11183924.00 11282291.00 11378072.00 11481428.00 11587511.00 11679514.00 11791571.00 11887342.00 11995243.00 12095815.00 12199237.00 12300405.00 12402321.00 
12474403.00 12606142.00 12706532.00 12802012.00 12908072.00 12993682.00 13112385.00 13215697.00 13304816.00 13414937.00 13511478.00 13618382.00 13714381.00 13793311.00 13942750.00 14032102.00 14128982.00 14235514.00 14336148.00 14436191.00 
14523949.00 14638502.00 14741525.00 14845787.00 14932979.00 15041879.00 15147533.00 15248954.00 15348088.00 15450311.00 15516598.00 15656754.00 15752107.00 15859601.00 15962883.00 16059075.00 16161297.00 16264280.00 16365143.00 16465558.00 
16510022.00 16675373.00 16774260.00 16879056.00 16975058.00 17076344.00 17178930.00 17283726.00 17378124.00 17484176.00 17579214.00 17684616.00 17790672.00 17894384.00 17994274.00 18076666.00 18185024.00 18297538.00 18403892.00 18502428.00 
18588536.00 18704736.00 18809266.00 18907820.00 19003662.00 19108720.00 19211066.00 19313992.00 19412370.00 19516540.00 19611520.00 19719994.00 19809594.00 19921644.00 20023422.00 20121108.00 20222290.00 20323318.00 20420866.00 20510788.00 
20484376.00 20762610.00 20851002.00 20950064.00 21046534.00 21146174.00 21248454.00 21351746.00 21440880.00 21553402.00 21648138.00 21756844.00 21856456.00 21959406.00 22060806.00 22158572.00 22259038.00 22365570.00 22462610.00 22568646.00 
22655818.00 22770962.00 22867988.00 22975842.00 23065448.00 23160010.00 23277596.00 23379014.00 23478148.00 23588776.00 23680436.00 23789206.00 23884590.00 23989668.00 24092948.00 24190944.00 24293764.00 24394344.00 24497608.00 24598026.00 
24642480.00 24807846.00 24906730.00 25009106.00 25107520.00 25208212.00 25308982.00 25413792.00 25510584.00 25616640.00 25681808.00 25823082.00 25920736.00 26024438.00 26124344.00 26225410.00 26317490.00 26427612.00 26530350.00 26634894.00 
26720410.00 26837200.00 26935730.00 27037874.00 27133736.00 27235184.00 27329122.00 27480076.00 27554436.00 27655004.00 27748166.00 27858458.00 27945654.00 28057702.00 28159492.00 28242990.00 28360754.00 28471384.00 28565336.00 28667272.00 
28739340.00 28871076.00 28971458.00 29074160.00 29173010.00 29272044.00 29384526.00 29481822.00 29570960.00 29685880.00 29778218.00 29895326.00 29986530.00 30089466.00 30190882.00 30290450.00 30389122.00 30495632.00 30595090.00 30695130.00 
30726146.00 30909436.00 31006470.00 31105910.00 31197928.00 31308022.00 31413672.00 31515090.00 31614220.00 31715242.00 31811106.00 31909682.00 32017042.00 32119738.00 32223012.00 32323404.00 32426248.00 32530406.00 32630074.00 32730496.00 
32774358.00 32940304.00 33039204.00 33139186.00 33239990.00 33324854.00 33445060.00 33543852.00 33643072.00 33749116.00 33844156.00 33949548.00 34050824.00 34148500.00 34260416.00 34357268.00 34449956.00 34563676.00 34662820.00 34767364.00 
34852876.00 34969672.00 35068192.00 35185964.00 35269800.00 35373056.00 35477220.00 35580132.00 35678504.00 35781480.00 35846272.00 35984920.00 36075724.00 36193768.00 36289552.00 36387260.00 36493228.00 36595440.00 36697816.00 36799728.00 
36870024.00 37003544.00 37103932.00 37204244.00 37305488.00 37404508.00 37508600.00 37611912.00 37701032.00 37812344.00 37908908.00 38015800.00 38116600.00 38219552.00 38320960.00 38404840.00 38519196.00 38625704.00 38727568.00 38833596.00 
38915972.00 39035912.00 39132952.00 39235992.00 39324412.00 39433888.00 39537744.00 39639172.00 39738312.00 39841732.00 39935168.00 40042184.00 40137532.00 40243804.00 40341092.00 40437280.00 40534696.00 40630488.00 40714524.00 40766892.00 
end   dump: w
==END   DUMP_ARRAYS==
