==BEGIN DUMP_ARRAYS==
begin dump: w
0.00 0.00 0.00 0.00 0.00 0.00 0.00 0.00 0.00 0.00 0.00 0.00 0.00 0.00 0.00 0.00 0.00 0.00 0.00 0.00 
0.00 0.00 0.00 0.00 0.00 0.00 0.00 0.00 0.00 0.00 0.00 0.00 0.00 0.00 0.00 0.00 0.00 0.00 0.00 0.00 
0.00 0.00 0.00 0.00 0.00 0.00 0.00 0.00 0.00 0.00 0.00 0.00 0.00 0.00 0.00 0.00 0.00 0.00 0.00 0.00 
0.00 0.00 0.00 0.00 0.00 0.00 0.00 0.00 0.00 0.00 0.00 0.00 0.00 0.00 0.00 0.00 0.00 0.00 0.00 0.00 
0.00 0.00 0.00 0.00 0.00 0.00 0.00 0.00 0.00 0.00 0.00 0.00 0.00 0.00 0.00 0.00 0.00 0.00 0.00 0.00 
0.00 0.00 0.00 0.00 0.00 0.00 0.00 0.00 0.00 0.00 0.00 0.00 0.00 0.00 0.00 0.00 0.00 0.00 0.00 0.00 
0.00 0.00 0.00 0.00 0.00 0.00 0.00 0.00 0.00 0.00 0.00 0.00 0.00 0.00 0.00 0.00 0.00 0.00 0.00 0.00 
0.00 0.00 0.00 0.00 0.00 0.00 0.00 0.00 0.00 0.00 0.00 0.00 0.00 0.00 0.00 0.00 0.00 0.00 0.00 0.00 
0.00 0.00 0.00 0.00 0.00 0.00 0.00 0.00 0.00 0.00 0.00 0.00 0.00 0.00 0.00 0.00 0.00 0.00 0.00 0.00 
0.00 0.00 0.00 0.00 0.00 0.00 0.00 0.00 0.00 0.00 0.00 0.00 0.00 0.00 0.00 0.00 0.00 0.00 0.00 0.00 
0.00 0.00 0.00 0.00 0.00 0.00 0.00 0.00 0.00 0.00 0.00 0.00 0.00 0.00 0.00 0.00 0.00 0.00 0.00 0.00 
0.00 0.00 0.00 0.00 0.00 0.00 0.00 0.00 0.00 0.00 0.00 0.00 0.00 0.00 0.00 0.00 0.00 0.00 0.00 0.00 
0.00 0.00 0.00 0.00 0.00 0.00 0.00 0.00 0.00 0.00 0.00 0.00 0.00 0.00 0.00 0.00 0.00 0.00 0.00 0.00 
0.00 0.00 0.00 0.00 0.00 0.00 0.00 0.00 0.00 0.00 0.00 0.00 0.00 0.00 0.00 0.00 0.00 0.00 0.00 0.00 
0.00 0.00 0.00 0.00 0.00 0.00 0.00 0.00 0.00 0.00 0.00 0.00 0.00 0.00 0.00 0.00 0.00 0.00 0.00 0.00 
0.00 0.00 0.00 0.00 0.00 0.00 0.00 0.00 0.00 0.00 0.00 0.00 0.00 0.00 0.00 0.00 0.00 0.00 0.00 0.00 
0.00 0.00 0.00 0.00 0.00 0.00 0.00 0.00 0.00 0.00 0.00 0.00 0.00 0.00 0.00 0.00 0.00 0.00 0.00 0.00 
0.00 0.00 0.00 0.00 0.00 0.00 0.00 0.00 0.00 0.00 0.00 0.00 0.00 0.00 0.00 0.00 0.00 0.00 0.00 0.00 
0.00 0.00 0.00 0.00 0.00 0.00 0.00 0.00 0.00 0.00 0.00 0.00 0.00 0.00 0.00 0.00 0.00 0.00 0.00 0.00 
0.00 0.00 0.00 0.00 0.00 0.00 0.00 0.00 0.00 0.00 0.00 0.00 0.00 0.00 0.00 0.00 0.00 0.00 0.00 0.00 
0.00 0.00 0.00 0.00 0.00 0.00 0.00 0.00 0.00 0.00 0.00 0.00 0.00 0.00 0.00 0.00 0.00 0.00 0.00 0.00 
0.00 0.00 0.00 0.00 0.00 0.00 0.00 0.00 0.00 0.00 0.00 0.00 0.00 0.00 0.00 0.00 0.00 0.00 0.00 0.00 
0.00 0.00 0.00 0.00 0.00 0.00 0.00 0.00 0.00 0.00 0.00 0.00 0.00 0.00 0.00 0.00 0.00 0.00 0.00 0.00 
0.00 0.00 0.00 0.00 0.00 0.00 0.00 0.00 0.00 0.00 0.00 0.00 0.00 0.00 0.00 0.00 0.00 0.00 0.00 0.00 
0.00 0.00 0.00 0.00 0.00 0.00 0.00 0.00 0.00 0.00 0.00 0.00 0.00 0.00 0.00 0.00 0.00 0.00 0.00 0.00 
0.00 0.00 0.00 0.00 0.00 0.00 0.00 0.00 0.00 0.00 0.00 0.00 0.00 0.00 0.00 0.00 0.00 0.00 0.00 0.00 
0.00 0.00 0.00 0.00 0.00 0.00 0.00 0.00 0.00 0.00 0.00 0.00 0.00 0.00 0.00 0.00 0.00 0.00 0.00 0.00 
0.00 0.00 0.00 0.00 0.00 0.00 0.00 0.00 0.00 0.00 0.00 0.00 0.00 0.00 0.00 0.00 0.00 0.00 0.00 0.00 
0.00 0.00 0.00 0.00 0.00 0.00 0.00 0.00 0.00 0.00 0.00 0.00 0.00 0.00 0.00 0.00 0.00 0.00 0.00 0.00 
0.00 0.00 0.00 0.00 0.00 0.00 0.00 0.00 0.00 0.00 0.00 0.00 0.00 0.00 0.00 0.00 0.00 0.00 0.00 0.00 
0.00 0.00 0.00 0.00 0.00 0.00 0.00 0.00 0.00 0.00 0.00 0.00 0.00 0.00 0.00 0.00 0.00 0.00 0.00 0.00 
0.00 0.00 0.00 0.00 0.00 0.00 0.00 0.00 0.00 0.00 0.00 0.00 0.00 0.00 0.00 0.00 0.00 0.00 0.00 0.00 
0.00 0.00 0.00 0.00 0.00 0.00 0.00 0.00 0.00 0.00 0.00 0.00 0.00 0.00 0.00 0.00 0.00 0.00 0.00 0.00 
0.00 0.00 0.00 0.00 0.00 0.00 0.00 0.00 0.00 0.00 0.00 0.00 0.00 0.00 0.00 0.00 0.00 0.00 0.00 0.00 
0.00 0.00 0.00 0.00 0.00 0.00 0.00 0.00 0.00 0.00 0.00 0.00 0.00 0.00 0.00 0.00 0.00 0.00 0.00 0.00 
0.00 0.00 0.00 0.00 0.00 0.00 0.00 0.00 0.00 0.00 0.00 0.00 0.00 0.00 0.00 0.00 0.00 0.00 0.00 0.00 
0.00 0.00 0.00 0.00 0.00 0.00 0.00 0.00 0.00 0.00 0.00 0.00 0.00 0.00 0.00 0.00 0.00 0.00 0.00 0.00 
0.00 0.00 0.00 0.00 0.00 0.00 0.00 0.00 0.00 0.00 0.00 0.00 0.00 0.00 0.00 0.00 0.00 0.00 0.00 0.00 
0.00 0.00 0.00 0.00 0.00 0.00 0.00 0.00 0.00 0.00 0.00 0.00 0.00 0.00 0.00 0.00 0.00 0.00 0.00 0.00 
0.00 0.00 0.00 0.00 0.00 0.00 0.00 0.00 0.00 0.00 0.00 0.00 0.00 0.00 0.00 0.00 0.00 0.00 0.00 0.00 
0.00 0.00 0.00 0.00 0.00 0.00 0.00 0.00 0.00 0.00 0.00 0.00 0.00 0.00 0.00 0.00 0.00 0.00 0.00 0.00 
0.00 0.00 0.00 0.00 0.00 0.00 0.00 0.00 0.00 0.00 0.00 0.00 0.00 0.00 0.00 0.00 0.00 0.00 0.00 0.00 
0.00 0.00 0.00 0.00 0.00 0.00 0.00 0.00 0.00 0.00 0.00 0.00 0.00 0.00 0.00 0.00 0.00 0.00 0.00 0.00 
0.00 0.00 0.00 0.00 0.00 0.00 0.00 0.00 0.00 0.00 0.00 0.00 0.00 0.00 0.00 0.00 0.00 0.00 0.00 0.00 
0.00 0.00 0.00 0.00 0.00 0.00 0.00 0.00 0.00 0.00 0.00 0.00 0.00 0.00 0.00 0.00 0.00 0.00 0.00 0.00 
0.00 0.00 0.00 0.00 0.00 0.00 0.00 0.00 0.00 0.00 0.00 0.00 0.00 0.00 0.00 0.00 0.00 0.00 0.00 0.00 
0.00 0.00 0.00 0.00 0.00 0.00 0.00 0.00 0.00 0.00 0.00 0.00 0.00 0.00 0.00 0.00 0.00 0.00 0.00 0.00 
0.00 0.00 0.00 0.00 0.00 0.00 0.00 0.00 0.00 0.00 0.00 0.00 0.00 0.00 0.00 0.00 0.00 0.00 0.00 0.00 
0.00 0.00 0.00 0.00 0.00 0.00 0.00 0.00 0.00 0.00 0.00 0.00 0.00 0.00 0.00 0.00 0.00 0.00 0.00 0.00 
0.00 0.00 0.00 0.00 0.00 0.00 0.00 0.00 0.00 0.00 0.00 0.00 0.00 0.00 0.00 0.00 0.00 0.00 0.00 0.00 
0.00 0.00 0.00 0.00 0.00 0.00 0.00 0.00 0.00 0.00 0.00 0.00 0.00 0.00 0.00 0.00 0.00 0.00 0.00 0.00 
0.00 0.00 0.00 0.00 0.00 0.00 0.00 0.00 0.00 0.00 0.00 0.00 0.00 0.00 0.00 0.00 0.00 0.00 0.00 0.00 
0.00 0.00 0.00 0.00 0.00 0.00 0.00 0.00 0.00 0.00 0.00 0.00 0.00 0.00 0.00 0.00 0.00 0.00 0.00 0.00 
0.00 0.00 0.00 0.00 0.00 0.00 0.00 0.00 0.00 0.00 0.00 0.00 0.00 0.00 0.00 0.00 0.00 0.00 0.00 0.00 
0.00 0.00 0.00 0.00 0.00 0.00 0.00 0.00 0.00 0.00 0.00 0.00 0.00 0.00 0.00 0.00 0.00 0.00 0.00 0.00 
0.00 0.00 0.00 0.00 0.00 0.00 0.00 0.00 0.00 0.00 0.00 0.00 0.00 0.00 0.00 0.00 0.00 0.00 0.00 0.00 
0.00 0.00 0.00 0.00 0.00 0.00 0.00 0.00 0.00 0.00 0.00 0.00 0.00 0.00 0.00 0.00 0.00 0.00 0.00 0.00 
0.00 0.00 0.00 0.00 0.00 0.00 0.00 0.00 0.00 0.00 0.00 0.00 0.00 0.00 0.00 0.00 0.00 0.00 0.00 0.00 
0.00 0.00 0.00 0.00 0.00 0.00 0.00 0.00 0.00 0.00 0.00 0.00 0.00 0.00 0.00 0.00 0.00 0.00 0.00 0.00 
0.00 0.00 0.00 0.00 0.00 0.00 0.00 0.00 0.00 0.00 0.00 0.00 0.00 0.00 0.00 0.00 0.00 0.00 0.00 0.00 
0.00 0.00 0.00 0.00 0.00 0.00 0.00 0.00 0.00 0.00 0.00 0.00 0.00 0.00 0.00 0.00 0.00 0.00 0.00 0.00 
0.00 0.00 0.00 0.00 0.00 0.00 0.00 0.00 0.00 0.00 0.00 0.00 0.00 0.00 0.00 0.00 0.00 0.00 0.00 0.00 
0.00 0.00 0.00 0.00 0.00 0.00 0.00 0.00 0.00 0.00 0.00 0.00 0.00 0.00 0.00 0.00 0.00 0.00 0.00 0.00 
0.00 0.00 0.00 0.00 0.00 0.00 0.00 0.00 0.00 0.00 0.00 0.00 0.00 0.00 0.00 0.00 0.00 0.00 0.00 0.00 
0.00 0.00 0.00 0.00 0.00 0.00 0.00 0.00 0.00 0.00 0.00 0.00 0.00 0.00 0.00 0.00 0.00 0.00 0.00 0.00 
0.00 0.00 0.00 0.00 0.00 0.00 0.00 0.00 0.00 0.00 0.00 0.00 0.00 0.00 0.00 0.00 0.00 0.00 0.00 0.00 
0.00 0.00 0.00 0.00 0.00 0.00 0.00 0.00 0.00 0.00 0.00 0.00 0.00 0.00 0.00 0.00 0.00 0.00 0.00 0.00 
0.00 0.00 0.00 0.00 0.00 0.00 0.00 0.00 0.00 0.00 0.00 0.00 0.00 0.00 0.00 0.00 0.00 0.00 0.00 0.00 
0.00 0.00 0.00 0.00 0.00 0.00 0.00 0.00 0.00 0.00 0.00 0.00 0.00 0.00 0.00 0.00 0.00 0.00 0.00 0.00 
0.00 0.00 0.00 0.00 0.00 0.00 0.00 0.00 0.00 0.00 0.00 0.00 0.00 0.00 0.00 0.00 0.00 0.00 0.00 0.00 
0.00 0.00 0.00 0.00 0.00 0.00 0.00 0.00 0.00 0.00 0.00 0.00 0.00 0.00 0.00 0.00 0.00 0.00 0.00 0.00 
0.00 0.00 0.00 0.00 0.00 0.00 0.00 0.00 0.00 0.00 0.00 0.00 0.00 0.00 0.00 0.00 0.00 0.00 0.00 0.00 
0.00 0.00 0.00 0.00 0.00 0.00 0.00 0.00 0.00 0.00 0.00 0.00 0.00 0.00 0.00 0.00 0.00 0.00 0.00 0.00 
0.00 0.00 0.00 0.00 0.00 0.00 0.00 0.00 0.00 0.00 0.00 0.00 0.00 0.00 0.00 0.00 0.00 0.00 0.00 0.00 
0.00 0.00 0.00 0.00 0.00 0.00 0.00 0.00 0.00 0.00 0.00 0.00 0.00 0.00 0.00 0.00 0.00 0.00 0.00 0.00 
0.00 0.00 0.00 0.00 0.00 0.00 0.00 0.00 0.00 0.00 0.00 0.00 0.00 0.00 0.00 0.00 0.00 0.00 0.00 0.00 
0.00 0.00 0.00 0.00 0.00 0.00 0.00 0.00 0.00 0.00 0.00 0.00 0.00 0.00 0.00 0.00 0.00 0.00 0.00 0.00 
0.00 0.00 0.00 0.00 0.00 0.00 0.00 0.00 0.00 0.00 0.00 0.00 0.00 0.00 0.00 0.00 0.00 0.00 0.00 0.00 
0.00 0.00 0.00 0.00 0.00 0.00 0.00 0.00 0.00 0.00 0.00 0.00 0.00 0.00 0.00 0.00 0.00 0.00 0.00 0.00 
0.00 0.00 0.00 0.00 0.00 0.00 0.00 0.00 0.00 0.00 0.00 0.00 0.00 0.00 0.00 0.00 0.00 0.00 0.00 0.00 
0.00 0.00 0.00 0.00 0.00 0.00 0.00 0.00 0.00 0.00 0.00 0.00 0.00 0.00 0.00 0.00 0.00 0.00 0.00 0.00 
0.00 0.00 0.00 0.00 0.00 0.00 0.00 0.00 0.00 0.00 0.00 0.00 0.00 0.00 0.00 0.00 0.00 0.00 0.00 0.00 
0.00 0.00 0.00 0.00 0.00 0.00 0.00 0.00 0.00 0.00 0.00 0.00 0.00 0.00 0.00 0.00 0.00 0.00 0.00 0.00 
0.00 0.00 0.00 0.00 0.00 0.00 0.00 0.00 0.00 0.00 0.00 0.00 0.00 0.00 0.00 0.00 0.00 0.00 0.00 0.00 
0.00 0.00 0.00 0.00 0.00 0.00 0.00 0.00 0.00 0.00 0.00 0.00 0.00 0.00 0.00 0.00 0.00 0.00 0.00 0.00 
0.00 0.00 0.00 0.00 0.00 0.00 0.00 0.00 0.00 0.00 0.00 0.00 0.00 0.00 0.00 0.00 0.00 0.00 0.00 0.00 
0.00 0.00 0.00 0.00 0.00 0.00 0.00 0.00 0.00 0.00 0.00 0.00 0.00 0.00 0.00 0.00 0.00 0.00 0.00 0.00 
0.00 0.00 0.00 0.00 0.00 0.00 0.00 0.00 0.00 0.00 0.00 0.00 0.00 0.00 0.00 0.00 0.00 0.00 0.00 0.00 
0.00 0.00 0.00 0.00 0.00 0.00 0.00 0.00 0.00 0.00 0.00 0.00 0.00 0.00 0.00 0.00 0.00 0.00 0.00 0.00 
0.00 0.00 0.00 0.00 0.00 0.00 0.00 0.00 0.00 0.00 0.00 0.00 0.00 0.00 0.00 0.00 0.00 0.00 0.00 0.00 
0.00 0.00 0.00 0.00 0.00 0.00 0.00 0.00 0.00 0.00 0.00 0.00 0.00 0.00 0.00 0.00 0.00 0.00 0.00 0.00 
0.00 0.00 0.00 0.00 0.00 0.00 0.00 0.00 0.00 0.00 0.00 0.00 0.00 0.00 0.00 0.00 0.00 0.00 0.00 0.00 
0.00 0.00 0.00 0.00 0.00 0.00 0.00 0.00 0.00 0.00 0.00 0.00 0.00 0.00 0.00 0.00 0.00 0.00 0.00 0.00 
0.00 0.00 0.00 0.00 0.00 0.00 0.00 0.00 0.00 0.00 0.00 0.00 0.00 0.00 0.00 0.00 0.00 0.00 0.00 0.00 
0.00 0.00 0.00 0.00 0.00 0.00 0.00 0.00 0.00 0.00 0.00 0.00 0.00 0.00 0.00 0.00 0.00 0.00 0.00 0.00 
0.00 0.00 0.00 0.00 0.00 0.00 0.00 0.00 0.00 0.00 0.00 0.00 0.00 0.00 0.00 0.00 0.00 0.00 0.00 0.00 
0.00 0.00 0.00 0.00 0.00 0.00 0.00 0.00 0.00 0.00 0.00 0.00 0.00 0.00 0.00 0.00 0.00 0.00 0.00 0.00 
0.00 0.00 0.00 0.00 0.00 0.00 0.00 0.00 0.00 0.00 0.00 0.00 0.00 0.00 0.00 0.00 0.00 0.00 0.00 0.00 
0.00 0.00 0.00 0.00 0.00 0.00 0.00 0.00 0.00 0.00 0.00 0.00 0.00 0.00 0.00 0.00 0.00 0.00 0.00 0.00 
0.00 0.00 0.00 0.00 0.00 0.00 0.00 0.00 0.00 0.00 0.00 0.00 0.00 0.00 0.00 0.00 0.00 0.00 0.00 0.00 
end   dump: w
==END   DUMP_ARRAYS==
==BEGIN DUMP_ARRAYS==
begin dump: w
2089.91 62663868.00 68935560.00 79416400.00 90855584.00 102753248.00 114930256.00 127202592.00 139383856.00 151872288.00 164116880.00 176731088.00 189108496.00 201645360.00 214103040.00 226497728.00 238784480.00 251584176.00 264005104.00 276546272.00 
288719104.00 301594528.00 314135392.00 326745408.00 339002752.00 351207712.00 364226496.00 376639072.00 389179232.00 401919712.00 414118912.00 426733728.00 439058624.00 451847104.00 464404768.00 476830528.00 489396192.00 501898624.00 514515680.00 527073696.00 
538861376.00 552129024.00 564649728.00 577081792.00 589694144.00 602204352.00 614839168.00 627343680.00 639597632.00 652440128.00 664026432.00 677463360.00 689989120.00 702582336.00 714926976.00 727548224.00 740044672.00 752655488.00 765300736.00 777849088.00 
789961280.00 802866752.00 815340288.00 828026816.00 840184064.00 852944960.00 865530432.00 878115776.00 890569920.00 903581568.00 915533312.00 928170816.00 940665792.00 953399296.00 965633280.00 977956672.00 990904768.00 1003704512.00 1016021184.00 1028570368.00 
1039615360.00 1053657152.00 1066168960.00 1078679296.00 1091210496.00 1103689728.00 1116262272.00 1129405312.00 1141298176.00 1153997568.00 1166319744.00 1179305856.00 1191551232.00 1203847168.00 1216636032.00 1229025408.00 1241479680.00 1254296704.00 1266790400.00 1279241088.00 
1290039040.00 1304348928.00 1316950400.00 1329487104.00 1341925504.00 1354416512.00 1367149568.00 1379712512.00 1392102016.00 1404734976.00 1417119360.00 1429518848.00 1442131840.00 1454980096.00 1467448448.00 1479944960.00 1492511744.00 1505031552.00 1517721984.00 1530158208.00 
1541982080.00 1555244544.00 1567794176.00 1580305024.00 1592779264.00 1603080448.00 1618000640.00 1630685824.00 1642760320.00 1655192960.00 1667950592.00 1680607616.00 1693121536.00 1705594880.00 1718329088.00 1730765824.00 1743237888.00 1756059520.00 1768623616.00 1781023744.00 
1793164544.00 1806041216.00 1818515840.00 1831580032.00 1843447680.00 1856192768.00 1868783872.00 1881278720.00 1893703424.00 1906427008.00 1918011520.00 1931525504.00 1943869952.00 1956441856.00 1969546624.00 1981611136.00 1994140928.00 2006777728.00 2019314688.00 2031836032.00 
2042861952.00 2056890496.00 2069373184.00 2081961728.00 2094474880.00 2106955008.00 2119455616.00 2132388480.00 2144593280.00 2157083136.00 2169587712.00 2182271232.00 2194773504.00 2207371520.00 2220159744.00 2232019200.00 2244714496.00 2257640704.00 2270055168.00 2282595072.00 
2294774784.00 2307644416.00 2320785408.00 2332801024.00 2345238528.00 2357813248.00 2370281984.00 2382964224.00 2395444480.00 2408060928.00 2420373504.00 2433142784.00 2445385216.00 2458231040.00 2470730240.00 2483161344.00 2495713280.00 2508344576.00 2520806656.00 2533301504.00 
2542249216.00 2558598400.00 2571057920.00 2583649280.00 2596074240.00 2608590080.00 2621225984.00 2633908480.00 2646043648.00 2658909184.00 2671192320.00 2683993856.00 2696433664.00 2709027072.00 2721523456.00 2734031360.00 2746489856.00 2759192832.00 2771682048.00 2784258560.00 
2796410880.00 2809305856.00 2821211136.00 2834652928.00 2846771456.00 2859116288.00 2872096256.00 2884622336.00 2897107712.00 2909629696.00 2922064128.00 2934819072.00 2947196672.00 2959754240.00 2972346624.00 2984737536.00 2997466112.00 3010030848.00 3022491136.00 3035159040.00 
3046156032.00 3060218624.00 3072701696.00 3085365504.00 3097801472.00 3110290944.00 3122858752.00 3135401472.00 3147768320.00 3160375808.00 3168374528.00 3185774592.00 3198177024.00 3210717440.00 3223322368.00 3235712768.00 3248036608.00 3260863232.00 3273197056.00 3286010624.00 
3298112000.00 3311181312.00 3323539456.00 3336082432.00 3348491008.00 3361078272.00 3373625600.00 3386398464.00 3398756864.00 3411293440.00 3423705088.00 3436408832.00 3448669952.00 3461606400.00 3474104576.00 3486131200.00 3499160320.00 3511689216.00 3524218880.00 3536657408.00 
3548543232.00 3561896448.00 3574293760.00 3586809600.00 3599280640.00 3611595264.00 3625407232.00 3637312768.00 3649444864.00 3662235392.00 3674593536.00 3687316480.00 3699776000.00 3712431616.00 3724807680.00 3737336064.00 3749803008.00 3762503424.00 3775062016.00 3787554560.00 
3798271488.00 3812663552.00 3825227520.00 3837395712.00 3850009344.00 3862728192.00 3875320064.00 3887844864.00 3900627712.00 3913045248.00 3925393408.00 3938055424.00 3950492672.00 3963186688.00 3975689728.00 3988152576.00 4000879360.00 4013314304.00 4025845760.00 4038395648.00 
4049463040.00 4063631616.00 4075996160.00 4088587264.00 4101035264.00 4113192448.00 4126169856.00 4138741248.00 4151124224.00 4163733248.00 4176120576.00 4188768768.00 4201157120.00 4212974336.00 4227027968.00 4239195648.00 4251452928.00 4264262656.00 4276676864.00 4289484544.00 
4301462528.00 4314354688.00 4326863872.00 4339487744.00 4351834624.00 4364505088.00 4377027584.00 4389561856.00 4402191872.00 4414737408.00 4426287616.00 4439765504.00 4451979264.00 4465552896.00 4477413376.00 4489846272.00 4502397440.00 4514910208.00 4527514112.00 4540375040.00 
4551873024.00 4565128192.00 4577648128.00 4590091776.00 4602994688.00 4615311872.00 4627849728.00 4640445952.00 4652668416.00 4665466880.00 4677836288.00 4690586112.00 4703002624.00 4715651584.00 4728177664.00 4738398208.00 4753174016.00 4765843456.00 4778331648.00 4790906368.00 
4803070464.00 4816559104.00 4828457472.00 4841306112.00 4853303808.00 4866094080.00 4878748160.00 4891096576.00 4903668736.00 4916373504.00 4928646656.00 4941383168.00 4953751040.00 4966440448.00 4978973184.00 4991394816.00 5003936768.00 5016476160.00 5028929536.00 5041243648.00 
5046766080.00 5067287040.00 5079557632.00 5092080128.00 5104480768.00 5116978176.00 5129544192.00 5142115840.00 5154503168.00 5167146496.00 5179539968.00 5192307200.00 5204775936.00 5217309696.00 5229917184.00 5242309632.00 5254656512.00 5267548672.00 5280033280.00 5292570624.00 
5304741376.00 5317019648.00 5330163712.00 5342710272.00 5355117568.00 5367367680.00 5380341248.00 5392900096.00 5405293568.00 5418094592.00 5430383616.00 5443059200.00 5455321088.00 5468262912.00 5480668672.00 5493246976.00 5505721344.00 5518309376.00 5530839040.00 5543090688.00 
5555183616.00 5568453120.00 5580974080.00 5593496064.00 5605718528.00 5618825216.00 5631255552.00 5643763200.00 5656010752.00 5669065728.00 5680443904.00 5693931008.00 5706402304.00 5718995968.00 5731489792.00 5744025088.00 5756459520.00 5769068544.00 5781623296.00 5794020352.00 
5806375936.00 5819190784.00 5831961088.00 5844442112.00 5856659456.00 5869358080.00 5881940992.00 5894528512.00 5906981376.00 5919604736.00 5931946496.00 5944794112.00 5957138944.00 5969818624.00 5982348800.00 5994416128.00 6007230976.00 6019969536.00 6032491008.00 6045040640.00 
6056090112.00 6069978624.00 6082646016.00 6095242240.00 6107688448.00 6120252416.00 6132827136.00 6145366528.00 6157774336.00 6170467840.00 6182791168.00 6195483648.00 6207966720.00 6220560384.00 6233051648.00 6245500928.00 6257803264.00 6270560768.00 6282963968.00 6295117824.00 
6299032064.00 6321725440.00 6333871104.00 6346352640.00 6358639104.00 6371193344.00 6383715840.00 6396276224.00 6408816640.00 6421357056.00 6433741824.00 6446445056.00 6458694656.00 6471542272.00 6484013056.00 6496506880.00 6508984832.00 6521593856.00 6534196736.00 6546782208.00 
6558545920.00 6571713024.00 6584419840.00 6596874752.00 6609400320.00 6621517824.00 6634411520.00 6647097344.00 6659322880.00 6672117248.00 6684513280.00 6697233920.00 6709688832.00 6722159104.00 6734892032.00 6747322880.00 6759797248.00 6772478976.00 6784945664.00 6797495808.00 
6809725440.00 6822665728.00 6835138560.00 6847691264.00 6859928576.00 6872518144.00 6885498880.00 6897839616.00 6910420480.00 6922762240.00 6934587904.00 6948006912.00 6960489472.00 6973159936.00 6985657344.00 6998083584.00 7010760192.00 7023344640.00 7035789312.00 7048305664.00 
7059430400.00 7073513472.00 7085999104.00 7098523136.00 7110948864.00 7123521536.00 7136014336.00 7148656640.00 7161071104.00 7173704704.00 7186000896.00 7198292480.00 7211784192.00 7224089088.00 7236573696.00 7248643072.00 7261332992.00 7274202112.00 7286680064.00 7299368960.00 
7311397376.00 7324267520.00 7336806912.00 7349367296.00 7361795584.00 7374376448.00 7386997248.00 7399529984.00 7411858432.00 7424682496.00 7436992000.00 7449771008.00 7461943808.00 7474797056.00 7487291392.00 7499789824.00 7512336896.00 7524756992.00 7537428480.00 7549931520.00 
7558829056.00 7575218688.00 7587686912.00 7600208896.00 7612701184.00 7625216000.00 7637643776.00 7650322432.00 7662605824.00 7675539968.00 7687815168.00 7700466176.00 7713000960.00 7725597184.00 7738088960.00 7750447104.00 7763204608.00 7775755776.00 7788304384.00 7800727552.00 
7813035008.00 7825928192.00 7838437888.00 7851062784.00 7863252480.00 7873767424.00 7888661504.00 7901187584.00 7913668096.00 7926254080.00 7938626560.00 7951303680.00 7963819008.00 7976469504.00 7988912128.00 8001445376.00 8013943808.00 8026592768.00 8039116800.00 8051633152.00 
8062718464.00 8076687872.00 8089324544.00 8101925376.00 8114273792.00 8126763520.00 8139422208.00 8151809536.00 8164390400.00 8177000960.00 8188672000.00 8202099200.00 8214592512.00 8227127808.00 8239733760.00 8252182528.00 8264519680.00 8277278720.00 8289823744.00 8302337024.00 
8314527744.00 8327357440.00 8339864576.00 8352348160.00 8364606464.00 8376889344.00 8388235264.00 8407016448.00 8416369664.00 8428523008.00 8440713728.00 8453330944.00 8465531904.00 8478319104.00 8490816512.00 8502890496.00 8515792384.00 8528396288.00 8540993024.00 8553431040.00 
8565250560.00 8578510848.00 8591072256.00 8603677696.00 8616048640.00 8628616192.00 8641220608.00 8653726720.00 8666007552.00 8678862848.00 8691212288.00 8703945728.00 8716339200.00 8728993792.00 8741521408.00 8753959936.00 8766513152.00 8779214848.00 8791689216.00 8804178944.00 
8814896128.00 8829281280.00 8841848832.00 8854409216.00 8866625536.00 8879352832.00 8892334080.00 8904558592.00 8917040128.00 8929667072.00 8942016512.00 8954678272.00 8967115776.00 8979747840.00 8992107520.00 9004863488.00 9017355264.00 9030180864.00 9042620416.00 9055013888.00 
9066091520.00 9080108032.00 9092620288.00 9105152000.00 9117660160.00 9129804800.00 9142729728.00 9155006464.00 9167900672.00 9180505088.00 9192833024.00 9205544960.00 9218021376.00 9230588928.00 9243143168.00 9255614464.00 9267931136.00 9280979968.00 9293296640.00 9305802752.00 
9318027264.00 9330973696.00 9343492096.00 9356050432.00 9368400896.00 9380979712.00 9393586176.00 9406277632.00 9418608640.00 9431060480.00 9439120384.00 9456536576.00 9468694528.00 9481513984.00 9493977088.00 9506470912.00 9519023104.00 9531622400.00 9544134656.00 9556698112.00 
9568492544.00 9581760512.00 9594575872.00 9606802432.00 9619321856.00 9631875072.00 9644564480.00 9657005056.00 9669235712.00 9681786880.00 9694542848.00 9707205632.00 9719717888.00 9732219904.00 9744735232.00 9756898304.00 9769740288.00 9782407168.00 9795105792.00 9807531008.00 
9819695104.00 9832574976.00 9845092352.00 9857719296.00 9869917184.00 9882658816.00 9895314432.00 9907814400.00 9920382976.00 9932999680.00 9945271296.00 9958004736.00 9970385920.00 9983005696.00 9995536384.00 10008025088.00 10020557824.00 10033180672.00 10045553664.00 10057859072.00 
10063375360.00 10083898368.00 10096181248.00 10108648448.00 10121110528.00 10133599232.00 10146258944.00 10158534656.00 10171134976.00 10183926784.00 10196167680.00 10208926720.00 10221334528.00 10233875456.00 10246478848.00 10259022848.00 10271280128.00 10284121088.00 10296499200.00 10309187584.00 
10321370112.00 10334243840.00 10346786816.00 10359279616.00 10371831808.00 10383994880.00 10396904448.00 10409462784.00 10422007808.00 10434568192.00 10446947328.00 10459679744.00 10471883776.00 10484519936.00 10497383424.00 10509803520.00 10522340352.00 10534876160.00 10547463168.00 10560021504.00 
10571793408.00 10585067520.00 10597300224.00 10610208768.00 10622641152.00 10635145216.00 10647667712.00 10660317184.00 10672579584.00 10685390848.00 10697028608.00 10710421504.00 10722962432.00 10735550464.00 10748049408.00 10760494080.00 10772874240.00 10783983616.00 10798554112.00 10810946560.00 
10823091200.00 10835953664.00 10848437248.00 10860998656.00 10873284608.00 10886077440.00 10898659328.00 10911241216.00 10923699200.00 10936231936.00 10948670464.00 10961430528.00 10973765632.00 10986380288.00 10998909952.00 11009158144.00 11024002048.00 11036535808.00 11048962048.00 11061664768.00 
11072706560.00 11086753792.00 11099259904.00 11111806976.00 11124313088.00 11136819200.00 11149388800.00 11161933824.00 11174243328.00 11188438016.00 11199565824.00 11212259328.00 11224682496.00 11237282816.00 11249775616.00 11262270464.00 11274566656.00 11287421952.00 11300046848.00 11312490496.00 
11323166720.00 11337598976.00 11350192128.00 11362621440.00 11375051776.00 11387659264.00 11400281088.00 11412849664.00 11425231872.00 11436792832.00 11450363904.00 11463062528.00 11475267584.00 11487963136.00 11500576768.00 11513067520.00 11525611520.00 11538310144.00 11550665728.00 11563403264.00 
11575111680.00 11588339712.00 11600906240.00 11612533760.00 11626017792.00 11638129664.00 11651130368.00 11663649792.00 11675886592.00 11688747008.00 11701079040.00 11713702912.00 11726237696.00 11738717184.00 11751452672.00 11763886080.00 11776365568.00 11789031424.00 11801566208.00 11814113280.00 
11826294784.00 11838988288.00 11851757568.00 11864252416.00 11876547584.00 11889284096.00 11901916160.00 11914400768.00 11926986752.00 11939531776.00 11951157248.00 11964632064.00 11976970240.00 11989720064.00 12002228224.00 12014708736.00 12027237376.00 12039914496.00 12052404224.00 12064935936.00 
12075988992.00 12089999360.00 12102470656.00 12115537920.00 12127571968.00 12140080128.00 12152734720.00 12165212160.00 12177685504.00 12190322688.00 12202718208.00 12215372800.00 12227901440.00 12240797696.00 12252979200.00 12265103360.00 12277810176.00 12290618368.00 12303144960.00 12315684864.00 
12327868416.00 12340739072.00 12353281024.00 12365771776.00 12378218496.00 12390789120.00 12403405824.00 12415790080.00 12428423168.00 12440860672.00 12453322752.00 12466091008.00 12478214144.00 12490902528.00 12503407616.00 12515814400.00 12528212992.00 12540570624.00 12552562688.00 12563556352.00 
12560388096.00 12594845696.00 12605796352.00 12617829376.00 12630070272.00 12642433024.00 12654953472.00 12667483136.00 12679627776.00 12692307968.00 12704751616.00 12717544448.00 12729859072.00 12742611968.00 12754951168.00 12767455232.00 12779928576.00 12792622080.00 12805076992.00 12817658880.00 
12829807616.00 12842701824.00 12855200768.00 12867782656.00 12880021504.00 12892399616.00 12905365504.00 12917601280.00 12930386944.00 12943016960.00 12955339776.00 12968064000.00 12980446208.00 12993172480.00 13005629440.00 13018158080.00 13030714368.00 13042851840.00 13055893504.00 13068403712.00 
13079438336.00 13093466112.00 13105949696.00 13118498816.00 13131039744.00 13143533568.00 13156136960.00 13168673792.00 13181166592.00 13193766912.00 13205405696.00 13218869248.00 13231302656.00 13243984896.00 13256451072.00 13268965376.00 13281286144.00 13294146560.00 13306598400.00 13319409664.00 
13331390464.00 13344269312.00 13356794880.00 13369355264.00 13381773312.00 13394356224.00 13406903296.00 13419681792.00 13432030208.00 13444696064.00 13456976896.00 13469655040.00 13481926656.00 13494731776.00 13507240960.00 13519369216.00 13532246016.00 13545866240.00 13557460992.00 13570049024.00 
13581817856.00 13594996736.00 13607698432.00 13620086784.00 13632678912.00 13645178880.00 13657789440.00 13670441984.00 13682582528.00 13695324160.00 13707686912.00 13721622528.00 13733050368.00 13745563648.00 13758078976.00 13770573824.00 13783084032.00 13795791872.00 13808177152.00 13820794880.00 
13831498752.00 13845910528.00 13858328576.00 13870974976.00 13883258880.00 13895964672.00 13908591616.00 13921121280.00 13933611008.00 13946151936.00 13958486016.00 13969956864.00 13983877120.00 13996466176.00 14008966144.00 14021427200.00 14033979392.00 14046586880.00 14059084800.00 14071644160.00 
14082714624.00 14096728064.00 14109388800.00 14121874432.00 14134280192.00 14144567296.00 14159443968.00 14172015616.00 14184369152.00 14196969472.00 14209402880.00 14222173184.00 14234578944.00 14247155712.00 14259708928.00 14272180224.00 14284545024.00 14297395200.00 14309917696.00 14322432000.00 
14334598144.00 14347457536.00 14359806976.00 14374425600.00 14385261568.00 14397752320.00 14410311680.00 14422845440.00 14435320832.00 14447984640.00 14459527168.00 14473016320.00 14485253120.00 14498076672.00 14510695424.00 14523086848.00 14535638016.00 14548186112.00 14561059840.00 14573325312.00 
14585113600.00 14598375424.00 14610898944.00 14623522816.00 14635938816.00 14648445952.00 14660981760.00 14673866752.00 14685936640.00 14698720256.00 14711111680.00 14723819520.00 14736280576.00 14748932096.00 14761452544.00 14773501952.00 14786300928.00 14799117312.00 14811590656.00 14824157184.00 
14836312064.00 14849202176.00 14861860864.00 14874290176.00 14886550528.00 14899220480.00 14911886336.00 14924526592.00 14936949760.00 14949466112.00 14961898496.00 14974478336.00 14986990592.00 14999864320.00 15012107264.00 15024641024.00 15037180928.00 15049757696.00 15062182912.00 15074486272.00 
15079998464.00 15100530688.00 15112799232.00 15125207040.00 15137734656.00 15150226432.00 15162819584.00 15175374848.00 15187749888.00 15200400384.00 15212784640.00 15225396224.00 15237908480.00 15250581504.00 15263045632.00 15275590656.00 15287907328.00 15300682752.00 15313291264.00 15325821952.00 
15337982976.00 15350870016.00 15363256320.00 15375990784.00 15388397568.00 15400607744.00 15413625856.00 15426180096.00 15438571520.00 15451185152.00 15463515136.00 15476610048.00 15488602112.00 15501383680.00 15513794560.00 15526367232.00 15538976768.00 15551584256.00 15563784192.00 15576643584.00 
15588429824.00 15601693696.00 15614224384.00 15626763264.00 15639263232.00 15651773440.00 15664378880.00 15676889088.00 15689147392.00 15701856256.00 15709895680.00 15727333376.00 15739688960.00 15752118272.00 15764767744.00 15777276928.00 15789734912.00 15802339328.00 15814866944.00 15827417088.00 
15839647744.00 15852592128.00 15865065472.00 15877407744.00 15889909760.00 15902650368.00 15915229184.00 15927814144.00 15940258816.00 15952851968.00 15965229056.00 15977886720.00 15990236160.00 16003377152.00 16015632384.00 16027708416.00 16040630272.00 16053262336.00 16065743872.00 16078295040.00 
16089327616.00 16103380992.00 16115745792.00 16128224256.00 16140925952.00 16153388032.00 16166260736.00 16178650112.00 16191021056.00 16203716608.00 16216038400.00 16228732928.00 16241242112.00 16253839360.00 16266016768.00 16278901760.00 16291198976.00 16303977472.00 16316506112.00 16329120768.00 
16339774464.00 16354220032.00 16366669824.00 16379181056.00 16391621632.00 16404282368.00 16416846848.00 16429403136.00 16441940992.00 16454457344.00 16466836480.00 16479534080.00 16491844608.00 16504675328.00 16517138432.00 16529636352.00 16542230528.00 16554730496.00 16567302144.00 16579880960.00 
16591679488.00 16604968960.00 16617366528.00 16630004736.00 16642501632.00 16654598144.00 16667541504.00 16680079360.00 16692302848.00 16705072128.00 16717349888.00 16729880576.00 16741911552.00 16751379456.00 16770129920.00 16781356032.00 16793527296.00 16806059008.00 16818499584.00 16831047680.00 
16843149312.00 16856069120.00 16868538368.00 16881115136.00 16893320192.00 16906063872.00 16918633472.00 16931265536.00 16943688704.00 16956297216.00 16967883776.00 16981401600.00 16993743872.00 17006573568.00 17018933248.00 17031479296.00 17044021248.00 17056476160.00 17069037568.00 17081710592.00 
17092698112.00 17106768896.00 17119240192.00 17131800576.00 17144350720.00 17156792320.00 17169443840.00 17181927424.00 17194305536.00 17207101440.00 17219438592.00 17232146432.00 17244612608.00 17257220096.00 17269700608.00 17279973376.00 17294579712.00 17307342848.00 17319929856.00 17332475904.00 
17344657408.00 17357666304.00 17370060800.00 17382637568.00 17394935808.00 17407803392.00 17420271616.00 17432809472.00 17445289984.00 17457924096.00 17470251008.00 17482872832.00 17495216128.00 17508065280.00 17520711680.00 17533038592.00 17545592832.00 17558192128.00 17570684928.00 17583175680.00 
17592070144.00 17608464384.00 17620930560.00 17633634304.00 17645938688.00 17658456064.00 17671069696.00 17683607552.00 17695883264.00 17708630016.00 17721059328.00 17733711872.00 17746434048.00 17758857216.00 17771356160.00 17783865344.00 17796335616.00 17809027072.00 17821542400.00 17834125312.00 
17846286336.00 17859028992.00 17871683584.00 17884200960.00 17896495104.00 17908860928.00 17921794048.00 17934319616.00 17946499072.00 17960099840.00 17972060160.00 17984690176.00 17997066240.00 18009737216.00 18022336512.00 18034735104.00 18047342592.00 18059888640.00 18072367104.00 18084886528.00 
18096007168.00 18110074880.00 18122588160.00 18135052288.00 18147518464.00 18160160768.00 18172706816.00 18185234432.00 18197645312.00 18210402304.00 18221971456.00 18235654144.00 18247858176.00 18260566016.00 18272862208.00 18285727744.00 18297911296.00 18310701056.00 18323220480.00 18335729664.00 
18347945984.00 18360897536.00 18373408768.00 18385920000.00 18398326784.00 18410917888.00 18423470080.00 18436241408.00 18448605184.00 18461167616.00 18473549824.00 18486278144.00 18498512896.00 18511290368.00 18523949056.00 18535966720.00 18548877312.00 18561519616.00 18573942784.00 18586677248.00 
18598383616.00 18611615744.00 18624159744.00 18636791808.00 18649288704.00 18661734400.00 18674345984.00 18686844928.00 18699145216.00 18711955456.00 18724311040.00 18737031168.00 18749466624.00 18762106880.00 18774657024.00 18787045376.00 18799497216.00 18812045312.00 18824497152.00 18836682752.00 
18840578048.00 18863278080.00 18875398144.00 18887845888.00 18900033536.00 18912739328.00 18925318144.00 18937833472.00 18950330368.00 18962903040.00 18975268864.00 18987929600.00 19000358912.00 19013029888.00 19025543168.00 19037997056.00 19050598400.00 19063152640.00 19075733504.00 19088420864.00 
19099334656.00 19113347072.00 19125866496.00 19138437120.00 19151058944.00 19163088896.00 19176007680.00 19188590592.00 19201003520.00 19213600768.00 19226109952.00 19238785024.00 19251310592.00 19263860736.00 19276421120.00 19288885248.00 19301177344.00 19313967104.00 19326384128.00 19339198464.00 
19351302144.00 19364392960.00 19376740352.00 19389337600.00 19401680896.00 19414224896.00 19426873344.00 19439407104.00 19451865088.00 19464454144.00 19476121600.00 19489325056.00 19501811712.00 19514648576.00 19527108608.00 19539425280.00 19552585728.00 19564904448.00 19577397248.00 19589922816.00 
19601723392.00 19615309824.00 19627503616.00 19640082432.00 19652579328.00 19664979968.00 19677683712.00 19690135552.00 19702505472.00 19715338240.00 19727679488.00 19740301312.00 19752994816.00 19765491712.00 19778023424.00 19790135296.00 19803027456.00 19815692288.00 19828209664.00 19841368064.00 
19852929024.00 19865821184.00 19878336512.00 19890851840.00 19903184896.00 19915931648.00 19928442880.00 19941095424.00 19953510400.00 19966081024.00 19978508288.00 19991255040.00 20003631104.00 20016281600.00 20028788736.00 20041261056.00 20053803008.00 20066316288.00 20078798848.00 20091109376.00 
20096616448.00 20117153792.00 20129406976.00 20141924352.00 20154347520.00 20166852608.00 20179392512.00 20191959040.00 20204382208.00 20217026560.00 20229410816.00 20242034688.00 20254615552.00 20267302912.00 20279603200.00 20292157440.00 20304539648.00 20317100032.00 20329904128.00 20341843968.00 
20354623488.00 20367486976.00 20380047360.00 20392544256.00 20404951040.00 20415330304.00 20430182400.00 20442740736.00 20455282688.00 20467818496.00 20480233472.00 20492933120.00 20505163776.00 20517961728.00 20530520064.00 20542943232.00 20555296768.00 20568309760.00 20580704256.00 20593260544.00 
20605067264.00 20618029056.00 20630843392.00 20643487744.00 20655894528.00 20668407808.00 20680949760.00 20692850688.00 20705871872.00 20718632960.00 20730269696.00 20743667712.00 20756107264.00 20768839680.00 20781307904.00 20793747456.00 20806289408.00 20818917376.00 20831492096.00 20844044288.00 
20856217600.00 20868921344.00 20881680384.00 20894111744.00 20906366976.00 20919044096.00 20931332096.00 20945424384.00 20957128704.00 20969619456.00 20981932032.00 20994658304.00 21007003648.00 21019666432.00 21032181760.00 21044297728.00 21057273856.00 21069824000.00 21082365952.00 21094758400.00 
21105932288.00 21120014336.00 21132519424.00 21145079808.00 21157400576.00 21170085888.00 21182652416.00 21195214848.00 21207638016.00 21220345856.00 21232656384.00 21245349888.00 21257658368.00 21270556672.00 21283033088.00 21295529984.00 21307822080.00 21321000960.00 21333125120.00 21345722368.00 
21356396544.00 21370828800.00 21383309312.00 21395896320.00 21408323584.00 21420902400.00 21433540608.00 21445971968.00 21458511872.00 21471090688.00 21483458560.00 21496166400.00 21508388864.00 21521092608.00 21532946432.00 21546653696.00 21559027712.00 21571581952.00 21584076800.00 21596499968.00 
21608384512.00 21621739520.00 21634134016.00 21646721024.00 21659133952.00 21671360512.00 21684238336.00 21696788480.00 21709178880.00 21721999360.00 21734352896.00 21747103744.00 21759516672.00 21771997184.00 21784733696.00 21797171200.00 21809655808.00 21822316544.00 21834825728.00 21847224320.00 
21859565568.00 21872398336.00 21885184000.00 21897545728.00 21909807104.00 21922551808.00 21935038464.00 21947684864.00 21960089600.00 21972619264.00 21980626944.00 21998016512.00 22010368000.00 22023008256.00 22035503104.00 22047971328.00 22060486656.00 22073032704.00 22085660672.00 22098198528.00 
22109265920.00 22123220992.00 22135883776.00 22148360192.00 22160822272.00 22173501440.00 22186002432.00 22198652928.00 22210947072.00 22223597568.00 22235996160.00 22248759296.00 22261164032.00 22273773568.00 22286266368.00 22298380288.00 22311065600.00 22323746816.00 22337144832.00 22349092864.00 
22361257984.00 22374135808.00 22386675712.00 22399205376.00 22411653120.00 22424215552.00 22436857856.00 22449385472.00 22461847552.00 22474399744.00 22486867968.00 22499495936.00 22511785984.00 22524473344.00 22537129984.00 22549655552.00 22562222080.00 22574747648.00 22587297792.00 22599811072.00 
22608650240.00 22625103872.00 22637565952.00 22650048512.00 22662565888.00 22675097600.00 22687627264.00 22700167168.00 22712434688.00 22725238784.00 22737678336.00 22750337024.00 22762850304.00 22775410688.00 22788075520.00 22800416768.00 22812905472.00 22825613312.00 22837583872.00 22850748416.00 
22862903296.00 22875785216.00 22888312832.00 22900760576.00 22913120256.00 22925481984.00 22938208256.00 22951041024.00 22963523584.00 22976126976.00 22988474368.00 23001311232.00 23013537792.00 23026028544.00 23038920704.00 23051294720.00 23063820288.00 23076429824.00 23088982016.00 23101513728.00 
23112577024.00 23126564864.00 23139051520.00 23151611904.00 23164170240.00 23176634368.00 23188803584.00 23201970176.00 23214256128.00 23226877952.00 23238553600.00 23251957760.00 23264598016.00 23277131776.00 23289577472.00 23302039552.00 23314399232.00 23326822400.00 23339847680.00 23352332288.00 
23364519936.00 23377375232.00 23389739008.00 23402340352.00 23414888448.00 23427481600.00 23440033792.00 23452807168.00 23465152512.00 23477807104.00 23490117632.00 23503208448.00 23515068416.00 23527710720.00 23540359168.00 23550646272.00 23565504512.00 23578087424.00 23590557696.00 23603154944.00 
23614959616.00 23628251136.00 23640643584.00 23653363712.00 23665758208.00 23678302208.00 23690891264.00 23703422976.00 23715690496.00 23728859136.00 23740923904.00 23753652224.00 23766177792.00 23778664448.00 23791200256.00 23803842560.00 23816208384.00 23828920320.00 23841417216.00 23854043136.00 
23864647680.00 23879165952.00 23891578880.00 23904088064.00 23916355584.00 23929223168.00 23941736448.00 23954536448.00 23966734336.00 23979077632.00 23991742464.00 24004390912.00 24016818176.00 24028983296.00 24042104832.00 24054536192.00 24067074048.00 24079716352.00 24092203008.00 24104742912.00 
24115798016.00 24129835008.00 24142354432.00 24154710016.00 24167385088.00 24179544064.00 24192718848.00 24204998656.00 24217460736.00 24230223872.00 24242528256.00 24254820352.00 24267710464.00 24280274944.00 24292827136.00 24305289216.00 24317638656.00 24330369024.00 24343013376.00 24355545088.00 
24367720448.00 24380542976.00 24393054208.00 24405729280.00 24418091008.00 24430706688.00 24443424768.00 24455813120.00 24468285440.00 24480915456.00 24492521472.00 24505966592.00 24518238208.00 24531064832.00 24543524864.00 24556038144.00 24568588288.00 24581330944.00 24593684480.00 24606263296.00 
24618065920.00 24631330816.00 24643846144.00 24656486400.00 24668895232.00 24681402368.00 24693952512.00 24706533376.00 24718747648.00 24731662336.00 24743936000.00 24756477952.00 24769097728.00 24781770752.00 24794124288.00 24806285312.00 24819120128.00 24831629312.00 24844234752.00 24856778752.00 
24868954112.00 24881862656.00 24894341120.00 24906799104.00 24919058432.00 24931758080.00 24944261120.00 24956749824.00 24969179136.00 24981669888.00 24993951744.00 25006516224.00 25018740736.00 25031192576.00 25043419136.00 25055492096.00 25067431936.00 25078974464.00 25089425408.00 25095725056.00 
end   dump: w
==END   DUMP_ARRAYS==
