==BEGIN DUMP_ARRAYS==
begin dump: w
0.00 0.00 0.00 0.00 0.00 0.00 0.00 0.00 0.00 0.00 0.00 0.00 0.00 0.00 0.00 0.00 0.00 0.00 0.00 0.00 
0.00 0.00 0.00 0.00 0.00 0.00 0.00 0.00 0.00 0.00 0.00 0.00 0.00 0.00 0.00 0.00 0.00 0.00 0.00 0.00 
0.00 0.00 0.00 0.00 0.00 0.00 0.00 0.00 0.00 0.00 0.00 0.00 0.00 0.00 0.00 0.00 0.00 0.00 0.00 0.00 
0.00 0.00 0.00 0.00 0.00 0.00 0.00 0.00 0.00 0.00 0.00 0.00 0.00 0.00 0.00 0.00 0.00 0.00 0.00 0.00 
0.00 0.00 0.00 0.00 0.00 0.00 0.00 0.00 0.00 0.00 0.00 0.00 0.00 0.00 0.00 0.00 0.00 0.00 0.00 0.00 
0.00 0.00 0.00 0.00 0.00 0.00 0.00 0.00 0.00 0.00 0.00 0.00 0.00 0.00 0.00 0.00 0.00 0.00 0.00 0.00 
0.00 0.00 0.00 0.00 0.00 0.00 0.00 0.00 0.00 0.00 0.00 0.00 0.00 0.00 0.00 0.00 0.00 0.00 0.00 0.00 
0.00 0.00 0.00 0.00 0.00 0.00 0.00 0.00 0.00 0.00 0.00 0.00 0.00 0.00 0.00 0.00 0.00 0.00 0.00 0.00 
0.00 0.00 0.00 0.00 0.00 0.00 0.00 0.00 0.00 0.00 0.00 0.00 0.00 0.00 0.00 0.00 0.00 0.00 0.00 0.00 
0.00 0.00 0.00 0.00 0.00 0.00 0.00 0.00 0.00 0.00 0.00 0.00 0.00 0.00 0.00 0.00 0.00 0.00 0.00 0.00 
0.00 0.00 0.00 0.00 0.00 0.00 0.00 0.00 0.00 0.00 0.00 0.00 0.00 0.00 0.00 0.00 0.00 0.00 0.00 0.00 
0.00 0.00 0.00 0.00 0.00 0.00 0.00 0.00 0.00 0.00 0.00 0.00 0.00 0.00 0.00 0.00 0.00 0.00 0.00 0.00 
0.00 0.00 0.00 0.00 0.00 0.00 0.00 0.00 0.00 0.00 0.00 0.00 0.00 0.00 0.00 0.00 0.00 0.00 0.00 0.00 
0.00 0.00 0.00 0.00 0.00 0.00 0.00 0.00 0.00 0.00 0.00 0.00 0.00 0.00 0.00 0.00 0.00 0.00 0.00 0.00 
0.00 0.00 0.00 0.00 0.00 0.00 0.00 0.00 0.00 0.00 0.00 0.00 0.00 0.00 0.00 0.00 0.00 0.00 0.00 0.00 
0.00 0.00 0.00 0.00 0.00 0.00 0.00 0.00 0.00 0.00 0.00 0.00 0.00 0.00 0.00 0.00 0.00 0.00 0.00 0.00 
0.00 0.00 0.00 0.00 0.00 0.00 0.00 0.00 0.00 0.00 0.00 0.00 0.00 0.00 0.00 0.00 0.00 0.00 0.00 0.00 
0.00 0.00 0.00 0.00 0.00 0.00 0.00 0.00 0.00 0.00 0.00 0.00 0.00 0.00 0.00 0.00 0.00 0.00 0.00 0.00 
0.00 0.00 0.00 0.00 0.00 0.00 0.00 0.00 0.00 0.00 0.00 0.00 0.00 0.00 0.00 0.00 0.00 0.00 0.00 0.00 
0.00 0.00 0.00 0.00 0.00 0.00 0.00 0.00 0.00 0.00 0.00 0.00 0.00 0.00 0.00 0.00 0.00 0.00 0.00 0.00 
0.00 0.00 0.00 0.00 0.00 0.00 0.00 0.00 0.00 0.00 0.00 0.00 0.00 0.00 0.00 0.00 0.00 0.00 0.00 0.00 
0.00 0.00 0.00 0.00 0.00 0.00 0.00 0.00 0.00 0.00 0.00 0.00 0.00 0.00 0.00 0.00 0.00 0.00 0.00 0.00 
0.00 0.00 0.00 0.00 0.00 0.00 0.00 0.00 0.00 0.00 0.00 0.00 0.00 0.00 0.00 0.00 0.00 0.00 0.00 0.00 
0.00 0.00 0.00 0.00 0.00 0.00 0.00 0.00 0.00 0.00 0.00 0.00 0.00 0.00 0.00 0.00 0.00 0.00 0.00 0.00 
0.00 0.00 0.00 0.00 0.00 0.00 0.00 0.00 0.00 0.00 0.00 0.00 0.00 0.00 0.00 0.00 0.00 0.00 0.00 0.00 
0.00 0.00 0.00 0.00 0.00 0.00 0.00 0.00 0.00 0.00 0.00 0.00 0.00 0.00 0.00 0.00 0.00 0.00 0.00 0.00 
0.00 0.00 0.00 0.00 0.00 0.00 0.00 0.00 0.00 0.00 0.00 0.00 0.00 0.00 0.00 0.00 0.00 0.00 0.00 0.00 
0.00 0.00 0.00 0.00 0.00 0.00 0.00 0.00 0.00 0.00 0.00 0.00 0.00 0.00 0.00 0.00 0.00 0.00 0.00 0.00 
0.00 0.00 0.00 0.00 0.00 0.00 0.00 0.00 0.00 0.00 0.00 0.00 0.00 0.00 0.00 0.00 0.00 0.00 0.00 0.00 
0.00 0.00 0.00 0.00 0.00 0.00 0.00 0.00 0.00 0.00 0.00 0.00 0.00 0.00 0.00 0.00 0.00 0.00 0.00 0.00 
0.00 0.00 0.00 0.00 0.00 0.00 0.00 0.00 0.00 0.00 0.00 0.00 0.00 0.00 0.00 0.00 0.00 0.00 0.00 0.00 
0.00 0.00 0.00 0.00 0.00 0.00 0.00 0.00 0.00 0.00 0.00 0.00 0.00 0.00 0.00 0.00 0.00 0.00 0.00 0.00 
0.00 0.00 0.00 0.00 0.00 0.00 0.00 0.00 0.00 0.00 0.00 0.00 0.00 0.00 0.00 0.00 0.00 0.00 0.00 0.00 
0.00 0.00 0.00 0.00 0.00 0.00 0.00 0.00 0.00 0.00 0.00 0.00 0.00 0.00 0.00 0.00 0.00 0.00 0.00 0.00 
0.00 0.00 0.00 0.00 0.00 0.00 0.00 0.00 0.00 0.00 0.00 0.00 0.00 0.00 0.00 0.00 0.00 0.00 0.00 0.00 
0.00 0.00 0.00 0.00 0.00 0.00 0.00 0.00 0.00 0.00 0.00 0.00 0.00 0.00 0.00 0.00 0.00 0.00 0.00 0.00 
0.00 0.00 0.00 0.00 0.00 0.00 0.00 0.00 0.00 0.00 0.00 0.00 0.00 0.00 0.00 0.00 0.00 0.00 0.00 0.00 
0.00 0.00 0.00 0.00 0.00 0.00 0.00 0.00 0.00 0.00 0.00 0.00 0.00 0.00 0.00 0.00 0.00 0.00 0.00 0.00 
0.00 0.00 0.00 0.00 0.00 0.00 0.00 0.00 0.00 0.00 0.00 0.00 0.00 0.00 0.00 0.00 0.00 0.00 0.00 0.00 
0.00 0.00 0.00 0.00 0.00 0.00 0.00 0.00 0.00 0.00 0.00 0.00 0.00 0.00 0.00 0.00 0.00 0.00 0.00 0.00 
0.00 0.00 0.00 0.00 0.00 0.00 0.00 0.00 0.00 0.00 0.00 0.00 0.00 0.00 0.00 0.00 0.00 0.00 0.00 0.00 
0.00 0.00 0.00 0.00 0.00 0.00 0.00 0.00 0.00 0.00 0.00 0.00 0.00 0.00 0.00 0.00 0.00 0.00 0.00 0.00 
0.00 0.00 0.00 0.00 0.00 0.00 0.00 0.00 0.00 0.00 0.00 0.00 0.00 0.00 0.00 0.00 0.00 0.00 0.00 0.00 
0.00 0.00 0.00 0.00 0.00 0.00 0.00 0.00 0.00 0.00 0.00 0.00 0.00 0.00 0.00 0.00 0.00 0.00 0.00 0.00 
0.00 0.00 0.00 0.00 0.00 0.00 0.00 0.00 0.00 0.00 0.00 0.00 0.00 0.00 0.00 0.00 0.00 0.00 0.00 0.00 
0.00 0.00 0.00 0.00 0.00 0.00 0.00 0.00 0.00 0.00 0.00 0.00 0.00 0.00 0.00 0.00 0.00 0.00 0.00 0.00 
0.00 0.00 0.00 0.00 0.00 0.00 0.00 0.00 0.00 0.00 0.00 0.00 0.00 0.00 0.00 0.00 0.00 0.00 0.00 0.00 
0.00 0.00 0.00 0.00 0.00 0.00 0.00 0.00 0.00 0.00 0.00 0.00 0.00 0.00 0.00 0.00 0.00 0.00 0.00 0.00 
0.00 0.00 0.00 0.00 0.00 0.00 0.00 0.00 0.00 0.00 0.00 0.00 0.00 0.00 0.00 0.00 0.00 0.00 0.00 0.00 
0.00 0.00 0.00 0.00 0.00 0.00 0.00 0.00 0.00 0.00 0.00 0.00 0.00 0.00 0.00 0.00 0.00 0.00 0.00 0.00 
0.00 0.00 0.00 0.00 0.00 0.00 0.00 0.00 0.00 0.00 0.00 0.00 0.00 0.00 0.00 0.00 0.00 0.00 0.00 0.00 
0.00 0.00 0.00 0.00 0.00 0.00 0.00 0.00 0.00 0.00 0.00 0.00 0.00 0.00 0.00 0.00 0.00 0.00 0.00 0.00 
0.00 0.00 0.00 0.00 0.00 0.00 0.00 0.00 0.00 0.00 0.00 0.00 0.00 0.00 0.00 0.00 0.00 0.00 0.00 0.00 
0.00 0.00 0.00 0.00 0.00 0.00 0.00 0.00 0.00 0.00 0.00 0.00 0.00 0.00 0.00 0.00 0.00 0.00 0.00 0.00 
0.00 0.00 0.00 0.00 0.00 0.00 0.00 0.00 0.00 0.00 0.00 0.00 0.00 0.00 0.00 0.00 0.00 0.00 0.00 0.00 
0.00 0.00 0.00 0.00 0.00 0.00 0.00 0.00 0.00 0.00 0.00 0.00 0.00 0.00 0.00 0.00 0.00 0.00 0.00 0.00 
0.00 0.00 0.00 0.00 0.00 0.00 0.00 0.00 0.00 0.00 0.00 0.00 0.00 0.00 0.00 0.00 0.00 0.00 0.00 0.00 
0.00 0.00 0.00 0.00 0.00 0.00 0.00 0.00 0.00 0.00 0.00 0.00 0.00 0.00 0.00 0.00 0.00 0.00 0.00 0.00 
0.00 0.00 0.00 0.00 0.00 0.00 0.00 0.00 0.00 0.00 0.00 0.00 0.00 0.00 0.00 0.00 0.00 0.00 0.00 0.00 
0.00 0.00 0.00 0.00 0.00 0.00 0.00 0.00 0.00 0.00 0.00 0.00 0.00 0.00 0.00 0.00 0.00 0.00 0.00 0.00 
0.00 0.00 0.00 0.00 0.00 0.00 0.00 0.00 0.00 0.00 0.00 0.00 0.00 0.00 0.00 0.00 0.00 0.00 0.00 0.00 
0.00 0.00 0.00 0.00 0.00 0.00 0.00 0.00 0.00 0.00 0.00 0.00 0.00 0.00 0.00 0.00 0.00 0.00 0.00 0.00 
0.00 0.00 0.00 0.00 0.00 0.00 0.00 0.00 0.00 0.00 0.00 0.00 0.00 0.00 0.00 0.00 0.00 0.00 0.00 0.00 
0.00 0.00 0.00 0.00 0.00 0.00 0.00 0.00 0.00 0.00 0.00 0.00 0.00 0.00 0.00 0.00 0.00 0.00 0.00 0.00 
0.00 0.00 0.00 0.00 0.00 0.00 0.00 0.00 0.00 0.00 0.00 0.00 0.00 0.00 0.00 0.00 0.00 0.00 0.00 0.00 
0.00 0.00 0.00 0.00 0.00 0.00 0.00 0.00 0.00 0.00 0.00 0.00 0.00 0.00 0.00 0.00 0.00 0.00 0.00 0.00 
0.00 0.00 0.00 0.00 0.00 0.00 0.00 0.00 0.00 0.00 0.00 0.00 0.00 0.00 0.00 0.00 0.00 0.00 0.00 0.00 
0.00 0.00 0.00 0.00 0.00 0.00 0.00 0.00 0.00 0.00 0.00 0.00 0.00 0.00 0.00 0.00 0.00 0.00 0.00 0.00 
0.00 0.00 0.00 0.00 0.00 0.00 0.00 0.00 0.00 0.00 0.00 0.00 0.00 0.00 0.00 0.00 0.00 0.00 0.00 0.00 
0.00 0.00 0.00 0.00 0.00 0.00 0.00 0.00 0.00 0.00 0.00 0.00 0.00 0.00 0.00 0.00 0.00 0.00 0.00 0.00 
0.00 0.00 0.00 0.00 0.00 0.00 0.00 0.00 0.00 0.00 0.00 0.00 0.00 0.00 0.00 0.00 0.00 0.00 0.00 0.00 
0.00 0.00 0.00 0.00 0.00 0.00 0.00 0.00 0.00 0.00 0.00 0.00 0.00 0.00 0.00 0.00 0.00 0.00 0.00 0.00 
0.00 0.00 0.00 0.00 0.00 0.00 0.00 0.00 0.00 0.00 0.00 0.00 0.00 0.00 0.00 0.00 0.00 0.00 0.00 0.00 
0.00 0.00 0.00 0.00 0.00 0.00 0.00 0.00 0.00 0.00 0.00 0.00 0.00 0.00 0.00 0.00 0.00 0.00 0.00 0.00 
0.00 0.00 0.00 0.00 0.00 0.00 0.00 0.00 0.00 0.00 0.00 0.00 0.00 0.00 0.00 0.00 0.00 0.00 0.00 0.00 
0.00 0.00 0.00 0.00 0.00 0.00 0.00 0.00 0.00 0.00 0.00 0.00 0.00 0.00 0.00 0.00 0.00 0.00 0.00 0.00 
0.00 0.00 0.00 0.00 0.00 0.00 0.00 0.00 0.00 0.00 0.00 0.00 0.00 0.00 0.00 0.00 0.00 0.00 0.00 0.00 
0.00 0.00 0.00 0.00 0.00 0.00 0.00 0.00 0.00 0.00 0.00 0.00 0.00 0.00 0.00 0.00 0.00 0.00 0.00 0.00 
0.00 0.00 0.00 0.00 0.00 0.00 0.00 0.00 0.00 0.00 0.00 0.00 0.00 0.00 0.00 0.00 0.00 0.00 0.00 0.00 
0.00 0.00 0.00 0.00 0.00 0.00 0.00 0.00 0.00 0.00 0.00 0.00 0.00 0.00 0.00 0.00 0.00 0.00 0.00 0.00 
0.00 0.00 0.00 0.00 0.00 0.00 0.00 0.00 0.00 0.00 0.00 0.00 0.00 0.00 0.00 0.00 0.00 0.00 0.00 0.00 
0.00 0.00 0.00 0.00 0.00 0.00 0.00 0.00 0.00 0.00 0.00 0.00 0.00 0.00 0.00 0.00 0.00 0.00 0.00 0.00 
0.00 0.00 0.00 0.00 0.00 0.00 0.00 0.00 0.00 0.00 0.00 0.00 0.00 0.00 0.00 0.00 0.00 0.00 0.00 0.00 
0.00 0.00 0.00 0.00 0.00 0.00 0.00 0.00 0.00 0.00 0.00 0.00 0.00 0.00 0.00 0.00 0.00 0.00 0.00 0.00 
0.00 0.00 0.00 0.00 0.00 0.00 0.00 0.00 0.00 0.00 0.00 0.00 0.00 0.00 0.00 0.00 0.00 0.00 0.00 0.00 
0.00 0.00 0.00 0.00 0.00 0.00 0.00 0.00 0.00 0.00 0.00 0.00 0.00 0.00 0.00 0.00 0.00 0.00 0.00 0.00 
0.00 0.00 0.00 0.00 0.00 0.00 0.00 0.00 0.00 0.00 0.00 0.00 0.00 0.00 0.00 0.00 0.00 0.00 0.00 0.00 
0.00 0.00 0.00 0.00 0.00 0.00 0.00 0.00 0.00 0.00 0.00 0.00 0.00 0.00 0.00 0.00 0.00 0.00 0.00 0.00 
0.00 0.00 0.00 0.00 0.00 0.00 0.00 0.00 0.00 0.00 0.00 0.00 0.00 0.00 0.00 0.00 0.00 0.00 0.00 0.00 
0.00 0.00 0.00 0.00 0.00 0.00 0.00 0.00 0.00 0.00 0.00 0.00 0.00 0.00 0.00 0.00 0.00 0.00 0.00 0.00 
0.00 0.00 0.00 0.00 0.00 0.00 0.00 0.00 0.00 0.00 0.00 0.00 0.00 0.00 0.00 0.00 0.00 0.00 0.00 0.00 
0.00 0.00 0.00 0.00 0.00 0.00 0.00 0.00 0.00 0.00 0.00 0.00 0.00 0.00 0.00 0.00 0.00 0.00 0.00 0.00 
0.00 0.00 0.00 0.00 0.00 0.00 0.00 0.00 0.00 0.00 0.00 0.00 0.00 0.00 0.00 0.00 0.00 0.00 0.00 0.00 
0.00 0.00 0.00 0.00 0.00 0.00 0.00 0.00 0.00 0.00 0.00 0.00 0.00 0.00 0.00 0.00 0.00 0.00 0.00 0.00 
0.00 0.00 0.00 0.00 0.00 0.00 0.00 0.00 0.00 0.00 0.00 0.00 0.00 0.00 0.00 0.00 0.00 0.00 0.00 0.00 
0.00 0.00 0.00 0.00 0.00 0.00 0.00 0.00 0.00 0.00 0.00 0.00 0.00 0.00 0.00 0.00 0.00 0.00 0.00 0.00 
0.00 0.00 0.00 0.00 0.00 0.00 0.00 0.00 0.00 0.00 0.00 0.00 0.00 0.00 0.00 0.00 0.00 0.00 0.00 0.00 
0.00 0.00 0.00 0.00 0.00 0.00 0.00 0.00 0.00 0.00 0.00 0.00 0.00 0.00 0.00 0.00 0.00 0.00 0.00 0.00 
0.00 0.00 0.00 0.00 0.00 0.00 0.00 0.00 0.00 0.00 0.00 0.00 0.00 0.00 0.00 0.00 0.00 0.00 0.00 0.00 
0.00 0.00 0.00 0.00 0.00 0.00 0.00 0.00 0.00 0.00 0.00 0.00 0.00 0.00 0.00 0.00 0.00 0.00 0.00 0.00 
end   dump: w
==END   DUMP_ARRAYS==
==BEGIN DUMP_ARRAYS==
begin dump: w
2089.91 62663868.00 68935560.00 79416424.00 90855592.00 102753240.00 114930288.00 127202608.00 139383856.00 151872272.00 164116864.00 176731056.00 189108464.00 201645360.00 214103040.00 226497744.00 238784464.00 251584224.00 264005088.00 276546304.00 
288719168.00 301594592.00 314135424.00 326745408.00 339002784.00 351207680.00 364226528.00 376639136.00 389179264.00 401919648.00 414118944.00 426733632.00 439058688.00 451847168.00 464404896.00 476830592.00 489396224.00 501898752.00 514515712.00 527073632.00 
538861440.00 552128960.00 564649600.00 577081792.00 589694144.00 602204480.00 614839488.00 627343680.00 639597568.00 652440128.00 664026496.00 677463360.00 689989184.00 702582464.00 714926848.00 727548288.00 740044736.00 752655488.00 765300672.00 777848960.00 
789961216.00 802867072.00 815340096.00 828026816.00 840184384.00 852945408.00 865530176.00 878115648.00 890569792.00 903581760.00 915533312.00 928170944.00 940665664.00 953399488.00 965633280.00 977956672.00 990905024.00 1003704256.00 1016021120.00 1028570240.00 
1039614848.00 1053657152.00 1066168896.00 1078679296.00 1091210496.00 1103689856.00 1116262016.00 1129405312.00 1141298560.00 1153997056.00 1166319872.00 1179305856.00 1191551616.00 1203847168.00 1216635904.00 1229025152.00 1241479680.00 1254296576.00 1266790144.00 1279241216.00 
1290038912.00 1304349056.00 1316950144.00 1329487232.00 1341925632.00 1354416640.00 1367149824.00 1379712512.00 1392102272.00 1404735232.00 1417119360.00 1429518848.00 1442132096.00 1454979840.00 1467448448.00 1479944832.00 1492511872.00 1505031424.00 1517722240.00 1530157952.00 
1541982080.00 1555244544.00 1567794304.00 1580305024.00 1592778624.00 1603080704.00 1618000896.00 1630686080.00 1642760192.00 1655193088.00 1667950336.00 1680608128.00 1693121408.00 1705594624.00 1718329344.00 1730765696.00 1743237888.00 1756059008.00 1768623616.00 1781023616.00 
1793164672.00 1806041600.00 1818516096.00 1831580288.00 1843447680.00 1856193024.00 1868784000.00 1881279232.00 1893703296.00 1906426752.00 1918011520.00 1931526272.00 1943869696.00 1956441856.00 1969546496.00 1981610496.00 1994140800.00 2006777344.00 2019314816.00 2031835264.00 
2042862336.00 2056890368.00 2069373184.00 2081962112.00 2094474624.00 2106954880.00 2119455360.00 2132388352.00 2144592896.00 2157082880.00 2169587968.00 2182271232.00 2194773760.00 2207371264.00 2220160256.00 2232019456.00 2244714240.00 2257640192.00 2270055424.00 2282595584.00 
2294774784.00 2307644160.00 2320785920.00 2332801024.00 2345238528.00 2357813248.00 2370282496.00 2382963968.00 2395444736.00 2408061184.00 2420372992.00 2433143296.00 2445385216.00 2458231552.00 2470729728.00 2483160576.00 2495713536.00 2508344064.00 2520807168.00 2533302016.00 
2542249984.00 2558598656.00 2571058176.00 2583649280.00 2596074496.00 2608589312.00 2621225984.00 2633909248.00 2646043648.00 2658908928.00 2671192832.00 2683993600.00 2696433920.00 2709027328.00 2721523712.00 2734030848.00 2746490112.00 2759192320.00 2771681792.00 2784258560.00 
2796410624.00 2809306368.00 2821211392.00 2834653184.00 2846772224.00 2859116288.00 2872096000.00 2884621312.00 2897107456.00 2909628928.00 2922063872.00 2934819840.00 2947196416.00 2959753984.00 2972346368.00 2984738304.00 2997466624.00 3010030592.00 3022491136.00 3035158784.00 
3046156032.00 3060217344.00 3072701440.00 3085365248.00 3097801216.00 3110291200.00 3122858240.00 3135402240.00 3147767808.00 3160376576.00 3168374272.00 3185774592.00 3198177280.00 3210716672.00 3223322880.00 3235712768.00 3248035840.00 3260862976.00 3273197312.00 3286009856.00 
3298112768.00 3311181312.00 3323539200.00 3336082688.00 3348490752.00 3361078272.00 3373625600.00 3386398208.00 3398757120.00 3411293184.00 3423705088.00 3436409344.00 3448668928.00 3461605888.00 3474104832.00 3486130944.00 3499160832.00 3511688960.00 3524219392.00 3536657152.00 
3548543488.00 3561896448.00 3574294528.00 3586810368.00 3599280640.00 3611595520.00 3625407744.00 3637313024.00 3649444608.00 3662235392.00 3674594048.00 3687316736.00 3699776768.00 3712432384.00 3724807424.00 3737335296.00 3749803008.00 3762503168.00 3775062528.00 3787554560.00 
3798271488.00 3812663296.00 3825227264.00 3837395200.00 3850009088.00 3862728448.00 3875319296.00 3887845120.00 3900628224.00 3913046016.00 3925393408.00 3938055168.00 3950492416.00 3963185920.00 3975690496.00 3988151552.00 4000879872.00 4013313024.00 4025846016.00 4038396160.00 
4049462784.00 4063632384.00 4075995648.00 4088587008.00 4101036032.00 4113192960.00 4126169856.00 4138741760.00 4151122944.00 4163733248.00 4176119808.00 4188769792.00 4201157632.00 4212975360.00 4227027968.00 4239196416.00 4251452928.00 4264263680.00 4276675840.00 4289484288.00 
4301461504.00 4314354688.00 4326863360.00 4339487744.00 4351834624.00 4364505088.00 4377027584.00 4389562880.00 4402190848.00 4414737408.00 4426287104.00 4439765504.00 4451978240.00 4465552384.00 4477413888.00 4489846784.00 4502397440.00 4514910208.00 4527515136.00 4540374016.00 
4551873024.00 4565128192.00 4577648128.00 4590092800.00 4602995200.00 4615311872.00 4627849728.00 4640446464.00 4652668416.00 4665466880.00 4677836288.00 4690586624.00 4703002112.00 4715652096.00 4728177664.00 4738399232.00 4753174528.00 4765842432.00 4778331136.00 4790906368.00 
4803070976.00 4816558592.00 4828457984.00 4841306624.00 4853303808.00 4866093568.00 4878748160.00 4891097600.00 4903668736.00 4916374016.00 4928646656.00 4941383680.00 4953751040.00 4966440960.00 4978973696.00 4991395328.00 5003936768.00 5016476160.00 5028928512.00 5041242112.00 
5046765568.00 5067286528.00 5079556608.00 5092078592.00 5104481280.00 5116979712.00 5129545216.00 5142116352.00 5154504192.00 5167145984.00 5179539456.00 5192305664.00 5204775424.00 5217309184.00 5229917696.00 5242310144.00 5254654976.00 5267547136.00 5280032768.00 5292570112.00 
5304741376.00 5317020672.00 5330162176.00 5342710272.00 5355117568.00 5367367680.00 5380341760.00 5392900096.00 5405293056.00 5418094592.00 5430382592.00 5443058688.00 5455320064.00 5468262912.00 5480669184.00 5493245952.00 5505721344.00 5518309888.00 5530839040.00 5543090176.00 
5555183104.00 5568453632.00 5580975104.00 5593495552.00 5605720064.00 5618826752.00 5631256576.00 5643762176.00 5656010240.00 5669065728.00 5680442880.00 5693932032.00 5706402304.00 5718996480.00 5731488768.00 5744024576.00 5756459520.00 5769071104.00 5781623296.00 5794018816.00 
5806376448.00 5819191296.00 5831959552.00 5844442112.00 5856658432.00 5869358592.00 5881939968.00 5894528512.00 5906981888.00 5919604224.00 5931947520.00 5944794624.00 5957140480.00 5969817600.00 5982349824.00 5994415616.00 6007231488.00 6019969536.00 6032490496.00 6045040640.00 
6056090112.00 6069978112.00 6082647552.00 6095242240.00 6107687424.00 6120252928.00 6132827648.00 6145366016.00 6157774848.00 6170467840.00 6182791680.00 6195481088.00 6207967744.00 6220559360.00 6233050624.00 6245499904.00 6257801216.00 6270562816.00 6282964480.00 6295116288.00 
6299032576.00 6321725952.00 6333871616.00 6346353152.00 6358639616.00 6371195392.00 6383714816.00 6396276736.00 6408816128.00 6421357056.00 6433742336.00 6446446592.00 6458694144.00 6471542784.00 6484011520.00 6496506880.00 6508985344.00 6521593856.00 6534195200.00 6546780160.00 
6558545920.00 6571714560.00 6584418304.00 6596874240.00 6609400832.00 6621518336.00 6634413568.00 6647096832.00 6659322880.00 6672116736.00 6684514816.00 6697234944.00 6709689856.00 6722160128.00 6734891008.00 6747325440.00 6759797248.00 6772480000.00 6784946688.00 6797496832.00 
6809726464.00 6822666240.00 6835138048.00 6847692288.00 6859926528.00 6872518656.00 6885499904.00 6897839616.00 6910420480.00 6922762752.00 6934587392.00 6948005888.00 6960489984.00 6973157888.00 6985658368.00 6998083072.00 7010760192.00 7023344640.00 7035789312.00 7048304128.00 
7059431936.00 7073513984.00 7086001664.00 7098524160.00 7110949376.00 7123523072.00 7136013312.00 7148656128.00 7161069056.00 7173705728.00 7185998848.00 7198293504.00 7211784704.00 7224088576.00 7236572672.00 7248641536.00 7261335040.00 7274201600.00 7286683136.00 7299368448.00 
7311397888.00 7324267520.00 7336807936.00 7349366784.00 7361796096.00 7374376960.00 7386997760.00 7399528960.00 7411857408.00 7424683008.00 7436992000.00 7449772544.00 7461944320.00 7474796032.00 7487289856.00 7499789824.00 7512337920.00 7524756480.00 7537428992.00 7549933056.00 
7558828544.00 7575217664.00 7587686400.00 7600209920.00 7612698624.00 7625214976.00 7637643264.00 7650320384.00 7662606336.00 7675539968.00 7687816704.00 7700466176.00 7712999936.00 7725597696.00 7738089984.00 7750447104.00 7763204096.00 7775758848.00 7788305408.00 7800726528.00 
7813033472.00 7825927168.00 7838437888.00 7851062784.00 7863252992.00 7873768448.00 7888659456.00 7901188608.00 7913667072.00 7926253568.00 7938625536.00 7951303168.00 7963818496.00 7976470016.00 7988912128.00 8001446400.00 8013942784.00 8026592256.00 8039116800.00 8051634176.00 
8062720512.00 8076686848.00 8089324032.00 8101926400.00 8114273792.00 8126761472.00 8139421184.00 8151810560.00 8164389888.00 8177000448.00 8188670976.00 8202098176.00 8214592000.00 8227127808.00 8239732224.00 8252181504.00 8264517632.00 8277279232.00 8289823744.00 8302338560.00 
8314527744.00 8327357440.00 8339864064.00 8352347136.00 8364605440.00 8376888832.00 8388235776.00 8407017472.00 8416369152.00 8428523008.00 8440714752.00 8453330432.00 8465531392.00 8478317056.00 8490816000.00 8502889984.00 8515790848.00 8528397312.00 8540992512.00 8553431552.00 
8565251072.00 8578509824.00 8591072256.00 8603677696.00 8616048640.00 8628616192.00 8641221632.00 8653725696.00 8666006528.00 8678863872.00 8691213312.00 8703945728.00 8716339200.00 8728992768.00 8741521408.00 8753959936.00 8766513152.00 8779214848.00 8791688192.00 8804180992.00 
8814894080.00 8829283328.00 8841849856.00 8854407168.00 8866626560.00 8879353856.00 8892335104.00 8904559616.00 8917041152.00 8929668096.00 8942014464.00 8954678272.00 8967115776.00 8979747840.00 8992107520.00 9004864512.00 9017355264.00 9030181888.00 9042619392.00 9055013888.00 
9066091520.00 9080108032.00 9092620288.00 9105153024.00 9117659136.00 9129806848.00 9142729728.00 9155005440.00 9167900672.00 9180506112.00 9192832000.00 9205545984.00 9218021376.00 9230590976.00 9243141120.00 9255614464.00 9267931136.00 9280977920.00 9293296640.00 9305803776.00 
9318027264.00 9330974720.00 9343491072.00 9356051456.00 9368398848.00 9380979712.00 9393585152.00 9406277632.00 9418610688.00 9431061504.00 9439121408.00 9456537600.00 9468695552.00 9481512960.00 9493972992.00 9506471936.00 9519022080.00 9531621376.00 9544133632.00 9556697088.00 
9568492544.00 9581758464.00 9594577920.00 9606802432.00 9619321856.00 9631873024.00 9644565504.00 9657005056.00 9669235712.00 9681785856.00 9694543872.00 9707207680.00 9719714816.00 9732220928.00 9744738304.00 9756896256.00 9769742336.00 9782408192.00 9795103744.00 9807531008.00 
9819695104.00 9832573952.00 9845090304.00 9857719296.00 9869917184.00 9882659840.00 9895313408.00 9907812352.00 9920382976.00 9932999680.00 9945270272.00 9958007808.00 9970385920.00 9983007744.00 9995538432.00 10008020992.00 10020558848.00 10033180672.00 10045553664.00 10057861120.00 
10063374336.00 10083900416.00 10096177152.00 10108648448.00 10121107456.00 10133598208.00 10146256896.00 10158534656.00 10171134976.00 10183926784.00 10196166656.00 10208924672.00 10221333504.00 10233877504.00 10246477824.00 10259024896.00 10271278080.00 10284119040.00 10296500224.00 10309189632.00 
10321367040.00 10334245888.00 10346782720.00 10359277568.00 10371831808.00 10383994880.00 10396906496.00 10409463808.00 10422008832.00 10434569216.00 10446947328.00 10459678720.00 10471885824.00 10484521984.00 10497380352.00 10509807616.00 10522344448.00 10534876160.00 10547460096.00 10560020480.00 
10571796480.00 10585068544.00 10597300224.00 10610207744.00 10622640128.00 10635144192.00 10647667712.00 10660317184.00 10672580608.00 10685390848.00 10697025536.00 10710420480.00 10722962432.00 10735553536.00 10748046336.00 10760495104.00 10772875264.00 10783983616.00 10798552064.00 10810945536.00 
10823089152.00 10835955712.00 10848438272.00 10860997632.00 10873284608.00 10886077440.00 10898658304.00 10911240192.00 10923698176.00 10936233984.00 10948669440.00 10961428480.00 10973767680.00 10986383360.00 10998908928.00 11009161216.00 11024003072.00 11036538880.00 11048962048.00 11061666816.00 
11072706560.00 11086755840.00 11099261952.00 11111803904.00 11124314112.00 11136817152.00 11149387776.00 11161932800.00 11174246400.00 11188438016.00 11199566848.00 11212260352.00 11224681472.00 11237281792.00 11249773568.00 11262272512.00 11274565632.00 11287418880.00 11300045824.00 11312490496.00 
11323166720.00 11337595904.00 11350193152.00 11362622464.00 11375050752.00 11387658240.00 11400284160.00 11412848640.00 11425228800.00 11436789760.00 11450363904.00 11463063552.00 11475267584.00 11487964160.00 11500577792.00 11513066496.00 11525613568.00 11538310144.00 11550663680.00 11563403264.00 
11575115776.00 11588338688.00 11600904192.00 11612530688.00 11626015744.00 11638127616.00 11651133440.00 11663650816.00 11675884544.00 11688749056.00 11701081088.00 11713701888.00 11726235648.00 11738721280.00 11751453696.00 11763891200.00 11776364544.00 11789033472.00 11801565184.00 11814114304.00 
11826293760.00 11838989312.00 11851756544.00 11864251392.00 11876547584.00 11889286144.00 11901915136.00 11914400768.00 11926986752.00 11939530752.00 11951156224.00 11964634112.00 11976972288.00 11989716992.00 12002230272.00 12014711808.00 12027236352.00 12039914496.00 12052403200.00 12064939008.00 
12075991040.00 12089999360.00 12102472704.00 12115536896.00 12127571968.00 12140078080.00 12152737792.00 12165212160.00 12177685504.00 12190323712.00 12202721280.00 12215372800.00 12227902464.00 12240798720.00 12252976128.00 12265103360.00 12277812224.00 12290621440.00 12303145984.00 12315683840.00 
12327869440.00 12340740096.00 12353278976.00 12365772800.00 12378219520.00 12390782976.00 12403404800.00 12415789056.00 12428420096.00 12440858624.00 12453324800.00 12466092032.00 12478212096.00 12490902528.00 12503408640.00 12515812352.00 12528214016.00 12540569600.00 12552558592.00 12563561472.00 
12560385024.00 12594844672.00 12605794304.00 12617828352.00 12630073344.00 12642432000.00 12654951424.00 12667486208.00 12679627776.00 12692307968.00 12704748544.00 12717544448.00 12729858048.00 12742610944.00 12754951168.00 12767455232.00 12779928576.00 12792619008.00 12805076992.00 12817659904.00 
12829806592.00 12842700800.00 12855200768.00 12867782656.00 12880021504.00 12892398592.00 12905366528.00 12917602304.00 12930385920.00 12943019008.00 12955341824.00 12968062976.00 12980447232.00 12993172480.00 13005628416.00 13018153984.00 13030714368.00 13042850816.00 13055890432.00 13068404736.00 
13079433216.00 13093466112.00 13105950720.00 13118498816.00 13131041792.00 13143530496.00 13156136960.00 13168672768.00 13181166592.00 13193769984.00 13205403648.00 13218867200.00 13231304704.00 13243987968.00 13256452096.00 13268969472.00 13281285120.00 13294147584.00 13306596352.00 13319410688.00 
13331390464.00 13344269312.00 13356793856.00 13369358336.00 13381771264.00 13394357248.00 13406902272.00 13419682816.00 13432029184.00 13444698112.00 13456978944.00 13469652992.00 13481926656.00 13494731776.00 13507245056.00 13519370240.00 13532248064.00 13545865216.00 13557463040.00 13570046976.00 
13581819904.00 13594996736.00 13607696384.00 13620087808.00 13632679936.00 13645179904.00 13657791488.00 13670439936.00 13682582528.00 13695322112.00 13707683840.00 13721621504.00 13733052416.00 13745565696.00 13758080000.00 13770576896.00 13783081984.00 13795792896.00 13808175104.00 13820794880.00 
13831498752.00 13845910528.00 13858326528.00 13870974976.00 13883256832.00 13895962624.00 13908588544.00 13921122304.00 13933615104.00 13946148864.00 13958484992.00 13969957888.00 13983878144.00 13996463104.00 14008965120.00 14021425152.00 14033978368.00 14046584832.00 14059082752.00 14071644160.00 
14082718720.00 14096729088.00 14109389824.00 14121872384.00 14134283264.00 14144567296.00 14159443968.00 14172015616.00 14184369152.00 14196969472.00 14209404928.00 14222172160.00 14234576896.00 14247155712.00 14259704832.00 14272183296.00 14284545024.00 14297395200.00 14309912576.00 14322429952.00 
14334593024.00 14347458560.00 14359810048.00 14374422528.00 14385258496.00 14397751296.00 14410310656.00 14422842368.00 14435318784.00 14447985664.00 14459527168.00 14473019392.00 14485257216.00 14498080768.00 14510695424.00 14523089920.00 14535641088.00 14548187136.00 14561060864.00 14573326336.00 
14585113600.00 14598375424.00 14610897920.00 14623523840.00 14635940864.00 14648445952.00 14660978688.00 14673868800.00 14685937664.00 14698719232.00 14711110656.00 14723820544.00 14736280576.00 14748933120.00 14761454592.00 14773502976.00 14786302976.00 14799121408.00 14811592704.00 14824159232.00 
14836314112.00 14849199104.00 14861862912.00 14874288128.00 14886554624.00 14899218432.00 14911885312.00 14924528640.00 14936947712.00 14949466112.00 14961896448.00 14974479360.00 14986988544.00 14999865344.00 15012105216.00 15024640000.00 15037178880.00 15049756672.00 15062180864.00 15074485248.00 
15079996416.00 15100532736.00 15112798208.00 15125206016.00 15137735680.00 15150222336.00 15162813440.00 15175374848.00 15187751936.00 15200400384.00 15212786688.00 15225397248.00 15237911552.00 15250579456.00 15263043584.00 15275588608.00 15287905280.00 15300683776.00 15313289216.00 15325822976.00 
15337986048.00 15350873088.00 15363256320.00 15375986688.00 15388397568.00 15400606720.00 15413622784.00 15426183168.00 15438573568.00 15451185152.00 15463516160.00 15476610048.00 15488599040.00 15501386752.00 15513792512.00 15526366208.00 15538975744.00 15551584256.00 15563782144.00 15576641536.00 
15588428800.00 15601694720.00 15614224384.00 15626766336.00 15639262208.00 15651775488.00 15664373760.00 15676890112.00 15689148416.00 15701857280.00 15709897728.00 15727334400.00 15739685888.00 15752117248.00 15764768768.00 15777271808.00 15789734912.00 15802341376.00 15814863872.00 15827418112.00 
15839650816.00 15852592128.00 15865065472.00 15877410816.00 15889910784.00 15902649344.00 15915227136.00 15927812096.00 15940256768.00 15952852992.00 15965230080.00 15977886720.00 15990240256.00 16003378176.00 16015632384.00 16027710464.00 16040631296.00 16053258240.00 16065746944.00 16078296064.00 
16089330688.00 16103378944.00 16115747840.00 16128223232.00 16140923904.00 16153387008.00 16166259712.00 16178648064.00 16191021056.00 16203713536.00 16216033280.00 16228730880.00 16241244160.00 16253840384.00 16266016768.00 16278900736.00 16291200000.00 16303974400.00 16316504064.00 16329116672.00 
16339776512.00 16354220032.00 16366669824.00 16379181056.00 16391619584.00 16404284416.00 16416845824.00 16429401088.00 16441937920.00 16454458368.00 16466832384.00 16479534080.00 16491842560.00 16504670208.00 16517138432.00 16529634304.00 16542228480.00 16554730496.00 16567300096.00 16579877888.00 
16591681536.00 16604971008.00 16617367552.00 16630006784.00 16642497536.00 16654595072.00 16667541504.00 16680076288.00 16692305920.00 16705074176.00 16717345792.00 16729880576.00 16741912576.00 16751379456.00 16770132992.00 16781351936.00 16793523200.00 16806057984.00 16818500608.00 16831044608.00 
16843152384.00 16856067072.00 16868536320.00 16881115136.00 16893321216.00 16906064896.00 16918627328.00 16931262464.00 16943684608.00 16956294144.00 16967880704.00 16981399552.00 16993741824.00 17006572544.00 17018930176.00 17031480320.00 17044021248.00 17056477184.00 17069038592.00 17081709568.00 
17092701184.00 17106765824.00 17119239168.00 17131802624.00 17144349696.00 17156794368.00 17169441792.00 17181927424.00 17194299392.00 17207101440.00 17219438592.00 17232144384.00 17244610560.00 17257222144.00 17269700608.00 17279969280.00 17294579712.00 17307342848.00 17319931904.00 17332475904.00 
17344659456.00 17357672448.00 17370062848.00 17382637568.00 17394939904.00 17407803392.00 17420267520.00 17432807424.00 17445289984.00 17457926144.00 17470251008.00 17482878976.00 17495214080.00 17508065280.00 17520711680.00 17533036544.00 17545590784.00 17558196224.00 17570684928.00 17583171584.00 
17592072192.00 17608462336.00 17620928512.00 17633634304.00 17645938688.00 17658456064.00 17671065600.00 17683609600.00 17695883264.00 17708634112.00 17721059328.00 17733713920.00 17746436096.00 17758863360.00 17771358208.00 17783867392.00 17796335616.00 17809022976.00 17821540352.00 17834127360.00 
17846284288.00 17859026944.00 17871683584.00 17884200960.00 17896491008.00 17908865024.00 17921796096.00 17934319616.00 17946494976.00 17960101888.00 17972060160.00 17984686080.00 17997066240.00 18009737216.00 18022340608.00 18034733056.00 18047338496.00 18059888640.00 18072369152.00 18084886528.00 
18096003072.00 18110072832.00 18122584064.00 18135050240.00 18147520512.00 18160160768.00 18172710912.00 18185238528.00 18197643264.00 18210400256.00 18221973504.00 18235654144.00 18247854080.00 18260563968.00 18272862208.00 18285725696.00 18297909248.00 18310705152.00 18323224576.00 18335725568.00 
18347945984.00 18360897536.00 18373406720.00 18385920000.00 18398324736.00 18410919936.00 18423470080.00 18436245504.00 18448601088.00 18461165568.00 18473549824.00 18486278144.00 18498512896.00 18511288320.00 18523940864.00 18535966720.00 18548881408.00 18561523712.00 18573944832.00 18586677248.00 
18598381568.00 18611617792.00 18624161792.00 18636793856.00 18649288704.00 18661734400.00 18674348032.00 18686844928.00 18699143168.00 18711953408.00 18724308992.00 18737022976.00 18749466624.00 18762104832.00 18774659072.00 18787047424.00 18799497216.00 18812043264.00 18824493056.00 18836682752.00 
18840573952.00 18863280128.00 18875402240.00 18887845888.00 18900035584.00 18912741376.00 18925318144.00 18937833472.00 18950324224.00 18962900992.00 18975277056.00 18987931648.00 19000356864.00 19013029888.00 19025543168.00 19037999104.00 19050598400.00 19063148544.00 19075731456.00 19088422912.00 
19099336704.00 19113349120.00 19125864448.00 19138437120.00 19151063040.00 19163086848.00 19176005632.00 19188592640.00 19201005568.00 19213600768.00 19226109952.00 19238782976.00 19251310592.00 19263858688.00 19276423168.00 19288885248.00 19301177344.00 19313969152.00 19326386176.00 19339204608.00 
19351296000.00 19364388864.00 19376742400.00 19389339648.00 19401674752.00 19414226944.00 19426871296.00 19439400960.00 19451869184.00 19464454144.00 19476115456.00 19489325056.00 19501813760.00 19514648576.00 19527110656.00 19539417088.00 19552583680.00 19564900352.00 19577397248.00 19589924864.00 
19601723392.00 19615309824.00 19627501568.00 19640078336.00 19652577280.00 19664979968.00 19677683712.00 19690139648.00 19702509568.00 19715336192.00 19727679488.00 19740303360.00 19752988672.00 19765491712.00 19778021376.00 19790131200.00 19803027456.00 19815690240.00 19828215808.00 19841370112.00 
19852926976.00 19865825280.00 19878340608.00 19890851840.00 19903184896.00 19915929600.00 19928446976.00 19941093376.00 19953508352.00 19966081024.00 19978506240.00 19991257088.00 20003635200.00 20016277504.00 20028790784.00 20041261056.00 20053800960.00 20066314240.00 20078800896.00 20091115520.00 
20096612352.00 20117159936.00 20129409024.00 20141920256.00 20154347520.00 20166854656.00 20179390464.00 20191959040.00 20204374016.00 20217024512.00 20229408768.00 20242040832.00 20254613504.00 20267307008.00 20279605248.00 20292157440.00 20304541696.00 20317100032.00 20329904128.00 20341848064.00 
20354619392.00 20367491072.00 20380045312.00 20392542208.00 20404951040.00 20415330304.00 20430180352.00 20442748928.00 20455282688.00 20467822592.00 20480235520.00 20492931072.00 20505161728.00 20517959680.00 20530515968.00 20542935040.00 20555292672.00 20568309760.00 20580706304.00 20593262592.00 
20605065216.00 20618022912.00 20630845440.00 20643491840.00 20655890432.00 20668401664.00 20680947712.00 20692848640.00 20705875968.00 20718628864.00 20730271744.00 20743665664.00 20756109312.00 20768841728.00 20781307904.00 20793743360.00 20806291456.00 20818915328.00 20831494144.00 20844040192.00 
20856217600.00 20868919296.00 20881680384.00 20894107648.00 20906366976.00 20919042048.00 20931336192.00 20945428480.00 20957124608.00 20969621504.00 20981936128.00 20994658304.00 21007015936.00 21019666432.00 21032181760.00 21044299776.00 21057263616.00 21069826048.00 21082363904.00 21094756352.00 
21105934336.00 21120016384.00 21132523520.00 21145077760.00 21157402624.00 21170087936.00 21182648320.00 21195220992.00 21207633920.00 21220347904.00 21232656384.00 21245345792.00 21257660416.00 21270552576.00 21283024896.00 21295529984.00 21307826176.00 21321003008.00 21333127168.00 21345720320.00 
21356394496.00 21370830848.00 21383307264.00 21395894272.00 21408327680.00 21420908544.00 21433542656.00 21445969920.00 21458505728.00 21471092736.00 21483460608.00 21496170496.00 21508392960.00 21521094656.00 21532948480.00 21546657792.00 21559025664.00 21571579904.00 21584074752.00 21596499968.00 
21608386560.00 21621739520.00 21634136064.00 21646714880.00 21659133952.00 21671360512.00 21684242432.00 21696788480.00 21709174784.00 21722003456.00 21734350848.00 21747099648.00 21759516672.00 21771995136.00 21784735744.00 21797173248.00 21809651712.00 21822316544.00 21834825728.00 21847222272.00 
21859563520.00 21872392192.00 21885184000.00 21897545728.00 21909811200.00 21922543616.00 21935040512.00 21947678720.00 21960087552.00 21972621312.00 21980626944.00 21998014464.00 22010365952.00 22023010304.00 22035513344.00 22047969280.00 22060486656.00 22073030656.00 22085660672.00 22098194432.00 
22109267968.00 22123220992.00 22135877632.00 22148358144.00 22160822272.00 22173505536.00 22186002432.00 22198648832.00 22210947072.00 22223599616.00 22235990016.00 22248761344.00 22261164032.00 22273775616.00 22286264320.00 22298374144.00 22311073792.00 22323750912.00 22337144832.00 22349090816.00 
22361262080.00 22374137856.00 22386673664.00 22399203328.00 22411653120.00 22424215552.00 22436855808.00 22449379328.00 22461845504.00 22474401792.00 22486863872.00 22499493888.00 22511790080.00 22524471296.00 22537132032.00 22549653504.00 22562220032.00 22574753792.00 22587295744.00 22599806976.00 
22608652288.00 22625103872.00 22637557760.00 22650048512.00 22662565888.00 22675095552.00 22687625216.00 22700165120.00 22712434688.00 22725240832.00 22737678336.00 22750339072.00 22762852352.00 22775404544.00 22788079616.00 22800414720.00 22812903424.00 22825613312.00 22837581824.00 22850744320.00 
22862901248.00 22875787264.00 22888312832.00 22900760576.00 22913120256.00 22925481984.00 22938210304.00 22951041024.00 22963519488.00 22976124928.00 22988474368.00 23001309184.00 23013541888.00 23026024448.00 23038926848.00 23051294720.00 23063822336.00 23076427776.00 23088986112.00 23101515776.00 
23112572928.00 23126564864.00 23139049472.00 23151611904.00 23164164096.00 23176628224.00 23188807680.00 23201970176.00 23214258176.00 23226884096.00 23238547456.00 23251963904.00 23264591872.00 23277129728.00 23289583616.00 23302043648.00 23314401280.00 23326818304.00 23339849728.00 23352336384.00 
23364519936.00 23377373184.00 23389734912.00 23402338304.00 23414888448.00 23427483648.00 23440037888.00 23452801024.00 23465144320.00 23477800960.00 23490117632.00 23503212544.00 23515064320.00 23527710720.00 23540353024.00 23550648320.00 23565502464.00 23578087424.00 23590557696.00 23603148800.00 
23614953472.00 23628249088.00 23640645632.00 23653367808.00 23665758208.00 23678302208.00 23690891264.00 23703420928.00 23715690496.00 23728857088.00 23740930048.00 23753648128.00 23766181888.00 23778668544.00 23791196160.00 23803848704.00 23816210432.00 23828920320.00 23841419264.00 23854047232.00 
23864635392.00 23879161856.00 23891578880.00 23904090112.00 23916359680.00 23929219072.00 23941726208.00 23954542592.00 23966734336.00 23979075584.00 23991748608.00 24004392960.00 24016820224.00 24028981248.00 24042106880.00 24054538240.00 24067074048.00 24079722496.00 24092207104.00 24104738816.00 
24115800064.00 24129839104.00 24142354432.00 24154714112.00 24167383040.00 24179537920.00 24192720896.00 24204992512.00 24217464832.00 24230223872.00 24242532352.00 24254820352.00 24267714560.00 24280281088.00 24292827136.00 24305285120.00 24317640704.00 24330371072.00 24343017472.00 24355545088.00 
24367722496.00 24380549120.00 24393058304.00 24405737472.00 24418084864.00 24430704640.00 24443426816.00 24455811072.00 24468285440.00 24480913408.00 24492525568.00 24505970688.00 24518250496.00 24531066880.00 24543528960.00 24556034048.00 24568590336.00 24581341184.00 24593684480.00 24606271488.00 
24618067968.00 24631334912.00 24643840000.00 24656486400.00 24668887040.00 24681398272.00 24693950464.00 24706535424.00 24718753792.00 24731666432.00 24743925760.00 24756473856.00 24769093632.00 24781768704.00 24794126336.00 24806287360.00 24819109888.00 24831635456.00 24844236800.00 24856780800.00 
24868956160.00 24881860608.00 24894339072.00 24906805248.00 24919064576.00 24931753984.00 24944254976.00 24956753920.00 24969179136.00 24981667840.00 24993947648.00 25006516224.00 25018740736.00 25031188480.00 25043410944.00 25055494144.00 25067433984.00 25078974464.00 25089431552.00 25095725056.00 
end   dump: w
==END   DUMP_ARRAYS==
