==BEGIN DUMP_ARRAYS==
begin dump: w
0.00 0.00 0.00 0.00 0.00 0.00 0.00 0.00 0.00 0.00 0.00 0.00 0.00 0.00 0.00 0.00 0.00 0.00 0.00 0.00 
0.00 0.00 0.00 0.00 0.00 0.00 0.00 0.00 0.00 0.00 0.00 0.00 0.00 0.00 0.00 0.00 0.00 0.00 0.00 0.00 
0.00 0.00 0.00 0.00 0.00 0.00 0.00 0.00 0.00 0.00 0.00 0.00 0.00 0.00 0.00 0.00 0.00 0.00 0.00 0.00 
0.00 0.00 0.00 0.00 0.00 0.00 0.00 0.00 0.00 0.00 0.00 0.00 0.00 0.00 0.00 0.00 0.00 0.00 0.00 0.00 
0.00 0.00 0.00 0.00 0.00 0.00 0.00 0.00 0.00 0.00 0.00 0.00 0.00 0.00 0.00 0.00 0.00 0.00 0.00 0.00 
0.00 0.00 0.00 0.00 0.00 0.00 0.00 0.00 0.00 0.00 0.00 0.00 0.00 0.00 0.00 0.00 0.00 0.00 0.00 0.00 
0.00 0.00 0.00 0.00 0.00 0.00 0.00 0.00 0.00 0.00 0.00 0.00 0.00 0.00 0.00 0.00 0.00 0.00 0.00 0.00 
0.00 0.00 0.00 0.00 0.00 0.00 0.00 0.00 0.00 0.00 0.00 0.00 0.00 0.00 0.00 0.00 0.00 0.00 0.00 0.00 
0.00 0.00 0.00 0.00 0.00 0.00 0.00 0.00 0.00 0.00 0.00 0.00 0.00 0.00 0.00 0.00 0.00 0.00 0.00 0.00 
0.00 0.00 0.00 0.00 0.00 0.00 0.00 0.00 0.00 0.00 0.00 0.00 0.00 0.00 0.00 0.00 0.00 0.00 0.00 0.00 
0.00 0.00 0.00 0.00 0.00 0.00 0.00 0.00 0.00 0.00 0.00 0.00 0.00 0.00 0.00 0.00 0.00 0.00 0.00 0.00 
0.00 0.00 0.00 0.00 0.00 0.00 0.00 0.00 0.00 0.00 0.00 0.00 0.00 0.00 0.00 0.00 0.00 0.00 0.00 0.00 
0.00 0.00 0.00 0.00 0.00 0.00 0.00 0.00 0.00 0.00 0.00 0.00 0.00 0.00 0.00 0.00 0.00 0.00 0.00 0.00 
0.00 0.00 0.00 0.00 0.00 0.00 0.00 0.00 0.00 0.00 0.00 0.00 0.00 0.00 0.00 0.00 0.00 0.00 0.00 0.00 
0.00 0.00 0.00 0.00 0.00 0.00 0.00 0.00 0.00 0.00 0.00 0.00 0.00 0.00 0.00 0.00 0.00 0.00 0.00 0.00 
0.00 0.00 0.00 0.00 0.00 0.00 0.00 0.00 0.00 0.00 0.00 0.00 0.00 0.00 0.00 0.00 0.00 0.00 0.00 0.00 
0.00 0.00 0.00 0.00 0.00 0.00 0.00 0.00 0.00 0.00 0.00 0.00 0.00 0.00 0.00 0.00 0.00 0.00 0.00 0.00 
0.00 0.00 0.00 0.00 0.00 0.00 0.00 0.00 0.00 0.00 0.00 0.00 0.00 0.00 0.00 0.00 0.00 0.00 0.00 0.00 
0.00 0.00 0.00 0.00 0.00 0.00 0.00 0.00 0.00 0.00 0.00 0.00 0.00 0.00 0.00 0.00 0.00 0.00 0.00 0.00 
0.00 0.00 0.00 0.00 0.00 0.00 0.00 0.00 0.00 0.00 0.00 0.00 0.00 0.00 0.00 0.00 0.00 0.00 0.00 0.00 
0.00 0.00 0.00 0.00 0.00 0.00 0.00 0.00 0.00 0.00 0.00 0.00 0.00 0.00 0.00 0.00 0.00 0.00 0.00 0.00 
0.00 0.00 0.00 0.00 0.00 0.00 0.00 0.00 0.00 0.00 0.00 0.00 0.00 0.00 0.00 0.00 0.00 0.00 0.00 0.00 
0.00 0.00 0.00 0.00 0.00 0.00 0.00 0.00 0.00 0.00 0.00 0.00 0.00 0.00 0.00 0.00 0.00 0.00 0.00 0.00 
0.00 0.00 0.00 0.00 0.00 0.00 0.00 0.00 0.00 0.00 0.00 0.00 0.00 0.00 0.00 0.00 0.00 0.00 0.00 0.00 
0.00 0.00 0.00 0.00 0.00 0.00 0.00 0.00 0.00 0.00 0.00 0.00 0.00 0.00 0.00 0.00 0.00 0.00 0.00 0.00 
0.00 0.00 0.00 0.00 0.00 0.00 0.00 0.00 0.00 0.00 0.00 0.00 0.00 0.00 0.00 0.00 0.00 0.00 0.00 0.00 
0.00 0.00 0.00 0.00 0.00 0.00 0.00 0.00 0.00 0.00 0.00 0.00 0.00 0.00 0.00 0.00 0.00 0.00 0.00 0.00 
0.00 0.00 0.00 0.00 0.00 0.00 0.00 0.00 0.00 0.00 0.00 0.00 0.00 0.00 0.00 0.00 0.00 0.00 0.00 0.00 
0.00 0.00 0.00 0.00 0.00 0.00 0.00 0.00 0.00 0.00 0.00 0.00 0.00 0.00 0.00 0.00 0.00 0.00 0.00 0.00 
0.00 0.00 0.00 0.00 0.00 0.00 0.00 0.00 0.00 0.00 0.00 0.00 0.00 0.00 0.00 0.00 0.00 0.00 0.00 0.00 
0.00 0.00 0.00 0.00 0.00 0.00 0.00 0.00 0.00 0.00 0.00 0.00 0.00 0.00 0.00 0.00 0.00 0.00 0.00 0.00 
0.00 0.00 0.00 0.00 0.00 0.00 0.00 0.00 0.00 0.00 0.00 0.00 0.00 0.00 0.00 0.00 0.00 0.00 0.00 0.00 
0.00 0.00 0.00 0.00 0.00 0.00 0.00 0.00 0.00 0.00 0.00 0.00 0.00 0.00 0.00 0.00 0.00 0.00 0.00 0.00 
0.00 0.00 0.00 0.00 0.00 0.00 0.00 0.00 0.00 0.00 0.00 0.00 0.00 0.00 0.00 0.00 0.00 0.00 0.00 0.00 
0.00 0.00 0.00 0.00 0.00 0.00 0.00 0.00 0.00 0.00 0.00 0.00 0.00 0.00 0.00 0.00 0.00 0.00 0.00 0.00 
0.00 0.00 0.00 0.00 0.00 0.00 0.00 0.00 0.00 0.00 0.00 0.00 0.00 0.00 0.00 0.00 0.00 0.00 0.00 0.00 
0.00 0.00 0.00 0.00 0.00 0.00 0.00 0.00 0.00 0.00 0.00 0.00 0.00 0.00 0.00 0.00 0.00 0.00 0.00 0.00 
0.00 0.00 0.00 0.00 0.00 0.00 0.00 0.00 0.00 0.00 0.00 0.00 0.00 0.00 0.00 0.00 0.00 0.00 0.00 0.00 
0.00 0.00 0.00 0.00 0.00 0.00 0.00 0.00 0.00 0.00 0.00 0.00 0.00 0.00 0.00 0.00 0.00 0.00 0.00 0.00 
0.00 0.00 0.00 0.00 0.00 0.00 0.00 0.00 0.00 0.00 0.00 0.00 0.00 0.00 0.00 0.00 0.00 0.00 0.00 0.00 
0.00 0.00 0.00 0.00 0.00 0.00 0.00 0.00 0.00 0.00 0.00 0.00 0.00 0.00 0.00 0.00 0.00 0.00 0.00 0.00 
0.00 0.00 0.00 0.00 0.00 0.00 0.00 0.00 0.00 0.00 0.00 0.00 0.00 0.00 0.00 0.00 0.00 0.00 0.00 0.00 
0.00 0.00 0.00 0.00 0.00 0.00 0.00 0.00 0.00 0.00 0.00 0.00 0.00 0.00 0.00 0.00 0.00 0.00 0.00 0.00 
0.00 0.00 0.00 0.00 0.00 0.00 0.00 0.00 0.00 0.00 0.00 0.00 0.00 0.00 0.00 0.00 0.00 0.00 0.00 0.00 
0.00 0.00 0.00 0.00 0.00 0.00 0.00 0.00 0.00 0.00 0.00 0.00 0.00 0.00 0.00 0.00 0.00 0.00 0.00 0.00 
0.00 0.00 0.00 0.00 0.00 0.00 0.00 0.00 0.00 0.00 0.00 0.00 0.00 0.00 0.00 0.00 0.00 0.00 0.00 0.00 
0.00 0.00 0.00 0.00 0.00 0.00 0.00 0.00 0.00 0.00 0.00 0.00 0.00 0.00 0.00 0.00 0.00 0.00 0.00 0.00 
0.00 0.00 0.00 0.00 0.00 0.00 0.00 0.00 0.00 0.00 0.00 0.00 0.00 0.00 0.00 0.00 0.00 0.00 0.00 0.00 
0.00 0.00 0.00 0.00 0.00 0.00 0.00 0.00 0.00 0.00 0.00 0.00 0.00 0.00 0.00 0.00 0.00 0.00 0.00 0.00 
0.00 0.00 0.00 0.00 0.00 0.00 0.00 0.00 0.00 0.00 0.00 0.00 0.00 0.00 0.00 0.00 0.00 0.00 0.00 0.00 
0.00 0.00 0.00 0.00 0.00 0.00 0.00 0.00 0.00 0.00 0.00 0.00 0.00 0.00 0.00 0.00 0.00 0.00 0.00 0.00 
0.00 0.00 0.00 0.00 0.00 0.00 0.00 0.00 0.00 0.00 0.00 0.00 0.00 0.00 0.00 0.00 0.00 0.00 0.00 0.00 
0.00 0.00 0.00 0.00 0.00 0.00 0.00 0.00 0.00 0.00 0.00 0.00 0.00 0.00 0.00 0.00 0.00 0.00 0.00 0.00 
0.00 0.00 0.00 0.00 0.00 0.00 0.00 0.00 0.00 0.00 0.00 0.00 0.00 0.00 0.00 0.00 0.00 0.00 0.00 0.00 
0.00 0.00 0.00 0.00 0.00 0.00 0.00 0.00 0.00 0.00 0.00 0.00 0.00 0.00 0.00 0.00 0.00 0.00 0.00 0.00 
0.00 0.00 0.00 0.00 0.00 0.00 0.00 0.00 0.00 0.00 0.00 0.00 0.00 0.00 0.00 0.00 0.00 0.00 0.00 0.00 
0.00 0.00 0.00 0.00 0.00 0.00 0.00 0.00 0.00 0.00 0.00 0.00 0.00 0.00 0.00 0.00 0.00 0.00 0.00 0.00 
0.00 0.00 0.00 0.00 0.00 0.00 0.00 0.00 0.00 0.00 0.00 0.00 0.00 0.00 0.00 0.00 0.00 0.00 0.00 0.00 
0.00 0.00 0.00 0.00 0.00 0.00 0.00 0.00 0.00 0.00 0.00 0.00 0.00 0.00 0.00 0.00 0.00 0.00 0.00 0.00 
0.00 0.00 0.00 0.00 0.00 0.00 0.00 0.00 0.00 0.00 0.00 0.00 0.00 0.00 0.00 0.00 0.00 0.00 0.00 0.00 
0.00 0.00 0.00 0.00 0.00 0.00 0.00 0.00 0.00 0.00 0.00 0.00 0.00 0.00 0.00 0.00 0.00 0.00 0.00 0.00 
0.00 0.00 0.00 0.00 0.00 0.00 0.00 0.00 0.00 0.00 0.00 0.00 0.00 0.00 0.00 0.00 0.00 0.00 0.00 0.00 
0.00 0.00 0.00 0.00 0.00 0.00 0.00 0.00 0.00 0.00 0.00 0.00 0.00 0.00 0.00 0.00 0.00 0.00 0.00 0.00 
0.00 0.00 0.00 0.00 0.00 0.00 0.00 0.00 0.00 0.00 0.00 0.00 0.00 0.00 0.00 0.00 0.00 0.00 0.00 0.00 
0.00 0.00 0.00 0.00 0.00 0.00 0.00 0.00 0.00 0.00 0.00 0.00 0.00 0.00 0.00 0.00 0.00 0.00 0.00 0.00 
0.00 0.00 0.00 0.00 0.00 0.00 0.00 0.00 0.00 0.00 0.00 0.00 0.00 0.00 0.00 0.00 0.00 0.00 0.00 0.00 
0.00 0.00 0.00 0.00 0.00 0.00 0.00 0.00 0.00 0.00 0.00 0.00 0.00 0.00 0.00 0.00 0.00 0.00 0.00 0.00 
0.00 0.00 0.00 0.00 0.00 0.00 0.00 0.00 0.00 0.00 0.00 0.00 0.00 0.00 0.00 0.00 0.00 0.00 0.00 0.00 
0.00 0.00 0.00 0.00 0.00 0.00 0.00 0.00 0.00 0.00 0.00 0.00 0.00 0.00 0.00 0.00 0.00 0.00 0.00 0.00 
0.00 0.00 0.00 0.00 0.00 0.00 0.00 0.00 0.00 0.00 0.00 0.00 0.00 0.00 0.00 0.00 0.00 0.00 0.00 0.00 
0.00 0.00 0.00 0.00 0.00 0.00 0.00 0.00 0.00 0.00 0.00 0.00 0.00 0.00 0.00 0.00 0.00 0.00 0.00 0.00 
0.00 0.00 0.00 0.00 0.00 0.00 0.00 0.00 0.00 0.00 0.00 0.00 0.00 0.00 0.00 0.00 0.00 0.00 0.00 0.00 
0.00 0.00 0.00 0.00 0.00 0.00 0.00 0.00 0.00 0.00 0.00 0.00 0.00 0.00 0.00 0.00 0.00 0.00 0.00 0.00 
0.00 0.00 0.00 0.00 0.00 0.00 0.00 0.00 0.00 0.00 0.00 0.00 0.00 0.00 0.00 0.00 0.00 0.00 0.00 0.00 
0.00 0.00 0.00 0.00 0.00 0.00 0.00 0.00 0.00 0.00 0.00 0.00 0.00 0.00 0.00 0.00 0.00 0.00 0.00 0.00 
0.00 0.00 0.00 0.00 0.00 0.00 0.00 0.00 0.00 0.00 0.00 0.00 0.00 0.00 0.00 0.00 0.00 0.00 0.00 0.00 
0.00 0.00 0.00 0.00 0.00 0.00 0.00 0.00 0.00 0.00 0.00 0.00 0.00 0.00 0.00 0.00 0.00 0.00 0.00 0.00 
0.00 0.00 0.00 0.00 0.00 0.00 0.00 0.00 0.00 0.00 0.00 0.00 0.00 0.00 0.00 0.00 0.00 0.00 0.00 0.00 
0.00 0.00 0.00 0.00 0.00 0.00 0.00 0.00 0.00 0.00 0.00 0.00 0.00 0.00 0.00 0.00 0.00 0.00 0.00 0.00 
0.00 0.00 0.00 0.00 0.00 0.00 0.00 0.00 0.00 0.00 0.00 0.00 0.00 0.00 0.00 0.00 0.00 0.00 0.00 0.00 
0.00 0.00 0.00 0.00 0.00 0.00 0.00 0.00 0.00 0.00 0.00 0.00 0.00 0.00 0.00 0.00 0.00 0.00 0.00 0.00 
0.00 0.00 0.00 0.00 0.00 0.00 0.00 0.00 0.00 0.00 0.00 0.00 0.00 0.00 0.00 0.00 0.00 0.00 0.00 0.00 
0.00 0.00 0.00 0.00 0.00 0.00 0.00 0.00 0.00 0.00 0.00 0.00 0.00 0.00 0.00 0.00 0.00 0.00 0.00 0.00 
0.00 0.00 0.00 0.00 0.00 0.00 0.00 0.00 0.00 0.00 0.00 0.00 0.00 0.00 0.00 0.00 0.00 0.00 0.00 0.00 
0.00 0.00 0.00 0.00 0.00 0.00 0.00 0.00 0.00 0.00 0.00 0.00 0.00 0.00 0.00 0.00 0.00 0.00 0.00 0.00 
0.00 0.00 0.00 0.00 0.00 0.00 0.00 0.00 0.00 0.00 0.00 0.00 0.00 0.00 0.00 0.00 0.00 0.00 0.00 0.00 
0.00 0.00 0.00 0.00 0.00 0.00 0.00 0.00 0.00 0.00 0.00 0.00 0.00 0.00 0.00 0.00 0.00 0.00 0.00 0.00 
0.00 0.00 0.00 0.00 0.00 0.00 0.00 0.00 0.00 0.00 0.00 0.00 0.00 0.00 0.00 0.00 0.00 0.00 0.00 0.00 
0.00 0.00 0.00 0.00 0.00 0.00 0.00 0.00 0.00 0.00 0.00 0.00 0.00 0.00 0.00 0.00 0.00 0.00 0.00 0.00 
0.00 0.00 0.00 0.00 0.00 0.00 0.00 0.00 0.00 0.00 0.00 0.00 0.00 0.00 0.00 0.00 0.00 0.00 0.00 0.00 
0.00 0.00 0.00 0.00 0.00 0.00 0.00 0.00 0.00 0.00 0.00 0.00 0.00 0.00 0.00 0.00 0.00 0.00 0.00 0.00 
0.00 0.00 0.00 0.00 0.00 0.00 0.00 0.00 0.00 0.00 0.00 0.00 0.00 0.00 0.00 0.00 0.00 0.00 0.00 0.00 
0.00 0.00 0.00 0.00 0.00 0.00 0.00 0.00 0.00 0.00 0.00 0.00 0.00 0.00 0.00 0.00 0.00 0.00 0.00 0.00 
0.00 0.00 0.00 0.00 0.00 0.00 0.00 0.00 0.00 0.00 0.00 0.00 0.00 0.00 0.00 0.00 0.00 0.00 0.00 0.00 
0.00 0.00 0.00 0.00 0.00 0.00 0.00 0.00 0.00 0.00 0.00 0.00 0.00 0.00 0.00 0.00 0.00 0.00 0.00 0.00 
0.00 0.00 0.00 0.00 0.00 0.00 0.00 0.00 0.00 0.00 0.00 0.00 0.00 0.00 0.00 0.00 0.00 0.00 0.00 0.00 
0.00 0.00 0.00 0.00 0.00 0.00 0.00 0.00 0.00 0.00 0.00 0.00 0.00 0.00 0.00 0.00 0.00 0.00 0.00 0.00 
0.00 0.00 0.00 0.00 0.00 0.00 0.00 0.00 0.00 0.00 0.00 0.00 0.00 0.00 0.00 0.00 0.00 0.00 0.00 0.00 
0.00 0.00 0.00 0.00 0.00 0.00 0.00 0.00 0.00 0.00 0.00 0.00 0.00 0.00 0.00 0.00 0.00 0.00 0.00 0.00 
0.00 0.00 0.00 0.00 0.00 0.00 0.00 0.00 0.00 0.00 0.00 0.00 0.00 0.00 0.00 0.00 0.00 0.00 0.00 0.00 
end   dump: w
==END   DUMP_ARRAYS==
==BEGIN DUMP_ARRAYS==
begin dump: w
2089.91 62663872.00 68935544.00 79416400.00 90855576.00 102753248.00 114930272.00 127202616.00 139383856.00 151872272.00 164116864.00 176731072.00 189108512.00 201645344.00 214103040.00 226497712.00 238784528.00 251584288.00 264005040.00 276546304.00 
288719168.00 301594528.00 314135328.00 326745344.00 339002784.00 351207680.00 364226560.00 376639136.00 389179200.00 401919648.00 414118816.00 426733664.00 439058720.00 451847168.00 464404800.00 476830528.00 489396192.00 501898624.00 514515616.00 527073632.00 
538861440.00 552128832.00 564649600.00 577081920.00 589694144.00 602204416.00 614839296.00 627343680.00 639597504.00 652440064.00 664026432.00 677463296.00 689989376.00 702582208.00 714926912.00 727548096.00 740044672.00 752655552.00 765300480.00 777848832.00 
789961216.00 802866944.00 815340160.00 828026880.00 840184128.00 852945344.00 865530112.00 878115776.00 890569856.00 903581760.00 915533120.00 928171008.00 940665600.00 953399424.00 965633280.00 977956672.00 990904832.00 1003704448.00 1016020928.00 1028570240.00 
1039615104.00 1053656896.00 1066168768.00 1078679168.00 1091210240.00 1103689984.00 1116262272.00 1129405440.00 1141298560.00 1153997440.00 1166320000.00 1179305472.00 1191551360.00 1203847168.00 1216635904.00 1229025152.00 1241479552.00 1254296576.00 1266790144.00 1279241344.00 
1290039424.00 1304349184.00 1316950144.00 1329487488.00 1341925504.00 1354416384.00 1367149696.00 1379712512.00 1392102272.00 1404735232.00 1417119232.00 1429518976.00 1442131712.00 1454979840.00 1467448576.00 1479944960.00 1492511616.00 1505031168.00 1517722240.00 1530158336.00 
1541982080.00 1555244928.00 1567794048.00 1580305152.00 1592779264.00 1603080448.00 1618001280.00 1630686080.00 1642760192.00 1655193344.00 1667950080.00 1680607872.00 1693121664.00 1705594880.00 1718329600.00 1730765568.00 1743237376.00 1756059008.00 1768623488.00 1781023104.00 
1793164800.00 1806041472.00 1818515712.00 1831579776.00 1843447680.00 1856192768.00 1868783616.00 1881279360.00 1893703424.00 1906426752.00 1918011904.00 1931526144.00 1943870208.00 1956441472.00 1969546240.00 1981610624.00 1994141184.00 2006776832.00 2019314816.00 2031835392.00 
2042861952.00 2056890496.00 2069373056.00 2081961728.00 2094474624.00 2106954752.00 2119455232.00 2132388096.00 2144593280.00 2157082880.00 2169587968.00 2182270976.00 2194773504.00 2207371008.00 2220160256.00 2232019456.00 2244715008.00 2257640448.00 2270055168.00 2282595328.00 
2294774784.00 2307644416.00 2320785920.00 2332801536.00 2345238528.00 2357813248.00 2370282752.00 2382964480.00 2395444736.00 2408061440.00 2420372992.00 2433143040.00 2445384704.00 2458231552.00 2470730496.00 2483160832.00 2495713280.00 2508344320.00 2520806656.00 2533302272.00 
2542249728.00 2558598656.00 2571058176.00 2583649024.00 2596074752.00 2608590080.00 2621225984.00 2633908736.00 2646043392.00 2658909440.00 2671192832.00 2683993856.00 2696433152.00 2709027584.00 2721523712.00 2734031104.00 2746490368.00 2759192832.00 2771681536.00 2784258560.00 
2796411392.00 2809305600.00 2821211392.00 2834652672.00 2846771456.00 2859116288.00 2872096256.00 2884621312.00 2897107456.00 2909629696.00 2922063616.00 2934819072.00 2947196416.00 2959753984.00 2972346624.00 2984738048.00 2997466880.00 3010030336.00 3022490624.00 3035158784.00 
3046155776.00 3060217856.00 3072701440.00 3085365504.00 3097800960.00 3110290176.00 3122857984.00 3135401984.00 3147767808.00 3160376576.00 3168374016.00 3185774336.00 3198177280.00 3210716672.00 3223323136.00 3235712512.00 3248036096.00 3260862720.00 3273197312.00 3286009856.00 
3298112256.00 3311181568.00 3323538944.00 3336082432.00 3348490752.00 3361078272.00 3373625856.00 3386398976.00 3398756864.00 3411293440.00 3423704320.00 3436408832.00 3448668928.00 3461606144.00 3474104064.00 3486130688.00 3499160576.00 3511688704.00 3524219392.00 3536656896.00 
3548542976.00 3561896448.00 3574294784.00 3586810368.00 3599279872.00 3611596288.00 3625407488.00 3637313024.00 3649444864.00 3662234880.00 3674593792.00 3687317248.00 3699776000.00 3712432384.00 3724806656.00 3737336064.00 3749802752.00 3762502656.00 3775062272.00 3787553536.00 
3798271232.00 3812663552.00 3825228288.00 3837395456.00 3850009344.00 3862727680.00 3875319552.00 3887846144.00 3900628224.00 3913046016.00 3925393664.00 3938055424.00 3950492416.00 3963185152.00 3975689728.00 3988152064.00 4000879104.00 4013313536.00 4025844736.00 4038395648.00 
4049462528.00 4063633408.00 4075995648.00 4088587008.00 4101035776.00 4113192192.00 4126169600.00 4138741760.00 4151123968.00 4163732480.00 4176120320.00 4188768256.00 4201156864.00 4212974848.00 4227027456.00 4239196672.00 4251453184.00 4264262912.00 4276676096.00 4289484032.00 
4301462016.00 4314354688.00 4326862848.00 4339487744.00 4351834624.00 4364505088.00 4377027072.00 4389563392.00 4402190848.00 4414737920.00 4426287104.00 4439766016.00 4451978752.00 4465552384.00 4477413888.00 4489845760.00 4502397952.00 4514910208.00 4527515648.00 4540372992.00 
4551873536.00 4565129728.00 4577648128.00 4590092288.00 4602995200.00 4615311360.00 4627849728.00 4640445952.00 4652668928.00 4665466880.00 4677836800.00 4690586624.00 4703002624.00 4715652608.00 4728178688.00 4738399232.00 4753174528.00 4765842944.00 4778332672.00 4790905856.00 
4803069952.00 4816558592.00 4828457472.00 4841307648.00 4853302784.00 4866093568.00 4878749184.00 4891095552.00 4903669248.00 4916375040.00 4928647168.00 4941382144.00 4953751040.00 4966440960.00 4978973184.00 4991394816.00 5003936256.00 5016474624.00 5028928000.00 5041242624.00 
5046765056.00 5067286528.00 5079557120.00 5092077568.00 5104480768.00 5116979200.00 5129545728.00 5142117376.00 5154503168.00 5167146496.00 5179539456.00 5192306176.00 5204776960.00 5217309184.00 5229917696.00 5242310144.00 5254654464.00 5267547136.00 5280032768.00 5292569600.00 
5304740352.00 5317020160.00 5330162176.00 5342710784.00 5355117056.00 5367368192.00 5380342272.00 5392898048.00 5405292544.00 5418094080.00 5430384640.00 5443059200.00 5455320576.00 5468263424.00 5480669184.00 5493245440.00 5505720832.00 5518310912.00 5530839040.00 5543089664.00 
5555182080.00 5568453632.00 5580974592.00 5593494528.00 5605720064.00 5618826240.00 5631256576.00 5643761664.00 5656009216.00 5669064192.00 5680444416.00 5693932032.00 5706403328.00 5718993408.00 5731489280.00 5744024064.00 5756459520.00 5769069568.00 5781623296.00 5794020352.00 
5806377472.00 5819190784.00 5831960064.00 5844443136.00 5856659456.00 5869357056.00 5881940992.00 5894529536.00 5906982912.00 5919604736.00 5931947520.00 5944794624.00 5957139968.00 5969818624.00 5982348800.00 5994418176.00 6007230976.00 6019966464.00 6032491008.00 6045041664.00 
6056089088.00 6069979136.00 6082647040.00 6095242240.00 6107687424.00 6120250880.00 6132828160.00 6145366528.00 6157775872.00 6170466816.00 6182791680.00 6195480576.00 6207966720.00 6220559360.00 6233050624.00 6245500416.00 6257803264.00 6270561792.00 6282965504.00 6295116800.00 
6299031552.00 6321725952.00 6333871104.00 6346352640.00 6358640128.00 6371195904.00 6383714816.00 6396277760.00 6408815616.00 6421356544.00 6433741312.00 6446445568.00 6458694144.00 6471542784.00 6484012544.00 6496506880.00 6508983808.00 6521592832.00 6534195712.00 6546780672.00 
6558545408.00 6571714048.00 6584418816.00 6596872192.00 6609398272.00 6621516800.00 6634412032.00 6647095808.00 6659322880.00 6672118272.00 6684514816.00 6697235456.00 6709688320.00 6722159616.00 6734890496.00 6747324416.00 6759795200.00 6772478976.00 6784946176.00 6797497856.00 
6809724928.00 6822665728.00 6835138560.00 6847691776.00 6859927040.00 6872519168.00 6885498880.00 6897838592.00 6910422016.00 6922761728.00 6934586880.00 6948005376.00 6960491520.00 6973156864.00 6985658368.00 6998084608.00 7010761216.00 7023344640.00 7035788288.00 7048304640.00 
7059431424.00 7073513984.00 7085999104.00 7098524160.00 7110949376.00 7123522560.00 7136015360.00 7148655616.00 7161070592.00 7173706240.00 7186000896.00 7198292992.00 7211784192.00 7224090112.00 7236573184.00 7248641536.00 7261335552.00 7274199552.00 7286681600.00 7299368960.00 
7311399424.00 7324265472.00 7336806912.00 7349367808.00 7361797120.00 7374376448.00 7386996736.00 7399530496.00 7411858944.00 7424683008.00 7436993536.00 7449773056.00 7461945344.00 7474797568.00 7487290880.00 7499789312.00 7512338432.00 7524754944.00 7537426944.00 7549931008.00 
7558828032.00 7575218688.00 7587687936.00 7600210944.00 7612700672.00 7625213440.00 7637643264.00 7650321408.00 7662606336.00 7675540480.00 7687815680.00 7700466176.00 7713000448.00 7725596672.00 7738089984.00 7750446592.00 7763203584.00 7775757824.00 7788304896.00 7800725504.00 
7813032960.00 7825929216.00 7838436864.00 7851063296.00 7863251968.00 7873767936.00 7888660480.00 7901186560.00 7913667584.00 7926254592.00 7938627072.00 7951303168.00 7963816960.00 7976470016.00 7988913152.00 8001447424.00 8013942272.00 8026593280.00 8039116288.00 8051633664.00 
8062718464.00 8076686848.00 8089325568.00 8101924864.00 8114273792.00 8126762496.00 8139421184.00 8151810560.00 8164389888.00 8176999424.00 8188671488.00 8202098176.00 8214592512.00 8227126784.00 8239734272.00 8252180992.00 8264517632.00 8277277696.00 8289822720.00 8302338048.00 
8314528256.00 8327358464.00 8339864064.00 8352349696.00 8364605440.00 8376888832.00 8388235776.00 8407018496.00 8416368640.00 8428523008.00 8440715264.00 8453329920.00 8465532928.00 8478318080.00 8490817024.00 8502889472.00 8515790848.00 8528397312.00 8540990976.00 8553431040.00 
8565250048.00 8578510336.00 8591074304.00 8603678720.00 8616047616.00 8628615168.00 8641219584.00 8653726720.00 8666007552.00 8678863872.00 8691212288.00 8703945728.00 8716340224.00 8728992768.00 8741521408.00 8753958912.00 8766514176.00 8779214848.00 8791688192.00 8804176896.00 
8814895104.00 8829282304.00 8841850880.00 8854408192.00 8866627584.00 8879351808.00 8892334080.00 8904558592.00 8917042176.00 8929668096.00 8942014464.00 8954679296.00 8967116800.00 8979748864.00 8992109568.00 9004866560.00 9017354240.00 9030180864.00 9042620416.00 9055011840.00 
9066090496.00 9080107008.00 9092621312.00 9105153024.00 9117659136.00 9129804800.00 9142728704.00 9155007488.00 9167899648.00 9180504064.00 9192835072.00 9205547008.00 9218020352.00 9230589952.00 9243141120.00 9255614464.00 9267930112.00 9280977920.00 9293295616.00 9305801728.00 
9318028288.00 9330972672.00 9343490048.00 9356048384.00 9368399872.00 9380977664.00 9393587200.00 9406276608.00 9418609664.00 9431062528.00 9439119360.00 9456535552.00 9468695552.00 9481516032.00 9493977088.00 9506471936.00 9519021056.00 9531619328.00 9544134656.00 9556696064.00 
9568490496.00 9581757440.00 9594576896.00 9606802432.00 9619321856.00 9631873024.00 9644564480.00 9657004032.00 9669235712.00 9681784832.00 9694544896.00 9707207680.00 9719716864.00 9732220928.00 9744736256.00 9756897280.00 9769743360.00 9782407168.00 9795104768.00 9807531008.00 
9819695104.00 9832576000.00 9845089280.00 9857720320.00 9869917184.00 9882659840.00 9895312384.00 9907814400.00 9920382976.00 9933001728.00 9945270272.00 9958006784.00 9970384896.00 9983006720.00 9995534336.00 10008024064.00 10020558848.00 10033179648.00 10045552640.00 10057859072.00 
10063375360.00 10083901440.00 10096179200.00 10108648448.00 10121109504.00 10133600256.00 10146257920.00 10158535680.00 10171134976.00 10183925760.00 10196166656.00 10208924672.00 10221334528.00 10233877504.00 10246477824.00 10259023872.00 10271283200.00 10284121088.00 10296503296.00 10309187584.00 
10321368064.00 10334244864.00 10346783744.00 10359278592.00 10371833856.00 10383995904.00 10396905472.00 10409463808.00 10422009856.00 10434567168.00 10446946304.00 10459679744.00 10471887872.00 10484519936.00 10497377280.00 10509807616.00 10522341376.00 10534877184.00 10547459072.00 10560022528.00 
10571793408.00 10585067520.00 10597300224.00 10610206720.00 10622642176.00 10635142144.00 10647668736.00 10660317184.00 10672580608.00 10685388800.00 10697026560.00 10710420480.00 10722963456.00 10735551488.00 10748047360.00 10760493056.00 10772874240.00 10783985664.00 10798551040.00 10810945536.00 
10823091200.00 10835953664.00 10848437248.00 10860995584.00 10873284608.00 10886078464.00 10898659328.00 10911241216.00 10923700224.00 10936233984.00 10948668416.00 10961427456.00 10973765632.00 10986383360.00 10998908928.00 11009158144.00 11024001024.00 11036534784.00 11048960000.00 11061666816.00 
11072707584.00 11086755840.00 11099262976.00 11111805952.00 11124311040.00 11136818176.00 11149385728.00 11161930752.00 11174244352.00 11188440064.00 11199562752.00 11212260352.00 11224680448.00 11237280768.00 11249772544.00 11262273536.00 11274566656.00 11287418880.00 11300042752.00 11312491520.00 
11323168768.00 11337596928.00 11350194176.00 11362620416.00 11375054848.00 11387660288.00 11400280064.00 11412848640.00 11425228800.00 11436788736.00 11450364928.00 11463063552.00 11475268608.00 11487962112.00 11500578816.00 11513065472.00 11525609472.00 11538311168.00 11550661632.00 11563403264.00 
11575118848.00 11588338688.00 11600904192.00 11612534784.00 11626017792.00 11638125568.00 11651133440.00 11663650816.00 11675886592.00 11688749056.00 11701078016.00 11713702912.00 11726240768.00 11738720256.00 11751451648.00 11763890176.00 11776367616.00 11789033472.00 11801567232.00 11814110208.00 
11826296832.00 11838988288.00 11851754496.00 11864250368.00 11876547584.00 11889285120.00 11901913088.00 11914401792.00 11926985728.00 11939532800.00 11951162368.00 11964632064.00 11976971264.00 11989719040.00 12002226176.00 12014710784.00 12027237376.00 12039915520.00 12052405248.00 12064935936.00 
12075987968.00 12090000384.00 12102471680.00 12115535872.00 12127570944.00 12140077056.00 12152735744.00 12165213184.00 12177684480.00 12190321664.00 12202720256.00 12215372800.00 12227898368.00 12240797696.00 12252980224.00 12265104384.00 12277812224.00 12290618368.00 12303142912.00 12315687936.00 
12327869440.00 12340740096.00 12353277952.00 12365771776.00 12378216448.00 12390785024.00 12403405824.00 12415789056.00 12428422144.00 12440859648.00 12453323776.00 12466094080.00 12478213120.00 12490900480.00 12503406592.00 12515811328.00 12528214016.00 12540567552.00 12552557568.00 12563559424.00 
12560385024.00 12594844672.00 12605795328.00 12617829376.00 12630070272.00 12642433024.00 12654950400.00 12667487232.00 12679624704.00 12692306944.00 12704751616.00 12717543424.00 12729860096.00 12742610944.00 12754952192.00 12767452160.00 12779928576.00 12792622080.00 12805075968.00 12817659904.00 
12829805568.00 12842698752.00 12855200768.00 12867781632.00 12880020480.00 12892397568.00 12905366528.00 12917601280.00 12930387968.00 12943017984.00 12955337728.00 12968066048.00 12980444160.00 12993174528.00 13005624320.00 13018156032.00 13030714368.00 13042851840.00 13055886336.00 13068404736.00 
13079437312.00 13093464064.00 13105952768.00 13118497792.00 13131041792.00 13143533568.00 13156136960.00 13168673792.00 13181165568.00 13193768960.00 13205403648.00 13218869248.00 13231301632.00 13243982848.00 13256451072.00 13268964352.00 13281286144.00 13294149632.00 13306597376.00 13319406592.00 
13331390464.00 13344270336.00 13356790784.00 13369359360.00 13381773312.00 13394360320.00 13406901248.00 13419681792.00 13432029184.00 13444690944.00 13456975872.00 13469654016.00 13481926656.00 13494730752.00 13507243008.00 13519372288.00 13532246016.00 13545867264.00 13557463040.00 13570049024.00 
13581820928.00 13594997760.00 13607696384.00 13620088832.00 13632679936.00 13645177856.00 13657790464.00 13670441984.00 13682582528.00 13695323136.00 13707682816.00 13721622528.00 13733052416.00 13745566720.00 13758076928.00 13770576896.00 13783085056.00 13795796992.00 13808173056.00 13820793856.00 
13831495680.00 13845904384.00 13858324480.00 13870973952.00 13883259904.00 13895962624.00 13908588544.00 13921120256.00 13933613056.00 13946150912.00 13958483968.00 13969957888.00 13983875072.00 13996468224.00 14008968192.00 14021427200.00 14033974272.00 14046585856.00 14059082752.00 14071641088.00 
14082715648.00 14096729088.00 14109391872.00 14121876480.00 14134285312.00 14144565248.00 14159444992.00 14172015616.00 14184373248.00 14196971520.00 14209401856.00 14222172160.00 14234580992.00 14247155712.00 14259706880.00 14272180224.00 14284546048.00 14297393152.00 14309919744.00 14322428928.00 
14334600192.00 14347458560.00 14359805952.00 14374423552.00 14385258496.00 14397750272.00 14410311680.00 14422842368.00 14435319808.00 14447984640.00 14459527168.00 14473018368.00 14485256192.00 14498081792.00 14510695424.00 14523086848.00 14535639040.00 14548187136.00 14561060864.00 14573324288.00 
14585117696.00 14598378496.00 14610896896.00 14623525888.00 14635936768.00 14648445952.00 14660981760.00 14673865728.00 14685931520.00 14698719232.00 14711108608.00 14723821568.00 14736280576.00 14748928000.00 14761452544.00 14773497856.00 14786301952.00 14799121408.00 14811588608.00 14824157184.00 
14836315136.00 14849200128.00 14861863936.00 14874286080.00 14886553600.00 14899219456.00 14911887360.00 14924529664.00 14936950784.00 14949468160.00 14961898496.00 14974481408.00 14986990592.00 14999862272.00 15012104192.00 15024642048.00 15037176832.00 15049756672.00 15062177792.00 15074489344.00 
15079999488.00 15100530688.00 15112798208.00 15125206016.00 15137737728.00 15150223360.00 15162816512.00 15175374848.00 15187753984.00 15200401408.00 15212781568.00 15225399296.00 15237911552.00 15250579456.00 15263044608.00 15275588608.00 15287904256.00 15300682752.00 15313292288.00 15325820928.00 
15337988096.00 15350868992.00 15363258368.00 15375991808.00 15388398592.00 15400608768.00 15413625856.00 15426185216.00 15438569472.00 15451183104.00 15463517184.00 15476614144.00 15488598016.00 15501386752.00 15513793536.00 15526366208.00 15538970624.00 15551584256.00 15563785216.00 15576644608.00 
15588430848.00 15601690624.00 15614225408.00 15626766336.00 15639260160.00 15651772416.00 15664373760.00 15676889088.00 15689152512.00 15701856256.00 15709896704.00 15727330304.00 15739685888.00 15752115200.00 15764766720.00 15777273856.00 15789734912.00 15802344448.00 15814863872.00 15827416064.00 
15839652864.00 15852594176.00 15865068544.00 15877410816.00 15889907712.00 15902646272.00 15915226112.00 15927813120.00 15940259840.00 15952851968.00 15965228032.00 15977888768.00 15990240256.00 16003379200.00 16015631360.00 16027708416.00 16040630272.00 16053256192.00 16065747968.00 16078297088.00 
16089330688.00 16103377920.00 16115748864.00 16128225280.00 16140926976.00 16153388032.00 16166257664.00 16178649088.00 16191023104.00 16203716608.00 16216032256.00 16228730880.00 16241243136.00 16253841408.00 16266015744.00 16278901760.00 16291200000.00 16303976448.00 16316505088.00 16329116672.00 
16339775488.00 16354222080.00 16366674944.00 16379180032.00 16391621632.00 16404286464.00 16416844800.00 16429400064.00 16441939968.00 16454461440.00 16466831360.00 16479535104.00 16491840512.00 16504672256.00 16517137408.00 16529631232.00 16542226432.00 16554725376.00 16567299072.00 16579877888.00 
16591681536.00 16604969984.00 16617366528.00 16630007808.00 16642498560.00 16654595072.00 16667546624.00 16680077312.00 16692301824.00 16705068032.00 16717343744.00 16729882624.00 16741911552.00 16751377408.00 16770135040.00 16781351936.00 16793524224.00 16806057984.00 16818498560.00 16831042560.00 
16843152384.00 16856065024.00 16868535296.00 16881116160.00 16893324288.00 16906063872.00 16918628352.00 16931266560.00 16943686656.00 16956295168.00 16967878656.00 16981404672.00 16993740800.00 17006576640.00 17018926080.00 17031479296.00 17044018176.00 17056474112.00 17069035520.00 17081707520.00 
17092698112.00 17106764800.00 17119239168.00 17131801600.00 17144351744.00 17156796416.00 17169443840.00 17181923328.00 17194303488.00 17207099392.00 17219438592.00 17232144384.00 17244608512.00 17257222144.00 17269700608.00 17279967232.00 17294579712.00 17307340800.00 17319933952.00 17332473856.00 
17344659456.00 17357670400.00 17370060800.00 17382637568.00 17394937856.00 17407803392.00 17420267520.00 17432807424.00 17445287936.00 17457926144.00 17470246912.00 17482874880.00 17495216128.00 17508067328.00 17520707584.00 17533034496.00 17545590784.00 17558192128.00 17570684928.00 17583173632.00 
17592072192.00 17608466432.00 17620930560.00 17633634304.00 17645938688.00 17658458112.00 17671063552.00 17683611648.00 17695885312.00 17708630016.00 17721055232.00 17733715968.00 17746438144.00 17758861312.00 17771360256.00 17783865344.00 17796337664.00 17809025024.00 17821544448.00 17834125312.00 
17846280192.00 17859033088.00 17871683584.00 17884200960.00 17896497152.00 17908860928.00 17921798144.00 17934315520.00 17946494976.00 17960097792.00 17972062208.00 17984690176.00 17997066240.00 18009735168.00 18022338560.00 18034735104.00 18047338496.00 18059884544.00 18072365056.00 18084888576.00 
18096007168.00 18110074880.00 18122586112.00 18135054336.00 18147520512.00 18160160768.00 18172706816.00 18185238528.00 18197641216.00 18210398208.00 18221973504.00 18235656192.00 18247854080.00 18260561920.00 18272862208.00 18285723648.00 18297907200.00 18310703104.00 18323220480.00 18335723520.00 
18347945984.00 18360899584.00 18373408768.00 18385922048.00 18398322688.00 18410915840.00 18423470080.00 18436247552.00 18448599040.00 18461171712.00 18473545728.00 18486278144.00 18498510848.00 18511288320.00 18523944960.00 18535970816.00 18548879360.00 18561519616.00 18573942784.00 18586677248.00 
18598381568.00 18611615744.00 18624159744.00 18636793856.00 18649288704.00 18661734400.00 18674348032.00 18686844928.00 18699141120.00 18711955456.00 18724308992.00 18737027072.00 18749468672.00 18762104832.00 18774654976.00 18787047424.00 18799499264.00 18812041216.00 18824493056.00 18836682752.00 
18840576000.00 18863284224.00 18875396096.00 18887841792.00 18900037632.00 18912737280.00 18925320192.00 18937833472.00 18950326272.00 18962905088.00 18975268864.00 18987925504.00 19000358912.00 19013029888.00 19025541120.00 19037997056.00 19050594304.00 19063148544.00 19075731456.00 19088424960.00 
19099334656.00 19113347072.00 19125866496.00 19138439168.00 19151056896.00 19163084800.00 19176007680.00 19188588544.00 19201003520.00 19213604864.00 19226107904.00 19238791168.00 19251312640.00 19263858688.00 19276419072.00 19288885248.00 19301173248.00 19313963008.00 19326384128.00 19339206656.00 
19351298048.00 19364390912.00 19376740352.00 19389341696.00 19401676800.00 19414228992.00 19426879488.00 19439400960.00 19451865088.00 19464456192.00 19476119552.00 19489327104.00 19501811712.00 19514646528.00 19527106560.00 19539421184.00 19552585728.00 19564900352.00 19577397248.00 19589920768.00 
19601725440.00 19615315968.00 19627505664.00 19640080384.00 19652573184.00 19664982016.00 19677683712.00 19690137600.00 19702509568.00 19715336192.00 19727677440.00 19740303360.00 19752992768.00 19765497856.00 19778023424.00 19790133248.00 19803023360.00 19815690240.00 19828209664.00 19841376256.00 
19852926976.00 19865823232.00 19878336512.00 19890855936.00 19903182848.00 19915927552.00 19928446976.00 19941091328.00 19953510400.00 19966078976.00 19978506240.00 19991255040.00 20003633152.00 20016279552.00 20028786688.00 20041256960.00 20053796864.00 20066312192.00 20078798848.00 20091113472.00 
20096610304.00 20117157888.00 20129413120.00 20141926400.00 20154351616.00 20166850560.00 20179394560.00 20191959040.00 20204380160.00 20217026560.00 20229406720.00 20242034688.00 20254611456.00 20267307008.00 20279605248.00 20292161536.00 20304543744.00 20317097984.00 20329904128.00 20341848064.00 
20354619392.00 20367484928.00 20380047360.00 20392540160.00 20404955136.00 20415328256.00 20430182400.00 20442746880.00 20455280640.00 20467818496.00 20480233472.00 20492931072.00 20505165824.00 20517965824.00 20530518016.00 20542941184.00 20555300864.00 20568307712.00 20580702208.00 20593264640.00 
20605065216.00 20618022912.00 20630843392.00 20643491840.00 20655892480.00 20668399616.00 20680949760.00 20692850688.00 20705873920.00 20718628864.00 20730267648.00 20743663616.00 20756107264.00 20768841728.00 20781314048.00 20793749504.00 20806291456.00 20818917376.00 20831494144.00 20844042240.00 
20856213504.00 20868915200.00 20881682432.00 20894111744.00 20906369024.00 20919044096.00 20931334144.00 20945428480.00 20957120512.00 20969621504.00 20981938176.00 20994664448.00 21007011840.00 21019668480.00 21032177664.00 21044303872.00 21057265664.00 21069821952.00 21082359808.00 21094760448.00 
21105932288.00 21120016384.00 21132517376.00 21145081856.00 21157406720.00 21170083840.00 21182646272.00 21195218944.00 21207635968.00 21220343808.00 21232654336.00 21245345792.00 21257660416.00 21270554624.00 21283031040.00 21295521792.00 21307824128.00 21321003008.00 21333125120.00 21345728512.00 
21356396544.00 21370834944.00 21383305216.00 21395898368.00 21408329728.00 21420902400.00 21433540608.00 21445967872.00 21458507776.00 21471094784.00 21483458560.00 21496172544.00 21508390912.00 21521088512.00 21532948480.00 21546653696.00 21559019520.00 21571575808.00 21584074752.00 21596499968.00 
21608388608.00 21621741568.00 21634129920.00 21646712832.00 21659131904.00 21671360512.00 21684238336.00 21696794624.00 21709178880.00 21722003456.00 21734352896.00 21747097600.00 21759514624.00 21771997184.00 21784733696.00 21797167104.00 21809653760.00 21822316544.00 21834827776.00 21847224320.00 
21859563520.00 21872396288.00 21885177856.00 21897539584.00 21909809152.00 21922549760.00 21935038464.00 21947678720.00 21960085504.00 21972623360.00 21980622848.00 21998020608.00 22010365952.00 22023008256.00 22035509248.00 22047963136.00 22060478464.00 22073036800.00 22085660672.00 22098196480.00 
22109267968.00 22123223040.00 22135881728.00 22148360192.00 22160820224.00 22173503488.00 22186004480.00 22198652928.00 22210945024.00 22223591424.00 22235994112.00 22248759296.00 22261159936.00 22273775616.00 22286262272.00 22298374144.00 22311067648.00 22323750912.00 22337150976.00 22349094912.00 
22361257984.00 22374137856.00 22386675712.00 22399203328.00 22411646976.00 22424215552.00 22436851712.00 22449381376.00 22461847552.00 22474399744.00 22486865920.00 22499493888.00 22511788032.00 22524471296.00 22537123840.00 22549653504.00 22562220032.00 22574755840.00 22587293696.00 22599806976.00 
22608650240.00 22625099776.00 22637561856.00 22650050560.00 22662567936.00 22675093504.00 22687631360.00 22700165120.00 22712440832.00 22725238784.00 22737680384.00 22750332928.00 22762846208.00 22775412736.00 22788079616.00 22800414720.00 22812899328.00 22825609216.00 22837581824.00 22850744320.00 
22862901248.00 22875785216.00 22888308736.00 22900754432.00 22913120256.00 22925481984.00 22938208256.00 22951038976.00 22963515392.00 22976131072.00 22988472320.00 23001307136.00 23013535744.00 23026024448.00 23038924800.00 23051294720.00 23063826432.00 23076423680.00 23088986112.00 23101515776.00 
23112574976.00 23126568960.00 23139055616.00 23151613952.00 23164162048.00 23176630272.00 23188807680.00 23201968128.00 23214260224.00 23226882048.00 23238547456.00 23251961856.00 23264595968.00 23277131776.00 23289575424.00 23302045696.00 23314403328.00 23326816256.00 23339849728.00 23352334336.00 
23364513792.00 23377375232.00 23389739008.00 23402334208.00 23414890496.00 23427479552.00 23440031744.00 23452801024.00 23465146368.00 23477800960.00 23490119680.00 23503206400.00 23515068416.00 23527712768.00 23540359168.00 23550644224.00 23565502464.00 23578087424.00 23590555648.00 23603150848.00 
23614959616.00 23628247040.00 23640641536.00 23653365760.00 23665760256.00 23678304256.00 23690893312.00 23703420928.00 23715694592.00 23728857088.00 23740928000.00 23753648128.00 23766177792.00 23778664448.00 23791198208.00 23803850752.00 23816206336.00 23828920320.00 23841417216.00 23854049280.00 
23864641536.00 23879157760.00 23891576832.00 23904094208.00 23916357632.00 23929223168.00 23941730304.00 23954540544.00 23966736384.00 23979075584.00 23991742464.00 24004392960.00 24016820224.00 24028989440.00 24042106880.00 24054534144.00 24067069952.00 24079718400.00 24092205056.00 24104738816.00 
24115800064.00 24129839104.00 24142352384.00 24154707968.00 24167380992.00 24179546112.00 24192716800.00 24204996608.00 24217462784.00 24230219776.00 24242530304.00 24254822400.00 24267712512.00 24280274944.00 24292825088.00 24305283072.00 24317638656.00 24330369024.00 24343011328.00 24355547136.00 
24367716352.00 24380545024.00 24393052160.00 24405729280.00 24418082816.00 24430706688.00 24443428864.00 24455813120.00 24468289536.00 24480911360.00 24492523520.00 24505970688.00 24518250496.00 24531068928.00 24543520768.00 24556036096.00 24568582144.00 24581337088.00 24593692672.00 24606267392.00 
24618070016.00 24631330816.00 24643837952.00 24656486400.00 24668884992.00 24681394176.00 24693944320.00 24706535424.00 24718751744.00 24731658240.00 24743936000.00 24756475904.00 24769097728.00 24781768704.00 24794122240.00 24806283264.00 24819111936.00 24831633408.00 24844238848.00 24856776704.00 
24868954112.00 24881866752.00 24894341120.00 24906801152.00 24919062528.00 24931751936.00 24944254976.00 24956755968.00 24969179136.00 24981663744.00 24993941504.00 25006516224.00 25018736640.00 25031188480.00 25043417088.00 25055488000.00 25067427840.00 25078972416.00 25089427456.00 25095720960.00 
end   dump: w
==END   DUMP_ARRAYS==
