==BEGIN DUMP_ARRAYS==
begin dump: w
0.00 0.00 0.00 0.00 0.00 0.00 0.00 0.00 0.00 0.00 0.00 0.00 0.00 0.00 0.00 0.00 0.00 0.00 0.00 0.00 
0.00 0.00 0.00 0.00 0.00 0.00 0.00 0.00 0.00 0.00 0.00 0.00 0.00 0.00 0.00 0.00 0.00 0.00 0.00 0.00 
0.00 0.00 0.00 0.00 0.00 0.00 0.00 0.00 0.00 0.00 0.00 0.00 0.00 0.00 0.00 0.00 0.00 0.00 0.00 0.00 
0.00 0.00 0.00 0.00 0.00 0.00 0.00 0.00 0.00 0.00 0.00 0.00 0.00 0.00 0.00 0.00 0.00 0.00 0.00 0.00 
0.00 0.00 0.00 0.00 0.00 0.00 0.00 0.00 0.00 0.00 0.00 0.00 0.00 0.00 0.00 0.00 0.00 0.00 0.00 0.00 
0.00 0.00 0.00 0.00 0.00 0.00 0.00 0.00 0.00 0.00 0.00 0.00 0.00 0.00 0.00 0.00 0.00 0.00 0.00 0.00 
0.00 0.00 0.00 0.00 0.00 0.00 0.00 0.00 0.00 0.00 0.00 0.00 0.00 0.00 0.00 0.00 0.00 0.00 0.00 0.00 
0.00 0.00 0.00 0.00 0.00 0.00 0.00 0.00 0.00 0.00 0.00 0.00 0.00 0.00 0.00 0.00 0.00 0.00 0.00 0.00 
0.00 0.00 0.00 0.00 0.00 0.00 0.00 0.00 0.00 0.00 0.00 0.00 0.00 0.00 0.00 0.00 0.00 0.00 0.00 0.00 
0.00 0.00 0.00 0.00 0.00 0.00 0.00 0.00 0.00 0.00 0.00 0.00 0.00 0.00 0.00 0.00 0.00 0.00 0.00 0.00 
0.00 0.00 0.00 0.00 0.00 0.00 0.00 0.00 0.00 0.00 0.00 0.00 0.00 0.00 0.00 0.00 0.00 0.00 0.00 0.00 
0.00 0.00 0.00 0.00 0.00 0.00 0.00 0.00 0.00 0.00 0.00 0.00 0.00 0.00 0.00 0.00 0.00 0.00 0.00 0.00 
0.00 0.00 0.00 0.00 0.00 0.00 0.00 0.00 0.00 0.00 0.00 0.00 0.00 0.00 0.00 0.00 0.00 0.00 0.00 0.00 
0.00 0.00 0.00 0.00 0.00 0.00 0.00 0.00 0.00 0.00 0.00 0.00 0.00 0.00 0.00 0.00 0.00 0.00 0.00 0.00 
0.00 0.00 0.00 0.00 0.00 0.00 0.00 0.00 0.00 0.00 0.00 0.00 0.00 0.00 0.00 0.00 0.00 0.00 0.00 0.00 
0.00 0.00 0.00 0.00 0.00 0.00 0.00 0.00 0.00 0.00 0.00 0.00 0.00 0.00 0.00 0.00 0.00 0.00 0.00 0.00 
0.00 0.00 0.00 0.00 0.00 0.00 0.00 0.00 0.00 0.00 0.00 0.00 0.00 0.00 0.00 0.00 0.00 0.00 0.00 0.00 
0.00 0.00 0.00 0.00 0.00 0.00 0.00 0.00 0.00 0.00 0.00 0.00 0.00 0.00 0.00 0.00 0.00 0.00 0.00 0.00 
0.00 0.00 0.00 0.00 0.00 0.00 0.00 0.00 0.00 0.00 0.00 0.00 0.00 0.00 0.00 0.00 0.00 0.00 0.00 0.00 
0.00 0.00 0.00 0.00 0.00 0.00 0.00 0.00 0.00 0.00 0.00 0.00 0.00 0.00 0.00 0.00 0.00 0.00 0.00 0.00 
0.00 0.00 0.00 0.00 0.00 0.00 0.00 0.00 0.00 0.00 0.00 0.00 0.00 0.00 0.00 0.00 0.00 0.00 0.00 0.00 
0.00 0.00 0.00 0.00 0.00 0.00 0.00 0.00 0.00 0.00 0.00 0.00 0.00 0.00 0.00 0.00 0.00 0.00 0.00 0.00 
0.00 0.00 0.00 0.00 0.00 0.00 0.00 0.00 0.00 0.00 0.00 0.00 0.00 0.00 0.00 0.00 0.00 0.00 0.00 0.00 
0.00 0.00 0.00 0.00 0.00 0.00 0.00 0.00 0.00 0.00 0.00 0.00 0.00 0.00 0.00 0.00 0.00 0.00 0.00 0.00 
0.00 0.00 0.00 0.00 0.00 0.00 0.00 0.00 0.00 0.00 0.00 0.00 0.00 0.00 0.00 0.00 0.00 0.00 0.00 0.00 
0.00 0.00 0.00 0.00 0.00 0.00 0.00 0.00 0.00 0.00 0.00 0.00 0.00 0.00 0.00 0.00 0.00 0.00 0.00 0.00 
0.00 0.00 0.00 0.00 0.00 0.00 0.00 0.00 0.00 0.00 0.00 0.00 0.00 0.00 0.00 0.00 0.00 0.00 0.00 0.00 
0.00 0.00 0.00 0.00 0.00 0.00 0.00 0.00 0.00 0.00 0.00 0.00 0.00 0.00 0.00 0.00 0.00 0.00 0.00 0.00 
0.00 0.00 0.00 0.00 0.00 0.00 0.00 0.00 0.00 0.00 0.00 0.00 0.00 0.00 0.00 0.00 0.00 0.00 0.00 0.00 
0.00 0.00 0.00 0.00 0.00 0.00 0.00 0.00 0.00 0.00 0.00 0.00 0.00 0.00 0.00 0.00 0.00 0.00 0.00 0.00 
0.00 0.00 0.00 0.00 0.00 0.00 0.00 0.00 0.00 0.00 0.00 0.00 0.00 0.00 0.00 0.00 0.00 0.00 0.00 0.00 
0.00 0.00 0.00 0.00 0.00 0.00 0.00 0.00 0.00 0.00 0.00 0.00 0.00 0.00 0.00 0.00 0.00 0.00 0.00 0.00 
0.00 0.00 0.00 0.00 0.00 0.00 0.00 0.00 0.00 0.00 0.00 0.00 0.00 0.00 0.00 0.00 0.00 0.00 0.00 0.00 
0.00 0.00 0.00 0.00 0.00 0.00 0.00 0.00 0.00 0.00 0.00 0.00 0.00 0.00 0.00 0.00 0.00 0.00 0.00 0.00 
0.00 0.00 0.00 0.00 0.00 0.00 0.00 0.00 0.00 0.00 0.00 0.00 0.00 0.00 0.00 0.00 0.00 0.00 0.00 0.00 
0.00 0.00 0.00 0.00 0.00 0.00 0.00 0.00 0.00 0.00 0.00 0.00 0.00 0.00 0.00 0.00 0.00 0.00 0.00 0.00 
0.00 0.00 0.00 0.00 0.00 0.00 0.00 0.00 0.00 0.00 0.00 0.00 0.00 0.00 0.00 0.00 0.00 0.00 0.00 0.00 
0.00 0.00 0.00 0.00 0.00 0.00 0.00 0.00 0.00 0.00 0.00 0.00 0.00 0.00 0.00 0.00 0.00 0.00 0.00 0.00 
0.00 0.00 0.00 0.00 0.00 0.00 0.00 0.00 0.00 0.00 0.00 0.00 0.00 0.00 0.00 0.00 0.00 0.00 0.00 0.00 
0.00 0.00 0.00 0.00 0.00 0.00 0.00 0.00 0.00 0.00 0.00 0.00 0.00 0.00 0.00 0.00 0.00 0.00 0.00 0.00 
0.00 0.00 0.00 0.00 0.00 0.00 0.00 0.00 0.00 0.00 0.00 0.00 0.00 0.00 0.00 0.00 0.00 0.00 0.00 0.00 
0.00 0.00 0.00 0.00 0.00 0.00 0.00 0.00 0.00 0.00 0.00 0.00 0.00 0.00 0.00 0.00 0.00 0.00 0.00 0.00 
0.00 0.00 0.00 0.00 0.00 0.00 0.00 0.00 0.00 0.00 0.00 0.00 0.00 0.00 0.00 0.00 0.00 0.00 0.00 0.00 
0.00 0.00 0.00 0.00 0.00 0.00 0.00 0.00 0.00 0.00 0.00 0.00 0.00 0.00 0.00 0.00 0.00 0.00 0.00 0.00 
0.00 0.00 0.00 0.00 0.00 0.00 0.00 0.00 0.00 0.00 0.00 0.00 0.00 0.00 0.00 0.00 0.00 0.00 0.00 0.00 
0.00 0.00 0.00 0.00 0.00 0.00 0.00 0.00 0.00 0.00 0.00 0.00 0.00 0.00 0.00 0.00 0.00 0.00 0.00 0.00 
0.00 0.00 0.00 0.00 0.00 0.00 0.00 0.00 0.00 0.00 0.00 0.00 0.00 0.00 0.00 0.00 0.00 0.00 0.00 0.00 
0.00 0.00 0.00 0.00 0.00 0.00 0.00 0.00 0.00 0.00 0.00 0.00 0.00 0.00 0.00 0.00 0.00 0.00 0.00 0.00 
0.00 0.00 0.00 0.00 0.00 0.00 0.00 0.00 0.00 0.00 0.00 0.00 0.00 0.00 0.00 0.00 0.00 0.00 0.00 0.00 
0.00 0.00 0.00 0.00 0.00 0.00 0.00 0.00 0.00 0.00 0.00 0.00 0.00 0.00 0.00 0.00 0.00 0.00 0.00 0.00 
0.00 0.00 0.00 0.00 0.00 0.00 0.00 0.00 0.00 0.00 0.00 0.00 0.00 0.00 0.00 0.00 0.00 0.00 0.00 0.00 
0.00 0.00 0.00 0.00 0.00 0.00 0.00 0.00 0.00 0.00 0.00 0.00 0.00 0.00 0.00 0.00 0.00 0.00 0.00 0.00 
0.00 0.00 0.00 0.00 0.00 0.00 0.00 0.00 0.00 0.00 0.00 0.00 0.00 0.00 0.00 0.00 0.00 0.00 0.00 0.00 
0.00 0.00 0.00 0.00 0.00 0.00 0.00 0.00 0.00 0.00 0.00 0.00 0.00 0.00 0.00 0.00 0.00 0.00 0.00 0.00 
0.00 0.00 0.00 0.00 0.00 0.00 0.00 0.00 0.00 0.00 0.00 0.00 0.00 0.00 0.00 0.00 0.00 0.00 0.00 0.00 
0.00 0.00 0.00 0.00 0.00 0.00 0.00 0.00 0.00 0.00 0.00 0.00 0.00 0.00 0.00 0.00 0.00 0.00 0.00 0.00 
0.00 0.00 0.00 0.00 0.00 0.00 0.00 0.00 0.00 0.00 0.00 0.00 0.00 0.00 0.00 0.00 0.00 0.00 0.00 0.00 
0.00 0.00 0.00 0.00 0.00 0.00 0.00 0.00 0.00 0.00 0.00 0.00 0.00 0.00 0.00 0.00 0.00 0.00 0.00 0.00 
0.00 0.00 0.00 0.00 0.00 0.00 0.00 0.00 0.00 0.00 0.00 0.00 0.00 0.00 0.00 0.00 0.00 0.00 0.00 0.00 
0.00 0.00 0.00 0.00 0.00 0.00 0.00 0.00 0.00 0.00 0.00 0.00 0.00 0.00 0.00 0.00 0.00 0.00 0.00 0.00 
0.00 0.00 0.00 0.00 0.00 0.00 0.00 0.00 0.00 0.00 0.00 0.00 0.00 0.00 0.00 0.00 0.00 0.00 0.00 0.00 
0.00 0.00 0.00 0.00 0.00 0.00 0.00 0.00 0.00 0.00 0.00 0.00 0.00 0.00 0.00 0.00 0.00 0.00 0.00 0.00 
0.00 0.00 0.00 0.00 0.00 0.00 0.00 0.00 0.00 0.00 0.00 0.00 0.00 0.00 0.00 0.00 0.00 0.00 0.00 0.00 
0.00 0.00 0.00 0.00 0.00 0.00 0.00 0.00 0.00 0.00 0.00 0.00 0.00 0.00 0.00 0.00 0.00 0.00 0.00 0.00 
0.00 0.00 0.00 0.00 0.00 0.00 0.00 0.00 0.00 0.00 0.00 0.00 0.00 0.00 0.00 0.00 0.00 0.00 0.00 0.00 
0.00 0.00 0.00 0.00 0.00 0.00 0.00 0.00 0.00 0.00 0.00 0.00 0.00 0.00 0.00 0.00 0.00 0.00 0.00 0.00 
0.00 0.00 0.00 0.00 0.00 0.00 0.00 0.00 0.00 0.00 0.00 0.00 0.00 0.00 0.00 0.00 0.00 0.00 0.00 0.00 
0.00 0.00 0.00 0.00 0.00 0.00 0.00 0.00 0.00 0.00 0.00 0.00 0.00 0.00 0.00 0.00 0.00 0.00 0.00 0.00 
0.00 0.00 0.00 0.00 0.00 0.00 0.00 0.00 0.00 0.00 0.00 0.00 0.00 0.00 0.00 0.00 0.00 0.00 0.00 0.00 
0.00 0.00 0.00 0.00 0.00 0.00 0.00 0.00 0.00 0.00 0.00 0.00 0.00 0.00 0.00 0.00 0.00 0.00 0.00 0.00 
0.00 0.00 0.00 0.00 0.00 0.00 0.00 0.00 0.00 0.00 0.00 0.00 0.00 0.00 0.00 0.00 0.00 0.00 0.00 0.00 
0.00 0.00 0.00 0.00 0.00 0.00 0.00 0.00 0.00 0.00 0.00 0.00 0.00 0.00 0.00 0.00 0.00 0.00 0.00 0.00 
0.00 0.00 0.00 0.00 0.00 0.00 0.00 0.00 0.00 0.00 0.00 0.00 0.00 0.00 0.00 0.00 0.00 0.00 0.00 0.00 
0.00 0.00 0.00 0.00 0.00 0.00 0.00 0.00 0.00 0.00 0.00 0.00 0.00 0.00 0.00 0.00 0.00 0.00 0.00 0.00 
0.00 0.00 0.00 0.00 0.00 0.00 0.00 0.00 0.00 0.00 0.00 0.00 0.00 0.00 0.00 0.00 0.00 0.00 0.00 0.00 
0.00 0.00 0.00 0.00 0.00 0.00 0.00 0.00 0.00 0.00 0.00 0.00 0.00 0.00 0.00 0.00 0.00 0.00 0.00 0.00 
0.00 0.00 0.00 0.00 0.00 0.00 0.00 0.00 0.00 0.00 0.00 0.00 0.00 0.00 0.00 0.00 0.00 0.00 0.00 0.00 
0.00 0.00 0.00 0.00 0.00 0.00 0.00 0.00 0.00 0.00 0.00 0.00 0.00 0.00 0.00 0.00 0.00 0.00 0.00 0.00 
0.00 0.00 0.00 0.00 0.00 0.00 0.00 0.00 0.00 0.00 0.00 0.00 0.00 0.00 0.00 0.00 0.00 0.00 0.00 0.00 
0.00 0.00 0.00 0.00 0.00 0.00 0.00 0.00 0.00 0.00 0.00 0.00 0.00 0.00 0.00 0.00 0.00 0.00 0.00 0.00 
0.00 0.00 0.00 0.00 0.00 0.00 0.00 0.00 0.00 0.00 0.00 0.00 0.00 0.00 0.00 0.00 0.00 0.00 0.00 0.00 
0.00 0.00 0.00 0.00 0.00 0.00 0.00 0.00 0.00 0.00 0.00 0.00 0.00 0.00 0.00 0.00 0.00 0.00 0.00 0.00 
0.00 0.00 0.00 0.00 0.00 0.00 0.00 0.00 0.00 0.00 0.00 0.00 0.00 0.00 0.00 0.00 0.00 0.00 0.00 0.00 
0.00 0.00 0.00 0.00 0.00 0.00 0.00 0.00 0.00 0.00 0.00 0.00 0.00 0.00 0.00 0.00 0.00 0.00 0.00 0.00 
0.00 0.00 0.00 0.00 0.00 0.00 0.00 0.00 0.00 0.00 0.00 0.00 0.00 0.00 0.00 0.00 0.00 0.00 0.00 0.00 
0.00 0.00 0.00 0.00 0.00 0.00 0.00 0.00 0.00 0.00 0.00 0.00 0.00 0.00 0.00 0.00 0.00 0.00 0.00 0.00 
0.00 0.00 0.00 0.00 0.00 0.00 0.00 0.00 0.00 0.00 0.00 0.00 0.00 0.00 0.00 0.00 0.00 0.00 0.00 0.00 
0.00 0.00 0.00 0.00 0.00 0.00 0.00 0.00 0.00 0.00 0.00 0.00 0.00 0.00 0.00 0.00 0.00 0.00 0.00 0.00 
0.00 0.00 0.00 0.00 0.00 0.00 0.00 0.00 0.00 0.00 0.00 0.00 0.00 0.00 0.00 0.00 0.00 0.00 0.00 0.00 
0.00 0.00 0.00 0.00 0.00 0.00 0.00 0.00 0.00 0.00 0.00 0.00 0.00 0.00 0.00 0.00 0.00 0.00 0.00 0.00 
0.00 0.00 0.00 0.00 0.00 0.00 0.00 0.00 0.00 0.00 0.00 0.00 0.00 0.00 0.00 0.00 0.00 0.00 0.00 0.00 
0.00 0.00 0.00 0.00 0.00 0.00 0.00 0.00 0.00 0.00 0.00 0.00 0.00 0.00 0.00 0.00 0.00 0.00 0.00 0.00 
0.00 0.00 0.00 0.00 0.00 0.00 0.00 0.00 0.00 0.00 0.00 0.00 0.00 0.00 0.00 0.00 0.00 0.00 0.00 0.00 
0.00 0.00 0.00 0.00 0.00 0.00 0.00 0.00 0.00 0.00 0.00 0.00 0.00 0.00 0.00 0.00 0.00 0.00 0.00 0.00 
0.00 0.00 0.00 0.00 0.00 0.00 0.00 0.00 0.00 0.00 0.00 0.00 0.00 0.00 0.00 0.00 0.00 0.00 0.00 0.00 
0.00 0.00 0.00 0.00 0.00 0.00 0.00 0.00 0.00 0.00 0.00 0.00 0.00 0.00 0.00 0.00 0.00 0.00 0.00 0.00 
0.00 0.00 0.00 0.00 0.00 0.00 0.00 0.00 0.00 0.00 0.00 0.00 0.00 0.00 0.00 0.00 0.00 0.00 0.00 0.00 
0.00 0.00 0.00 0.00 0.00 0.00 0.00 0.00 0.00 0.00 0.00 0.00 0.00 0.00 0.00 0.00 0.00 0.00 0.00 0.00 
0.00 0.00 0.00 0.00 0.00 0.00 0.00 0.00 0.00 0.00 0.00 0.00 0.00 0.00 0.00 0.00 0.00 0.00 0.00 0.00 
0.00 0.00 0.00 0.00 0.00 0.00 0.00 0.00 0.00 0.00 0.00 0.00 0.00 0.00 0.00 0.00 0.00 0.00 0.00 0.00 
end   dump: w
==END   DUMP_ARRAYS==
==BEGIN DUMP_ARRAYS==
begin dump: w
2089.91 62663868.00 68935552.00 79416416.00 90855592.00 102753232.00 114930288.00 127202608.00 139383856.00 151872288.00 164116864.00 176731072.00 189108432.00 201645360.00 214103072.00 226497760.00 238784528.00 251584256.00 264005040.00 276546304.00 
288719168.00 301594592.00 314135424.00 326745440.00 339002784.00 351207712.00 364226464.00 376639232.00 389179264.00 401919744.00 414118848.00 426733632.00 439058624.00 451847104.00 464404864.00 476830528.00 489396192.00 501898752.00 514515744.00 527073600.00 
538861376.00 552128896.00 564649664.00 577081792.00 589694144.00 602204416.00 614839424.00 627343616.00 639597568.00 652440128.00 664026368.00 677463232.00 689989184.00 702582464.00 714926848.00 727548224.00 740044544.00 752655680.00 765300608.00 777849024.00 
789961152.00 802866944.00 815340096.00 828026752.00 840184192.00 852945152.00 865530048.00 878115904.00 890570048.00 903581632.00 915533376.00 928171200.00 940665664.00 953399360.00 965633344.00 977956544.00 990904704.00 1003704384.00 1016021120.00 1028570368.00 
1039615296.00 1053657088.00 1066168832.00 1078679296.00 1091210496.00 1103689728.00 1116262144.00 1129405184.00 1141298560.00 1153997184.00 1166319744.00 1179305856.00 1191551232.00 1203847168.00 1216635904.00 1229025024.00 1241479552.00 1254296576.00 1266790272.00 1279241216.00 
1290039168.00 1304349312.00 1316950400.00 1329487488.00 1341925376.00 1354416512.00 1367149440.00 1379712384.00 1392102144.00 1404735104.00 1417119360.00 1429519104.00 1442131840.00 1454979968.00 1467448448.00 1479944960.00 1492511488.00 1505031168.00 1517722112.00 1530158208.00 
1541982080.00 1555244544.00 1567794560.00 1580305152.00 1592778880.00 1603080832.00 1618001280.00 1630686208.00 1642760320.00 1655192832.00 1667950464.00 1680607744.00 1693121536.00 1705594880.00 1718329216.00 1730765312.00 1743237504.00 1756059136.00 1768623616.00 1781023744.00 
1793164544.00 1806041472.00 1818516352.00 1831579776.00 1843447808.00 1856193024.00 1868784128.00 1881279232.00 1893703424.00 1906426624.00 1918011648.00 1931526144.00 1943869952.00 1956441984.00 1969546368.00 1981611008.00 1994140800.00 2006777344.00 2019314816.00 2031835520.00 
2042861952.00 2056890368.00 2069373440.00 2081961856.00 2094474752.00 2106955008.00 2119455872.00 2132388480.00 2144592896.00 2157083136.00 2169587712.00 2182270976.00 2194773504.00 2207371520.00 2220160000.00 2232019968.00 2244714752.00 2257640704.00 2270055168.00 2282595584.00 
2294775040.00 2307644672.00 2320785408.00 2332801280.00 2345238272.00 2357813248.00 2370282496.00 2382964480.00 2395444480.00 2408061440.00 2420372736.00 2433143040.00 2445384960.00 2458231296.00 2470730496.00 2483160832.00 2495713536.00 2508344064.00 2520806912.00 2533302016.00 
2542249728.00 2558598400.00 2571058176.00 2583649536.00 2596074496.00 2608590080.00 2621225728.00 2633908992.00 2646042880.00 2658909184.00 2671193088.00 2683994112.00 2696433152.00 2709027840.00 2721524224.00 2734031104.00 2746490112.00 2759192320.00 2771681536.00 2784258816.00 
2796411136.00 2809306112.00 2821211392.00 2834653440.00 2846771712.00 2859116032.00 2872096256.00 2884621568.00 2897107968.00 2909629696.00 2922064128.00 2934819584.00 2947196928.00 2959754496.00 2972346112.00 2984737792.00 2997466368.00 3010030592.00 3022491392.00 3035159040.00 
3046156032.00 3060218368.00 3072701184.00 3085365760.00 3097800960.00 3110290944.00 3122858496.00 3135402496.00 3147768064.00 3160375808.00 3168374528.00 3185774848.00 3198177792.00 3210716672.00 3223322624.00 3235712768.00 3248036096.00 3260863744.00 3273197056.00 3286009856.00 
3298112000.00 3311182080.00 3323538944.00 3336082432.00 3348490496.00 3361078528.00 3373625856.00 3386398464.00 3398757120.00 3411293440.00 3423705344.00 3436408576.00 3448669952.00 3461605888.00 3474104576.00 3486130944.00 3499160832.00 3511688704.00 3524219136.00 3536657152.00 
3548543488.00 3561896192.00 3574294784.00 3586810368.00 3599280640.00 3611595520.00 3625407232.00 3637313024.00 3649445120.00 3662234880.00 3674593792.00 3687316480.00 3699776256.00 3712432640.00 3724807424.00 3737335808.00 3749803264.00 3762502656.00 3775062528.00 3787554560.00 
3798271232.00 3812663296.00 3825228032.00 3837395712.00 3850009088.00 3862728192.00 3875319552.00 3887845120.00 3900627968.00 3913046016.00 3925393152.00 3938054912.00 3950492416.00 3963185664.00 3975689472.00 3988151552.00 4000879616.00 4013313792.00 4025846272.00 4038395392.00 
4049462784.00 4063632128.00 4075995392.00 4088586496.00 4101035776.00 4113192704.00 4126170368.00 4138741504.00 4151123712.00 4163732992.00 4176120576.00 4188769024.00 4201157120.00 4212975360.00 4227027968.00 4239196160.00 4251452672.00 4264263680.00 4276675584.00 4289484288.00 
4301462016.00 4314354688.00 4326864384.00 4339487744.00 4351834624.00 4364505088.00 4377027584.00 4389563392.00 4402191360.00 4414736896.00 4426286592.00 4439764992.00 4451977728.00 4465552384.00 4477413376.00 4489846272.00 4502397440.00 4514910208.00 4527515136.00 4540374528.00 
4551873536.00 4565128704.00 4577647616.00 4590091776.00 4602995712.00 4615311872.00 4627849728.00 4640445952.00 4652668928.00 4665466880.00 4677836288.00 4690585600.00 4703002624.00 4715652096.00 4728177664.00 4738398208.00 4753174528.00 4765842432.00 4778332672.00 4790906880.00 
4803069952.00 4816559104.00 4828459008.00 4841307136.00 4853303808.00 4866094592.00 4878748160.00 4891097088.00 4903668736.00 4916374528.00 4928646144.00 4941383168.00 4953751040.00 4966440448.00 4978973184.00 4991395328.00 5003935744.00 5016476160.00 5028928512.00 5041242624.00 
5046765056.00 5067286528.00 5079557120.00 5092079104.00 5104481280.00 5116980224.00 5129545728.00 5142115840.00 5154503168.00 5167146496.00 5179539456.00 5192306176.00 5204775424.00 5217310208.00 5229917184.00 5242310144.00 5254655488.00 5267547648.00 5280032256.00 5292569600.00 
5304741888.00 5317020160.00 5330162688.00 5342709760.00 5355116032.00 5367368704.00 5380340736.00 5392899584.00 5405292544.00 5418094080.00 5430383616.00 5443059712.00 5455320064.00 5468262400.00 5480670208.00 5493245440.00 5505721344.00 5518309888.00 5530839552.00 5543090176.00 
5555182592.00 5568452608.00 5580975104.00 5593495040.00 5605721088.00 5618826752.00 5631255552.00 5643762176.00 5656010240.00 5669064704.00 5680442880.00 5693933056.00 5706403840.00 5718995456.00 5731488768.00 5744024064.00 5756459008.00 5769069568.00 5781622784.00 5794019840.00 
5806377472.00 5819190784.00 5831961088.00 5844442624.00 5856658432.00 5869358080.00 5881940992.00 5894529536.00 5906982912.00 5919604736.00 5931947520.00 5944793600.00 5957139968.00 5969818112.00 5982348800.00 5994417152.00 6007231488.00 6019967488.00 6032492032.00 6045041664.00 
6056089600.00 6069979136.00 6082648064.00 6095242240.00 6107687424.00 6120252416.00 6132827648.00 6145366528.00 6157776384.00 6170467840.00 6182792192.00 6195482112.00 6207968256.00 6220560384.00 6233051648.00 6245499904.00 6257801728.00 6270562304.00 6282963456.00 6295116800.00 
6299033088.00 6321725952.00 6333871104.00 6346353152.00 6358640640.00 6371195904.00 6383715328.00 6396277248.00 6408816128.00 6421358080.00 6433743360.00 6446446080.00 6458696192.00 6471541760.00 6484012544.00 6496507904.00 6508983808.00 6521594368.00 6534195200.00 6546780160.00 
6558545408.00 6571712000.00 6584417792.00 6596874752.00 6609399808.00 6621517824.00 6634412032.00 6647096832.00 6659322880.00 6672116736.00 6684515840.00 6697234432.00 6709689344.00 6722160128.00 6734891008.00 6747324416.00 6759796736.00 6772480512.00 6784946176.00 6797496320.00 
6809725952.00 6822665216.00 6835137536.00 6847691264.00 6859927040.00 6872519680.00 6885499904.00 6897839616.00 6910418944.00 6922763776.00 6934587392.00 6948005888.00 6960491008.00 6973158400.00 6985658880.00 6998084096.00 7010761216.00 7023343616.00 7035788800.00 7048305664.00 
7059431424.00 7073514496.00 7086001152.00 7098523648.00 7110948864.00 7123523072.00 7136013312.00 7148656128.00 7161069568.00 7173704704.00 7185999360.00 7198293504.00 7211785216.00 7224089600.00 7236571136.00 7248641536.00 7261334528.00 7274202112.00 7286682624.00 7299369472.00 
7311398912.00 7324267520.00 7336807424.00 7349367296.00 7361796096.00 7374376448.00 7386997248.00 7399529984.00 7411858432.00 7424682496.00 7436991488.00 7449772544.00 7461945344.00 7474796544.00 7487289344.00 7499788800.00 7512338944.00 7524756992.00 7537429504.00 7549931008.00 
7558828032.00 7575217664.00 7587685888.00 7600211968.00 7612699648.00 7625214464.00 7637643264.00 7650321408.00 7662605824.00 7675538944.00 7687816704.00 7700466176.00 7712999936.00 7725595136.00 7738087936.00 7750447616.00 7763203584.00 7775758848.00 7788305408.00 7800727040.00 
7813033984.00 7825928192.00 7838436864.00 7851061760.00 7863254528.00 7873769472.00 7888660480.00 7901188608.00 7913668096.00 7926254080.00 7938626048.00 7951302144.00 7963817984.00 7976470016.00 7988912128.00 8001447424.00 8013944320.00 8026593280.00 8039114752.00 8051631616.00 
8062718976.00 8076688384.00 8089324544.00 8101924864.00 8114273792.00 8126763008.00 8139421696.00 8151809024.00 8164390400.00 8177000448.00 8188672000.00 8202097152.00 8214592512.00 8227127296.00 8239734272.00 8252181504.00 8264517120.00 8277278720.00 8289822208.00 8302338560.00 
8314528768.00 8327357440.00 8339864064.00 8352348160.00 8364605440.00 8376888832.00 8388235776.00 8407018496.00 8416370688.00 8428523520.00 8440715776.00 8453329920.00 8465531392.00 8478318592.00 8490817024.00 8502888960.00 8515791360.00 8528396288.00 8540992000.00 8553431552.00 
8565251584.00 8578510336.00 8591073280.00 8603676672.00 8616049664.00 8628615168.00 8641220608.00 8653725696.00 8666008576.00 8678863872.00 8691213312.00 8703946752.00 8716340224.00 8728993792.00 8741520384.00 8753957888.00 8766514176.00 8779213824.00 8791688192.00 8804178944.00 
8814894080.00 8829281280.00 8841849856.00 8854407168.00 8866626560.00 8879353856.00 8892335104.00 8904556544.00 8917041152.00 8929668096.00 8942013440.00 8954678272.00 8967116800.00 8979747840.00 8992107520.00 9004865536.00 9017356288.00 9030182912.00 9042619392.00 9055013888.00 
9066091520.00 9080109056.00 9092620288.00 9105152000.00 9117660160.00 9129803776.00 9142729728.00 9155006464.00 9167900672.00 9180503040.00 9192834048.00 9205547008.00 9218024448.00 9230590976.00 9243143168.00 9255614464.00 9267932160.00 9280978944.00 9293297664.00 9305802752.00 
9318029312.00 9330974720.00 9343490048.00 9356050432.00 9368397824.00 9380977664.00 9393586176.00 9406276608.00 9418609664.00 9431062528.00 9439120384.00 9456536576.00 9468695552.00 9481515008.00 9493975040.00 9506471936.00 9519022080.00 9531619328.00 9544133632.00 9556697088.00 
9568490496.00 9581757440.00 9594577920.00 9606803456.00 9619320832.00 9631872000.00 9644565504.00 9657003008.00 9669235712.00 9681784832.00 9694544896.00 9707206656.00 9719715840.00 9732219904.00 9744736256.00 9756897280.00 9769743360.00 9782409216.00 9795103744.00 9807528960.00 
9819695104.00 9832576000.00 9845090304.00 9857718272.00 9869918208.00 9882659840.00 9895314432.00 9907813376.00 9920384000.00 9933001728.00 9945269248.00 9958005760.00 9970383872.00 9983008768.00 9995535360.00 10008024064.00 10020558848.00 10033180672.00 10045551616.00 10057862144.00 
10063375360.00 10083900416.00 10096178176.00 10108648448.00 10121106432.00 10133599232.00 10146258944.00 10158535680.00 10171132928.00 10183928832.00 10196166656.00 10208924672.00 10221332480.00 10233877504.00 10246478848.00 10259023872.00 10271280128.00 10284120064.00 10296502272.00 10309189632.00 
10321368064.00 10334244864.00 10346785792.00 10359277568.00 10371831808.00 10383993856.00 10396907520.00 10409463808.00 10422008832.00 10434568192.00 10446946304.00 10459678720.00 10471885824.00 10484520960.00 10497379328.00 10509807616.00 10522344448.00 10534876160.00 10547461120.00 10560021504.00 
10571794432.00 10585068544.00 10597299200.00 10610207744.00 10622642176.00 10635144192.00 10647666688.00 10660317184.00 10672580608.00 10685388800.00 10697025536.00 10710421504.00 10722964480.00 10735550464.00 10748048384.00 10760494080.00 10772875264.00 10783982592.00 10798552064.00 10810947584.00 
10823090176.00 10835952640.00 10848437248.00 10860998656.00 10873284608.00 10886078464.00 10898656256.00 10911239168.00 10923700224.00 10936232960.00 10948669440.00 10961427456.00 10973766656.00 10986383360.00 10998908928.00 11009161216.00 11024002048.00 11036536832.00 11048963072.00 11061666816.00 
11072704512.00 11086754816.00 11099259904.00 11111808000.00 11124314112.00 11136817152.00 11149387776.00 11161931776.00 11174246400.00 11188440064.00 11199565824.00 11212259328.00 11224680448.00 11237281792.00 11249774592.00 11262272512.00 11274567680.00 11287417856.00 11300044800.00 11312492544.00 
11323165696.00 11337596928.00 11350192128.00 11362621440.00 11375053824.00 11387656192.00 11400283136.00 11412847616.00 11425228800.00 11436789760.00 11450365952.00 11463062528.00 11475268608.00 11487964160.00 11500575744.00 11513067520.00 11525612544.00 11538308096.00 11550664704.00 11563403264.00 
11575117824.00 11588340736.00 11600905216.00 11612530688.00 11626016768.00 11638126592.00 11651132416.00 11663650816.00 11675884544.00 11688749056.00 11701080064.00 11713702912.00 11726236672.00 11738721280.00 11751451648.00 11763889152.00 11776366592.00 11789032448.00 11801568256.00 11814114304.00 
11826295808.00 11838989312.00 11851756544.00 11864251392.00 11876546560.00 11889286144.00 11901913088.00 11914400768.00 11926985728.00 11939530752.00 11951158272.00 11964632064.00 11976972288.00 11989720064.00 12002228224.00 12014709760.00 12027235328.00 12039916544.00 12052403200.00 12064935936.00 
12075990016.00 12090000384.00 12102471680.00 12115538944.00 12127574016.00 12140078080.00 12152735744.00 12165213184.00 12177686528.00 12190324736.00 12202719232.00 12215370752.00 12227900416.00 12240798720.00 12252981248.00 12265103360.00 12277813248.00 12290617344.00 12303144960.00 12315684864.00 
12327869440.00 12340739072.00 12353277952.00 12365771776.00 12378217472.00 12390785024.00 12403406848.00 12415790080.00 12428422144.00 12440860672.00 12453323776.00 12466092032.00 12478214144.00 12490900480.00 12503408640.00 12515813376.00 12528212992.00 12540569600.00 12552557568.00 12563557376.00 
12560387072.00 12594843648.00 12605795328.00 12617828352.00 12630071296.00 12642433024.00 12654951424.00 12667486208.00 12679627776.00 12692304896.00 12704749568.00 12717543424.00 12729859072.00 12742609920.00 12754951168.00 12767455232.00 12779929600.00 12792621056.00 12805075968.00 12817658880.00 
12829807616.00 12842701824.00 12855199744.00 12867780608.00 12880021504.00 12892397568.00 12905366528.00 12917601280.00 12930387968.00 12943019008.00 12955342848.00 12968067072.00 12980448256.00 12993176576.00 13005628416.00 13018156032.00 13030712320.00 13042851840.00 13055894528.00 13068404736.00 
13079438336.00 13093465088.00 13105950720.00 13118499840.00 13131041792.00 13143533568.00 13156137984.00 13168676864.00 13181166592.00 13193768960.00 13205403648.00 13218868224.00 13231303680.00 13243984896.00 13256451072.00 13268966400.00 13281285120.00 13294146560.00 13306594304.00 13319411712.00 
13331392512.00 13344271360.00 13356791808.00 13369355264.00 13381772288.00 13394361344.00 13406901248.00 13419683840.00 13432031232.00 13444695040.00 13456974848.00 13469655040.00 13481926656.00 13494733824.00 13507241984.00 13519371264.00 13532247040.00 13545867264.00 13557462016.00 13570048000.00 
13581819904.00 13594998784.00 13607697408.00 13620087808.00 13632678912.00 13645180928.00 13657791488.00 13670438912.00 13682581504.00 13695324160.00 13707684864.00 13721619456.00 13733054464.00 13745565696.00 13758078976.00 13770578944.00 13783083008.00 13795793920.00 13808175104.00 13820794880.00 
13831499776.00 13845905408.00 13858326528.00 13870974976.00 13883257856.00 13895960576.00 13908591616.00 13921121280.00 13933613056.00 13946151936.00 13958486016.00 13969958912.00 13983879168.00 13996466176.00 14008964096.00 14021425152.00 14033974272.00 14046584832.00 14059083776.00 14071641088.00 
14082715648.00 14096729088.00 14109392896.00 14121874432.00 14134284288.00 14144566272.00 14159442944.00 14172019712.00 14184370176.00 14196971520.00 14209402880.00 14222169088.00 14234577920.00 14247153664.00 14259708928.00 14272180224.00 14284544000.00 14297395200.00 14309917696.00 14322429952.00 
14334597120.00 14347459584.00 14359806976.00 14374422528.00 14385258496.00 14397751296.00 14410310656.00 14422841344.00 14435315712.00 14447985664.00 14459527168.00 14473018368.00 14485256192.00 14498077696.00 14510698496.00 14523088896.00 14535642112.00 14548185088.00 14561060864.00 14573327360.00 
14585116672.00 14598376448.00 14610898944.00 14623522816.00 14635938816.00 14648446976.00 14660981760.00 14673867776.00 14685935616.00 14698721280.00 14711108608.00 14723819520.00 14736280576.00 14748931072.00 14761453568.00 14773500928.00 14786301952.00 14799120384.00 14811591680.00 14824156160.00 
14836316160.00 14849200128.00 14861861888.00 14874286080.00 14886553600.00 14899218432.00 14911887360.00 14924527616.00 14936947712.00 14949467136.00 14961898496.00 14974481408.00 14986989568.00 14999863296.00 15012105216.00 15024637952.00 15037181952.00 15049753600.00 15062177792.00 15074485248.00 
15079996416.00 15100531712.00 15112797184.00 15125207040.00 15137737728.00 15150223360.00 15162817536.00 15175376896.00 15187752960.00 15200399360.00 15212783616.00 15225397248.00 15237908480.00 15250579456.00 15263045632.00 15275587584.00 15287906304.00 15300683776.00 15313290240.00 15325822976.00 
15337986048.00 15350872064.00 15363256320.00 15375988736.00 15388398592.00 15400609792.00 15413622784.00 15426183168.00 15438567424.00 15451184128.00 15463515136.00 15476614144.00 15488600064.00 15501385728.00 15513794560.00 15526366208.00 15538976768.00 15551583232.00 15563785216.00 15576644608.00 
15588430848.00 15601692672.00 15614224384.00 15626763264.00 15639261184.00 15651772416.00 15664375808.00 15676888064.00 15689151488.00 15701855232.00 15709897728.00 15727332352.00 15739684864.00 15752115200.00 15764765696.00 15777275904.00 15789732864.00 15802343424.00 15814864896.00 15827418112.00 
15839650816.00 15852594176.00 15865065472.00 15877409792.00 15889909760.00 15902647296.00 15915224064.00 15927813120.00 15940258816.00 15952855040.00 15965231104.00 15977886720.00 15990240256.00 16003381248.00 16015632384.00 16027710464.00 16040629248.00 16053261312.00 16065745920.00 16078298112.00 
16089331712.00 16103379968.00 16115750912.00 16128222208.00 16140924928.00 16153387008.00 16166258688.00 16178650112.00 16191024128.00 16203714560.00 16216034304.00 16228727808.00 16241245184.00 16253841408.00 16266015744.00 16278900736.00 16291201024.00 16303975424.00 16316504064.00 16329116672.00 
16339778560.00 16354221056.00 16366671872.00 16379182080.00 16391622656.00 16404284416.00 16416844800.00 16429402112.00 16441939968.00 16454456320.00 16466831360.00 16479533056.00 16491843584.00 16504671232.00 16517138432.00 16529637376.00 16542228480.00 16554727424.00 16567301120.00 16579883008.00 
16591681536.00 16604969984.00 16617362432.00 16630007808.00 16642496512.00 16654596096.00 16667543552.00 16680075264.00 16692306944.00 16705071104.00 16717348864.00 16729878528.00 16741911552.00 16751378432.00 16770134016.00 16781357056.00 16793525248.00 16806055936.00 16818500608.00 16831043584.00 
16843152384.00 16856068096.00 16868534272.00 16881118208.00 16893321216.00 16906064896.00 16918632448.00 16931265536.00 16943686656.00 16956295168.00 16967877632.00 16981401600.00 16993741824.00 17006574592.00 17018928128.00 17031478272.00 17044020224.00 17056475136.00 17069037568.00 17081708544.00 
17092701184.00 17106763776.00 17119241216.00 17131799552.00 17144348672.00 17156795392.00 17169442816.00 17181929472.00 17194303488.00 17207101440.00 17219438592.00 17232144384.00 17244612608.00 17257222144.00 17269698560.00 17279971328.00 17294583808.00 17307340800.00 17319936000.00 17332475904.00 
17344661504.00 17357672448.00 17370062848.00 17382639616.00 17394939904.00 17407805440.00 17420267520.00 17432809472.00 17445287936.00 17457926144.00 17470248960.00 17482876928.00 17495218176.00 17508065280.00 17520709632.00 17533038592.00 17545588736.00 17558194176.00 17570684928.00 17583175680.00 
17592072192.00 17608464384.00 17620928512.00 17633634304.00 17645938688.00 17658451968.00 17671065600.00 17683609600.00 17695881216.00 17708630016.00 17721057280.00 17733718016.00 17746436096.00 17758863360.00 17771358208.00 17783863296.00 17796335616.00 17809025024.00 17821538304.00 17834127360.00 
17846286336.00 17859028992.00 17871679488.00 17884205056.00 17896495104.00 17908862976.00 17921796096.00 17934319616.00 17946497024.00 17960101888.00 17972062208.00 17984692224.00 17997068288.00 18009739264.00 18022338560.00 18034735104.00 18047340544.00 18059888640.00 18072365056.00 18084888576.00 
18096005120.00 18110072832.00 18122584064.00 18135050240.00 18147520512.00 18160162816.00 18172708864.00 18185236480.00 18197643264.00 18210400256.00 18221971456.00 18235654144.00 18247854080.00 18260561920.00 18272862208.00 18285725696.00 18297907200.00 18310705152.00 18323220480.00 18335725568.00 
18347945984.00 18360897536.00 18373406720.00 18385924096.00 18398326784.00 18410921984.00 18423474176.00 18436245504.00 18448601088.00 18461169664.00 18473551872.00 18486278144.00 18498514944.00 18511290368.00 18523944960.00 18535972864.00 18548881408.00 18561521664.00 18573940736.00 18586677248.00 
18598383616.00 18611615744.00 18624161792.00 18636797952.00 18649290752.00 18661732352.00 18674345984.00 18686846976.00 18699143168.00 18711951360.00 18724311040.00 18737022976.00 18749466624.00 18762104832.00 18774654976.00 18787049472.00 18799497216.00 18812045312.00 18824497152.00 18836682752.00 
18840576000.00 18863284224.00 18875398144.00 18887841792.00 18900035584.00 18912743424.00 18925322240.00 18937831424.00 18950324224.00 18962903040.00 18975270912.00 18987927552.00 19000363008.00 19013029888.00 19025539072.00 19037997056.00 19050594304.00 19063150592.00 19075729408.00 19088424960.00 
19099334656.00 19113347072.00 19125864448.00 19138439168.00 19151058944.00 19163084800.00 19176007680.00 19188588544.00 19200999424.00 19213602816.00 19226109952.00 19238785024.00 19251312640.00 19263860736.00 19276421120.00 19288885248.00 19301175296.00 19313963008.00 19326386176.00 19339206656.00 
19351298048.00 19364392960.00 19376744448.00 19389335552.00 19401678848.00 19414226944.00 19426875392.00 19439403008.00 19451869184.00 19464454144.00 19476119552.00 19489325056.00 19501815808.00 19514646528.00 19527106560.00 19539421184.00 19552581632.00 19564902400.00 19577393152.00 19589928960.00 
19601721344.00 19615309824.00 19627503616.00 19640080384.00 19652573184.00 19664977920.00 19677683712.00 19690141696.00 19702509568.00 19715336192.00 19727677440.00 19740301312.00 19752990720.00 19765495808.00 19778019328.00 19790131200.00 19803025408.00 19815690240.00 19828217856.00 19841370112.00 
19852926976.00 19865827328.00 19878336512.00 19890853888.00 19903180800.00 19915925504.00 19928444928.00 19941091328.00 19953506304.00 19966081024.00 19978506240.00 19991250944.00 20003631104.00 20016279552.00 20028788736.00 20041259008.00 20053798912.00 20066316288.00 20078800896.00 20091115520.00 
20096610304.00 20117161984.00 20129411072.00 20141922304.00 20154347520.00 20166852608.00 20179392512.00 20191956992.00 20204374016.00 20217028608.00 20229406720.00 20242040832.00 20254613504.00 20267307008.00 20279605248.00 20292155392.00 20304539648.00 20317102080.00 20329906176.00 20341850112.00 
20354615296.00 20367486976.00 20380045312.00 20392546304.00 20404955136.00 20415328256.00 20430182400.00 20442746880.00 20455278592.00 20467820544.00 20480235520.00 20492933120.00 20505165824.00 20517959680.00 20530513920.00 20542939136.00 20555298816.00 20568309760.00 20580708352.00 20593264640.00 
20605063168.00 20618022912.00 20630845440.00 20643489792.00 20655892480.00 20668401664.00 20680951808.00 20692850688.00 20705873920.00 20718628864.00 20730269696.00 20743665664.00 20756109312.00 20768839680.00 20781312000.00 20793745408.00 20806293504.00 20818913280.00 20831492096.00 20844044288.00 
20856217600.00 20868921344.00 20881682432.00 20894107648.00 20906369024.00 20919044096.00 20931336192.00 20945426432.00 20957124608.00 20969625600.00 20981934080.00 20994660352.00 21007013888.00 21019664384.00 21032181760.00 21044299776.00 21057269760.00 21069821952.00 21082365952.00 21094756352.00 
21105930240.00 21120014336.00 21132517376.00 21145081856.00 21157406720.00 21170083840.00 21182650368.00 21195220992.00 21207638016.00 21220343808.00 21232654336.00 21245347840.00 21257660416.00 21270552576.00 21283031040.00 21295527936.00 21307826176.00 21320998912.00 21333129216.00 21345730560.00 
21356394496.00 21370832896.00 21383309312.00 21395898368.00 21408329728.00 21420910592.00 21433540608.00 21445969920.00 21458507776.00 21471092736.00 21483456512.00 21496172544.00 21508392960.00 21521088512.00 21532946432.00 21546655744.00 21559023616.00 21571575808.00 21584070656.00 21596497920.00 
21608382464.00 21621739520.00 21634134016.00 21646714880.00 21659131904.00 21671360512.00 21684238336.00 21696790528.00 21709174784.00 21722005504.00 21734348800.00 21747097600.00 21759510528.00 21771997184.00 21784735744.00 21797171200.00 21809657856.00 21822316544.00 21834823680.00 21847226368.00 
21859561472.00 21872394240.00 21885179904.00 21897541632.00 21909807104.00 21922551808.00 21935038464.00 21947680768.00 21960087552.00 21972621312.00 21980626944.00 21998016512.00 22010365952.00 22023010304.00 22035513344.00 22047965184.00 22060488704.00 22073030656.00 22085664768.00 22098198528.00 
22109267968.00 22123223040.00 22135879680.00 22148364288.00 22160822272.00 22173505536.00 22186004480.00 22198652928.00 22210947072.00 22223593472.00 22235994112.00 22248763392.00 22261164032.00 22273779712.00 22286264320.00 22298374144.00 22311069696.00 22323748864.00 22337150976.00 22349092864.00 
22361255936.00 22374137856.00 22386673664.00 22399203328.00 22411653120.00 22424215552.00 22436855808.00 22449379328.00 22461847552.00 22474399744.00 22486863872.00 22499495936.00 22511790080.00 22524471296.00 22537127936.00 22549655552.00 22562220032.00 22574751744.00 22587297792.00 22599809024.00 
22608644096.00 22625101824.00 22637563904.00 22650048512.00 22662565888.00 22675093504.00 22687627264.00 22700165120.00 22712440832.00 22725240832.00 22737678336.00 22750337024.00 22762848256.00 22775412736.00 22788079616.00 22800416768.00 22812899328.00 22825607168.00 22837581824.00 22850742272.00 
22862905344.00 22875789312.00 22888312832.00 22900762624.00 22913120256.00 22925484032.00 22938210304.00 22951045120.00 22963515392.00 22976131072.00 22988476416.00 23001305088.00 23013541888.00 23026026496.00 23038918656.00 23051296768.00 23063824384.00 23076427776.00 23088984064.00 23101515776.00 
23112574976.00 23126568960.00 23139049472.00 23151616000.00 23164164096.00 23176628224.00 23188805632.00 23201968128.00 23214262272.00 23226884096.00 23238547456.00 23251955712.00 23264591872.00 23277127680.00 23289577472.00 23302045696.00 23314397184.00 23326812160.00 23339845632.00 23352336384.00 
23364517888.00 23377369088.00 23389736960.00 23402336256.00 23414888448.00 23427481600.00 23440037888.00 23452805120.00 23465146368.00 23477803008.00 23490121728.00 23503206400.00 23515066368.00 23527712768.00 23540353024.00 23550642176.00 23565504512.00 23578087424.00 23590557696.00 23603150848.00 
23614953472.00 23628251136.00 23640643584.00 23653365760.00 23665756160.00 23678304256.00 23690893312.00 23703420928.00 23715688448.00 23728859136.00 23740925952.00 23753648128.00 23766177792.00 23778668544.00 23791196160.00 23803852800.00 23816206336.00 23828924416.00 23841417216.00 23854041088.00 
23864637440.00 23879161856.00 23891578880.00 23904096256.00 23916361728.00 23929217024.00 23941734400.00 23954538496.00 23966732288.00 23979077632.00 23991742464.00 24004392960.00 24016818176.00 24028991488.00 24042104832.00 24054532096.00 24067069952.00 24079720448.00 24092205056.00 24104744960.00 
24115802112.00 24129841152.00 24142354432.00 24154710016.00 24167383040.00 24179542016.00 24192720896.00 24204994560.00 24217462784.00 24230221824.00 24242528256.00 24254826496.00 24267712512.00 24280283136.00 24292831232.00 24305287168.00 24317640704.00 24330369024.00 24343013376.00 24355543040.00 
24367722496.00 24380549120.00 24393060352.00 24405739520.00 24418082816.00 24430706688.00 24443424768.00 24455811072.00 24468287488.00 24480913408.00 24492521472.00 24505968640.00 24518246400.00 24531060736.00 24543522816.00 24556038144.00 24568590336.00 24581339136.00 24593688576.00 24606269440.00 
24618065920.00 24631332864.00 24643835904.00 24656490496.00 24668887040.00 24681396224.00 24693948416.00 24706535424.00 24718751744.00 24731664384.00 24743933952.00 24756477952.00 24769093632.00 24781770752.00 24794126336.00 24806283264.00 24819109888.00 24831625216.00 24844236800.00 24856778752.00 
24868954112.00 24881866752.00 24894337024.00 24906799104.00 24919062528.00 24931753984.00 24944254976.00 24956751872.00 24969181184.00 24981665792.00 24993949696.00 25006514176.00 25018734592.00 25031184384.00 25043417088.00 25055492096.00 25067425792.00 25078972416.00 25089429504.00 25095720960.00 
end   dump: w
==END   DUMP_ARRAYS==
