==BEGIN DUMP_ARRAYS==
begin dump: w
0.00 0.00 0.00 0.00 0.00 0.00 0.00 0.00 0.00 0.00 0.00 0.00 0.00 0.00 0.00 0.00 0.00 0.00 0.00 0.00 
0.00 0.00 0.00 0.00 0.00 0.00 0.00 0.00 0.00 0.00 0.00 0.00 0.00 0.00 0.00 0.00 0.00 0.00 0.00 0.00 
0.00 0.00 0.00 0.00 0.00 0.00 0.00 0.00 0.00 0.00 0.00 0.00 0.00 0.00 0.00 0.00 0.00 0.00 0.00 0.00 
0.00 0.00 0.00 0.00 0.00 0.00 0.00 0.00 0.00 0.00 0.00 0.00 0.00 0.00 0.00 0.00 0.00 0.00 0.00 0.00 
0.00 0.00 0.00 0.00 0.00 0.00 0.00 0.00 0.00 0.00 0.00 0.00 0.00 0.00 0.00 0.00 0.00 0.00 0.00 0.00 
0.00 0.00 0.00 0.00 0.00 0.00 0.00 0.00 0.00 0.00 0.00 0.00 0.00 0.00 0.00 0.00 0.00 0.00 0.00 0.00 
0.00 0.00 0.00 0.00 0.00 0.00 0.00 0.00 0.00 0.00 0.00 0.00 0.00 0.00 0.00 0.00 0.00 0.00 0.00 0.00 
0.00 0.00 0.00 0.00 0.00 0.00 0.00 0.00 0.00 0.00 0.00 0.00 0.00 0.00 0.00 0.00 0.00 0.00 0.00 0.00 
0.00 0.00 0.00 0.00 0.00 0.00 0.00 0.00 0.00 0.00 0.00 0.00 0.00 0.00 0.00 0.00 0.00 0.00 0.00 0.00 
0.00 0.00 0.00 0.00 0.00 0.00 0.00 0.00 0.00 0.00 0.00 0.00 0.00 0.00 0.00 0.00 0.00 0.00 0.00 0.00 
0.00 0.00 0.00 0.00 0.00 0.00 0.00 0.00 0.00 0.00 0.00 0.00 0.00 0.00 0.00 0.00 0.00 0.00 0.00 0.00 
0.00 0.00 0.00 0.00 0.00 0.00 0.00 0.00 0.00 0.00 0.00 0.00 0.00 0.00 0.00 0.00 0.00 0.00 0.00 0.00 
0.00 0.00 0.00 0.00 0.00 0.00 0.00 0.00 0.00 0.00 0.00 0.00 0.00 0.00 0.00 0.00 0.00 0.00 0.00 0.00 
0.00 0.00 0.00 0.00 0.00 0.00 0.00 0.00 0.00 0.00 0.00 0.00 0.00 0.00 0.00 0.00 0.00 0.00 0.00 0.00 
0.00 0.00 0.00 0.00 0.00 0.00 0.00 0.00 0.00 0.00 0.00 0.00 0.00 0.00 0.00 0.00 0.00 0.00 0.00 0.00 
0.00 0.00 0.00 0.00 0.00 0.00 0.00 0.00 0.00 0.00 0.00 0.00 0.00 0.00 0.00 0.00 0.00 0.00 0.00 0.00 
0.00 0.00 0.00 0.00 0.00 0.00 0.00 0.00 0.00 0.00 0.00 0.00 0.00 0.00 0.00 0.00 0.00 0.00 0.00 0.00 
0.00 0.00 0.00 0.00 0.00 0.00 0.00 0.00 0.00 0.00 0.00 0.00 0.00 0.00 0.00 0.00 0.00 0.00 0.00 0.00 
0.00 0.00 0.00 0.00 0.00 0.00 0.00 0.00 0.00 0.00 0.00 0.00 0.00 0.00 0.00 0.00 0.00 0.00 0.00 0.00 
0.00 0.00 0.00 0.00 0.00 0.00 0.00 0.00 0.00 0.00 0.00 0.00 0.00 0.00 0.00 0.00 0.00 0.00 0.00 0.00 
0.00 0.00 0.00 0.00 0.00 0.00 0.00 0.00 0.00 0.00 0.00 0.00 0.00 0.00 0.00 0.00 0.00 0.00 0.00 0.00 
0.00 0.00 0.00 0.00 0.00 0.00 0.00 0.00 0.00 0.00 0.00 0.00 0.00 0.00 0.00 0.00 0.00 0.00 0.00 0.00 
0.00 0.00 0.00 0.00 0.00 0.00 0.00 0.00 0.00 0.00 0.00 0.00 0.00 0.00 0.00 0.00 0.00 0.00 0.00 0.00 
0.00 0.00 0.00 0.00 0.00 0.00 0.00 0.00 0.00 0.00 0.00 0.00 0.00 0.00 0.00 0.00 0.00 0.00 0.00 0.00 
0.00 0.00 0.00 0.00 0.00 0.00 0.00 0.00 0.00 0.00 0.00 0.00 0.00 0.00 0.00 0.00 0.00 0.00 0.00 0.00 
0.00 0.00 0.00 0.00 0.00 0.00 0.00 0.00 0.00 0.00 0.00 0.00 0.00 0.00 0.00 0.00 0.00 0.00 0.00 0.00 
0.00 0.00 0.00 0.00 0.00 0.00 0.00 0.00 0.00 0.00 0.00 0.00 0.00 0.00 0.00 0.00 0.00 0.00 0.00 0.00 
0.00 0.00 0.00 0.00 0.00 0.00 0.00 0.00 0.00 0.00 0.00 0.00 0.00 0.00 0.00 0.00 0.00 0.00 0.00 0.00 
0.00 0.00 0.00 0.00 0.00 0.00 0.00 0.00 0.00 0.00 0.00 0.00 0.00 0.00 0.00 0.00 0.00 0.00 0.00 0.00 
0.00 0.00 0.00 0.00 0.00 0.00 0.00 0.00 0.00 0.00 0.00 0.00 0.00 0.00 0.00 0.00 0.00 0.00 0.00 0.00 
0.00 0.00 0.00 0.00 0.00 0.00 0.00 0.00 0.00 0.00 0.00 0.00 0.00 0.00 0.00 0.00 0.00 0.00 0.00 0.00 
0.00 0.00 0.00 0.00 0.00 0.00 0.00 0.00 0.00 0.00 0.00 0.00 0.00 0.00 0.00 0.00 0.00 0.00 0.00 0.00 
0.00 0.00 0.00 0.00 0.00 0.00 0.00 0.00 0.00 0.00 0.00 0.00 0.00 0.00 0.00 0.00 0.00 0.00 0.00 0.00 
0.00 0.00 0.00 0.00 0.00 0.00 0.00 0.00 0.00 0.00 0.00 0.00 0.00 0.00 0.00 0.00 0.00 0.00 0.00 0.00 
0.00 0.00 0.00 0.00 0.00 0.00 0.00 0.00 0.00 0.00 0.00 0.00 0.00 0.00 0.00 0.00 0.00 0.00 0.00 0.00 
0.00 0.00 0.00 0.00 0.00 0.00 0.00 0.00 0.00 0.00 0.00 0.00 0.00 0.00 0.00 0.00 0.00 0.00 0.00 0.00 
0.00 0.00 0.00 0.00 0.00 0.00 0.00 0.00 0.00 0.00 0.00 0.00 0.00 0.00 0.00 0.00 0.00 0.00 0.00 0.00 
0.00 0.00 0.00 0.00 0.00 0.00 0.00 0.00 0.00 0.00 0.00 0.00 0.00 0.00 0.00 0.00 0.00 0.00 0.00 0.00 
0.00 0.00 0.00 0.00 0.00 0.00 0.00 0.00 0.00 0.00 0.00 0.00 0.00 0.00 0.00 0.00 0.00 0.00 0.00 0.00 
0.00 0.00 0.00 0.00 0.00 0.00 0.00 0.00 0.00 0.00 0.00 0.00 0.00 0.00 0.00 0.00 0.00 0.00 0.00 0.00 
0.00 0.00 0.00 0.00 0.00 0.00 0.00 0.00 0.00 0.00 0.00 0.00 0.00 0.00 0.00 0.00 0.00 0.00 0.00 0.00 
0.00 0.00 0.00 0.00 0.00 0.00 0.00 0.00 0.00 0.00 0.00 0.00 0.00 0.00 0.00 0.00 0.00 0.00 0.00 0.00 
0.00 0.00 0.00 0.00 0.00 0.00 0.00 0.00 0.00 0.00 0.00 0.00 0.00 0.00 0.00 0.00 0.00 0.00 0.00 0.00 
0.00 0.00 0.00 0.00 0.00 0.00 0.00 0.00 0.00 0.00 0.00 0.00 0.00 0.00 0.00 0.00 0.00 0.00 0.00 0.00 
0.00 0.00 0.00 0.00 0.00 0.00 0.00 0.00 0.00 0.00 0.00 0.00 0.00 0.00 0.00 0.00 0.00 0.00 0.00 0.00 
0.00 0.00 0.00 0.00 0.00 0.00 0.00 0.00 0.00 0.00 0.00 0.00 0.00 0.00 0.00 0.00 0.00 0.00 0.00 0.00 
0.00 0.00 0.00 0.00 0.00 0.00 0.00 0.00 0.00 0.00 0.00 0.00 0.00 0.00 0.00 0.00 0.00 0.00 0.00 0.00 
0.00 0.00 0.00 0.00 0.00 0.00 0.00 0.00 0.00 0.00 0.00 0.00 0.00 0.00 0.00 0.00 0.00 0.00 0.00 0.00 
0.00 0.00 0.00 0.00 0.00 0.00 0.00 0.00 0.00 0.00 0.00 0.00 0.00 0.00 0.00 0.00 0.00 0.00 0.00 0.00 
0.00 0.00 0.00 0.00 0.00 0.00 0.00 0.00 0.00 0.00 0.00 0.00 0.00 0.00 0.00 0.00 0.00 0.00 0.00 0.00 
0.00 0.00 0.00 0.00 0.00 0.00 0.00 0.00 0.00 0.00 0.00 0.00 0.00 0.00 0.00 0.00 0.00 0.00 0.00 0.00 
0.00 0.00 0.00 0.00 0.00 0.00 0.00 0.00 0.00 0.00 0.00 0.00 0.00 0.00 0.00 0.00 0.00 0.00 0.00 0.00 
0.00 0.00 0.00 0.00 0.00 0.00 0.00 0.00 0.00 0.00 0.00 0.00 0.00 0.00 0.00 0.00 0.00 0.00 0.00 0.00 
0.00 0.00 0.00 0.00 0.00 0.00 0.00 0.00 0.00 0.00 0.00 0.00 0.00 0.00 0.00 0.00 0.00 0.00 0.00 0.00 
0.00 0.00 0.00 0.00 0.00 0.00 0.00 0.00 0.00 0.00 0.00 0.00 0.00 0.00 0.00 0.00 0.00 0.00 0.00 0.00 
0.00 0.00 0.00 0.00 0.00 0.00 0.00 0.00 0.00 0.00 0.00 0.00 0.00 0.00 0.00 0.00 0.00 0.00 0.00 0.00 
0.00 0.00 0.00 0.00 0.00 0.00 0.00 0.00 0.00 0.00 0.00 0.00 0.00 0.00 0.00 0.00 0.00 0.00 0.00 0.00 
0.00 0.00 0.00 0.00 0.00 0.00 0.00 0.00 0.00 0.00 0.00 0.00 0.00 0.00 0.00 0.00 0.00 0.00 0.00 0.00 
0.00 0.00 0.00 0.00 0.00 0.00 0.00 0.00 0.00 0.00 0.00 0.00 0.00 0.00 0.00 0.00 0.00 0.00 0.00 0.00 
0.00 0.00 0.00 0.00 0.00 0.00 0.00 0.00 0.00 0.00 0.00 0.00 0.00 0.00 0.00 0.00 0.00 0.00 0.00 0.00 
0.00 0.00 0.00 0.00 0.00 0.00 0.00 0.00 0.00 0.00 0.00 0.00 0.00 0.00 0.00 0.00 0.00 0.00 0.00 0.00 
0.00 0.00 0.00 0.00 0.00 0.00 0.00 0.00 0.00 0.00 0.00 0.00 0.00 0.00 0.00 0.00 0.00 0.00 0.00 0.00 
0.00 0.00 0.00 0.00 0.00 0.00 0.00 0.00 0.00 0.00 0.00 0.00 0.00 0.00 0.00 0.00 0.00 0.00 0.00 0.00 
0.00 0.00 0.00 0.00 0.00 0.00 0.00 0.00 0.00 0.00 0.00 0.00 0.00 0.00 0.00 0.00 0.00 0.00 0.00 0.00 
0.00 0.00 0.00 0.00 0.00 0.00 0.00 0.00 0.00 0.00 0.00 0.00 0.00 0.00 0.00 0.00 0.00 0.00 0.00 0.00 
0.00 0.00 0.00 0.00 0.00 0.00 0.00 0.00 0.00 0.00 0.00 0.00 0.00 0.00 0.00 0.00 0.00 0.00 0.00 0.00 
0.00 0.00 0.00 0.00 0.00 0.00 0.00 0.00 0.00 0.00 0.00 0.00 0.00 0.00 0.00 0.00 0.00 0.00 0.00 0.00 
0.00 0.00 0.00 0.00 0.00 0.00 0.00 0.00 0.00 0.00 0.00 0.00 0.00 0.00 0.00 0.00 0.00 0.00 0.00 0.00 
0.00 0.00 0.00 0.00 0.00 0.00 0.00 0.00 0.00 0.00 0.00 0.00 0.00 0.00 0.00 0.00 0.00 0.00 0.00 0.00 
0.00 0.00 0.00 0.00 0.00 0.00 0.00 0.00 0.00 0.00 0.00 0.00 0.00 0.00 0.00 0.00 0.00 0.00 0.00 0.00 
0.00 0.00 0.00 0.00 0.00 0.00 0.00 0.00 0.00 0.00 0.00 0.00 0.00 0.00 0.00 0.00 0.00 0.00 0.00 0.00 
0.00 0.00 0.00 0.00 0.00 0.00 0.00 0.00 0.00 0.00 0.00 0.00 0.00 0.00 0.00 0.00 0.00 0.00 0.00 0.00 
0.00 0.00 0.00 0.00 0.00 0.00 0.00 0.00 0.00 0.00 0.00 0.00 0.00 0.00 0.00 0.00 0.00 0.00 0.00 0.00 
0.00 0.00 0.00 0.00 0.00 0.00 0.00 0.00 0.00 0.00 0.00 0.00 0.00 0.00 0.00 0.00 0.00 0.00 0.00 0.00 
0.00 0.00 0.00 0.00 0.00 0.00 0.00 0.00 0.00 0.00 0.00 0.00 0.00 0.00 0.00 0.00 0.00 0.00 0.00 0.00 
0.00 0.00 0.00 0.00 0.00 0.00 0.00 0.00 0.00 0.00 0.00 0.00 0.00 0.00 0.00 0.00 0.00 0.00 0.00 0.00 
0.00 0.00 0.00 0.00 0.00 0.00 0.00 0.00 0.00 0.00 0.00 0.00 0.00 0.00 0.00 0.00 0.00 0.00 0.00 0.00 
0.00 0.00 0.00 0.00 0.00 0.00 0.00 0.00 0.00 0.00 0.00 0.00 0.00 0.00 0.00 0.00 0.00 0.00 0.00 0.00 
0.00 0.00 0.00 0.00 0.00 0.00 0.00 0.00 0.00 0.00 0.00 0.00 0.00 0.00 0.00 0.00 0.00 0.00 0.00 0.00 
0.00 0.00 0.00 0.00 0.00 0.00 0.00 0.00 0.00 0.00 0.00 0.00 0.00 0.00 0.00 0.00 0.00 0.00 0.00 0.00 
0.00 0.00 0.00 0.00 0.00 0.00 0.00 0.00 0.00 0.00 0.00 0.00 0.00 0.00 0.00 0.00 0.00 0.00 0.00 0.00 
0.00 0.00 0.00 0.00 0.00 0.00 0.00 0.00 0.00 0.00 0.00 0.00 0.00 0.00 0.00 0.00 0.00 0.00 0.00 0.00 
0.00 0.00 0.00 0.00 0.00 0.00 0.00 0.00 0.00 0.00 0.00 0.00 0.00 0.00 0.00 0.00 0.00 0.00 0.00 0.00 
0.00 0.00 0.00 0.00 0.00 0.00 0.00 0.00 0.00 0.00 0.00 0.00 0.00 0.00 0.00 0.00 0.00 0.00 0.00 0.00 
0.00 0.00 0.00 0.00 0.00 0.00 0.00 0.00 0.00 0.00 0.00 0.00 0.00 0.00 0.00 0.00 0.00 0.00 0.00 0.00 
0.00 0.00 0.00 0.00 0.00 0.00 0.00 0.00 0.00 0.00 0.00 0.00 0.00 0.00 0.00 0.00 0.00 0.00 0.00 0.00 
0.00 0.00 0.00 0.00 0.00 0.00 0.00 0.00 0.00 0.00 0.00 0.00 0.00 0.00 0.00 0.00 0.00 0.00 0.00 0.00 
0.00 0.00 0.00 0.00 0.00 0.00 0.00 0.00 0.00 0.00 0.00 0.00 0.00 0.00 0.00 0.00 0.00 0.00 0.00 0.00 
0.00 0.00 0.00 0.00 0.00 0.00 0.00 0.00 0.00 0.00 0.00 0.00 0.00 0.00 0.00 0.00 0.00 0.00 0.00 0.00 
0.00 0.00 0.00 0.00 0.00 0.00 0.00 0.00 0.00 0.00 0.00 0.00 0.00 0.00 0.00 0.00 0.00 0.00 0.00 0.00 
0.00 0.00 0.00 0.00 0.00 0.00 0.00 0.00 0.00 0.00 0.00 0.00 0.00 0.00 0.00 0.00 0.00 0.00 0.00 0.00 
0.00 0.00 0.00 0.00 0.00 0.00 0.00 0.00 0.00 0.00 0.00 0.00 0.00 0.00 0.00 0.00 0.00 0.00 0.00 0.00 
0.00 0.00 0.00 0.00 0.00 0.00 0.00 0.00 0.00 0.00 0.00 0.00 0.00 0.00 0.00 0.00 0.00 0.00 0.00 0.00 
0.00 0.00 0.00 0.00 0.00 0.00 0.00 0.00 0.00 0.00 0.00 0.00 0.00 0.00 0.00 0.00 0.00 0.00 0.00 0.00 
0.00 0.00 0.00 0.00 0.00 0.00 0.00 0.00 0.00 0.00 0.00 0.00 0.00 0.00 0.00 0.00 0.00 0.00 0.00 0.00 
0.00 0.00 0.00 0.00 0.00 0.00 0.00 0.00 0.00 0.00 0.00 0.00 0.00 0.00 0.00 0.00 0.00 0.00 0.00 0.00 
0.00 0.00 0.00 0.00 0.00 0.00 0.00 0.00 0.00 0.00 0.00 0.00 0.00 0.00 0.00 0.00 0.00 0.00 0.00 0.00 
0.00 0.00 0.00 0.00 0.00 0.00 0.00 0.00 0.00 0.00 0.00 0.00 0.00 0.00 0.00 0.00 0.00 0.00 0.00 0.00 
0.00 0.00 0.00 0.00 0.00 0.00 0.00 0.00 0.00 0.00 0.00 0.00 0.00 0.00 0.00 0.00 0.00 0.00 0.00 0.00 
0.00 0.00 0.00 0.00 0.00 0.00 0.00 0.00 0.00 0.00 0.00 0.00 0.00 0.00 0.00 0.00 0.00 0.00 0.00 0.00 
0.00 0.00 0.00 0.00 0.00 0.00 0.00 0.00 0.00 0.00 0.00 0.00 0.00 0.00 0.00 0.00 0.00 0.00 0.00 0.00 
0.00 0.00 0.00 0.00 0.00 0.00 0.00 0.00 0.00 0.00 0.00 0.00 0.00 0.00 0.00 0.00 0.00 0.00 0.00 0.00 
0.00 0.00 0.00 0.00 0.00 0.00 0.00 0.00 0.00 0.00 0.00 0.00 0.00 0.00 0.00 0.00 0.00 0.00 0.00 0.00 
0.00 0.00 0.00 0.00 0.00 0.00 0.00 0.00 0.00 0.00 0.00 0.00 0.00 0.00 0.00 0.00 0.00 0.00 0.00 0.00 
0.00 0.00 0.00 0.00 0.00 0.00 0.00 0.00 0.00 0.00 0.00 0.00 0.00 0.00 0.00 0.00 0.00 0.00 0.00 0.00 
0.00 0.00 0.00 0.00 0.00 0.00 0.00 0.00 0.00 0.00 0.00 0.00 0.00 0.00 0.00 0.00 0.00 0.00 0.00 0.00 
0.00 0.00 0.00 0.00 0.00 0.00 0.00 0.00 0.00 0.00 0.00 0.00 0.00 0.00 0.00 0.00 0.00 0.00 0.00 0.00 
0.00 0.00 0.00 0.00 0.00 0.00 0.00 0.00 0.00 0.00 0.00 0.00 0.00 0.00 0.00 0.00 0.00 0.00 0.00 0.00 
0.00 0.00 0.00 0.00 0.00 0.00 0.00 0.00 0.00 0.00 0.00 0.00 0.00 0.00 0.00 0.00 0.00 0.00 0.00 0.00 
0.00 0.00 0.00 0.00 0.00 0.00 0.00 0.00 0.00 0.00 0.00 0.00 0.00 0.00 0.00 0.00 0.00 0.00 0.00 0.00 
0.00 0.00 0.00 0.00 0.00 0.00 0.00 0.00 0.00 0.00 0.00 0.00 0.00 0.00 0.00 0.00 0.00 0.00 0.00 0.00 
0.00 0.00 0.00 0.00 0.00 0.00 0.00 0.00 0.00 0.00 0.00 0.00 0.00 0.00 0.00 0.00 0.00 0.00 0.00 0.00 
0.00 0.00 0.00 0.00 0.00 0.00 0.00 0.00 0.00 0.00 0.00 0.00 0.00 0.00 0.00 0.00 0.00 0.00 0.00 0.00 
0.00 0.00 0.00 0.00 0.00 0.00 0.00 0.00 0.00 0.00 0.00 0.00 0.00 0.00 0.00 0.00 0.00 0.00 0.00 0.00 
0.00 0.00 0.00 0.00 0.00 0.00 0.00 0.00 0.00 0.00 0.00 0.00 0.00 0.00 0.00 0.00 0.00 0.00 0.00 0.00 
0.00 0.00 0.00 0.00 0.00 0.00 0.00 0.00 0.00 0.00 0.00 0.00 0.00 0.00 0.00 0.00 0.00 0.00 0.00 0.00 
0.00 0.00 0.00 0.00 0.00 0.00 0.00 0.00 0.00 0.00 0.00 0.00 0.00 0.00 0.00 0.00 0.00 0.00 0.00 0.00 
0.00 0.00 0.00 0.00 0.00 0.00 0.00 0.00 0.00 0.00 0.00 0.00 0.00 0.00 0.00 0.00 0.00 0.00 0.00 0.00 
0.00 0.00 0.00 0.00 0.00 0.00 0.00 0.00 0.00 0.00 0.00 0.00 0.00 0.00 0.00 0.00 0.00 0.00 0.00 0.00 
0.00 0.00 0.00 0.00 0.00 0.00 0.00 0.00 0.00 0.00 0.00 0.00 0.00 0.00 0.00 0.00 0.00 0.00 0.00 0.00 
0.00 0.00 0.00 0.00 0.00 0.00 0.00 0.00 0.00 0.00 0.00 0.00 0.00 0.00 0.00 0.00 0.00 0.00 0.00 0.00 
0.00 0.00 0.00 0.00 0.00 0.00 0.00 0.00 0.00 0.00 0.00 0.00 0.00 0.00 0.00 0.00 0.00 0.00 0.00 0.00 
0.00 0.00 0.00 0.00 0.00 0.00 0.00 0.00 0.00 0.00 0.00 0.00 0.00 0.00 0.00 0.00 0.00 0.00 0.00 0.00 
0.00 0.00 0.00 0.00 0.00 0.00 0.00 0.00 0.00 0.00 0.00 0.00 0.00 0.00 0.00 0.00 0.00 0.00 0.00 0.00 
0.00 0.00 0.00 0.00 0.00 0.00 0.00 0.00 0.00 0.00 0.00 0.00 0.00 0.00 0.00 0.00 0.00 0.00 0.00 0.00 
0.00 0.00 0.00 0.00 0.00 0.00 0.00 0.00 0.00 0.00 0.00 0.00 0.00 0.00 0.00 0.00 0.00 0.00 0.00 0.00 
0.00 0.00 0.00 0.00 0.00 0.00 0.00 0.00 0.00 0.00 0.00 0.00 0.00 0.00 0.00 0.00 0.00 0.00 0.00 0.00 
0.00 0.00 0.00 0.00 0.00 0.00 0.00 0.00 0.00 0.00 0.00 0.00 0.00 0.00 0.00 0.00 0.00 0.00 0.00 0.00 
0.00 0.00 0.00 0.00 0.00 0.00 0.00 0.00 0.00 0.00 0.00 0.00 0.00 0.00 0.00 0.00 0.00 0.00 0.00 0.00 
0.00 0.00 0.00 0.00 0.00 0.00 0.00 0.00 0.00 0.00 0.00 0.00 0.00 0.00 0.00 0.00 0.00 0.00 0.00 0.00 
0.00 0.00 0.00 0.00 0.00 0.00 0.00 0.00 0.00 0.00 0.00 0.00 0.00 0.00 0.00 0.00 0.00 0.00 0.00 0.00 
0.00 0.00 0.00 0.00 0.00 0.00 0.00 0.00 0.00 0.00 0.00 0.00 0.00 0.00 0.00 0.00 0.00 0.00 0.00 0.00 
0.00 0.00 0.00 0.00 0.00 0.00 0.00 0.00 0.00 0.00 0.00 0.00 0.00 0.00 0.00 0.00 0.00 0.00 0.00 0.00 
0.00 0.00 0.00 0.00 0.00 0.00 0.00 0.00 0.00 0.00 0.00 0.00 0.00 0.00 0.00 0.00 0.00 0.00 0.00 0.00 
0.00 0.00 0.00 0.00 0.00 0.00 0.00 0.00 0.00 0.00 0.00 0.00 0.00 0.00 0.00 0.00 0.00 0.00 0.00 0.00 
0.00 0.00 0.00 0.00 0.00 0.00 0.00 0.00 0.00 0.00 0.00 0.00 0.00 0.00 0.00 0.00 0.00 0.00 0.00 0.00 
0.00 0.00 0.00 0.00 0.00 0.00 0.00 0.00 0.00 0.00 0.00 0.00 0.00 0.00 0.00 0.00 0.00 0.00 0.00 0.00 
0.00 0.00 0.00 0.00 0.00 0.00 0.00 0.00 0.00 0.00 0.00 0.00 0.00 0.00 0.00 0.00 0.00 0.00 0.00 0.00 
0.00 0.00 0.00 0.00 0.00 0.00 0.00 0.00 0.00 0.00 0.00 0.00 0.00 0.00 0.00 0.00 0.00 0.00 0.00 0.00 
0.00 0.00 0.00 0.00 0.00 0.00 0.00 0.00 0.00 0.00 0.00 0.00 0.00 0.00 0.00 0.00 0.00 0.00 0.00 0.00 
0.00 0.00 0.00 0.00 0.00 0.00 0.00 0.00 0.00 0.00 0.00 0.00 0.00 0.00 0.00 0.00 0.00 0.00 0.00 0.00 
0.00 0.00 0.00 0.00 0.00 0.00 0.00 0.00 0.00 0.00 0.00 0.00 0.00 0.00 0.00 0.00 0.00 0.00 0.00 0.00 
0.00 0.00 0.00 0.00 0.00 0.00 0.00 0.00 0.00 0.00 0.00 0.00 0.00 0.00 0.00 0.00 0.00 0.00 0.00 0.00 
0.00 0.00 0.00 0.00 0.00 0.00 0.00 0.00 0.00 0.00 0.00 0.00 0.00 0.00 0.00 0.00 0.00 0.00 0.00 0.00 
0.00 0.00 0.00 0.00 0.00 0.00 0.00 0.00 0.00 0.00 0.00 0.00 0.00 0.00 0.00 0.00 0.00 0.00 0.00 0.00 
0.00 0.00 0.00 0.00 0.00 0.00 0.00 0.00 0.00 0.00 0.00 0.00 0.00 0.00 0.00 0.00 0.00 0.00 0.00 0.00 
0.00 0.00 0.00 0.00 0.00 0.00 0.00 0.00 0.00 0.00 0.00 0.00 0.00 0.00 0.00 0.00 0.00 0.00 0.00 0.00 
0.00 0.00 0.00 0.00 0.00 0.00 0.00 0.00 0.00 0.00 0.00 0.00 0.00 0.00 0.00 0.00 0.00 0.00 0.00 0.00 
0.00 0.00 0.00 0.00 0.00 0.00 0.00 0.00 0.00 0.00 0.00 0.00 0.00 0.00 0.00 0.00 0.00 0.00 0.00 0.00 
0.00 0.00 0.00 0.00 0.00 0.00 0.00 0.00 0.00 0.00 0.00 0.00 0.00 0.00 0.00 0.00 0.00 0.00 0.00 0.00 
0.00 0.00 0.00 0.00 0.00 0.00 0.00 0.00 0.00 0.00 0.00 0.00 0.00 0.00 0.00 0.00 0.00 0.00 0.00 0.00 
0.00 0.00 0.00 0.00 0.00 0.00 0.00 0.00 0.00 0.00 0.00 0.00 0.00 0.00 0.00 0.00 0.00 0.00 0.00 0.00 
0.00 0.00 0.00 0.00 0.00 0.00 0.00 0.00 0.00 0.00 0.00 0.00 0.00 0.00 0.00 0.00 0.00 0.00 0.00 0.00 
0.00 0.00 0.00 0.00 0.00 0.00 0.00 0.00 0.00 0.00 0.00 0.00 0.00 0.00 0.00 0.00 0.00 0.00 0.00 0.00 
0.00 0.00 0.00 0.00 0.00 0.00 0.00 0.00 0.00 0.00 0.00 0.00 0.00 0.00 0.00 0.00 0.00 0.00 0.00 0.00 
0.00 0.00 0.00 0.00 0.00 0.00 0.00 0.00 0.00 0.00 0.00 0.00 0.00 0.00 0.00 0.00 0.00 0.00 0.00 0.00 
0.00 0.00 0.00 0.00 0.00 0.00 0.00 0.00 0.00 0.00 0.00 0.00 0.00 0.00 0.00 0.00 0.00 0.00 0.00 0.00 
0.00 0.00 0.00 0.00 0.00 0.00 0.00 0.00 0.00 0.00 0.00 0.00 0.00 0.00 0.00 0.00 0.00 0.00 0.00 0.00 
0.00 0.00 0.00 0.00 0.00 0.00 0.00 0.00 0.00 0.00 0.00 0.00 0.00 0.00 0.00 0.00 0.00 0.00 0.00 0.00 
0.00 0.00 0.00 0.00 0.00 0.00 0.00 0.00 0.00 0.00 0.00 0.00 0.00 0.00 0.00 0.00 0.00 0.00 0.00 0.00 
0.00 0.00 0.00 0.00 0.00 0.00 0.00 0.00 0.00 0.00 0.00 0.00 0.00 0.00 0.00 0.00 0.00 0.00 0.00 0.00 
0.00 0.00 0.00 0.00 0.00 0.00 0.00 0.00 0.00 0.00 0.00 0.00 0.00 0.00 0.00 0.00 0.00 0.00 0.00 0.00 
0.00 0.00 0.00 0.00 0.00 0.00 0.00 0.00 0.00 0.00 0.00 0.00 0.00 0.00 0.00 0.00 0.00 0.00 0.00 0.00 
0.00 0.00 0.00 0.00 0.00 0.00 0.00 0.00 0.00 0.00 0.00 0.00 0.00 0.00 0.00 0.00 0.00 0.00 0.00 0.00 
0.00 0.00 0.00 0.00 0.00 0.00 0.00 0.00 0.00 0.00 0.00 0.00 0.00 0.00 0.00 0.00 0.00 0.00 0.00 0.00 
0.00 0.00 0.00 0.00 0.00 0.00 0.00 0.00 0.00 0.00 0.00 0.00 0.00 0.00 0.00 0.00 0.00 0.00 0.00 0.00 
0.00 0.00 0.00 0.00 0.00 0.00 0.00 0.00 0.00 0.00 0.00 0.00 0.00 0.00 0.00 0.00 0.00 0.00 0.00 0.00 
0.00 0.00 0.00 0.00 0.00 0.00 0.00 0.00 0.00 0.00 0.00 0.00 0.00 0.00 0.00 0.00 0.00 0.00 0.00 0.00 
0.00 0.00 0.00 0.00 0.00 0.00 0.00 0.00 0.00 0.00 0.00 0.00 0.00 0.00 0.00 0.00 0.00 0.00 0.00 0.00 
0.00 0.00 0.00 0.00 0.00 0.00 0.00 0.00 0.00 0.00 0.00 0.00 0.00 0.00 0.00 0.00 0.00 0.00 0.00 0.00 
0.00 0.00 0.00 0.00 0.00 0.00 0.00 0.00 0.00 0.00 0.00 0.00 0.00 0.00 0.00 0.00 0.00 0.00 0.00 0.00 
0.00 0.00 0.00 0.00 0.00 0.00 0.00 0.00 0.00 0.00 0.00 0.00 0.00 0.00 0.00 0.00 0.00 0.00 0.00 0.00 
0.00 0.00 0.00 0.00 0.00 0.00 0.00 0.00 0.00 0.00 0.00 0.00 0.00 0.00 0.00 0.00 0.00 0.00 0.00 0.00 
0.00 0.00 0.00 0.00 0.00 0.00 0.00 0.00 0.00 0.00 0.00 0.00 0.00 0.00 0.00 0.00 0.00 0.00 0.00 0.00 
0.00 0.00 0.00 0.00 0.00 0.00 0.00 0.00 0.00 0.00 0.00 0.00 0.00 0.00 0.00 0.00 0.00 0.00 0.00 0.00 
0.00 0.00 0.00 0.00 0.00 0.00 0.00 0.00 0.00 0.00 0.00 0.00 0.00 0.00 0.00 0.00 0.00 0.00 0.00 0.00 
0.00 0.00 0.00 0.00 0.00 0.00 0.00 0.00 0.00 0.00 0.00 0.00 0.00 0.00 0.00 0.00 0.00 0.00 0.00 0.00 
0.00 0.00 0.00 0.00 0.00 0.00 0.00 0.00 0.00 0.00 0.00 0.00 0.00 0.00 0.00 0.00 0.00 0.00 0.00 0.00 
0.00 0.00 0.00 0.00 0.00 0.00 0.00 0.00 0.00 0.00 0.00 0.00 0.00 0.00 0.00 0.00 0.00 0.00 0.00 0.00 
0.00 0.00 0.00 0.00 0.00 0.00 0.00 0.00 0.00 0.00 0.00 0.00 0.00 0.00 0.00 0.00 0.00 0.00 0.00 0.00 
0.00 0.00 0.00 0.00 0.00 0.00 0.00 0.00 0.00 0.00 0.00 0.00 0.00 0.00 0.00 0.00 0.00 0.00 0.00 0.00 
0.00 0.00 0.00 0.00 0.00 0.00 0.00 0.00 0.00 0.00 0.00 0.00 0.00 0.00 0.00 0.00 0.00 0.00 0.00 0.00 
0.00 0.00 0.00 0.00 0.00 0.00 0.00 0.00 0.00 0.00 0.00 0.00 0.00 0.00 0.00 0.00 0.00 0.00 0.00 0.00 
0.00 0.00 0.00 0.00 0.00 0.00 0.00 0.00 0.00 0.00 0.00 0.00 0.00 0.00 0.00 0.00 0.00 0.00 0.00 0.00 
0.00 0.00 0.00 0.00 0.00 0.00 0.00 0.00 0.00 0.00 0.00 0.00 0.00 0.00 0.00 0.00 0.00 0.00 0.00 0.00 
0.00 0.00 0.00 0.00 0.00 0.00 0.00 0.00 0.00 0.00 0.00 0.00 0.00 0.00 0.00 0.00 0.00 0.00 0.00 0.00 
0.00 0.00 0.00 0.00 0.00 0.00 0.00 0.00 0.00 0.00 0.00 0.00 0.00 0.00 0.00 0.00 0.00 0.00 0.00 0.00 
0.00 0.00 0.00 0.00 0.00 0.00 0.00 0.00 0.00 0.00 0.00 0.00 0.00 0.00 0.00 0.00 0.00 0.00 0.00 0.00 
0.00 0.00 0.00 0.00 0.00 0.00 0.00 0.00 0.00 0.00 0.00 0.00 0.00 0.00 0.00 0.00 0.00 0.00 0.00 0.00 
0.00 0.00 0.00 0.00 0.00 0.00 0.00 0.00 0.00 0.00 0.00 0.00 0.00 0.00 0.00 0.00 0.00 0.00 0.00 0.00 
0.00 0.00 0.00 0.00 0.00 0.00 0.00 0.00 0.00 0.00 0.00 0.00 0.00 0.00 0.00 0.00 0.00 0.00 0.00 0.00 
0.00 0.00 0.00 0.00 0.00 0.00 0.00 0.00 0.00 0.00 0.00 0.00 0.00 0.00 0.00 0.00 0.00 0.00 0.00 0.00 
0.00 0.00 0.00 0.00 0.00 0.00 0.00 0.00 0.00 0.00 0.00 0.00 0.00 0.00 0.00 0.00 0.00 0.00 0.00 0.00 
0.00 0.00 0.00 0.00 0.00 0.00 0.00 0.00 0.00 0.00 0.00 0.00 0.00 0.00 0.00 0.00 0.00 0.00 0.00 0.00 
0.00 0.00 0.00 0.00 0.00 0.00 0.00 0.00 0.00 0.00 0.00 0.00 0.00 0.00 0.00 0.00 0.00 0.00 0.00 0.00 
0.00 0.00 0.00 0.00 0.00 0.00 0.00 0.00 0.00 0.00 0.00 0.00 0.00 0.00 0.00 0.00 0.00 0.00 0.00 0.00 
0.00 0.00 0.00 0.00 0.00 0.00 0.00 0.00 0.00 0.00 0.00 0.00 0.00 0.00 0.00 0.00 0.00 0.00 0.00 0.00 
0.00 0.00 0.00 0.00 0.00 0.00 0.00 0.00 0.00 0.00 0.00 0.00 0.00 0.00 0.00 0.00 0.00 0.00 0.00 0.00 
0.00 0.00 0.00 0.00 0.00 0.00 0.00 0.00 0.00 0.00 0.00 0.00 0.00 0.00 0.00 0.00 0.00 0.00 0.00 0.00 
0.00 0.00 0.00 0.00 0.00 0.00 0.00 0.00 0.00 0.00 0.00 0.00 0.00 0.00 0.00 0.00 0.00 0.00 0.00 0.00 
end   dump: w
==END   DUMP_ARRAYS==
==BEGIN DUMP_ARRAYS==
begin dump: w
8346.50 500656928.00 550743872.00 634300160.00 725923840.00 821014976.00 918089792.00 1015954048.00 1113787392.00 1213137536.00 1311469312.00 1411443968.00 1510570880.00 1610315904.00 1709901568.00 1809362560.00 1908268416.00 2009175552.00 2108915456.00 2208740352.00 
2307385600.00 2408932352.00 2508680704.00 2608871680.00 2708132864.00 2806840576.00 2908674560.00 3008545280.00 3108597504.00 3209046528.00 3308117504.00 3408167680.00 3506604544.00 3608931584.00 3709092352.00 3808844800.00 3908871936.00 4009222144.00 4109271296.00 4209514240.00 
4306711552.00 4409717760.00 4509801472.00 4608967680.00 4710052864.00 4810052096.00 4910735360.00 5010270208.00 5109407744.00 5210699264.00 5307120640.00 5410845696.00 5511083008.00 5611323392.00 5710979584.00 5811192832.00 5911089152.00 6011650048.00 6112433664.00 6212273152.00 
6310723584.00 6412103168.00 6512030720.00 6613266944.00 6710365184.00 6812441088.00 6912805888.00 7013025280.00 7113135104.00 7214196224.00 7312783360.00 7413164544.00 7513278464.00 7614165504.00 7713683968.00 7812467712.00 7914236928.00 8014965760.00 8114715648.00 8214939136.00 
8309116416.00 8415203328.00 8515276288.00 8615481344.00 8715448320.00 8815148032.00 8915418112.00 9017117696.00 9115803648.00 9216837632.00 9315948544.00 9417252864.00 9516865536.00 9614787584.00 9717131264.00 9816878080.00 9915184128.00 10017666048.00 10117836800.00 10217791488.00 
10310685696.00 10418108416.00 10518277120.00 10618310656.00 10718316544.00 10818411520.00 10919093248.00 11019254784.00 11118538752.00 11219537920.00 11318979584.00 11419206656.00 11518927872.00 11620672512.00 11720053760.00 11820219392.00 11920714752.00 12020660224.00 12121139200.00 12221139968.00 
12318342144.00 12421101568.00 12521555968.00 12621461504.00 12721542144.00 12812763136.00 12922522624.00 13023916032.00 13120201728.00 13219581952.00 13322229760.00 13422889984.00 13522957312.00 13623120896.00 13723547648.00 13823389696.00 13923305472.00 14024196096.00 14125726720.00 14224684032.00 
14323046400.00 14424515584.00 14524424192.00 14625824768.00 14724055040.00 14825010176.00 14925680640.00 15025418240.00 15124705280.00 15226263552.00 15322423296.00 15426865152.00 15525969920.00 15626022912.00 15727578112.00 15826608128.00 15926926336.00 16027470848.00 16127355904.00 16227535872.00 
16315788288.00 16428038144.00 16528039936.00 16628122624.00 16728177664.00 16828323840.00 16928461824.00 17029448704.00 17128549376.00 17227886592.00 17328533504.00 17429540864.00 17529231360.00 17629693952.00 17732022272.00 17828466688.00 17929250816.00 18031302656.00 18130722816.00 18230568960.00 
18329524224.00 18431361024.00 18532300800.00 18631004160.00 18731227136.00 18831554560.00 18930812928.00 19032098816.00 19132049408.00 19232557056.00 19331543040.00 19433117696.00 19530706944.00 19633242112.00 19733276672.00 19832733696.00 19933319168.00 20033640448.00 20133373952.00 20233480192.00 
20319303680.00 20434178048.00 20534165504.00 20634830848.00 20734638080.00 20834330624.00 20935030784.00 21035511808.00 21134426112.00 21235742720.00 21334790144.00 21436616704.00 21536122880.00 21636362240.00 21736622080.00 21836296192.00 21936089088.00 22037164032.00 22137012224.00 22237216768.00 
22336049152.00 22437984256.00 22536507392.00 22638637056.00 22735988736.00 22836631552.00 22938693632.00 23038767104.00 23138643968.00 23239022592.00 23338532864.00 23439196160.00 23539081216.00 23638708224.00 23739553792.00 23838603264.00 23940374528.00 24040368128.00 24140374016.00 24240846848.00 
24334927872.00 24441341952.00 24541032448.00 24641599488.00 24741359616.00 24841658368.00 24941594624.00 25042149376.00 25141456896.00 25242013696.00 25323769856.00 25442932736.00 25542848512.00 25643061248.00 25743824896.00 25842989056.00 25941159936.00 26043521024.00 26142201856.00 26244636672.00 
26342686720.00 26444480512.00 26544197632.00 26644563968.00 26744135680.00 26844471296.00 26944471040.00 27046555648.00 27145480192.00 27245709312.00 27345156096.00 27445700608.00 27544975360.00 27646652416.00 27746945024.00 27844747264.00 27947331584.00 28046942208.00 28147152896.00 28246523904.00 
28344471552.00 28447737856.00 28547586048.00 28647819264.00 28747558912.00 28847300608.00 28950056960.00 29049278464.00 29146580992.00 29249046528.00 29348556800.00 29449615360.00 29549273088.00 29649807360.00 29749477376.00 29849550848.00 29949163520.00 30050449408.00 30150486016.00 30250479616.00 
30343256064.00 30450780160.00 30551187456.00 30650486784.00 30750191616.00 30851106816.00 30951186432.00 31051296768.00 31153700864.00 31252508672.00 31351889920.00 31452626944.00 31552221184.00 31652814848.00 31753185280.00 31852986368.00 31953442816.00 32053530624.00 32153724928.00 32253681664.00 
32342110208.00 32454541312.00 32554326016.00 32654727168.00 32754321408.00 32853080064.00 32954933248.00 33055217664.00 33154885632.00 33255133184.00 33354905600.00 33455542272.00 33555302400.00 33654247424.00 33757292544.00 33856598016.00 33955784704.00 34057263104.00 34156390400.00 34258855936.00 
34355873792.00 34457489408.00 34557497344.00 34658344960.00 34757427200.00 34858016768.00 34958213120.00 35058323456.00 35159441408.00 35259518976.00 35355336704.00 35459379200.00 35556958208.00 35660886016.00 35759951872.00 35859402752.00 35959705600.00 36060057600.00 36160139264.00 36260950016.00 
36357574656.00 36460552192.00 36560674816.00 36659838976.00 36763324416.00 36861730816.00 36961591296.00 37062201344.00 37160992768.00 37261852672.00 37361639424.00 37462519808.00 37561966592.00 37662912512.00 37762920448.00 37853818880.00 37962776576.00 38063460352.00 38163623936.00 38263840768.00 
38362357760.00 38468825088.00 38564306944.00 38664962048.00 38762323968.00 38864478208.00 38965006336.00 39064125440.00 39165059072.00 39265525760.00 39364730880.00 39465877504.00 39565230080.00 39666012160.00 39766110208.00 39865880576.00 39966060544.00 40066519040.00 40166240256.00 40266027008.00 
40337264640.00 40468172800.00 40567795712.00 40668045312.00 40767746048.00 40867778560.00 40968359936.00 41068568576.00 41167970304.00 41268920320.00 41368162304.00 41469304832.00 41569083392.00 41669226496.00 41770041344.00 41869479936.00 41967669248.00 42070212608.00 42170368000.00 42270265344.00 
42369024000.00 42465611776.00 42571038720.00 42671087616.00 42770788352.00 42869624832.00 42971533312.00 43071655936.00 43171594240.00 43272286208.00 43371536384.00 43472355328.00 43571347456.00 43672989696.00 43772850176.00 43872890880.00 43972882432.00 44073574400.00 44173451264.00 44273074176.00 
44370751488.00 44473827328.00 44573933568.00 44673884160.00 44771704832.00 44876627968.00 44975697920.00 45075492864.00 45173202944.00 45276061696.00 45372104704.00 45475942400.00 45575892992.00 45676236800.00 45776265216.00 45876224000.00 45976129536.00 46076272640.00 46176624640.00 46275538944.00 
46375755776.00 46477172736.00 46577680384.00 46677880832.00 46776799232.00 46877396992.00 46977732608.00 47077916672.00 47178240000.00 47278657536.00 47377723392.00 47479734272.00 47578828800.00 47679365120.00 47779528704.00 47877996544.00 47979446272.00 48079908864.00 48180420608.00 48280309760.00 
48368562176.00 48480534528.00 48580878336.00 48681046016.00 48780898304.00 48881557504.00 48981835776.00 49081753600.00 49181503488.00 49282203648.00 49381552128.00 49482309632.00 49582247936.00 49682714624.00 49782714368.00 49882529792.00 49981792256.00 50082869248.00 50182889472.00 50282221568.00 
50346352640.00 50485530624.00 50584846336.00 50685394944.00 50784395264.00 50884681728.00 50984931328.00 51084808192.00 51185430528.00 51285217280.00 51384967168.00 51485757440.00 51583631360.00 51686518784.00 51786153984.00 51886084096.00 51985612800.00 52086259712.00 52187062272.00 52287143936.00 
52384219136.00 52487036928.00 52588105728.00 52687544320.00 52787634176.00 52886261760.00 52988129280.00 53088530432.00 53187305472.00 53288521728.00 53388066816.00 53489152000.00 53588656128.00 53688049664.00 53790015488.00 53889503232.00 53989392384.00 54090027008.00 54189924352.00 54289739776.00 
54388981760.00 54490771456.00 54590693376.00 54691074048.00 54788788224.00 54890651648.00 54991777792.00 55090970624.00 55191818240.00 55290114048.00 55388483584.00 55492210688.00 55592329216.00 55693058048.00 55792848896.00 55892578304.00 55992999936.00 56093671424.00 56192946176.00 56293511168.00 
56387772416.00 56494034944.00 56594309120.00 56694321152.00 56793985024.00 56894210048.00 56994283520.00 57094750208.00 57194102784.00 57294487552.00 57393471488.00 57490997248.00 57599070208.00 57696989184.00 57796898816.00 57895075840.00 57994539008.00 58097094656.00 58196967424.00 58297479168.00 
58395934720.00 58497073152.00 58597625856.00 58698022912.00 58797420544.00 58897645568.00 58998460416.00 59098247168.00 59198062592.00 59298799616.00 59398107136.00 59499102208.00 59597918208.00 59699605504.00 59799392256.00 59899240448.00 59999735808.00 60098527232.00 60199895040.00 60300021760.00 
60385562624.00 60500750336.00 60600688640.00 60700921856.00 60801101824.00 60900900864.00 60999950336.00 61101371392.00 61199523840.00 61302325248.00 61401309184.00 61502242816.00 61602099200.00 61702483968.00 61802438656.00 61901254656.00 62003523584.00 62103638016.00 62203543552.00 62303473664.00 
62402453504.00 62503690240.00 62603939840.00 62704513024.00 62803296256.00 62895316992.00 63004794880.00 63104868352.00 63204900864.00 63305199616.00 63404724224.00 63505186816.00 63605858304.00 63706324992.00 63805972480.00 63906283520.00 64006098944.00 64106463232.00 64206659584.00 64306839552.00 
64395145216.00 64507248640.00 64607920128.00 64707813376.00 64807452672.00 64906985472.00 65008160768.00 65108054016.00 65207754752.00 65308573696.00 65405005824.00 65508581376.00 65608822784.00 65708630016.00 65809412096.00 65909325824.00 66008412160.00 66109329408.00 66209705984.00 66309672960.00 
66408665088.00 66510123008.00 66610106368.00 66710364160.00 66809602048.00 66909454336.00 67007295488.00 67119820800.00 67213590528.00 67313139712.00 67412230144.00 67512840192.00 67610591232.00 67713048576.00 67813138432.00 67911385088.00 68012761088.00 68113698816.00 68214378496.00 68313784320.00 
68410961920.00 68514283520.00 68614119424.00 68715130880.00 68814307328.00 68914315264.00 69015052288.00 69115117568.00 69214052352.00 69315682304.00 69415149568.00 69515927552.00 69615599616.00 69715959808.00 69815926784.00 69915836416.00 70016368640.00 70116909056.00 70217007104.00 70316720128.00 
70409707520.00 70516989952.00 70617456640.00 70717448192.00 70815318016.00 70917275648.00 71020855296.00 71118585856.00 71218479104.00 71318806528.00 71418101760.00 71518576640.00 71618576384.00 71719272448.00 71819018240.00 71919452160.00 72019582976.00 72120320000.00 72221220864.00 72320106496.00 
72414511104.00 72520515584.00 72620523520.00 72720850944.00 72820793344.00 72919121920.00 73020760064.00 73118588928.00 73222283264.00 73322323968.00 73421668352.00 73522495488.00 73622208512.00 73722740736.00 73822830592.00 73922789376.00 74020716544.00 74123714560.00 74223263744.00 74323435520.00 
74422140928.00 74524295168.00 74624000000.00 74724106240.00 74823630848.00 74924220416.00 75024687104.00 75125080064.00 75224858624.00 75324571648.00 75406647296.00 75525922816.00 75624742912.00 75726135296.00 75826126848.00 75925905408.00 76026150912.00 76126797824.00 76226691072.00 76327002112.00 
76424052736.00 76527190016.00 76629630976.00 76727197696.00 76827377664.00 76927557632.00 77028950016.00 77128024064.00 77225975808.00 77327818752.00 77428097024.00 77528760320.00 77629136896.00 77728989184.00 77828726784.00 77927768064.00 78028972032.00 78130003968.00 78230134784.00 78330085376.00 
78428766208.00 78530281472.00 78630502400.00 78730772480.00 78829699072.00 78930657280.00 79031123968.00 79131516928.00 79231426560.00 79331844096.00 79431057408.00 79531999232.00 79631458304.00 79731843072.00 79831916544.00 79931850752.00 80031834112.00 80132112384.00 80231276544.00 80329596928.00 
80373653504.00 80537731072.00 80635863040.00 80735453184.00 80835043328.00 80934920192.00 81035345920.00 81134985216.00 81234911232.00 81336639488.00 81435033600.00 81536196608.00 81635631104.00 81735303168.00 81836040192.00 81936285696.00 82035474432.00 82136670208.00 82236588032.00 82337120256.00 
82435710976.00 82537275392.00 82637651968.00 82737594368.00 82837454848.00 82936160256.00 83037978624.00 83137773568.00 83238518784.00 83338567680.00 83437969408.00 83538870272.00 83636748288.00 83738853376.00 83839483904.00 83939385344.00 84039663616.00 84139778048.00 84240130048.00 84340178944.00 
84437434368.00 84540399616.00 84638105600.00 84741185536.00 84840833024.00 84940767232.00 85041192960.00 85141372928.00 85240438784.00 85341970432.00 85438332928.00 85541552128.00 85642133504.00 85742403584.00 85842690048.00 85942542336.00 86042189824.00 86139740160.00 86243704832.00 86343516160.00 
86442344448.00 86543982592.00 86643982336.00 86744326144.00 86842023936.00 86944792576.00 87045079040.00 87145291776.00 87244824576.00 87344988160.00 87445094400.00 87545602048.00 87645167616.00 87745839104.00 87845969920.00 87936843776.00 88046256128.00 88146018304.00 88245428224.00 88346828800.00 
88440987648.00 88547090432.00 88647163904.00 88747122688.00 88847310848.00 88947392512.00 89047810048.00 89147531264.00 89246621696.00 89359736832.00 89449037824.00 89549791232.00 89649225728.00 89749471232.00 89849348096.00 89949487104.00 90047528960.00 90149896192.00 90250960896.00 90350231552.00 
90442932224.00 90550566912.00 90650861568.00 90750566400.00 90850574336.00 90950934528.00 91051376640.00 91151507456.00 91251441664.00 91349663744.00 91451432960.00 91552309248.00 91651284992.00 91752439808.00 91852292096.00 91952439296.00 92052733952.00 92153470976.00 92252422144.00 92353691648.00 
92450537472.00 92553609216.00 92653518848.00 92746489856.00 92854657024.00 92952870912.00 93054910464.00 93155024896.00 93252673536.00 93355098112.00 93454524416.00 93555376128.00 93655244800.00 93755310080.00 93855801344.00 93955735552.00 94055538688.00 94156374016.00 94256398336.00 94356660224.00 
94455324672.00 94555267072.00 94657560576.00 94757486592.00 94856536064.00 94957477888.00 95057911808.00 95158378496.00 95258107904.00 95358074880.00 95454953472.00 95558754304.00 95657975808.00 95759515648.00 95859253248.00 95959162880.00 96059473920.00 96159768576.00 96259940352.00 96360013824.00 
96448208896.00 96560701440.00 96659898368.00 96761552896.00 96860692480.00 96960602112.00 97061363712.00 97161330688.00 97260969984.00 97361461248.00 97461362688.00 97562058752.00 97661984768.00 97764950016.00 97862475776.00 97960820736.00 98061721600.00 98162958336.00 98263228416.00 98363039744.00 
98462015488.00 98563268608.00 98663636992.00 98763898880.00 98863546368.00 98963791872.00 99064299520.00 99163209728.00 99264331776.00 99364429824.00 99463995392.00 99565002752.00 99662725120.00 99764912128.00 99864756224.00 99964674048.00 100064624640.00 100164706304.00 100263501824.00 100360634368.00 
100391854080.00 100573323264.00 100670226432.00 100769456128.00 100868866048.00 100968603648.00 101069144064.00 101169651712.00 101268004864.00 101368250368.00 101468577792.00 101570330624.00 101668954112.00 101769912320.00 101869551616.00 101969879040.00 102069542912.00 102170689536.00 102270156800.00 102370410496.00 
102469165056.00 102570590208.00 102670852096.00 102771073024.00 102868893696.00 102969475072.00 103071563776.00 103170998272.00 103271407616.00 103372193792.00 103471407104.00 103572332544.00 103671595008.00 103772905472.00 103872397312.00 103972626432.00 104072781824.00 104169709568.00 104273649664.00 104374083584.00 
104467816448.00 104573812736.00 104673640448.00 104773943296.00 104874500096.00 104974213120.00 105074483200.00 105175105536.00 105274523648.00 105375145984.00 105471696896.00 105575489536.00 105675128832.00 105776594944.00 105876070400.00 105976127488.00 106073997312.00 106177011712.00 106276429824.00 106377125888.00 
106475593728.00 106576969728.00 106677321728.00 106777378816.00 106876977152.00 106977312768.00 107077214208.00 107179474944.00 107278508032.00 107378769920.00 107478040576.00 107578966016.00 107677876224.00 107778949120.00 107879251968.00 107977670656.00 108079284224.00 108181708800.00 108279734272.00 108380364800.00 
108477267968.00 108579561472.00 108680675328.00 108780666880.00 108880625664.00 108980797440.00 109081133056.00 109181452288.00 109279191040.00 109380984832.00 109480386560.00 109591240704.00 109682778112.00 109782663168.00 109882507264.00 109982736384.00 110082506752.00 110183268352.00 110282358784.00 110383718400.00 
110476279808.00 110583832576.00 110683750400.00 110784020480.00 110883340288.00 110984298496.00 111084658688.00 111184707584.00 111284797440.00 111384911872.00 111484493824.00 111582674944.00 111685279744.00 111785771008.00 111886139392.00 111985909760.00 112085901312.00 112186474496.00 112286269440.00 112386826240.00 
112474914816.00 112587079680.00 112687448064.00 112787480576.00 112887373824.00 112978386944.00 113087832064.00 113188134912.00 113287405568.00 113388290048.00 113487880192.00 113588658176.00 113688174592.00 113788919808.00 113888976896.00 113989017600.00 114088239104.00 114189582336.00 114289606656.00 114389630976.00 
114488238080.00 114589392896.00 114688221184.00 114804965376.00 114892095488.00 114991669248.00 115091595264.00 115191914496.00 115291734016.00 115392126976.00 115488595968.00 115592404992.00 115690119168.00 115792543744.00 115892813824.00 115992526848.00 116092813312.00 116192845824.00 116293828608.00 116393345024.00 
116490706944.00 116593565696.00 116693794816.00 116794425344.00 116893974528.00 116993908736.00 117094531072.00 117195071488.00 117293875200.00 117395005440.00 117494480896.00 117595611136.00 117695422464.00 117795659776.00 117895782400.00 117994160128.00 118095052800.00 118197059584.00 118296698880.00 118396887040.00 
118495469568.00 118597066752.00 118697541632.00 118797328384.00 118895247360.00 118996746240.00 119097753600.00 119198162944.00 119297949696.00 119397998592.00 119497785344.00 119598440448.00 119698309120.00 119800627200.00 119898423296.00 119999045632.00 120099086336.00 120199446528.00 120299266048.00 120399052800.00 
120470339584.00 120601354240.00 120700993536.00 120800501760.00 120900804608.00 121000853504.00 121101246464.00 121201336320.00 121301204992.00 121401450496.00 121501302784.00 121601236992.00 121701228544.00 121802711040.00 121902268416.00 122002366464.00 122100490240.00 122202521600.00 122303488000.00 122403446784.00 
122502062080.00 122603528192.00 122703495168.00 122803986432.00 122903666688.00 123002535936.00 123104452608.00 123205140480.00 123304517632.00 123404869632.00 123503730688.00 123607801856.00 123704811520.00 123805868032.00 123905695744.00 124005769216.00 124105924608.00 124206415872.00 124305956864.00 124406898688.00 
124503932928.00 124607012864.00 124707061760.00 124807389184.00 124907200512.00 125007183872.00 125108068352.00 125207773184.00 125305626624.00 125407944704.00 125489700864.00 125609017344.00 125708787712.00 125808033792.00 125909221376.00 126009475072.00 126108893184.00 126209204224.00 126309597184.00 126409826304.00 
126508793856.00 126610309120.00 126710276096.00 126808997888.00 126909972480.00 127010889728.00 127111290880.00 127211388928.00 127311175680.00 127411707904.00 127511142400.00 127611650048.00 127711363072.00 127812796416.00 127912386560.00 128010887168.00 128112525312.00 128213385216.00 128312827904.00 128413532160.00 
128501547008.00 128613785600.00 128713375744.00 128812163072.00 128914120704.00 129013817344.00 129114800128.00 129214537728.00 129314168832.00 129414840320.00 129514045440.00 129614733312.00 129715355648.00 129815633920.00 129915199488.00 130015625216.00 130114879488.00 130215665664.00 130315968512.00 130416574464.00 
130509250560.00 130616795136.00 130716729344.00 130817114112.00 130916745216.00 131017170944.00 131117326336.00 131217694720.00 131317751808.00 131417677824.00 131517579264.00 131618340864.00 131716038656.00 131818848256.00 131918471168.00 132018331648.00 132118798336.00 132219052032.00 132319002624.00 132419592192.00 
132516528128.00 132619517952.00 132719411200.00 132819927040.00 132919549952.00 133018025984.00 133119811584.00 133219557376.00 133318279168.00 133419048960.00 133518000128.00 133617541120.00 133713731584.00 133789319168.00 133938905088.00 134028746752.00 134126395392.00 134226149376.00 134325231616.00 134425190400.00 
134523772928.00 134625271808.00 134724927488.00 134825140224.00 134922788864.00 135025000448.00 135125352448.00 135225696256.00 135325384704.00 135425687552.00 135522050048.00 135626579968.00 135725424640.00 135826497536.00 135926317056.00 136026234880.00 136126881792.00 136226521088.00 136326782976.00 136427200512.00 
136521269248.00 136627617792.00 136727470080.00 136827699200.00 136927551488.00 137027600384.00 137128255488.00 137228091392.00 137327853568.00 137428762624.00 137528082432.00 137628811264.00 137729081344.00 137829482496.00 137929261056.00 138020241408.00 138127572992.00 138229465088.00 138330324992.00 138429857792.00 
138529144832.00 138630725632.00 138730815488.00 138830954496.00 138930274304.00 139031363584.00 139131338752.00 139231854592.00 139331403776.00 139431919616.00 139531141120.00 139631722496.00 139731468288.00 139832524800.00 139932712960.00 140032425984.00 140132909056.00 140233228288.00 140333039616.00 140433145856.00 
140518621184.00 140633931776.00 140733710336.00 140834439168.00 140934135808.00 141033963520.00 141134512128.00 141234700288.00 141332480000.00 141434781696.00 141534281728.00 141634928640.00 141736820736.00 141835763712.00 141936099328.00 142035894272.00 142135787520.00 142236581888.00 142336671744.00 142436761600.00 
142535557120.00 142636646400.00 142737096704.00 142837366784.00 142936260608.00 143035875328.00 143137767424.00 143237808128.00 143337275392.00 143439626240.00 143538061312.00 143638855680.00 143738437632.00 143839313920.00 143940141056.00 144039018496.00 144139812864.00 144240017408.00 144339746816.00 144439820288.00 
144528375808.00 144640950272.00 144740663296.00 144840491008.00 144940646400.00 145040605184.00 145140957184.00 145241456640.00 145340956672.00 145441570816.00 145538072576.00 145642307584.00 145741742080.00 145841963008.00 145940922368.00 146044108800.00 146142117888.00 146243387392.00 146343346176.00 146443501568.00 
146542166016.00 146643779584.00 146743885824.00 146843910144.00 146943705088.00 147043926016.00 147144409088.00 147244875776.00 147344588800.00 147445121024.00 147544637440.00 147645349888.00 147743129600.00 147845414912.00 147946569728.00 148044365824.00 148145995776.00 148246364160.00 148346388480.00 148447477760.00 
148543815680.00 148646690816.00 148747091968.00 148847280128.00 148947271680.00 149047230464.00 149147779072.00 149247852544.00 149346729984.00 149448278016.00 149547597824.00 149648392192.00 149748498432.00 149848817664.00 149949480960.00 150048997376.00 150148890624.00 150249127936.00 150348890112.00 150448619520.00 
150512582656.00 150652059648.00 150751100928.00 150850994176.00 150948839424.00 151051141120.00 151151460352.00 151251386368.00 151351427072.00 151452073984.00 151551180800.00 151651745792.00 151751655424.00 151852187648.00 151952457728.00 152052219904.00 152152653824.00 152252694528.00 152353193984.00 152454561792.00 
152547606528.00 152653676544.00 152753684480.00 152853708800.00 152955092992.00 153052626944.00 153154322432.00 153254445056.00 153354387456.00 153454788608.00 153554534400.00 153655427072.00 153755680768.00 153855508480.00 153955713024.00 154055639040.00 154153730048.00 154256211968.00 154355122176.00 154457702400.00 
154555629568.00 154657439744.00 154757152768.00 154857586688.00 154957103104.00 155057422336.00 155157479424.00 155257815040.00 155357872128.00 155458338816.00 155554758656.00 155656650752.00 155757592576.00 155859075072.00 155959017472.00 156058501120.00 156159737856.00 156259778560.00 156359802880.00 156459974656.00 
156557033472.00 156662579200.00 156760309760.00 156860776448.00 156960276480.00 157059842048.00 157161275392.00 157260431360.00 157358964736.00 157461561344.00 157561110528.00 157661970432.00 157762060288.00 157862002688.00 157962125312.00 158060789760.00 158162534400.00 158262771712.00 158363303936.00 158464589824.00 
158561992704.00 158663426048.00 158763843584.00 158863917056.00 158962827264.00 159064195072.00 159163990016.00 159264374784.00 159364136960.00 159464357888.00 159564054528.00 159665094656.00 159764545536.00 159865290752.00 159965609984.00 160064864256.00 160164937728.00 160264880128.00 160364445696.00 160462684160.00 
160506675200.00 160671088640.00 160768999424.00 160868761600.00 160968179712.00 161068138496.00 161168195584.00 161268482048.00 161368064000.00 161468497920.00 161568227328.00 161668694016.00 161769062400.00 161869529088.00 161968422912.00 162069200896.00 162168537088.00 162267840512.00 162370306048.00 162469101568.00 
162568880128.00 162670346240.00 162770649088.00 162870575104.00 162970107904.00 163062022144.00 163170713600.00 163271229440.00 163371139072.00 163471802368.00 163571597312.00 163672145920.00 163769942016.00 163872423936.00 163972513792.00 164072112128.00 164172038144.00 164273192960.00 164373331968.00 164473339904.00 
164570382336.00 164671193088.00 164773543936.00 164874108928.00 164974149632.00 165073649664.00 165174165504.00 165268766720.00 165373984768.00 165474992128.00 165571411968.00 165675188224.00 165775228928.00 165875892224.00 165975326720.00 166075056128.00 166175637504.00 166276071424.00 166376325120.00 166476791808.00 
166575325184.00 166676545536.00 166776995840.00 166877151232.00 166974914560.00 167077085184.00 167176814592.00 167279935488.00 167378305024.00 167478427648.00 167578075136.00 167678722048.00 167778336768.00 167878721536.00 167978860544.00 168077508608.00 168179187712.00 168279588864.00 168379793408.00 168478867456.00 
168573992960.00 168680275968.00 168780201984.00 168880521216.00 168979267584.00 169080651776.00 169181085696.00 169281028096.00 169380790272.00 169481879552.00 169580855296.00 169681764352.00 169781362688.00 169882484736.00 169982263296.00 170082467840.00 170180345856.00 170285875200.00 170382852096.00 170483384320.00 
170575872000.00 170683793408.00 170783490048.00 170884104192.00 170983407616.00 171084054528.00 171184160768.00 171283808256.00 171384340480.00 171484676096.00 171584225280.00 171684855808.00 171783307264.00 171884068864.00 171978719232.00 172088410112.00 172186828800.00 172286820352.00 172386533376.00 172486066176.00 
172583960576.00 172687392768.00 172787154944.00 172887359488.00 172987285504.00 173085949952.00 173187760128.00 173287981056.00 173385842688.00 173488275456.00 173588037632.00 173689028608.00 173788692480.00 173888815104.00 173989249024.00 174089273344.00 174189101056.00 174289403904.00 174389608448.00 174488666112.00 
174588903424.00 174690172928.00 174790705152.00 174890467328.00 174989639680.00 175090712576.00 175190867968.00 175291138048.00 175391064064.00 175491350528.00 175573041152.00 175692005376.00 175791685632.00 175892283392.00 175992176640.00 176092332032.00 176191864832.00 176292069376.00 176392945664.00 176493182976.00 
176581427200.00 176692936704.00 176793649152.00 176893771776.00 176993746944.00 177094213632.00 177194172416.00 177294557184.00 177394204672.00 177494523904.00 177594351616.00 177695784960.00 177795334144.00 177895424000.00 177995202560.00 178093654016.00 178194448384.00 178294767616.00 178401935360.00 178497290240.00 
178595758080.00 178696798208.00 178797363200.00 178897518592.00 178997248000.00 179097272320.00 179197657088.00 179297730560.00 179397804032.00 179498237952.00 179597934592.00 179698089984.00 179796557824.00 179897843712.00 179999031296.00 180099088384.00 180199620608.00 180299530240.00 180399603712.00 180499726336.00 
180585005056.00 180700528640.00 180800159744.00 180900347904.00 181000716288.00 181100658688.00 181200879616.00 181301231616.00 181400158208.00 181501509632.00 181600927744.00 181701623808.00 181801811968.00 181902114816.00 182002417664.00 182101966848.00 182201958400.00 182302244864.00 182398337024.00 182504095744.00 
182602285056.00 182703702016.00 182803890176.00 182903947264.00 183001858048.00 183102586880.00 183203872768.00 183304486912.00 183404347392.00 183505207296.00 183604363264.00 183705583616.00 183804870656.00 183905206272.00 184005935104.00 184105648128.00 184205475840.00 184306122752.00 184406654976.00 184506400768.00 
184600510464.00 184706367488.00 184806703104.00 184906891264.00 185007095808.00 185106595840.00 185203720192.00 185308446720.00 185407684608.00 185508315136.00 185604669440.00 185708544000.00 185808748544.00 185908805632.00 186009075712.00 186108575744.00 186206928896.00 186308558848.00 186409779200.00 186509836288.00 
186608467968.00 186710228992.00 186809827328.00 186909229056.00 187009794048.00 187110146048.00 187210153984.00 187312357376.00 187411218432.00 187511848960.00 187611152384.00 187712667648.00 187810775040.00 187911847936.00 188011986944.00 188102885376.00 188212346880.00 188312698880.00 188413018112.00 188513091584.00 
188610265088.00 188713172992.00 188812591104.00 188914352128.00 189013639168.00 189113499648.00 189214130176.00 189314301952.00 189412294656.00 189515317248.00 189614063616.00 189715333120.00 189815078912.00 189914939392.00 190015422464.00 190116347904.00 190215372800.00 190316265472.00 190416076800.00 190517248000.00 
190609129472.00 190717640704.00 190816829440.00 190916820992.00 191015960576.00 191117934592.00 191217516544.00 191318343680.00 191417516032.00 191517474816.00 191617482752.00 191718211584.00 191817695232.00 191914442752.00 192018989056.00 192118816768.00 192219086848.00 192319504384.00 192419299328.00 192519421952.00 
192607715328.00 192720044032.00 192820133888.00 192920010752.00 193019887616.00 193118683136.00 193222344704.00 193320206336.00 193420427264.00 193521270784.00 193620525056.00 193718140928.00 193821687808.00 193921646592.00 194022113280.00 194121564160.00 194221506560.00 194322661376.00 194422439936.00 194522775552.00 
194621718528.00 194723102720.00 194823208960.00 194924183552.00 195022782464.00 195123724288.00 195225419776.00 195324198912.00 195423977472.00 195524657152.00 195620945920.00 195724591104.00 195822551040.00 195925065728.00 196025155584.00 196125048832.00 196225400832.00 196325900288.00 196425662464.00 196525981696.00 
196623138816.00 196726358016.00 196826251264.00 196926603264.00 197026643968.00 197127012352.00 197226921984.00 197327388672.00 197426216960.00 197527552000.00 197626658816.00 197726437376.00 197827772416.00 197928058880.00 198027345920.00 198126436352.00 198228164608.00 198327451648.00 198427983872.00 198528647168.00 
198627377152.00 198729220096.00 198829522944.00 198928941056.00 199026638848.00 199128956928.00 199229079552.00 199329136640.00 199428898816.00 199529414656.00 199628849152.00 199729119232.00 199828439040.00 199928938496.00 200028356608.00 200127021056.00 200226373632.00 200324595712.00 200420524032.00 200508243968.00 
200482963456.00 200758362112.00 200846016512.00 200942256128.00 201039953920.00 201138601984.00 201238315008.00 201338077184.00 201437036544.00 201537601536.00 201636577280.00 201737486336.00 201837477888.00 201937518592.00 202037575680.00 202137059328.00 202235314176.00 202337763328.00 202437148672.00 202537500672.00 
202636705792.00 202737811456.00 202838540288.00 202939351040.00 203037573120.00 203136663552.00 203238998016.00 203338792960.00 203438784512.00 203540430848.00 203638784000.00 203739217920.00 203838308352.00 203939528704.00 204040044544.00 204139216896.00 204239667200.00 204339789824.00 204440305664.00 204540772352.00 
204637569024.00 204740657152.00 204841009152.00 204940722176.00 205041008640.00 205140967424.00 205241696256.00 205341671424.00 205439500288.00 205542113280.00 205638205440.00 205742260224.00 205842432000.00 205942423552.00 206041300992.00 206142554112.00 206242480128.00 206342651904.00 206443462656.00 206543667200.00 
206642216960.00 206743896064.00 206844133376.00 206944092160.00 207042953216.00 207144222720.00 207244787712.00 207344959488.00 207444606976.00 207548825600.00 207644721152.00 207745089536.00 207845130240.00 207946399744.00 208044261376.00 208144531456.00 208246571008.00 208347119616.00 208446963712.00 208546627584.00 
208635117568.00 208747184128.00 208847159296.00 208947560448.00 209047535616.00 209147265024.00 209247698944.00 209352441856.00 209447649280.00 209548541952.00 209647779840.00 209749295104.00 209848500224.00 209948360704.00 210049220608.00 210148032512.00 210248564736.00 210349899776.00 210449760256.00 210549096448.00 
210642714624.00 210749472768.00 210850414592.00 210950619136.00 211049922560.00 211149750272.00 211251298304.00 211351781376.00 211451199488.00 211551518720.00 211651264512.00 211751469056.00 211849904128.00 211952304128.00 212052475904.00 212152418304.00 212252360704.00 212352532480.00 212453851136.00 212553400320.00 
212650557440.00 212754006016.00 212853522432.00 212953956352.00 213054029824.00 213144829952.00 213254324224.00 213354807296.00 213453651968.00 213554298880.00 213654405120.00 213754707968.00 213855010816.00 213954609152.00 214056370176.00 214155870208.00 214255861760.00 214357540864.00 214456909824.00 214556524544.00 
214655352832.00 214757244928.00 214857089024.00 214958080000.00 215054843904.00 215157325824.00 215257612288.00 215357964288.00 215457513472.00 215558012928.00 215654498304.00 215758323712.00 215857905664.00 215958208512.00 216062902272.00 216159354880.00 216259018752.00 216359895040.00 216460066816.00 216560418816.00 
216654053376.00 216760418304.00 216859869184.00 216960565248.00 217060802560.00 217160630272.00 217260834816.00 217361547264.00 217461080064.00 217561333760.00 217661030400.00 217761366016.00 217861750784.00 217962086400.00 218062684160.00 218160758784.00 218260520960.00 218362920960.00 218462404608.00 218563117056.00 
218661437440.00 218762543104.00 218868039680.00 218964312064.00 219063844864.00 219164262400.00 219264155648.00 219364655104.00 219464663040.00 219565260800.00 219664384000.00 219765293056.00 219864268800.00 219965538304.00 220065628160.00 220165898240.00 220265316352.00 220366094336.00 220466364416.00 220566142976.00 
220651782144.00 220766978048.00 220866904064.00 220967157760.00 221066805248.00 221166993408.00 221267607552.00 221368696832.00 221465755648.00 221568647168.00 221667606528.00 221768368128.00 221868572672.00 221968891904.00 222068899840.00 222168530944.00 222268784640.00 222369120256.00 222469029888.00 222569660416.00 
222668275712.00 222769430528.00 222864736256.00 222972084224.00 223070011392.00 223169413120.00 223271059456.00 223371476992.00 223471321088.00 223571148800.00 223671025664.00 223772065792.00 223871238144.00 223972409344.00 224072335360.00 224171900928.00 224272465920.00 224372785152.00 224472989696.00 224573718528.00 
224661258240.00 224773521408.00 224873627648.00 224974716928.00 225074331648.00 225173979136.00 225274314752.00 225374339072.00 225474019328.00 225574748160.00 225656307712.00 225775452160.00 225875165184.00 225975336960.00 226075820032.00 226175533056.00 226274787328.00 226376335360.00 226475819008.00 226576678912.00 
226675032064.00 226778316800.00 226877046784.00 226977316864.00 227076636672.00 227176988672.00 227277389824.00 227377856512.00 227477585920.00 227577462784.00 227677306880.00 227778134016.00 227876093952.00 227978805248.00 228078780416.00 228177231872.00 228279042048.00 228379410432.00 228479320064.00 228579278848.00 
228676665344.00 228780539904.00 228879925248.00 228979638272.00 229079236608.00 229177737216.00 229287985152.00 229382733824.00 229480841216.00 229581651968.00 229681332224.00 229782126592.00 229881921536.00 229982830592.00 230082478080.00 230181978112.00 230282067968.00 230382780416.00 230483181568.00 230582910976.00 
230676152320.00 230783287296.00 230883753984.00 230980878336.00 231081689088.00 231183466496.00 231284129792.00 231384449024.00 231484817408.00 231585251328.00 231684390912.00 231784906752.00 231884767232.00 231985643520.00 232085291008.00 232185217024.00 232287141888.00 232386084864.00 232486223872.00 232586526720.00 
232680587264.00 232788099072.00 232886861824.00 232987181056.00 233086910464.00 233185394688.00 233287663616.00 233388097536.00 233487253504.00 233588097024.00 233687400448.00 233788243968.00 233887924224.00 233986883584.00 234089545728.00 234189209600.00 234287300608.00 234389241856.00 234489610240.00 234590126080.00 
234688331776.00 234789928960.00 234890461184.00 234990419968.00 235090100224.00 235190976512.00 235290804224.00 235390713856.00 235491311616.00 235591499776.00 235687870464.00 235791777792.00 235890606080.00 235997790208.00 236092817408.00 236191924224.00 236292259840.00 236392579072.00 236492783616.00 236595691520.00 
236690112512.00 236793659392.00 236893372416.00 236993904640.00 237093896192.00 237193904128.00 237294256128.00 237394624512.00 237492109312.00 237594509312.00 237694074880.00 237794705408.00 237894647808.00 237995229184.00 238095417344.00 238185971712.00 238295220224.00 238396080128.00 238495596544.00 238596440064.00 
238694989824.00 238797750272.00 238896185344.00 238999224320.00 239095824384.00 239197044736.00 239298150400.00 239397224448.00 239497265152.00 239598108672.00 239697395712.00 239798042624.00 239897706496.00 239998386176.00 240098328576.00 240197877760.00 240298164224.00 240397942784.00 240497508352.00 240595697664.00 
240639918080.00 240804052992.00 240902291456.00 241001775104.00 241101209600.00 241201053696.00 241301356544.00 241401397248.00 241501044736.00 241601691648.00 241701191680.00 241802313728.00 241902010368.00 242002198528.00 242102452224.00 242202165248.00 242301599744.00 242403065856.00 242502975488.00 242603409408.00 
242702041088.00 242802425856.00 242903203840.00 243003768832.00 243103252480.00 243202277376.00 243304316928.00 243404619776.00 243504234496.00 243604701184.00 243704283136.00 243805044736.00 243902906368.00 244006158336.00 244105314304.00 244206272512.00 244305756160.00 244405960704.00 244506345472.00 244604092416.00 
244703641600.00 244806664192.00 244906885120.00 245007155200.00 245106262016.00 245207547904.00 245307457536.00 245407727616.00 245506719744.00 245610053632.00 245704605696.00 245808513024.00 245908537344.00 246008741888.00 246109159424.00 246208495616.00 246308470784.00 246409134080.00 246509518848.00 246609215488.00 
246708142080.00 246809444352.00 246911483904.00 247010721792.00 247108435968.00 247210344448.00 247311040512.00 247411064832.00 247510581248.00 247611260928.00 247710875648.00 247811702784.00 247911333888.00 248012341248.00 248112185344.00 248210358272.00 248311234560.00 248413011968.00 248513298432.00 248613044224.00 
248707645440.00 248812175360.00 248913641472.00 249013911552.00 249113640960.00 249213616128.00 249314099200.00 249414467584.00 249514164224.00 249615007744.00 249713917952.00 249814908928.00 249914867712.00 250015219712.00 250115440640.00 250214973440.00 250313080832.00 250415628288.00 250515177472.00 250614644736.00 
250679050240.00 250818068480.00 250917830656.00 251017412608.00 251117125632.00 251217100800.00 251317256192.00 251417837568.00 251518156800.00 251618213888.00 251718057984.00 251818409984.00 251917352960.00 252019097600.00 252118908928.00 252218785792.00 252318777344.00 252419031040.00 252519104512.00 252620259328.00 
252717056000.00 252819685376.00 252920381440.00 253020422144.00 253120610304.00 253218799616.00 253319806976.00 253421256704.00 253519233024.00 253621338112.00 253720805376.00 253821370368.00 253921460224.00 254021844992.00 254122180608.00 254222073856.00 254321868800.00 254422843392.00 254522572800.00 254622777344.00 
254721343488.00 254823202816.00 254923292672.00 255023497216.00 255122210816.00 255221710848.00 255325323264.00 255424544768.00 255524503552.00 255624495104.00 255721373696.00 255824822272.00 255924731904.00 256025133056.00 256125501440.00 256225525760.00 256325664768.00 256425967616.00 256526188544.00 256625606656.00 
256714670080.00 256826916864.00 256926777344.00 257026801664.00 257126432768.00 257227014144.00 257326497792.00 257427701760.00 257527234560.00 257627947008.00 257727070208.00 257827241984.00 257929150464.00 258029076480.00 258128887808.00 258227044352.00 258327937024.00 258429501440.00 258529312768.00 258630041600.00 
258728181760.00 258830221312.00 258929950720.00 259029778432.00 259130064896.00 259230384128.00 259330605056.00 259430662144.00 259529605120.00 259632087040.00 259730767872.00 259831808000.00 259929653248.00 260031791104.00 260131766272.00 260232380416.00 260332027904.00 260432216064.00 260532682752.00 260632788992.00 
260718166016.00 260833591296.00 260933320704.00 261033410560.00 261133402112.00 261233639424.00 261333827584.00 261434130432.00 261533024256.00 261635129344.00 261734219776.00 261834571776.00 261934841856.00 262035062784.00 262135316480.00 262234914816.00 262335414272.00 262435913728.00 262535806976.00 262636208128.00 
262734774272.00 262836699136.00 262936510464.00 263037255680.00 263134543872.00 263227637760.00 263337263104.00 263437549568.00 263537147904.00 263637680128.00 263737016320.00 263838253056.00 263937851392.00 264038383616.00 264138244096.00 264238481408.00 264338685952.00 264439070720.00 264539029504.00 264639004672.00 
264733622272.00 264839364608.00 264939798528.00 265040330752.00 265139503104.00 265240018944.00 265340485632.00 265439936512.00 265540091904.00 265640230912.00 265737224192.00 265841164288.00 265941139456.00 266041016320.00 266140958720.00 266241130496.00 266339057664.00 266441375744.00 266541252608.00 266641588224.00 
266740039680.00 266841882624.00 266941333504.00 267040456704.00 267139170304.00 267236900864.00 267327946752.00 267477368832.00 267552210944.00 267649646592.00 267746836480.00 267847221248.00 267945771008.00 268047155200.00 268147376128.00 268245073920.00 268346572800.00 268446646272.00 268547162112.00 268647481344.00 
268744474624.00 268847349760.00 268947800064.00 269047545856.00 269147275264.00 269248004096.00 269348159488.00 269447806976.00 269545586688.00 269648363520.00 269747896320.00 269849001984.00 269948747776.00 270049116160.00 270149566464.00 270249132032.00 270348959744.00 270449590272.00 270549991424.00 270649868288.00 
270742519808.00 270850260992.00 270950662144.00 271051079680.00 271149514752.00 271250489344.00 271351627776.00 271451144192.00 271551266816.00 271651815424.00 271751217152.00 271851864064.00 271951675392.00 272051994624.00 272151838720.00 272252190720.00 272352083968.00 272454598656.00 272553164800.00 272653008896.00 
272741318656.00 272853254144.00 272953671680.00 273053532160.00 273153703936.00 273252466688.00 273354358784.00 273453760512.00 273554145280.00 273654824960.00 273754062848.00 273854955520.00 273955094528.00 274055086080.00 274155257856.00 274255265792.00 274354618368.00 274457640960.00 274556420096.00 274656346112.00 
274754863104.00 274856902656.00 274957107200.00 275057573888.00 275156795392.00 275256705024.00 275357433856.00 275458818048.00 275557253120.00 275657654272.00 275739639808.00 275858391040.00 275956367360.00 276058931200.00 276158513152.00 276258619392.00 276359380992.00 276459192320.00 276559495168.00 276659863552.00 
276756758528.00 276860043264.00 276960575488.00 277060124672.00 277160263680.00 277260238848.00 277360574464.00 277460844544.00 277559508992.00 277658796032.00 277761622016.00 277861695488.00 277961539584.00 278061514752.00 278162309120.00 278260514816.00 278361866240.00 278462595072.00 278562897920.00 278663331840.00 
278761701376.00 278863478784.00 278963257344.00 279064182784.00 279161667584.00 279263903744.00 279364173824.00 279463952384.00 279564648448.00 279665541120.00 279763943424.00 279865196544.00 279964680192.00 280065146880.00 280165515264.00 280265064448.00 280365498368.00 280466456576.00 280565579776.00 280665358336.00 
280736366592.00 280867471360.00 280967380992.00 281067094016.00 281166970880.00 281266683904.00 281368002560.00 281466011648.00 281567657984.00 281668222976.00 281767346176.00 281868828672.00 281968377856.00 282068451328.00 282168623104.00 282269450240.00 282367000576.00 282469629952.00 282568753152.00 282669547520.00 
282768179200.00 282869858304.00 282969931776.00 283069349888.00 283170930688.00 283269332992.00 283370422272.00 283470725120.00 283571093504.00 283671134208.00 283770552320.00 283871739904.00 283970469888.00 284071329792.00 284172091392.00 284272132096.00 284372205568.00 284472213504.00 284572811264.00 284672917504.00 
284770238464.00 284873162752.00 284972711936.00 285073899520.00 285173612544.00 285273292800.00 285373792256.00 285473996800.00 285571809280.00 285673979904.00 285771137024.00 285874618368.00 285974528000.00 286075027456.00 286175166464.00 286274879488.00 286373806080.00 286462017536.00 286578409472.00 286677270528.00 
286775312384.00 286877089792.00 286976966656.00 287077236736.00 287176196096.00 287277154304.00 287377588224.00 287477891072.00 287578292224.00 287678201856.00 287777488896.00 287878578176.00 287977865216.00 288078626816.00 288178995200.00 288269631488.00 288378847232.00 288479248384.00 288579190784.00 288679297024.00 
288767868928.00 288880033792.00 288980107264.00 289080213504.00 289180483584.00 289280327680.00 289380466688.00 289481031680.00 289580515328.00 289683800064.00 289780826112.00 289881587712.00 289981464576.00 290081996800.00 290181971968.00 290281914368.00 290381201408.00 290482651136.00 290582757376.00 290682601472.00 
290775760896.00 290882912256.00 290984296448.00 291083419648.00 291183165440.00 291283566592.00 291384131584.00 291484106752.00 291583557632.00 291675439104.00 291784785920.00 291885645824.00 291982966784.00 292084809728.00 292185440256.00 292285349888.00 292385488896.00 292485955584.00 292586127360.00 292686921728.00 
292783423488.00 292886380544.00 292986978304.00 293085151232.00 293187125248.00 293285396480.00 293387239424.00 293487706112.00 293586468864.00 293687787520.00 293787140096.00 293887836160.00 293987876864.00 294087163904.00 294189301760.00 294288883712.00 294388465664.00 294489325568.00 294589235200.00 294689800192.00 
294788300800.00 294889652224.00 294989987840.00 295089995776.00 295188070400.00 295289946112.00 295390445568.00 295490256896.00 295591247872.00 295691026432.00 295787626496.00 295891763200.00 295991279616.00 296091549696.00 296191557632.00 296291893248.00 296392622080.00 296493023232.00 296592932864.00 296692908032.00 
296787116032.00 296892301312.00 296992473088.00 297096839168.00 297192947712.00 297293119488.00 297394012160.00 297493823488.00 297594224640.00 297694396416.00 297794109440.00 297894805504.00 297994518528.00 298095443968.00 298194632704.00 298293493760.00 298392911872.00 298495508480.00 298595844096.00 298696245248.00 
298794811392.00 298896621568.00 298996531200.00 299095851008.00 299196383232.00 299296325632.00 299397316608.00 299496767488.00 299597496320.00 299696553984.00 299796692992.00 299898339328.00 299996741632.00 300096880640.00 300197412864.00 300297551872.00 300397133824.00 300497469440.00 300596264960.00 300693585920.00 
300724518912.00 300906250240.00 301003112448.00 301101580288.00 301201555456.00 301301530624.00 301401636864.00 301501841408.00 301599227904.00 301701529600.00 301801439232.00 301902430208.00 302001815552.00 302103166976.00 302202486784.00 302302429184.00 302402600960.00 302502871040.00 302603239424.00 302702985216.00 
302801518592.00 302903787520.00 303003271168.00 303103541248.00 303202729984.00 303302213632.00 303403991040.00 303502000128.00 303604006912.00 303704670208.00 303803727872.00 303905112064.00 304004726784.00 304105586688.00 304205496320.00 304305242112.00 304405479424.00 304505028608.00 304606314496.00 304705896448.00 
304794435584.00 304906338304.00 305006673920.00 305107140608.00 305206886400.00 305306894336.00 305407361024.00 305507041280.00 305607802880.00 305708171264.00 305804476416.00 305908449280.00 306008031232.00 306108301312.00 306208636928.00 306308546560.00 306407997440.00 306509119488.00 306609029120.00 306711461888.00 
306808619008.00 306910003200.00 307010240512.00 307110117376.00 307210125312.00 307310231552.00 307410665472.00 307511033856.00 307611238400.00 307711180800.00 307810828288.00 307911589888.00 308009467904.00 308111605760.00 308211941376.00 308310310912.00 308411465728.00 308520222720.00 308613349376.00 308713160704.00 
308810317824.00 308912979968.00 309013905408.00 309113126912.00 309213495296.00 309313503232.00 309414232064.00 309514469376.00 309613199360.00 309714452480.00 309813968896.00 309916925952.00 310014771200.00 310115336192.00 310215180288.00 310314926080.00 310415327232.00 310516023296.00 310615998464.00 310715973632.00 
310808969216.00 310916415488.00 311015473152.00 311116759040.00 311214833664.00 311316545536.00 311417044992.00 311517347840.00 311617257472.00 311716872192.00 311816126464.00 311907188736.00 312018993152.00 312118837248.00 312218812416.00 312318754816.00 312418926592.00 312519557120.00 312619270144.00 312719081472.00 
312813453312.00 312919654400.00 313021104128.00 313121046528.00 313220268032.00 313311100928.00 313420742656.00 313520816128.00 313620201472.00 313721126912.00 313820315648.00 313921732608.00 314021675008.00 314121322496.00 314221690880.00 314321338368.00 314420035584.00 314522501120.00 314622738432.00 314722811904.00 
314821541888.00 314922991616.00 315023097856.00 315127398400.00 315223638016.00 315323711488.00 315423850496.00 315524349952.00 315623866368.00 315725283328.00 315821195264.00 315924971520.00 316024160256.00 316125151232.00 316225585152.00 316325298176.00 316425273344.00 316525903872.00 316628664320.00 316726312960.00 
316823568384.00 316926361600.00 317026828288.00 317127032832.00 317227073536.00 317326819328.00 317427318784.00 317527982080.00 317625303040.00 317727375360.00 317827252224.00 317928046592.00 318027595776.00 318129078272.00 318228889600.00 318326800384.00 318428053504.00 318529241088.00 318629019648.00 318729158656.00 
318828216320.00 318929960960.00 319029968896.00 319129944064.00 319229067264.00 319329796096.00 319430295552.00 319531057152.00 319630573568.00 319730417664.00 319830065152.00 319930040320.00 320030801920.00 320131530752.00 320231079936.00 320330924032.00 320431325184.00 320531202048.00 320630849536.00 320728924160.00 
320772898816.00 320937197568.00 321035304960.00 321134526464.00 321234436096.00 321334312960.00 321434550272.00 321534984192.00 321634205696.00 321735032832.00 321834614784.00 321934917632.00 322034827264.00 322135097344.00 322235432960.00 322335506432.00 322434826240.00 322536112128.00 322636349440.00 322736422912.00 
322835152896.00 322936897536.00 323036413952.00 323136880640.00 323236724736.00 323335061504.00 323437854720.00 323537600512.00 323637051392.00 323737780224.00 323837296640.00 323939008512.00 324036460544.00 324138270720.00 324237623296.00 324338909184.00 324438786048.00 324539613184.00 324636999680.00 324739596288.00 
324836687872.00 324939874304.00 325039751168.00 325139824640.00 325240193024.00 325340200960.00 325440733184.00 325540675584.00 325639307264.00 325740625920.00 325823070208.00 325942575104.00 326041436160.00 326141313024.00 326241714176.00 326341689344.00 326441369600.00 326542131200.00 326642794496.00 326743097344.00 
326841860096.00 326943866880.00 327043579904.00 327143522304.00 327241662464.00 327343570944.00 327444168704.00 327544340480.00 327644381184.00 327744421888.00 327843708928.00 327944339456.00 328043266048.00 328147927040.00 328245673984.00 328344207360.00 328446017536.00 328546254848.00 328645771264.00 328745877504.00 
328840183808.00 328946548736.00 329045606400.00 329146269696.00 329246277632.00 329346744320.00 329447866368.00 329547448320.00 329647128576.00 329748643840.00 329847078912.00 329947316224.00 330048077824.00 330148184064.00 330245603328.00 330349051904.00 330446503936.00 330549460992.00 330648682496.00 330749640704.00 
330842210304.00 330949689344.00 331049697280.00 331149737984.00 331249614848.00 331350540288.00 331450712064.00 331550785536.00 331650564096.00 331750703104.00 331850153984.00 331950882816.00 332050563072.00 332151422976.00 332251561984.00 332351995904.00 332452003840.00 332551553024.00 332652445696.00 332752617472.00 
332849905664.00 332952961024.00 333052248064.00 333153075200.00 333253410816.00 333351485440.00 333453099008.00 333553467392.00 333651673088.00 333753909248.00 333853065216.00 333953302528.00 334052720640.00 334146732032.00 334259191808.00 334356905984.00 334456127488.00 334556102656.00 334656274432.00 334756413440.00 
334855340032.00 334957084672.00 335056797696.00 335157559296.00 335255961600.00 335356592128.00 335457386496.00 335557984256.00 335657598976.00 335758098432.00 335854206976.00 335958081536.00 336057466880.00 336158523392.00 336258531328.00 336358965248.00 336459005952.00 336559341568.00 336658694144.00 336759357440.00 
336847667200.00 336959799296.00 337059971072.00 337160470528.00 337259888640.00 337359798272.00 337460363264.00 337560403968.00 337659723776.00 337761697792.00 337860165632.00 337961549824.00 338061164544.00 338162024448.00 338261475328.00 338352472064.00 338461261824.00 338562088960.00 338662457344.00 338763022336.00 
338861293568.00 338963333120.00 339063013376.00 339163152384.00 339261947904.00 339365068800.00 339464454144.00 339564232704.00 339664240640.00 339764740096.00 339863896064.00 339964231680.00 340062339072.00 340165656576.00 340266713088.00 340365049856.00 340464992256.00 340565819392.00 340665761792.00 340765966336.00 
340851294208.00 340966375424.00 341066776576.00 341167833088.00 341266563072.00 341367422976.00 341467332608.00 341566717952.00 341666496512.00 341767618560.00 341867167744.00 341967962112.00 342068428800.00 342168371200.00 342268051456.00 342368419840.00 342467969024.00 342568599552.00 342669000704.00 342769631232.00 
342867935232.00 342968958976.00 343069491200.00 343169597440.00 343267409920.00 343368171520.00 343469522944.00 343569793024.00 343667015680.00 343775838208.00 343871881216.00 343972118528.00 344071471104.00 344172429312.00 344272306176.00 344372150272.00 344472158208.00 344572788736.00 344672272384.00 344772542464.00 
344866979840.00 344973180928.00 345073614848.00 345173098496.00 345272877056.00 345373179904.00 345473712128.00 345573785600.00 345673695232.00 345774620672.00 345871220736.00 345976963072.00 346074349568.00 346175668224.00 346274889728.00 346375454720.00 346473299968.00 346575863808.00 346676002816.00 346775846912.00 
346875101184.00 346976747520.00 347076755456.00 347176992768.00 347276181504.00 347376189440.00 347476590592.00 347578728448.00 347677229056.00 347777695744.00 347877310464.00 347978104832.00 348077326336.00 348178022400.00 348278456320.00 348376662016.00 348478439424.00 348579069952.00 348678651904.00 348779577344.00 
348876767232.00 348979462144.00 349079371776.00 349180264448.00 349280731136.00 349379952640.00 349480419328.00 349580328960.00 349678141440.00 349780869120.00 349880451072.00 349981376512.00 350080663552.00 350181752832.00 350281203712.00 350381572096.00 350481219584.00 350581456896.00 350681726976.00 350780948480.00 
350845501440.00 350985125888.00 351083724800.00 351183863808.00 351282561024.00 351383355392.00 351483756544.00 351584288768.00 351684034560.00 351784730624.00 351883657216.00 351984517120.00 352084099072.00 352185221120.00 352284737536.00 352384679936.00 352485015552.00 352585515008.00 352685948928.00 352786251776.00 
352874233856.00 352986398720.00 353086078976.00 353186611200.00 353286619136.00 353385283584.00 353487192064.00 353587101696.00 353686487040.00 353787052032.00 353887780864.00 353988018176.00 354088091648.00 354188853248.00 354288664576.00 354388672512.00 354487533568.00 354589081600.00 354688761856.00 354789425152.00 
354888318976.00 354991046656.00 355089776640.00 355190013952.00 355290251264.00 355390291968.00 355490234368.00 355590144000.00 355689857024.00 355790585856.00 355887382528.00 355991126016.00 356089135104.00 356191830016.00 356290953216.00 356389388288.00 356494737408.00 356592779264.00 356692295680.00 356792729600.00 
356890050560.00 356993662976.00 357092655104.00 357193089024.00 357293391872.00 357393432576.00 357493735424.00 357594234880.00 357693554688.00 357794676736.00 357893996544.00 357994201088.00 358094438400.00 358194806784.00 358294913024.00 358393217024.00 358495027200.00 358595297280.00 358695534592.00 358801145856.00 
358895058944.00 358997065728.00 359095894016.00 359196000256.00 359294828544.00 359396605952.00 359496777728.00 359596883968.00 359697547264.00 359796867072.00 359897235456.00 359998357504.00 360097382400.00 360198209536.00 360298381312.00 360398094336.00 360498790400.00 360598405120.00 360698445824.00 360798978048.00 
360868904960.00 361000960000.00 361100541952.00 361200582656.00 361299673088.00 361400696832.00 361500344320.00 361600942080.00 361699999744.00 361800957952.00 361900638208.00 362001432576.00 362100752384.00 362202660864.00 362301554688.00 362401595392.00 362499833856.00 362601512960.00 362702209024.00 362798022656.00 
362901438464.00 363002691584.00 363102732288.00 363203198976.00 363302977536.00 363394629632.00 363503321088.00 363604115456.00 363704320000.00 363804295168.00 363903516672.00 364004900864.00 364103761920.00 364204687360.00 364304924672.00 364404113408.00 364502745088.00 364606849024.00 364705906688.00 364806111232.00 
364903170048.00 365005602816.00 365106692096.00 365206306816.00 365306576896.00 365406617600.00 365506527232.00 365605715968.00 365705363456.00 365807304704.00 365903708160.00 366006861824.00 366106836992.00 366208155648.00 366308261888.00 366407974912.00 366508015616.00 366608121856.00 366709374976.00 366809284608.00 
366907883520.00 367007989760.00 367110160384.00 367209054208.00 367308668928.00 367409463296.00 367509602304.00 367612493824.00 367710896128.00 367811035136.00 367910453248.00 368011411456.00 368110632960.00 368211623936.00 368311926784.00 368409739264.00 368512008192.00 368612048896.00 368712024064.00 368812064768.00 
368900440064.00 369012801536.00 369112645632.00 369213177856.00 369312923648.00 369413423104.00 369513299968.00 369614258176.00 369713446912.00 369814208512.00 369913167872.00 370014191616.00 370112364544.00 370215223296.00 370315558912.00 370415009792.00 370514198528.00 370616139776.00 370715295744.00 370815893504.00 
370908397568.00 371016335360.00 371116376064.00 371216318464.00 371316719616.00 371416629248.00 371517227008.00 371617136640.00 371716915200.00 371817119744.00 371916931072.00 372017725440.00 372115505152.00 372217675776.00 372316471296.00 372418969600.00 372518748160.00 372618690560.00 372719222784.00 372818870272.00 
372916158464.00 373020065792.00 373119451136.00 373219786752.00 373319106560.00 373418196992.00 373519450112.00 373620047872.00 373719728128.00 373820784640.00 373920202752.00 374020833280.00 374120579072.00 374220390400.00 374322167808.00 374421520384.00 374521495552.00 374622552064.00 374721970176.00 374822207488.00 
374921560064.00 375022190592.00 375124459520.00 375223156736.00 375320772608.00 375423369216.00 375522689024.00 375623483392.00 375723196416.00 375823532032.00 375905419264.00 376024432640.00 376124243968.00 376224940032.00 376324816896.00 376424235008.00 376525127680.00 376625430528.00 376725929984.00 376825348096.00 
376920014848.00 377025921024.00 377126518784.00 377226231808.00 377325486080.00 377427525632.00 377526976512.00 377627541504.00 377726599168.00 377827491840.00 377926713344.00 378027638784.00 378127581184.00 378227785728.00 378327957504.00 378426359808.00 378526302208.00 378628112384.00 378729824256.00 378828587008.00 
378927906816.00 379029422080.00 379129036800.00 379229896704.00 379329675264.00 379429748736.00 379529920512.00 379630616576.00 379730132992.00 379830042624.00 379930935296.00 380030746624.00 380130197504.00 380230860800.00 380331720704.00 380431761408.00 380531671040.00 380631941120.00 380732243968.00 380832284672.00 
380917121024.00 381033054208.00 381133193216.00 381232906240.00 381333176320.00 381433511936.00 381533454336.00 381633658880.00 381731536896.00 381833641984.00 381933682688.00 382034214912.00 382134353920.00 382234722304.00 382335811584.00 382434344960.00 382534287360.00 382635769856.00 382734139392.00 382835261440.00 
382934679552.00 383036358656.00 383136038912.00 383235358720.00 383334744064.00 383434194944.00 383534628864.00 383637028864.00 383737167872.00 383837143040.00 383936954368.00 384038862848.00 384137199616.00 384237174784.00 384338558976.00 384437747712.00 384537919488.00 384638353408.00 384738361344.00 384839188480.00 
384926973952.00 385039007744.00 385138819072.00 385238663168.00 385339392000.00 385439956992.00 385539080192.00 385640660992.00 385739620352.00 385839595520.00 385937047552.00 386040299520.00 386141126656.00 386241003520.00 386340651008.00 386441117696.00 386540208128.00 386640543744.00 386742026240.00 386841673728.00 
386940862464.00 387042115584.00 387140616192.00 387242491904.00 387342434304.00 387442638848.00 387543367680.00 387643736064.00 387743711232.00 387844276224.00 387942678528.00 388046585856.00 388141842432.00 388243030016.00 388344250368.00 388435476480.00 388544561152.00 388645060608.00 388745199616.00 388845600768.00 
388942462976.00 389045714944.00 389145198592.00 389245763584.00 389345902592.00 389445615616.00 389546442752.00 389646385152.00 389744984064.00 389847547904.00 389946769408.00 390046744576.00 390147899392.00 390247972864.00 390347063296.00 390447661056.00 390546948096.00 390648430592.00 390748635136.00 390848544768.00 
390941343744.00 391048822784.00 391148896256.00 391248740352.00 391346683904.00 391448985600.00 391549583360.00 391651622912.00 391749533696.00 391849345024.00 391949484032.00 392049917952.00 392149991424.00 392249475072.00 392351219712.00 392450965504.00 392550645760.00 392651440128.00 392751120384.00 392851488768.00 
392945696768.00 393051602944.00 393152299008.00 393252077568.00 393351659520.00 393451241472.00 393552691200.00 393652469760.00 393752772608.00 393853698048.00 393952296960.00 394052468736.00 394153721856.00 394253565952.00 394353246208.00 394453680128.00 394552049664.00 394653696000.00 394754621440.00 394854367232.00 
394952966144.00 395054612480.00 395154161664.00 395255152640.00 395354439680.00 395455070208.00 395555831808.00 395655479296.00 395755094016.00 395855527936.00 395952193536.00 396055969792.00 396155650048.00 396256739328.00 396356190208.00 396456001536.00 396556009472.00 396657688576.00 396756484096.00 396856492032.00 
396953944064.00 397057130496.00 397157040128.00 397257244672.00 397357383680.00 397457031168.00 397557268480.00 397657636864.00 397754990592.00 397858111488.00 397956972544.00 398057504768.00 398157512704.00 398257815552.00 398357790720.00 398455865344.00 398557315072.00 398657945600.00 398758019072.00 398858387456.00 
398956822528.00 399057715200.00 399157657600.00 399257239552.00 399356100608.00 399456567296.00 399557033984.00 399656517632.00 399755575296.00 399854862336.00 399953657856.00 400053567488.00 400151805952.00 400250699776.00 400348413952.00 400445079552.00 400540565504.00 400632578048.00 400715743232.00 400766205952.00 
end   dump: w
==END   DUMP_ARRAYS==
