==BEGIN DUMP_ARRAYS==
begin dump: w
0.00 0.00 0.00 0.00 0.00 0.00 0.00 0.00 0.00 0.00 0.00 0.00 0.00 0.00 0.00 0.00 0.00 0.00 0.00 0.00 
0.00 0.00 0.00 0.00 0.00 0.00 0.00 0.00 0.00 0.00 0.00 0.00 0.00 0.00 0.00 0.00 0.00 0.00 0.00 0.00 
0.00 0.00 0.00 0.00 0.00 0.00 0.00 0.00 0.00 0.00 0.00 0.00 0.00 0.00 0.00 0.00 0.00 0.00 0.00 0.00 
0.00 0.00 0.00 0.00 0.00 0.00 0.00 0.00 0.00 0.00 0.00 0.00 0.00 0.00 0.00 0.00 0.00 0.00 0.00 0.00 
0.00 0.00 0.00 0.00 0.00 0.00 0.00 0.00 0.00 0.00 0.00 0.00 0.00 0.00 0.00 0.00 0.00 0.00 0.00 0.00 
0.00 0.00 0.00 0.00 0.00 0.00 0.00 0.00 0.00 0.00 0.00 0.00 0.00 0.00 0.00 0.00 0.00 0.00 0.00 0.00 
0.00 0.00 0.00 0.00 0.00 0.00 0.00 0.00 0.00 0.00 0.00 0.00 0.00 0.00 0.00 0.00 0.00 0.00 0.00 0.00 
0.00 0.00 0.00 0.00 0.00 0.00 0.00 0.00 0.00 0.00 0.00 0.00 0.00 0.00 0.00 0.00 0.00 0.00 0.00 0.00 
0.00 0.00 0.00 0.00 0.00 0.00 0.00 0.00 0.00 0.00 0.00 0.00 0.00 0.00 0.00 0.00 0.00 0.00 0.00 0.00 
0.00 0.00 0.00 0.00 0.00 0.00 0.00 0.00 0.00 0.00 0.00 0.00 0.00 0.00 0.00 0.00 0.00 0.00 0.00 0.00 
0.00 0.00 0.00 0.00 0.00 0.00 0.00 0.00 0.00 0.00 0.00 0.00 0.00 0.00 0.00 0.00 0.00 0.00 0.00 0.00 
0.00 0.00 0.00 0.00 0.00 0.00 0.00 0.00 0.00 0.00 0.00 0.00 0.00 0.00 0.00 0.00 0.00 0.00 0.00 0.00 
0.00 0.00 0.00 0.00 0.00 0.00 0.00 0.00 0.00 0.00 0.00 0.00 0.00 0.00 0.00 0.00 0.00 0.00 0.00 0.00 
0.00 0.00 0.00 0.00 0.00 0.00 0.00 0.00 0.00 0.00 0.00 0.00 0.00 0.00 0.00 0.00 0.00 0.00 0.00 0.00 
0.00 0.00 0.00 0.00 0.00 0.00 0.00 0.00 0.00 0.00 0.00 0.00 0.00 0.00 0.00 0.00 0.00 0.00 0.00 0.00 
0.00 0.00 0.00 0.00 0.00 0.00 0.00 0.00 0.00 0.00 0.00 0.00 0.00 0.00 0.00 0.00 0.00 0.00 0.00 0.00 
0.00 0.00 0.00 0.00 0.00 0.00 0.00 0.00 0.00 0.00 0.00 0.00 0.00 0.00 0.00 0.00 0.00 0.00 0.00 0.00 
0.00 0.00 0.00 0.00 0.00 0.00 0.00 0.00 0.00 0.00 0.00 0.00 0.00 0.00 0.00 0.00 0.00 0.00 0.00 0.00 
0.00 0.00 0.00 0.00 0.00 0.00 0.00 0.00 0.00 0.00 0.00 0.00 0.00 0.00 0.00 0.00 0.00 0.00 0.00 0.00 
0.00 0.00 0.00 0.00 0.00 0.00 0.00 0.00 0.00 0.00 0.00 0.00 0.00 0.00 0.00 0.00 0.00 0.00 0.00 0.00 
0.00 0.00 0.00 0.00 0.00 0.00 0.00 0.00 0.00 0.00 0.00 0.00 0.00 0.00 0.00 0.00 0.00 0.00 0.00 0.00 
0.00 0.00 0.00 0.00 0.00 0.00 0.00 0.00 0.00 0.00 0.00 0.00 0.00 0.00 0.00 0.00 0.00 0.00 0.00 0.00 
0.00 0.00 0.00 0.00 0.00 0.00 0.00 0.00 0.00 0.00 0.00 0.00 0.00 0.00 0.00 0.00 0.00 0.00 0.00 0.00 
0.00 0.00 0.00 0.00 0.00 0.00 0.00 0.00 0.00 0.00 0.00 0.00 0.00 0.00 0.00 0.00 0.00 0.00 0.00 0.00 
0.00 0.00 0.00 0.00 0.00 0.00 0.00 0.00 0.00 0.00 0.00 0.00 0.00 0.00 0.00 0.00 0.00 0.00 0.00 0.00 
0.00 0.00 0.00 0.00 0.00 0.00 0.00 0.00 0.00 0.00 0.00 0.00 0.00 0.00 0.00 0.00 0.00 0.00 0.00 0.00 
0.00 0.00 0.00 0.00 0.00 0.00 0.00 0.00 0.00 0.00 0.00 0.00 0.00 0.00 0.00 0.00 0.00 0.00 0.00 0.00 
0.00 0.00 0.00 0.00 0.00 0.00 0.00 0.00 0.00 0.00 0.00 0.00 0.00 0.00 0.00 0.00 0.00 0.00 0.00 0.00 
0.00 0.00 0.00 0.00 0.00 0.00 0.00 0.00 0.00 0.00 0.00 0.00 0.00 0.00 0.00 0.00 0.00 0.00 0.00 0.00 
0.00 0.00 0.00 0.00 0.00 0.00 0.00 0.00 0.00 0.00 0.00 0.00 0.00 0.00 0.00 0.00 0.00 0.00 0.00 0.00 
0.00 0.00 0.00 0.00 0.00 0.00 0.00 0.00 0.00 0.00 0.00 0.00 0.00 0.00 0.00 0.00 0.00 0.00 0.00 0.00 
0.00 0.00 0.00 0.00 0.00 0.00 0.00 0.00 0.00 0.00 0.00 0.00 0.00 0.00 0.00 0.00 0.00 0.00 0.00 0.00 
0.00 0.00 0.00 0.00 0.00 0.00 0.00 0.00 0.00 0.00 0.00 0.00 0.00 0.00 0.00 0.00 0.00 0.00 0.00 0.00 
0.00 0.00 0.00 0.00 0.00 0.00 0.00 0.00 0.00 0.00 0.00 0.00 0.00 0.00 0.00 0.00 0.00 0.00 0.00 0.00 
0.00 0.00 0.00 0.00 0.00 0.00 0.00 0.00 0.00 0.00 0.00 0.00 0.00 0.00 0.00 0.00 0.00 0.00 0.00 0.00 
0.00 0.00 0.00 0.00 0.00 0.00 0.00 0.00 0.00 0.00 0.00 0.00 0.00 0.00 0.00 0.00 0.00 0.00 0.00 0.00 
0.00 0.00 0.00 0.00 0.00 0.00 0.00 0.00 0.00 0.00 0.00 0.00 0.00 0.00 0.00 0.00 0.00 0.00 0.00 0.00 
0.00 0.00 0.00 0.00 0.00 0.00 0.00 0.00 0.00 0.00 0.00 0.00 0.00 0.00 0.00 0.00 0.00 0.00 0.00 0.00 
0.00 0.00 0.00 0.00 0.00 0.00 0.00 0.00 0.00 0.00 0.00 0.00 0.00 0.00 0.00 0.00 0.00 0.00 0.00 0.00 
0.00 0.00 0.00 0.00 0.00 0.00 0.00 0.00 0.00 0.00 0.00 0.00 0.00 0.00 0.00 0.00 0.00 0.00 0.00 0.00 
0.00 0.00 0.00 0.00 0.00 0.00 0.00 0.00 0.00 0.00 0.00 0.00 0.00 0.00 0.00 0.00 0.00 0.00 0.00 0.00 
0.00 0.00 0.00 0.00 0.00 0.00 0.00 0.00 0.00 0.00 0.00 0.00 0.00 0.00 0.00 0.00 0.00 0.00 0.00 0.00 
0.00 0.00 0.00 0.00 0.00 0.00 0.00 0.00 0.00 0.00 0.00 0.00 0.00 0.00 0.00 0.00 0.00 0.00 0.00 0.00 
0.00 0.00 0.00 0.00 0.00 0.00 0.00 0.00 0.00 0.00 0.00 0.00 0.00 0.00 0.00 0.00 0.00 0.00 0.00 0.00 
0.00 0.00 0.00 0.00 0.00 0.00 0.00 0.00 0.00 0.00 0.00 0.00 0.00 0.00 0.00 0.00 0.00 0.00 0.00 0.00 
0.00 0.00 0.00 0.00 0.00 0.00 0.00 0.00 0.00 0.00 0.00 0.00 0.00 0.00 0.00 0.00 0.00 0.00 0.00 0.00 
0.00 0.00 0.00 0.00 0.00 0.00 0.00 0.00 0.00 0.00 0.00 0.00 0.00 0.00 0.00 0.00 0.00 0.00 0.00 0.00 
0.00 0.00 0.00 0.00 0.00 0.00 0.00 0.00 0.00 0.00 0.00 0.00 0.00 0.00 0.00 0.00 0.00 0.00 0.00 0.00 
0.00 0.00 0.00 0.00 0.00 0.00 0.00 0.00 0.00 0.00 0.00 0.00 0.00 0.00 0.00 0.00 0.00 0.00 0.00 0.00 
0.00 0.00 0.00 0.00 0.00 0.00 0.00 0.00 0.00 0.00 0.00 0.00 0.00 0.00 0.00 0.00 0.00 0.00 0.00 0.00 
0.00 0.00 0.00 0.00 0.00 0.00 0.00 0.00 0.00 0.00 0.00 0.00 0.00 0.00 0.00 0.00 0.00 0.00 0.00 0.00 
0.00 0.00 0.00 0.00 0.00 0.00 0.00 0.00 0.00 0.00 0.00 0.00 0.00 0.00 0.00 0.00 0.00 0.00 0.00 0.00 
0.00 0.00 0.00 0.00 0.00 0.00 0.00 0.00 0.00 0.00 0.00 0.00 0.00 0.00 0.00 0.00 0.00 0.00 0.00 0.00 
0.00 0.00 0.00 0.00 0.00 0.00 0.00 0.00 0.00 0.00 0.00 0.00 0.00 0.00 0.00 0.00 0.00 0.00 0.00 0.00 
0.00 0.00 0.00 0.00 0.00 0.00 0.00 0.00 0.00 0.00 0.00 0.00 0.00 0.00 0.00 0.00 0.00 0.00 0.00 0.00 
0.00 0.00 0.00 0.00 0.00 0.00 0.00 0.00 0.00 0.00 0.00 0.00 0.00 0.00 0.00 0.00 0.00 0.00 0.00 0.00 
0.00 0.00 0.00 0.00 0.00 0.00 0.00 0.00 0.00 0.00 0.00 0.00 0.00 0.00 0.00 0.00 0.00 0.00 0.00 0.00 
0.00 0.00 0.00 0.00 0.00 0.00 0.00 0.00 0.00 0.00 0.00 0.00 0.00 0.00 0.00 0.00 0.00 0.00 0.00 0.00 
0.00 0.00 0.00 0.00 0.00 0.00 0.00 0.00 0.00 0.00 0.00 0.00 0.00 0.00 0.00 0.00 0.00 0.00 0.00 0.00 
0.00 0.00 0.00 0.00 0.00 0.00 0.00 0.00 0.00 0.00 0.00 0.00 0.00 0.00 0.00 0.00 0.00 0.00 0.00 0.00 
0.00 0.00 0.00 0.00 0.00 0.00 0.00 0.00 0.00 0.00 0.00 0.00 0.00 0.00 0.00 0.00 0.00 0.00 0.00 0.00 
0.00 0.00 0.00 0.00 0.00 0.00 0.00 0.00 0.00 0.00 0.00 0.00 0.00 0.00 0.00 0.00 0.00 0.00 0.00 0.00 
0.00 0.00 0.00 0.00 0.00 0.00 0.00 0.00 0.00 0.00 0.00 0.00 0.00 0.00 0.00 0.00 0.00 0.00 0.00 0.00 
0.00 0.00 0.00 0.00 0.00 0.00 0.00 0.00 0.00 0.00 0.00 0.00 0.00 0.00 0.00 0.00 0.00 0.00 0.00 0.00 
0.00 0.00 0.00 0.00 0.00 0.00 0.00 0.00 0.00 0.00 0.00 0.00 0.00 0.00 0.00 0.00 0.00 0.00 0.00 0.00 
0.00 0.00 0.00 0.00 0.00 0.00 0.00 0.00 0.00 0.00 0.00 0.00 0.00 0.00 0.00 0.00 0.00 0.00 0.00 0.00 
0.00 0.00 0.00 0.00 0.00 0.00 0.00 0.00 0.00 0.00 0.00 0.00 0.00 0.00 0.00 0.00 0.00 0.00 0.00 0.00 
0.00 0.00 0.00 0.00 0.00 0.00 0.00 0.00 0.00 0.00 0.00 0.00 0.00 0.00 0.00 0.00 0.00 0.00 0.00 0.00 
0.00 0.00 0.00 0.00 0.00 0.00 0.00 0.00 0.00 0.00 0.00 0.00 0.00 0.00 0.00 0.00 0.00 0.00 0.00 0.00 
0.00 0.00 0.00 0.00 0.00 0.00 0.00 0.00 0.00 0.00 0.00 0.00 0.00 0.00 0.00 0.00 0.00 0.00 0.00 0.00 
0.00 0.00 0.00 0.00 0.00 0.00 0.00 0.00 0.00 0.00 0.00 0.00 0.00 0.00 0.00 0.00 0.00 0.00 0.00 0.00 
0.00 0.00 0.00 0.00 0.00 0.00 0.00 0.00 0.00 0.00 0.00 0.00 0.00 0.00 0.00 0.00 0.00 0.00 0.00 0.00 
0.00 0.00 0.00 0.00 0.00 0.00 0.00 0.00 0.00 0.00 0.00 0.00 0.00 0.00 0.00 0.00 0.00 0.00 0.00 0.00 
0.00 0.00 0.00 0.00 0.00 0.00 0.00 0.00 0.00 0.00 0.00 0.00 0.00 0.00 0.00 0.00 0.00 0.00 0.00 0.00 
0.00 0.00 0.00 0.00 0.00 0.00 0.00 0.00 0.00 0.00 0.00 0.00 0.00 0.00 0.00 0.00 0.00 0.00 0.00 0.00 
0.00 0.00 0.00 0.00 0.00 0.00 0.00 0.00 0.00 0.00 0.00 0.00 0.00 0.00 0.00 0.00 0.00 0.00 0.00 0.00 
0.00 0.00 0.00 0.00 0.00 0.00 0.00 0.00 0.00 0.00 0.00 0.00 0.00 0.00 0.00 0.00 0.00 0.00 0.00 0.00 
0.00 0.00 0.00 0.00 0.00 0.00 0.00 0.00 0.00 0.00 0.00 0.00 0.00 0.00 0.00 0.00 0.00 0.00 0.00 0.00 
0.00 0.00 0.00 0.00 0.00 0.00 0.00 0.00 0.00 0.00 0.00 0.00 0.00 0.00 0.00 0.00 0.00 0.00 0.00 0.00 
0.00 0.00 0.00 0.00 0.00 0.00 0.00 0.00 0.00 0.00 0.00 0.00 0.00 0.00 0.00 0.00 0.00 0.00 0.00 0.00 
0.00 0.00 0.00 0.00 0.00 0.00 0.00 0.00 0.00 0.00 0.00 0.00 0.00 0.00 0.00 0.00 0.00 0.00 0.00 0.00 
0.00 0.00 0.00 0.00 0.00 0.00 0.00 0.00 0.00 0.00 0.00 0.00 0.00 0.00 0.00 0.00 0.00 0.00 0.00 0.00 
0.00 0.00 0.00 0.00 0.00 0.00 0.00 0.00 0.00 0.00 0.00 0.00 0.00 0.00 0.00 0.00 0.00 0.00 0.00 0.00 
0.00 0.00 0.00 0.00 0.00 0.00 0.00 0.00 0.00 0.00 0.00 0.00 0.00 0.00 0.00 0.00 0.00 0.00 0.00 0.00 
0.00 0.00 0.00 0.00 0.00 0.00 0.00 0.00 0.00 0.00 0.00 0.00 0.00 0.00 0.00 0.00 0.00 0.00 0.00 0.00 
0.00 0.00 0.00 0.00 0.00 0.00 0.00 0.00 0.00 0.00 0.00 0.00 0.00 0.00 0.00 0.00 0.00 0.00 0.00 0.00 
0.00 0.00 0.00 0.00 0.00 0.00 0.00 0.00 0.00 0.00 0.00 0.00 0.00 0.00 0.00 0.00 0.00 0.00 0.00 0.00 
0.00 0.00 0.00 0.00 0.00 0.00 0.00 0.00 0.00 0.00 0.00 0.00 0.00 0.00 0.00 0.00 0.00 0.00 0.00 0.00 
0.00 0.00 0.00 0.00 0.00 0.00 0.00 0.00 0.00 0.00 0.00 0.00 0.00 0.00 0.00 0.00 0.00 0.00 0.00 0.00 
0.00 0.00 0.00 0.00 0.00 0.00 0.00 0.00 0.00 0.00 0.00 0.00 0.00 0.00 0.00 0.00 0.00 0.00 0.00 0.00 
0.00 0.00 0.00 0.00 0.00 0.00 0.00 0.00 0.00 0.00 0.00 0.00 0.00 0.00 0.00 0.00 0.00 0.00 0.00 0.00 
0.00 0.00 0.00 0.00 0.00 0.00 0.00 0.00 0.00 0.00 0.00 0.00 0.00 0.00 0.00 0.00 0.00 0.00 0.00 0.00 
0.00 0.00 0.00 0.00 0.00 0.00 0.00 0.00 0.00 0.00 0.00 0.00 0.00 0.00 0.00 0.00 0.00 0.00 0.00 0.00 
0.00 0.00 0.00 0.00 0.00 0.00 0.00 0.00 0.00 0.00 0.00 0.00 0.00 0.00 0.00 0.00 0.00 0.00 0.00 0.00 
0.00 0.00 0.00 0.00 0.00 0.00 0.00 0.00 0.00 0.00 0.00 0.00 0.00 0.00 0.00 0.00 0.00 0.00 0.00 0.00 
0.00 0.00 0.00 0.00 0.00 0.00 0.00 0.00 0.00 0.00 0.00 0.00 0.00 0.00 0.00 0.00 0.00 0.00 0.00 0.00 
0.00 0.00 0.00 0.00 0.00 0.00 0.00 0.00 0.00 0.00 0.00 0.00 0.00 0.00 0.00 0.00 0.00 0.00 0.00 0.00 
0.00 0.00 0.00 0.00 0.00 0.00 0.00 0.00 0.00 0.00 0.00 0.00 0.00 0.00 0.00 0.00 0.00 0.00 0.00 0.00 
0.00 0.00 0.00 0.00 0.00 0.00 0.00 0.00 0.00 0.00 0.00 0.00 0.00 0.00 0.00 0.00 0.00 0.00 0.00 0.00 
0.00 0.00 0.00 0.00 0.00 0.00 0.00 0.00 0.00 0.00 0.00 0.00 0.00 0.00 0.00 0.00 0.00 0.00 0.00 0.00 
0.00 0.00 0.00 0.00 0.00 0.00 0.00 0.00 0.00 0.00 0.00 0.00 0.00 0.00 0.00 0.00 0.00 0.00 0.00 0.00 
0.00 0.00 0.00 0.00 0.00 0.00 0.00 0.00 0.00 0.00 0.00 0.00 0.00 0.00 0.00 0.00 0.00 0.00 0.00 0.00 
0.00 0.00 0.00 0.00 0.00 0.00 0.00 0.00 0.00 0.00 0.00 0.00 0.00 0.00 0.00 0.00 0.00 0.00 0.00 0.00 
0.00 0.00 0.00 0.00 0.00 0.00 0.00 0.00 0.00 0.00 0.00 0.00 0.00 0.00 0.00 0.00 0.00 0.00 0.00 0.00 
0.00 0.00 0.00 0.00 0.00 0.00 0.00 0.00 0.00 0.00 0.00 0.00 0.00 0.00 0.00 0.00 0.00 0.00 0.00 0.00 
0.00 0.00 0.00 0.00 0.00 0.00 0.00 0.00 0.00 0.00 0.00 0.00 0.00 0.00 0.00 0.00 0.00 0.00 0.00 0.00 
0.00 0.00 0.00 0.00 0.00 0.00 0.00 0.00 0.00 0.00 0.00 0.00 0.00 0.00 0.00 0.00 0.00 0.00 0.00 0.00 
0.00 0.00 0.00 0.00 0.00 0.00 0.00 0.00 0.00 0.00 0.00 0.00 0.00 0.00 0.00 0.00 0.00 0.00 0.00 0.00 
0.00 0.00 0.00 0.00 0.00 0.00 0.00 0.00 0.00 0.00 0.00 0.00 0.00 0.00 0.00 0.00 0.00 0.00 0.00 0.00 
0.00 0.00 0.00 0.00 0.00 0.00 0.00 0.00 0.00 0.00 0.00 0.00 0.00 0.00 0.00 0.00 0.00 0.00 0.00 0.00 
0.00 0.00 0.00 0.00 0.00 0.00 0.00 0.00 0.00 0.00 0.00 0.00 0.00 0.00 0.00 0.00 0.00 0.00 0.00 0.00 
0.00 0.00 0.00 0.00 0.00 0.00 0.00 0.00 0.00 0.00 0.00 0.00 0.00 0.00 0.00 0.00 0.00 0.00 0.00 0.00 
0.00 0.00 0.00 0.00 0.00 0.00 0.00 0.00 0.00 0.00 0.00 0.00 0.00 0.00 0.00 0.00 0.00 0.00 0.00 0.00 
0.00 0.00 0.00 0.00 0.00 0.00 0.00 0.00 0.00 0.00 0.00 0.00 0.00 0.00 0.00 0.00 0.00 0.00 0.00 0.00 
0.00 0.00 0.00 0.00 0.00 0.00 0.00 0.00 0.00 0.00 0.00 0.00 0.00 0.00 0.00 0.00 0.00 0.00 0.00 0.00 
0.00 0.00 0.00 0.00 0.00 0.00 0.00 0.00 0.00 0.00 0.00 0.00 0.00 0.00 0.00 0.00 0.00 0.00 0.00 0.00 
0.00 0.00 0.00 0.00 0.00 0.00 0.00 0.00 0.00 0.00 0.00 0.00 0.00 0.00 0.00 0.00 0.00 0.00 0.00 0.00 
0.00 0.00 0.00 0.00 0.00 0.00 0.00 0.00 0.00 0.00 0.00 0.00 0.00 0.00 0.00 0.00 0.00 0.00 0.00 0.00 
0.00 0.00 0.00 0.00 0.00 0.00 0.00 0.00 0.00 0.00 0.00 0.00 0.00 0.00 0.00 0.00 0.00 0.00 0.00 0.00 
0.00 0.00 0.00 0.00 0.00 0.00 0.00 0.00 0.00 0.00 0.00 0.00 0.00 0.00 0.00 0.00 0.00 0.00 0.00 0.00 
0.00 0.00 0.00 0.00 0.00 0.00 0.00 0.00 0.00 0.00 0.00 0.00 0.00 0.00 0.00 0.00 0.00 0.00 0.00 0.00 
0.00 0.00 0.00 0.00 0.00 0.00 0.00 0.00 0.00 0.00 0.00 0.00 0.00 0.00 0.00 0.00 0.00 0.00 0.00 0.00 
0.00 0.00 0.00 0.00 0.00 0.00 0.00 0.00 0.00 0.00 0.00 0.00 0.00 0.00 0.00 0.00 0.00 0.00 0.00 0.00 
0.00 0.00 0.00 0.00 0.00 0.00 0.00 0.00 0.00 0.00 0.00 0.00 0.00 0.00 0.00 0.00 0.00 0.00 0.00 0.00 
0.00 0.00 0.00 0.00 0.00 0.00 0.00 0.00 0.00 0.00 0.00 0.00 0.00 0.00 0.00 0.00 0.00 0.00 0.00 0.00 
0.00 0.00 0.00 0.00 0.00 0.00 0.00 0.00 0.00 0.00 0.00 0.00 0.00 0.00 0.00 0.00 0.00 0.00 0.00 0.00 
0.00 0.00 0.00 0.00 0.00 0.00 0.00 0.00 0.00 0.00 0.00 0.00 0.00 0.00 0.00 0.00 0.00 0.00 0.00 0.00 
0.00 0.00 0.00 0.00 0.00 0.00 0.00 0.00 0.00 0.00 0.00 0.00 0.00 0.00 0.00 0.00 0.00 0.00 0.00 0.00 
0.00 0.00 0.00 0.00 0.00 0.00 0.00 0.00 0.00 0.00 0.00 0.00 0.00 0.00 0.00 0.00 0.00 0.00 0.00 0.00 
0.00 0.00 0.00 0.00 0.00 0.00 0.00 0.00 0.00 0.00 0.00 0.00 0.00 0.00 0.00 0.00 0.00 0.00 0.00 0.00 
0.00 0.00 0.00 0.00 0.00 0.00 0.00 0.00 0.00 0.00 0.00 0.00 0.00 0.00 0.00 0.00 0.00 0.00 0.00 0.00 
0.00 0.00 0.00 0.00 0.00 0.00 0.00 0.00 0.00 0.00 0.00 0.00 0.00 0.00 0.00 0.00 0.00 0.00 0.00 0.00 
0.00 0.00 0.00 0.00 0.00 0.00 0.00 0.00 0.00 0.00 0.00 0.00 0.00 0.00 0.00 0.00 0.00 0.00 0.00 0.00 
0.00 0.00 0.00 0.00 0.00 0.00 0.00 0.00 0.00 0.00 0.00 0.00 0.00 0.00 0.00 0.00 0.00 0.00 0.00 0.00 
0.00 0.00 0.00 0.00 0.00 0.00 0.00 0.00 0.00 0.00 0.00 0.00 0.00 0.00 0.00 0.00 0.00 0.00 0.00 0.00 
0.00 0.00 0.00 0.00 0.00 0.00 0.00 0.00 0.00 0.00 0.00 0.00 0.00 0.00 0.00 0.00 0.00 0.00 0.00 0.00 
0.00 0.00 0.00 0.00 0.00 0.00 0.00 0.00 0.00 0.00 0.00 0.00 0.00 0.00 0.00 0.00 0.00 0.00 0.00 0.00 
0.00 0.00 0.00 0.00 0.00 0.00 0.00 0.00 0.00 0.00 0.00 0.00 0.00 0.00 0.00 0.00 0.00 0.00 0.00 0.00 
0.00 0.00 0.00 0.00 0.00 0.00 0.00 0.00 0.00 0.00 0.00 0.00 0.00 0.00 0.00 0.00 0.00 0.00 0.00 0.00 
0.00 0.00 0.00 0.00 0.00 0.00 0.00 0.00 0.00 0.00 0.00 0.00 0.00 0.00 0.00 0.00 0.00 0.00 0.00 0.00 
0.00 0.00 0.00 0.00 0.00 0.00 0.00 0.00 0.00 0.00 0.00 0.00 0.00 0.00 0.00 0.00 0.00 0.00 0.00 0.00 
0.00 0.00 0.00 0.00 0.00 0.00 0.00 0.00 0.00 0.00 0.00 0.00 0.00 0.00 0.00 0.00 0.00 0.00 0.00 0.00 
0.00 0.00 0.00 0.00 0.00 0.00 0.00 0.00 0.00 0.00 0.00 0.00 0.00 0.00 0.00 0.00 0.00 0.00 0.00 0.00 
0.00 0.00 0.00 0.00 0.00 0.00 0.00 0.00 0.00 0.00 0.00 0.00 0.00 0.00 0.00 0.00 0.00 0.00 0.00 0.00 
0.00 0.00 0.00 0.00 0.00 0.00 0.00 0.00 0.00 0.00 0.00 0.00 0.00 0.00 0.00 0.00 0.00 0.00 0.00 0.00 
0.00 0.00 0.00 0.00 0.00 0.00 0.00 0.00 0.00 0.00 0.00 0.00 0.00 0.00 0.00 0.00 0.00 0.00 0.00 0.00 
0.00 0.00 0.00 0.00 0.00 0.00 0.00 0.00 0.00 0.00 0.00 0.00 0.00 0.00 0.00 0.00 0.00 0.00 0.00 0.00 
0.00 0.00 0.00 0.00 0.00 0.00 0.00 0.00 0.00 0.00 0.00 0.00 0.00 0.00 0.00 0.00 0.00 0.00 0.00 0.00 
0.00 0.00 0.00 0.00 0.00 0.00 0.00 0.00 0.00 0.00 0.00 0.00 0.00 0.00 0.00 0.00 0.00 0.00 0.00 0.00 
0.00 0.00 0.00 0.00 0.00 0.00 0.00 0.00 0.00 0.00 0.00 0.00 0.00 0.00 0.00 0.00 0.00 0.00 0.00 0.00 
0.00 0.00 0.00 0.00 0.00 0.00 0.00 0.00 0.00 0.00 0.00 0.00 0.00 0.00 0.00 0.00 0.00 0.00 0.00 0.00 
0.00 0.00 0.00 0.00 0.00 0.00 0.00 0.00 0.00 0.00 0.00 0.00 0.00 0.00 0.00 0.00 0.00 0.00 0.00 0.00 
0.00 0.00 0.00 0.00 0.00 0.00 0.00 0.00 0.00 0.00 0.00 0.00 0.00 0.00 0.00 0.00 0.00 0.00 0.00 0.00 
0.00 0.00 0.00 0.00 0.00 0.00 0.00 0.00 0.00 0.00 0.00 0.00 0.00 0.00 0.00 0.00 0.00 0.00 0.00 0.00 
0.00 0.00 0.00 0.00 0.00 0.00 0.00 0.00 0.00 0.00 0.00 0.00 0.00 0.00 0.00 0.00 0.00 0.00 0.00 0.00 
0.00 0.00 0.00 0.00 0.00 0.00 0.00 0.00 0.00 0.00 0.00 0.00 0.00 0.00 0.00 0.00 0.00 0.00 0.00 0.00 
0.00 0.00 0.00 0.00 0.00 0.00 0.00 0.00 0.00 0.00 0.00 0.00 0.00 0.00 0.00 0.00 0.00 0.00 0.00 0.00 
0.00 0.00 0.00 0.00 0.00 0.00 0.00 0.00 0.00 0.00 0.00 0.00 0.00 0.00 0.00 0.00 0.00 0.00 0.00 0.00 
0.00 0.00 0.00 0.00 0.00 0.00 0.00 0.00 0.00 0.00 0.00 0.00 0.00 0.00 0.00 0.00 0.00 0.00 0.00 0.00 
0.00 0.00 0.00 0.00 0.00 0.00 0.00 0.00 0.00 0.00 0.00 0.00 0.00 0.00 0.00 0.00 0.00 0.00 0.00 0.00 
0.00 0.00 0.00 0.00 0.00 0.00 0.00 0.00 0.00 0.00 0.00 0.00 0.00 0.00 0.00 0.00 0.00 0.00 0.00 0.00 
0.00 0.00 0.00 0.00 0.00 0.00 0.00 0.00 0.00 0.00 0.00 0.00 0.00 0.00 0.00 0.00 0.00 0.00 0.00 0.00 
0.00 0.00 0.00 0.00 0.00 0.00 0.00 0.00 0.00 0.00 0.00 0.00 0.00 0.00 0.00 0.00 0.00 0.00 0.00 0.00 
0.00 0.00 0.00 0.00 0.00 0.00 0.00 0.00 0.00 0.00 0.00 0.00 0.00 0.00 0.00 0.00 0.00 0.00 0.00 0.00 
0.00 0.00 0.00 0.00 0.00 0.00 0.00 0.00 0.00 0.00 0.00 0.00 0.00 0.00 0.00 0.00 0.00 0.00 0.00 0.00 
0.00 0.00 0.00 0.00 0.00 0.00 0.00 0.00 0.00 0.00 0.00 0.00 0.00 0.00 0.00 0.00 0.00 0.00 0.00 0.00 
0.00 0.00 0.00 0.00 0.00 0.00 0.00 0.00 0.00 0.00 0.00 0.00 0.00 0.00 0.00 0.00 0.00 0.00 0.00 0.00 
0.00 0.00 0.00 0.00 0.00 0.00 0.00 0.00 0.00 0.00 0.00 0.00 0.00 0.00 0.00 0.00 0.00 0.00 0.00 0.00 
0.00 0.00 0.00 0.00 0.00 0.00 0.00 0.00 0.00 0.00 0.00 0.00 0.00 0.00 0.00 0.00 0.00 0.00 0.00 0.00 
0.00 0.00 0.00 0.00 0.00 0.00 0.00 0.00 0.00 0.00 0.00 0.00 0.00 0.00 0.00 0.00 0.00 0.00 0.00 0.00 
0.00 0.00 0.00 0.00 0.00 0.00 0.00 0.00 0.00 0.00 0.00 0.00 0.00 0.00 0.00 0.00 0.00 0.00 0.00 0.00 
0.00 0.00 0.00 0.00 0.00 0.00 0.00 0.00 0.00 0.00 0.00 0.00 0.00 0.00 0.00 0.00 0.00 0.00 0.00 0.00 
0.00 0.00 0.00 0.00 0.00 0.00 0.00 0.00 0.00 0.00 0.00 0.00 0.00 0.00 0.00 0.00 0.00 0.00 0.00 0.00 
0.00 0.00 0.00 0.00 0.00 0.00 0.00 0.00 0.00 0.00 0.00 0.00 0.00 0.00 0.00 0.00 0.00 0.00 0.00 0.00 
0.00 0.00 0.00 0.00 0.00 0.00 0.00 0.00 0.00 0.00 0.00 0.00 0.00 0.00 0.00 0.00 0.00 0.00 0.00 0.00 
0.00 0.00 0.00 0.00 0.00 0.00 0.00 0.00 0.00 0.00 0.00 0.00 0.00 0.00 0.00 0.00 0.00 0.00 0.00 0.00 
0.00 0.00 0.00 0.00 0.00 0.00 0.00 0.00 0.00 0.00 0.00 0.00 0.00 0.00 0.00 0.00 0.00 0.00 0.00 0.00 
0.00 0.00 0.00 0.00 0.00 0.00 0.00 0.00 0.00 0.00 0.00 0.00 0.00 0.00 0.00 0.00 0.00 0.00 0.00 0.00 
0.00 0.00 0.00 0.00 0.00 0.00 0.00 0.00 0.00 0.00 0.00 0.00 0.00 0.00 0.00 0.00 0.00 0.00 0.00 0.00 
0.00 0.00 0.00 0.00 0.00 0.00 0.00 0.00 0.00 0.00 0.00 0.00 0.00 0.00 0.00 0.00 0.00 0.00 0.00 0.00 
0.00 0.00 0.00 0.00 0.00 0.00 0.00 0.00 0.00 0.00 0.00 0.00 0.00 0.00 0.00 0.00 0.00 0.00 0.00 0.00 
0.00 0.00 0.00 0.00 0.00 0.00 0.00 0.00 0.00 0.00 0.00 0.00 0.00 0.00 0.00 0.00 0.00 0.00 0.00 0.00 
0.00 0.00 0.00 0.00 0.00 0.00 0.00 0.00 0.00 0.00 0.00 0.00 0.00 0.00 0.00 0.00 0.00 0.00 0.00 0.00 
0.00 0.00 0.00 0.00 0.00 0.00 0.00 0.00 0.00 0.00 0.00 0.00 0.00 0.00 0.00 0.00 0.00 0.00 0.00 0.00 
0.00 0.00 0.00 0.00 0.00 0.00 0.00 0.00 0.00 0.00 0.00 0.00 0.00 0.00 0.00 0.00 0.00 0.00 0.00 0.00 
0.00 0.00 0.00 0.00 0.00 0.00 0.00 0.00 0.00 0.00 0.00 0.00 0.00 0.00 0.00 0.00 0.00 0.00 0.00 0.00 
0.00 0.00 0.00 0.00 0.00 0.00 0.00 0.00 0.00 0.00 0.00 0.00 0.00 0.00 0.00 0.00 0.00 0.00 0.00 0.00 
0.00 0.00 0.00 0.00 0.00 0.00 0.00 0.00 0.00 0.00 0.00 0.00 0.00 0.00 0.00 0.00 0.00 0.00 0.00 0.00 
0.00 0.00 0.00 0.00 0.00 0.00 0.00 0.00 0.00 0.00 0.00 0.00 0.00 0.00 0.00 0.00 0.00 0.00 0.00 0.00 
0.00 0.00 0.00 0.00 0.00 0.00 0.00 0.00 0.00 0.00 0.00 0.00 0.00 0.00 0.00 0.00 0.00 0.00 0.00 0.00 
0.00 0.00 0.00 0.00 0.00 0.00 0.00 0.00 0.00 0.00 0.00 0.00 0.00 0.00 0.00 0.00 0.00 0.00 0.00 0.00 
0.00 0.00 0.00 0.00 0.00 0.00 0.00 0.00 0.00 0.00 0.00 0.00 0.00 0.00 0.00 0.00 0.00 0.00 0.00 0.00 
0.00 0.00 0.00 0.00 0.00 0.00 0.00 0.00 0.00 0.00 0.00 0.00 0.00 0.00 0.00 0.00 0.00 0.00 0.00 0.00 
0.00 0.00 0.00 0.00 0.00 0.00 0.00 0.00 0.00 0.00 0.00 0.00 0.00 0.00 0.00 0.00 0.00 0.00 0.00 0.00 
0.00 0.00 0.00 0.00 0.00 0.00 0.00 0.00 0.00 0.00 0.00 0.00 0.00 0.00 0.00 0.00 0.00 0.00 0.00 0.00 
0.00 0.00 0.00 0.00 0.00 0.00 0.00 0.00 0.00 0.00 0.00 0.00 0.00 0.00 0.00 0.00 0.00 0.00 0.00 0.00 
0.00 0.00 0.00 0.00 0.00 0.00 0.00 0.00 0.00 0.00 0.00 0.00 0.00 0.00 0.00 0.00 0.00 0.00 0.00 0.00 
0.00 0.00 0.00 0.00 0.00 0.00 0.00 0.00 0.00 0.00 0.00 0.00 0.00 0.00 0.00 0.00 0.00 0.00 0.00 0.00 
0.00 0.00 0.00 0.00 0.00 0.00 0.00 0.00 0.00 0.00 0.00 0.00 0.00 0.00 0.00 0.00 0.00 0.00 0.00 0.00 
0.00 0.00 0.00 0.00 0.00 0.00 0.00 0.00 0.00 0.00 0.00 0.00 0.00 0.00 0.00 0.00 0.00 0.00 0.00 0.00 
end   dump: w
==END   DUMP_ARRAYS==
==BEGIN DUMP_ARRAYS==
begin dump: w
8346.50 500656928.00 550743616.00 634300288.00 725923968.00 821015232.00 918089664.00 1015954240.00 1113787520.00 1213137152.00 1311469312.00 1411444352.00 1510570880.00 1610316416.00 1709901696.00 1809362688.00 1908268672.00 2009175168.00 2108915328.00 2208740096.00 
2307386112.00 2408932864.00 2508680448.00 2608871680.00 2708132352.00 2806840832.00 2908675328.00 3008545280.00 3108596992.00 3209046784.00 3308116480.00 3408169216.00 3506604800.00 3608931584.00 3709091584.00 3808845056.00 3908871680.00 4009223168.00 4109271040.00 4209514240.00 
4306711040.00 4409718784.00 4509801472.00 4608967680.00 4710053376.00 4810051584.00 4910735360.00 5010270208.00 5109406208.00 5210698752.00 5307120640.00 5410843648.00 5511081472.00 5611325952.00 5710980608.00 5811193344.00 5911089152.00 6011650048.00 6112433664.00 6212272128.00 
6310723584.00 6412102656.00 6512030720.00 6613267456.00 6710365696.00 6812440576.00 6912806912.00 7013026304.00 7113135104.00 7214198784.00 7312784384.00 7413165056.00 7513279488.00 7614168576.00 7713684480.00 7812469248.00 7914237952.00 8014966272.00 8114712576.00 8214941184.00 
8309115392.00 8415202816.00 8515275264.00 8615481344.00 8715448320.00 8815147008.00 8915419136.00 9017115648.00 9115802624.00 9216841728.00 9315947520.00 9417252864.00 9516862464.00 9614788608.00 9717130240.00 9816877056.00 9915183104.00 10017666048.00 10117831680.00 10217792512.00 
10310685696.00 10418110464.00 10518279168.00 10618313728.00 10718316544.00 10818412544.00 10919093248.00 11019256832.00 11118543872.00 11219532800.00 11318981632.00 11419202560.00 11518927872.00 11620672512.00 11720053760.00 11820220416.00 11920713728.00 12020659200.00 12121139200.00 12221144064.00 
12318341120.00 12421100544.00 12521559040.00 12621460480.00 12721543168.00 12812763136.00 12922523648.00 13023919104.00 13120201728.00 13219579904.00 13322228736.00 13422891008.00 13522958336.00 13623116800.00 13723547648.00 13823393792.00 13923303424.00 14024193024.00 14125730816.00 14224683008.00 
14323049472.00 14424514560.00 14524426240.00 14625825792.00 14724057088.00 14825010176.00 14925678592.00 15025418240.00 15124710400.00 15226264576.00 15322425344.00 15426864128.00 15525966848.00 15626023936.00 15727576064.00 15826611200.00 15926920192.00 16027473920.00 16127360000.00 16227533824.00 
16315790336.00 16428037120.00 16528040960.00 16628120576.00 16728182784.00 16828325888.00 16928467968.00 17029448704.00 17128550400.00 17227886592.00 17328531456.00 17429549056.00 17529233408.00 17629693952.00 17732018176.00 17828466688.00 17929242624.00 18031304704.00 18130720768.00 18230566912.00 
18329524224.00 18431361024.00 18532298752.00 18631006208.00 18731229184.00 18831554560.00 18930814976.00 19032100864.00 19132049408.00 19232557056.00 19331547136.00 19433115648.00 19530702848.00 19633242112.00 19733280768.00 19832735744.00 19933321216.00 20033644544.00 20133369856.00 20233480192.00 
20319307776.00 20434173952.00 20534171648.00 20634828800.00 20734633984.00 20834328576.00 20935026688.00 21035511808.00 21134432256.00 21235742720.00 21334792192.00 21436612608.00 21536122880.00 21636356096.00 21736622080.00 21836292096.00 21936091136.00 22037170176.00 22137004032.00 22237216768.00 
22336063488.00 22437984256.00 22536513536.00 22638632960.00 22735988736.00 22836635648.00 22938699776.00 23038767104.00 23138643968.00 23239020544.00 23338532864.00 23439192064.00 23539081216.00 23638704128.00 23739551744.00 23838611456.00 23940372480.00 24040359936.00 24140374016.00 24240842752.00 
24334927872.00 24441337856.00 24541032448.00 24641605632.00 24741355520.00 24841662464.00 24941592576.00 25042151424.00 25141463040.00 25242013696.00 25323778048.00 25442932736.00 25542854656.00 25643057152.00 25743820800.00 25842984960.00 25941157888.00 26043521024.00 26142201856.00 26244634624.00 
26342688768.00 26444474368.00 26544199680.00 26644566016.00 26744135680.00 26844471296.00 26944462848.00 27046549504.00 27145482240.00 27245703168.00 27345149952.00 27445704704.00 27544981504.00 27646646272.00 27746936832.00 27844749312.00 27947335680.00 28046946304.00 28147156992.00 28246530048.00 
28344475648.00 28447739904.00 28547586048.00 28647813120.00 28747556864.00 28847288320.00 28950052864.00 29049276416.00 29146591232.00 29249048576.00 29348558848.00 29449615360.00 29549266944.00 29649813504.00 29749473280.00 29849546752.00 29949161472.00 30050447360.00 30150483968.00 30250479616.00 
30343260160.00 30450782208.00 30551191552.00 30650497024.00 30750185472.00 30851110912.00 30951186432.00 31051290624.00 31153694720.00 31252514816.00 31351896064.00 31452639232.00 31552223232.00 31652812800.00 31753191424.00 31852986368.00 31953451008.00 32053540864.00 32153724928.00 32253683712.00 
32342116352.00 32454541312.00 32554321920.00 32654729216.00 32754323456.00 32853073920.00 32954931200.00 33055215616.00 33154897920.00 33255120896.00 33354909696.00 33455548416.00 33555308544.00 33654235136.00 33757286400.00 33856598016.00 33955796992.00 34057273344.00 34156394496.00 34258851840.00 
34355886080.00 34457481216.00 34557505536.00 34658344960.00 34757431296.00 34858016768.00 34958209024.00 35058331648.00 35159441408.00 35259514880.00 35355340800.00 35459387392.00 35556954112.00 35660886016.00 35759951872.00 35859410944.00 35959697408.00 36060078080.00 36160143360.00 36260950016.00 
36357574656.00 36460548096.00 36560678912.00 36659843072.00 36763324416.00 36861734912.00 36961595392.00 37062205440.00 37160996864.00 37261864960.00 37361639424.00 37462528000.00 37561958400.00 37662904320.00 37762928640.00 37853814784.00 37962780672.00 38063460352.00 38163632128.00 38263844864.00 
38362349568.00 38468833280.00 38564319232.00 38664970240.00 38762307584.00 38864478208.00 38965014528.00 39064121344.00 39165075456.00 39265533952.00 39364730880.00 39465897984.00 39565225984.00 39666016256.00 39766102016.00 39865888768.00 39966048256.00 40066535424.00 40166236160.00 40266035200.00 
40337272832.00 40468180992.00 40567795712.00 40668041216.00 40767746048.00 40867766272.00 40968364032.00 41068572672.00 41167958016.00 41268928512.00 41368162304.00 41469313024.00 41569091584.00 41669218304.00 41770053632.00 41869479936.00 41967677440.00 42070212608.00 42170368000.00 42270257152.00 
42369024000.00 42465615872.00 42571030528.00 42671087616.00 42770788352.00 42869633024.00 42971521024.00 43071655936.00 43171590144.00 43272286208.00 43371532288.00 43472351232.00 43571343360.00 43672989696.00 43772841984.00 43872899072.00 43972878336.00 44073570304.00 44173471744.00 44273065984.00 
44370763776.00 44473819136.00 44573937664.00 44673892352.00 44771713024.00 44876623872.00 44975693824.00 45075496960.00 45173207040.00 45276065792.00 45372116992.00 45475921920.00 45575909376.00 45676236800.00 45776273408.00 45876240384.00 45976137728.00 46076293120.00 46176620544.00 46275526656.00 
46375751680.00 46477180928.00 46577668096.00 46677889024.00 46776799232.00 46877392896.00 46977724416.00 47077933056.00 47178240000.00 47278665728.00 47377723392.00 47479738368.00 47578832896.00 47679365120.00 47779528704.00 47877996544.00 47979429888.00 48079917056.00 48180420608.00 48280317952.00 
48368537600.00 48480530432.00 48580870144.00 48681046016.00 48780906496.00 48881569792.00 48981831680.00 49081745408.00 49181491200.00 49282207744.00 49381552128.00 49482321920.00 49582247936.00 49682722816.00 49782734848.00 49882521600.00 49981800448.00 50082856960.00 50182893568.00 50282225664.00 
50346352640.00 50485526528.00 50584850432.00 50685399040.00 50784395264.00 50884673536.00 50984923136.00 51084795904.00 51185418240.00 51285192704.00 51384954880.00 51485765632.00 51583639552.00 51686514688.00 51786162176.00 51886088192.00 51985608704.00 52086259712.00 52187066368.00 52287143936.00 
52384202752.00 52487036928.00 52588109824.00 52687556608.00 52787642368.00 52886261760.00 52988116992.00 53088526336.00 53187321856.00 53288525824.00 53388058624.00 53489152000.00 53588643840.00 53688049664.00 53789990912.00 53889499136.00 53989404672.00 54090010624.00 54189928448.00 54289739776.00 
54388981760.00 54490763264.00 54590689280.00 54691069952.00 54788796416.00 54890655744.00 54991769600.00 55090962432.00 55191797760.00 55290109952.00 55388491776.00 55492202496.00 55592321024.00 55693070336.00 55792865280.00 55892590592.00 55993008128.00 56093675520.00 56192958464.00 56293527552.00 
56387780608.00 56494043136.00 56594313216.00 56694321152.00 56793980928.00 56894205952.00 56994283520.00 57094754304.00 57194102784.00 57294487552.00 57393463296.00 57491001344.00 57599062016.00 57696993280.00 57796894720.00 57895075840.00 57994543104.00 58097094656.00 58196987904.00 58297466880.00 
58395930624.00 58497064960.00 58597629952.00 58698027008.00 58797416448.00 58897657856.00 58998468608.00 59098255360.00 59198050304.00 59298803712.00 59398103040.00 59499102208.00 59597905920.00 59699597312.00 59799379968.00 59899248640.00 59999727616.00 60098506752.00 60199911424.00 60300017664.00 
60385558528.00 60500774912.00 60600700928.00 60700946432.00 60801110016.00 60900900864.00 60999962624.00 61101379584.00 61199515648.00 61302325248.00 61401325568.00 61502246912.00 61602099200.00 61702475776.00 61802438656.00 61901242368.00 62003523584.00 62103617536.00 62203555840.00 62303465472.00 
62402457600.00 62503694336.00 62603935744.00 62704504832.00 62803296256.00 62895333376.00 63004782592.00 63104864256.00 63204913152.00 63305220096.00 63404736512.00 63505199104.00 63605882880.00 63706349568.00 63805972480.00 63906279424.00 64006094848.00 64106459136.00 64206659584.00 64306831360.00 
64395165696.00 64507240448.00 64607916032.00 64707792896.00 64807469056.00 64906956800.00 65008156672.00 65108066304.00 65207771136.00 65308581888.00 65405014016.00 65508593664.00 65608826880.00 65708634112.00 65809399808.00 65909325824.00 66008420352.00 66109349888.00 66209718272.00 66309681152.00 
66408665088.00 66510118912.00 66610106368.00 66710376448.00 66809614336.00 66909458432.00 67007291392.00 67119812608.00 67213590528.00 67313143808.00 67412238336.00 67512836096.00 67610603520.00 67713060864.00 67813146624.00 67911389184.00 68012781568.00 68113698816.00 68214358016.00 68313800704.00 
68410978304.00 68514287616.00 68614115328.00 68715134976.00 68814315520.00 68914307072.00 69015052288.00 69115117568.00 69214060544.00 69315682304.00 69415149568.00 69515943936.00 69615575040.00 69715959808.00 69815926784.00 69915844608.00 70016376832.00 70116892672.00 70217007104.00 70316720128.00 
70409707520.00 70516989952.00 70617448448.00 70717448192.00 70815318016.00 70917267456.00 71020855296.00 71118585856.00 71218487296.00 71318798336.00 71418101760.00 71518576640.00 71618584576.00 71719280640.00 71819034624.00 71919452160.00 72019591168.00 72120320000.00 72221220864.00 72320114688.00 
72414478336.00 72520523776.00 72620515328.00 72720859136.00 72820793344.00 72919097344.00 73020751872.00 73118580736.00 73222283264.00 73322315776.00 73421668352.00 73522470912.00 73622208512.00 73722716160.00 73822855168.00 73922789376.00 74020741120.00 74123722752.00 74223263744.00 74323435520.00 
74422124544.00 74524303360.00 74624000000.00 74724130816.00 74823622656.00 74924212224.00 75024687104.00 75125088256.00 75224866816.00 75324579840.00 75406647296.00 75525906432.00 75624751104.00 75726135296.00 75826143232.00 75925897216.00 76026150912.00 76126765056.00 76226699264.00 76327002112.00 
76424036352.00 76527165440.00 76629630976.00 76727205888.00 76827394048.00 76927549440.00 77028950016.00 77128015872.00 77225959424.00 77327794176.00 77428088832.00 77528760320.00 77629145088.00 77729013760.00 77828743168.00 77927768064.00 78028963840.00 78129987584.00 78230134784.00 78330085376.00 
78428766208.00 78530273280.00 78630510592.00 78730780672.00 78829707264.00 78930673664.00 79031140352.00 79131525120.00 79231434752.00 79331827712.00 79431057408.00 79531991040.00 79631441920.00 79731859456.00 79831941120.00 79931858944.00 80031817728.00 80132112384.00 80231268352.00 80329596928.00 
80373661696.00 80537755648.00 80635854848.00 80735453184.00 80835059712.00 80934912000.00 81035362304.00 81134977024.00 81234919424.00 81336639488.00 81435025408.00 81536196608.00 81635614720.00 81735319552.00 81836064768.00 81936302080.00 82035466240.00 82136686592.00 82236596224.00 82337144832.00 
82435727360.00 82537267200.00 82637676544.00 82737594368.00 82837471232.00 82936168448.00 83037970432.00 83137781760.00 83238510592.00 83338575872.00 83438002176.00 83538878464.00 83636723712.00 83738853376.00 83839475712.00 83939393536.00 84039663616.00 84139769856.00 84240113664.00 84340178944.00 
84437426176.00 84540383232.00 84638113792.00 84741185536.00 84840824832.00 84940791808.00 85041209344.00 85141348352.00 85240463360.00 85341986816.00 85438349312.00 85541511168.00 85642117120.00 85742411776.00 85842698240.00 85942550528.00 86042181632.00 86139723776.00 86243704832.00 86343499776.00 
86442377216.00 86543982592.00 86643965952.00 86744317952.00 86842032128.00 86944784384.00 87045079040.00 87145283584.00 87244816384.00 87344979968.00 87445102592.00 87545634816.00 87645167616.00 87745847296.00 87845978112.00 87936843776.00 88046272512.00 88146026496.00 88245420032.00 88346828800.00 
88440979456.00 88547106816.00 88647147520.00 88747147264.00 88847319040.00 88947417088.00 89047834624.00 89147555840.00 89246646272.00 89359720448.00 89449013248.00 89549799424.00 89649217536.00 89749487616.00 89849380864.00 89949470720.00 90047537152.00 90149920768.00 90251010048.00 90350231552.00 
90442924032.00 90550566912.00 90650845184.00 90750566400.00 90850598912.00 90950918144.00 91051376640.00 91151515648.00 91251425280.00 91349647360.00 91451432960.00 91552276480.00 91651309568.00 91752431616.00 91852292096.00 91952431104.00 92052733952.00 92153495552.00 92252422144.00 92353658880.00 
92450545664.00 92553592832.00 92653518848.00 92746489856.00 92854648832.00 92952862720.00 93054894080.00 93155033088.00 93252665344.00 93355089920.00 93454499840.00 93555392512.00 93655236608.00 93755310080.00 93855809536.00 93955760128.00 94055522304.00 94156390400.00 94256414720.00 94356635648.00 
94455308288.00 94555234304.00 94657585152.00 94757470208.00 94856527872.00 94957461504.00 95057928192.00 95158362112.00 95258116096.00 95358091264.00 95454969856.00 95558746112.00 95657984000.00 95759540224.00 95859253248.00 95959179264.00 96059432960.00 96159744000.00 96259948544.00 96359989248.00 
96448208896.00 96560701440.00 96659890176.00 96761577472.00 96860708864.00 96960610304.00 97061339136.00 97161314304.00 97260969984.00 97361469440.00 97461395456.00 97562034176.00 97662001152.00 97764933632.00 97862483968.00 97960787968.00 98061697024.00 98162982912.00 98263220224.00 98363015168.00 
98461999104.00 98563252224.00 98663645184.00 98763890688.00 98863521792.00 98963800064.00 99064324096.00 99163201536.00 99264331776.00 99364429824.00 99463995392.00 99565010944.00 99662725120.00 99764903936.00 99864756224.00 99964665856.00 100064616448.00 100164714496.00 100263501824.00 100360626176.00 
100391854080.00 100573306880.00 100670226432.00 100769472512.00 100868882432.00 100968587264.00 101069152256.00 101169659904.00 101267996672.00 101368233984.00 101468585984.00 101570338816.00 101668904960.00 101769895936.00 101869551616.00 101969862656.00 102069510144.00 102170681344.00 102270140416.00 102370410496.00 
102469165056.00 102570582016.00 102670860288.00 102771040256.00 102868910080.00 102969483264.00 103071563776.00 103171006464.00 103271399424.00 103372201984.00 103471382528.00 103572340736.00 103671595008.00 103772897280.00 103872421888.00 103972642816.00 104072765440.00 104169734144.00 104273641472.00 104374050816.00 
104467800064.00 104573853696.00 104673640448.00 104773967872.00 104874500096.00 104974229504.00 105074483200.00 105175121920.00 105274531840.00 105375137792.00 105471680512.00 105575481344.00 105675145216.00 105776611328.00 105876078592.00 105976135680.00 106074005504.00 106177019904.00 106276462592.00 106377109504.00 
106475601920.00 106576961536.00 106677321728.00 106777370624.00 106876993536.00 106977296384.00 107077238784.00 107179499520.00 107278475264.00 107378802688.00 107478024192.00 107578925056.00 107677859840.00 107778957312.00 107879235584.00 107977646080.00 108079308800.00 108181692416.00 108279726080.00 108380397568.00 
108477276160.00 108579577856.00 108680609792.00 108780650496.00 108880609280.00 108980822016.00 109081141248.00 109181485056.00 109279191040.00 109380968448.00 109480353792.00 109591232512.00 109682769920.00 109782663168.00 109882507264.00 109982736384.00 110082523136.00 110183284736.00 110282326016.00 110383702016.00 
110476296192.00 110583816192.00 110683725824.00 110784036864.00 110883323904.00 110984282112.00 111084691456.00 111184715776.00 111284813824.00 111384911872.00 111484502016.00 111582691328.00 111685271552.00 111785803776.00 111886163968.00 111985885184.00 112085925888.00 112186466304.00 112286285824.00 112386834432.00 
112474882048.00 112587096064.00 112687472640.00 112787472384.00 112887373824.00 112978395136.00 113087832064.00 113188110336.00 113287438336.00 113388314624.00 113487880192.00 113588641792.00 113688141824.00 113788903424.00 113889009664.00 113989033984.00 114088247296.00 114189623296.00 114289623040.00 114389598208.00 
114488262656.00 114589409280.00 114688229376.00 114804981760.00 114892103680.00 114991693824.00 115091603456.00 115191930880.00 115291742208.00 115392110592.00 115488571392.00 115592404992.00 115690143744.00 115792535552.00 115892805632.00 115992551424.00 116092821504.00 116192886784.00 116293812224.00 116393320448.00 
116490706944.00 116593582080.00 116693819392.00 116794425344.00 116893982720.00 116993925120.00 117094547456.00 117195063296.00 117293883392.00 117395013632.00 117494456320.00 117595668480.00 117695430656.00 117795635200.00 117895798784.00 117994184704.00 118095036416.00 118197059584.00 118296690688.00 118396919808.00 
118495469568.00 118597058560.00 118697558016.00 118797271040.00 118895239168.00 118996729856.00 119097737216.00 119198162944.00 119297925120.00 119398055936.00 119497793536.00 119598456832.00 119698300928.00 119800578048.00 119898398720.00 119999053824.00 120099094528.00 120199430144.00 120299298816.00 120399085568.00 
120470339584.00 120601387008.00 120701034496.00 120800526336.00 120900812800.00 121000853504.00 121101262848.00 121201328128.00 121301213184.00 121401458688.00 121501319168.00 121601228800.00 121701228544.00 121802694656.00 121902284800.00 122002341888.00 122100514816.00 122202505216.00 122303479808.00 122403463168.00 
122502103040.00 122603479040.00 122703536128.00 122803978240.00 122903650304.00 123002527744.00 123104460800.00 123205156864.00 123304484864.00 123404877824.00 123503738880.00 123607801856.00 123704786944.00 123805851648.00 123905679360.00 124005785600.00 124105924608.00 124206424064.00 124305940480.00 124406882304.00 
124503949312.00 124607070208.00 124707069952.00 124807380992.00 124907192320.00 125007208448.00 125108051968.00 125207773184.00 125305602048.00 125407952896.00 125489750016.00 125609025536.00 125708812288.00 125808033792.00 125909229568.00 126009450496.00 126108901376.00 126209179648.00 126309613568.00 126409809920.00 
126508785664.00 126610317312.00 126710276096.00 126809006080.00 126909988864.00 127010897920.00 127111315456.00 127211347968.00 127311167488.00 127411748864.00 127511191552.00 127611658240.00 127711371264.00 127812804608.00 127912402944.00 128010887168.00 128112533504.00 128213377024.00 128312803328.00 128413556736.00 
128501530624.00 128613810176.00 128713367552.00 128812154880.00 128914104320.00 129013817344.00 129114775552.00 129214586880.00 129314168832.00 129414856704.00 129514020864.00 129614708736.00 129715339264.00 129815633920.00 129915207680.00 130015641600.00 130114904064.00 130215673856.00 130315976704.00 130416582656.00 
130509291520.00 130616803328.00 130716729344.00 130817130496.00 130916769792.00 131017170944.00 131117309952.00 131217711104.00 131317760000.00 131417669632.00 131517595648.00 131618332672.00 131716030464.00 131818831872.00 131918479360.00 132018356224.00 132118790144.00 132219092992.00 132319002624.00 132419592192.00 
132516552704.00 132619476992.00 132719378432.00 132819902464.00 132919558144.00 133018034176.00 133119787008.00 133219557376.00 133318320128.00 133419057152.00 133517967360.00 133617524736.00 133713739776.00 133789319168.00 133938896896.00 134028738560.00 134126428160.00 134226141184.00 134325248000.00 134425190400.00 
134523781120.00 134625280000.00 134724927488.00 134825132032.00 134922846208.00 135025000448.00 135125344256.00 135225745408.00 135325392896.00 135425679360.00 135522050048.00 135626571776.00 135725432832.00 135826538496.00 135926325248.00 136026234880.00 136126857216.00 136226545664.00 136326791168.00 136427184128.00 
136521302016.00 136627625984.00 136727453696.00 136827723776.00 136927576064.00 137027600384.00 137128214528.00 137228099584.00 137327861760.00 137428762624.00 137528082432.00 137628827648.00 137729097728.00 137829548032.00 137929261056.00 138020241408.00 138127622144.00 138229530624.00 138330275840.00 138429906944.00 
138529144832.00 138630709248.00 138730848256.00 138830987264.00 138930257920.00 139031314432.00 139131355136.00 139231838208.00 139331387392.00 139431903232.00 139531141120.00 139631722496.00 139731484672.00 139832492032.00 139932762112.00 140032425984.00 140132909056.00 140233211904.00 140333056000.00 140433145856.00 
140518653952.00 140633915392.00 140733693952.00 140834455552.00 140934135808.00 141033930752.00 141134495744.00 141234683904.00 141332496384.00 141434798080.00 141534298112.00 141634945024.00 141736837120.00 141835812864.00 141936115712.00 142035861504.00 142135803904.00 142236516352.00 142336671744.00 142436745216.00 
142535540736.00 142636695552.00 142737113088.00 142837383168.00 142936260608.00 143035875328.00 143137767424.00 143237840896.00 143337340928.00 143439691776.00 143538077696.00 143638872064.00 143738421248.00 143839297536.00 143940157440.00 144039034880.00 144139796480.00 144240050176.00 144339730432.00 144439803904.00 
144528375808.00 144640917504.00 144740679680.00 144840491008.00 144940630016.00 145040605184.00 145140924416.00 145241423872.00 145340973056.00 145441570816.00 145538023424.00 145642307584.00 145741758464.00 145841979392.00 145940905984.00 146044125184.00 146142101504.00 146243387392.00 146343362560.00 146443501568.00 
146542166016.00 146643763200.00 146743885824.00 146843959296.00 146943721472.00 147043926016.00 147144343552.00 147244892160.00 147344556032.00 147445153792.00 147544670208.00 147645382656.00 147743129600.00 147845447680.00 147946553344.00 148044365824.00 148145995776.00 148246396928.00 148346404864.00 148447412224.00 
148543782912.00 148646658048.00 148747124736.00 148847329280.00 148947288064.00 149047246848.00 149147811840.00 149247819776.00 149346680832.00 149448310784.00 149547597824.00 149648375808.00 149748482048.00 149848817664.00 149949464576.00 150048931840.00 150148841472.00 150249144320.00 150348922880.00 150448586752.00 
150512599040.00 150652092416.00 150751133696.00 150850977792.00 150948855808.00 151051157504.00 151151460352.00 151251353600.00 151351492608.00 151452057600.00 151551148032.00 151651778560.00 151751688192.00 151852236800.00 151952424960.00 152052203520.00 152152686592.00 152252678144.00 152353243136.00 152454512640.00 
152547573760.00 152653676544.00 152753684480.00 152853708800.00 152955125760.00 153052676096.00 153154355200.00 153254428672.00 153354387456.00 153454804992.00 153554550784.00 153655443456.00 153755664384.00 153855557632.00 153955713024.00 154055688192.00 154153730048.00 154256211968.00 154355122176.00 154457653248.00 
154555580416.00 154657488896.00 154757136384.00 154857586688.00 154957103104.00 155057455104.00 155157528576.00 155257847808.00 155357904896.00 155458306048.00 155554758656.00 155656683520.00 155757608960.00 155859058688.00 155958984704.00 156058451968.00 156159770624.00 156259745792.00 156359852032.00 156459941888.00 
156557082624.00 156662562816.00 156760293376.00 156860743680.00 156960276480.00 157059842048.00 157161291776.00 157260365824.00 157359013888.00 157461561344.00 157561094144.00 157661954048.00 157762076672.00 157862002688.00 157962125312.00 158060789760.00 158162550784.00 158262820864.00 158363254784.00 158464573440.00 
158561976320.00 158663409664.00 158763876352.00 158863900672.00 158962794496.00 159064178688.00 159163990016.00 159264342016.00 159364169728.00 159464390656.00 159564070912.00 159665061888.00 159764545536.00 159865323520.00 159965609984.00 160064897024.00 160164921344.00 160264929280.00 160364396544.00 160462716928.00 
160506658816.00 160671121408.00 160769015808.00 160868728832.00 160968179712.00 161068105728.00 161168195584.00 161268580352.00 161368129536.00 161468547072.00 161568194560.00 161668661248.00 161769095168.00 161869512704.00 161968422912.00 162069282816.00 162168569856.00 162267840512.00 162370338816.00 162469068800.00 
162568863744.00 162670346240.00 162770616320.00 162870624256.00 162970075136.00 163061989376.00 163170697216.00 163271262208.00 163371171840.00 163471851520.00 163571630080.00 163672145920.00 163769925632.00 163872407552.00 163972562944.00 164072112128.00 164172021760.00 164273192960.00 164373299200.00 164473323520.00 
164570382336.00 164671225856.00 164773560320.00 164874125312.00 164974084096.00 165073682432.00 165174165504.00 165268799488.00 165374001152.00 165475041280.00 165571428352.00 165675237376.00 165775196160.00 165875892224.00 165975310336.00 166075056128.00 166175653888.00 166276087808.00 166376292352.00 166476840960.00 
166575374336.00 166676545536.00 166776995840.00 166877134848.00 166974881792.00 167077085184.00 167176863744.00 167279902720.00 167378288640.00 167478427648.00 167578025984.00 167678689280.00 167778320384.00 167878721536.00 167978827776.00 168077524992.00 168179187712.00 168279572480.00 168379777024.00 168478900224.00 
168573976576.00 168680325120.00 168780185600.00 168880553984.00 168979283968.00 169080651776.00 169181085696.00 169281093632.00 169380806656.00 169481863168.00 169580888064.00 169681715200.00 169781379072.00 169882435584.00 169982230528.00 170082500608.00 170180378624.00 170285875200.00 170382835712.00 170483335168.00 
170575855616.00 170683809792.00 170783457280.00 170884136960.00 170983424000.00 171084087296.00 171184128000.00 171283824640.00 171384340480.00 171484643328.00 171584241664.00 171684872192.00 171783307264.00 171884052480.00 171978752000.00 172088393728.00 172186812416.00 172286820352.00 172386533376.00 172486049792.00 
172584009728.00 172687409152.00 172787204096.00 172887375872.00 172987236352.00 173085933568.00 173187776512.00 173287948288.00 173385875456.00 173488340992.00 173588021248.00 173689044992.00 173788692480.00 173888831488.00 173989232640.00 174089322496.00 174189084672.00 174289436672.00 174389608448.00 174488682496.00 
174588887040.00 174690189312.00 174790737920.00 174890418176.00 174989672448.00 175090696192.00 175190917120.00 175291170816.00 175391064064.00 175491317760.00 175573057536.00 175691956224.00 175791751168.00 175892299776.00 175992225792.00 176092364800.00 176191881216.00 176292036608.00 176392962048.00 176493182976.00 
176581394432.00 176692920320.00 176793616384.00 176893771776.00 176993746944.00 177094180864.00 177194156032.00 177294589952.00 177394253824.00 177494540288.00 177594368000.00 177695735808.00 177795350528.00 177895489536.00 177995235328.00 178093621248.00 178194432000.00 178294718464.00 178401886208.00 178497290240.00 
178595708928.00 178696798208.00 178797379584.00 178897534976.00 178997248000.00 179097305088.00 179197673472.00 179297779712.00 179397902336.00 179498237952.00 179597918208.00 179698089984.00 179796590592.00 179897876480.00 179999064064.00 180099006464.00 180199620608.00 180299546624.00 180399669248.00 180499775488.00 
180584955904.00 180700545024.00 180800159744.00 180900298752.00 181000683520.00 181100691456.00 181200863232.00 181301248000.00 181400256512.00 181501493248.00 181600927744.00 181701640192.00 181801861120.00 181902147584.00 182002434048.00 182101934080.00 182201909248.00 182302228480.00 182398320640.00 182504079360.00 
182602301440.00 182703767552.00 182803873792.00 182903914496.00 183001890816.00 183102504960.00 183203889152.00 183304486912.00 183404363776.00 183505174528.00 183604396032.00 183705550848.00 183804821504.00 183905189888.00 184005951488.00 184105664512.00 184205475840.00 184306139136.00 184406638592.00 184506449920.00 
184600494080.00 184706334720.00 184806686720.00 184906874880.00 185007046656.00 185106563072.00 185203752960.00 185308413952.00 185407651840.00 185508282368.00 185604685824.00 185708511232.00 185808748544.00 185908805632.00 186009059328.00 186108608512.00 186206879744.00 186308493312.00 186409795584.00 186509869056.00 
186608435200.00 186710261760.00 186809860096.00 186909212672.00 187009826816.00 187110146048.00 187210088448.00 187312357376.00 187411218432.00 187511799808.00 187611168768.00 187712634880.00 187810725888.00 187911880704.00 188011986944.00 188102918144.00 188212379648.00 188312748032.00 188412952576.00 188513124352.00 
188610199552.00 188713172992.00 188812574720.00 188914384896.00 189013639168.00 189113581568.00 189214130176.00 189314252800.00 189412278272.00 189515251712.00 189614047232.00 189715316736.00 189815128064.00 189914972160.00 190015422464.00 190116331520.00 190215389184.00 190316298240.00 190416093184.00 190517231616.00 
190609162240.00 190717591552.00 190816845824.00 190916820992.00 191015960576.00 191117967360.00 191217582080.00 191318294528.00 191417483264.00 191517442048.00 191617515520.00 191718195200.00 191817646080.00 191914475520.00 192018989056.00 192118849536.00 192219119616.00 192319569920.00 192419332096.00 192519421952.00 
192607731712.00 192720093184.00 192820166656.00 192920059904.00 193019871232.00 193118650368.00 193222328320.00 193320189952.00 193420476416.00 193521221632.00 193620525056.00 193718108160.00 193821655040.00 193921679360.00 194022096896.00 194121564160.00 194221473792.00 194322694144.00 194422423552.00 194522791936.00 
194621718528.00 194723102720.00 194823176192.00 194924167168.00 195022848000.00 195123773440.00 195225403392.00 195324166144.00 195423944704.00 195524689920.00 195620913152.00 195724558336.00 195822632960.00 195924967424.00 196025139200.00 196125065216.00 196225351680.00 196325900288.00 196425613312.00 196525998080.00 
196623122432.00 196726358016.00 196826218496.00 196926652416.00 197026676736.00 197126963200.00 197226889216.00 197327372288.00 197426167808.00 197527470080.00 197626707968.00 197726404608.00 197827772416.00 197928091648.00 198027345920.00 198126436352.00 198228164608.00 198327468032.00 198427967488.00 198528679936.00 
198627409920.00 198729220096.00 198829506560.00 198928973824.00 199026638848.00 199128956928.00 199229095936.00 199329185792.00 199428882432.00 199529480192.00 199628832768.00 199729168384.00 199828488192.00 199928938496.00 200028323840.00 200127053824.00 200226357248.00 200324562944.00 200420507648.00 200508227584.00 
200482979840.00 200758345728.00 200845983744.00 200942190592.00 201039953920.00 201138618368.00 201238331392.00 201338060800.00 201437102080.00 201537601536.00 201636610048.00 201737519104.00 201837477888.00 201937518592.00 202037624832.00 202137059328.00 202235297792.00 202337730560.00 202437099520.00 202537549824.00 
202636673024.00 202737778688.00 202838589440.00 202939351040.00 203037589504.00 203136548864.00 203239014400.00 203338792960.00 203438751744.00 203540414464.00 203638767616.00 203739234304.00 203838242816.00 203939495936.00 204040044544.00 204139233280.00 204239650816.00 204339806208.00 204440289280.00 204540788736.00 
204637519872.00 204740657152.00 204841025536.00 204940787712.00 205041025024.00 205140934656.00 205241712640.00 205341704192.00 205439516672.00 205542064128.00 205638238208.00 205742276608.00 205842333696.00 205942358016.00 206041300992.00 206142537728.00 206242480128.00 206342635520.00 206443446272.00 206543601664.00 
206642200576.00 206743814144.00 206844116992.00 206944092160.00 207043035136.00 207144157184.00 207244771328.00 207345025024.00 207444590592.00 207548841984.00 207644704768.00 207745122304.00 207845097472.00 207946366976.00 208044294144.00 208144482304.00 208246571008.00 208347152384.00 208446947328.00 208546643968.00 
208635117568.00 208747167744.00 208847175680.00 208947576832.00 209047535616.00 209147215872.00 209247813632.00 209352392704.00 209447665664.00 209548558336.00 209647828992.00 209749229568.00 209848467456.00 209948344320.00 210049204224.00 210148048896.00 210248564736.00 210349834240.00 210449793024.00 210549161984.00 
210642698240.00 210749456384.00 210850447360.00 210950619136.00 211049906176.00 211149750272.00 211251298304.00 211351814144.00 211451199488.00 211551535104.00 211651280896.00 211751403520.00 211849920512.00 211952238592.00 212052492288.00 212152385536.00 212252377088.00 212352581632.00 212453916672.00 212553367552.00 
212650508288.00 212754022400.00 212853489664.00 212953972736.00 213054029824.00 213144928256.00 213254307840.00 213354774528.00 213453635584.00 213554233344.00 213654355968.00 213754691584.00 213855092736.00 213954609152.00 214056419328.00 214155886592.00 214255845376.00 214357508096.00 214456926208.00 214556508160.00 
214655369216.00 214757244928.00 214857023488.00 214958047232.00 215054827520.00 215157374976.00 215257612288.00 215358046208.00 215457464320.00 215558012928.00 215654465536.00 215758323712.00 215857938432.00 215958224896.00 216062885888.00 216159354880.00 216259002368.00 216359911424.00 216460050432.00 216560271360.00 
216654036992.00 216760451072.00 216859901952.00 216960483328.00 217060786176.00 217160613888.00 217260834816.00 217361547264.00 217461047296.00 217561333760.00 217661014016.00 217761415168.00 217861767168.00 217962086400.00 218062716928.00 218160807936.00 218260537344.00 218362888192.00 218462420992.00 218563100672.00 
218661371904.00 218762510336.00 218868039680.00 218964295680.00 219063746560.00 219164196864.00 219264204800.00 219364737024.00 219464613888.00 219565244416.00 219664400384.00 219765276672.00 219864252416.00 219965554688.00 220065628160.00 220165931008.00 220265267200.00 220366094336.00 220466315264.00 220566126592.00 
220651798528.00 220766945280.00 220866854912.00 220967206912.00 221066788864.00 221166977024.00 221267623936.00 221368696832.00 221465772032.00 221568614400.00 221667639296.00 221768351744.00 221868605440.00 221968891904.00 222068850688.00 222168530944.00 222268801024.00 222369169408.00 222469029888.00 222569627648.00 
222668275712.00 222769463296.00 222864703488.00 222972116992.00 223070060544.00 223169445888.00 223271124992.00 223371476992.00 223471403008.00 223571165184.00 223670976512.00 223772016640.00 223871303680.00 223972409344.00 224072269824.00 224171917312.00 224272482304.00 224372768768.00 224472973312.00 224573685760.00 
224661274624.00 224773472256.00 224873578496.00 224974684160.00 225074380800.00 225173979136.00 225274232832.00 225374322688.00 225474052096.00 225574797312.00 225656455168.00 225775452160.00 225875165184.00 225975386112.00 226075738112.00 226175549440.00 226274820096.00 226376368128.00 226475851776.00 226576646144.00 
226675032064.00 226778284032.00 226877063168.00 226977284096.00 227076603904.00 227176988672.00 227277357056.00 227377840128.00 227477602304.00 227577462784.00 227677290496.00 227778150400.00 227876110336.00 227978919936.00 228078845952.00 228177313792.00 228279025664.00 228379377664.00 228479221760.00 228579262464.00 
228676730880.00 228780621824.00 228880007168.00 228979638272.00 229079269376.00 229177737216.00 229288001536.00 229382815744.00 229480873984.00 229581701120.00 229681348608.00 229782044672.00 229881937920.00 229982781440.00 230082461696.00 230181912576.00 230282035200.00 230382780416.00 230483214336.00 230582894592.00 
230676086784.00 230783320064.00 230883672064.00 230980894720.00 231081721856.00 231183433728.00 231284129792.00 231384530944.00 231484784640.00 231585284096.00 231684374528.00 231784890368.00 231884832768.00 231985659904.00 232085274624.00 232185184256.00 232287076352.00 232386035712.00 232486109184.00 232586526720.00 
232680620032.00 232788099072.00 232886878208.00 232987164672.00 233086943232.00 233185361920.00 233287663616.00 233388015616.00 233487269888.00 233588080640.00 233687416832.00 233788309504.00 233887924224.00 233986932736.00 234089496576.00 234189209600.00 234287349760.00 234389274624.00 234489626624.00 234590142464.00 
234688315392.00 234789912576.00 234890493952.00 234990403584.00 235090100224.00 235190894592.00 235290755072.00 235390730240.00 235491295232.00 235591548928.00 235687886848.00 235791826944.00 235890622464.00 235997855744.00 236092866560.00 236191858688.00 236292292608.00 236392611840.00 236492865536.00 236595724288.00 
236690112512.00 236793675776.00 236893372416.00 236993871872.00 237093928960.00 237193936896.00 237294272512.00 237394640896.00 237492125696.00 237594509312.00 237693992960.00 237794803712.00 237894582272.00 237995130880.00 238095417344.00 238185971712.00 238295236608.00 238396063744.00 238495694848.00 238596423680.00 
238695022592.00 238797733888.00 238896218112.00 238999273472.00 239095808000.00 239197044736.00 239298052096.00 239397306368.00 239497183232.00 239598174208.00 239697444864.00 239798026240.00 239897788416.00 239998402560.00 240098312192.00 240197844992.00 240298246144.00 240397959168.00 240497508352.00 240595730432.00 
240639950848.00 240804052992.00 240902356992.00 241001824256.00 241101291520.00 241201004544.00 241301307392.00 241401430016.00 241501077504.00 241601708032.00 241701126144.00 241802346496.00 241902010368.00 242002231296.00 242102435840.00 242202230784.00 242301665280.00 242403016704.00 242503041024.00 242603442176.00 
242702024704.00 242802425856.00 242903187456.00 243003817984.00 243103268864.00 243202228224.00 243304136704.00 243404554240.00 243504267264.00 243604750336.00 243704168448.00 243805110272.00 243902971904.00 244006273024.00 244105330688.00 244206288896.00 244305739776.00 244406026240.00 244506345472.00 244604108800.00 
244703690752.00 244806696960.00 244906737664.00 245007155200.00 245106278400.00 245207580672.00 245307392000.00 245407760384.00 245506670592.00 245610004480.00 245704605696.00 245808513024.00 245908553728.00 246008709120.00 246109110272.00 246208593920.00 246308503552.00 246409216000.00 246509535232.00 246609215488.00 
246708109312.00 246809444352.00 246911467520.00 247010770944.00 247108419584.00 247210344448.00 247311073280.00 247410966528.00 247510630400.00 247611326464.00 247710810112.00 247811801088.00 247911301120.00 248012341248.00 248112185344.00 248210391040.00 248311234560.00 248412979200.00 248513232896.00 248612978688.00 
248707661824.00 248812158976.00 248913707008.00 249013927936.00 249113624576.00 249213599744.00 249314164736.00 249414533120.00 249514164224.00 249615007744.00 249713950720.00 249814908928.00 249914867712.00 250015203328.00 250115391488.00 250215055360.00 250313064448.00 250415595520.00 250515177472.00 250614661120.00 
250679083008.00 250818035712.00 250917814272.00 251017330688.00 251117158400.00 251217133568.00 251317223424.00 251417903104.00 251518140416.00 251618131968.00 251718041600.00 251818426368.00 251917434880.00 252019130368.00 252118892544.00 252218753024.00 252318711808.00 252418998272.00 252519038976.00 252620177408.00 
252716974080.00 252819718144.00 252920430592.00 253020471296.00 253120561152.00 253218734080.00 253319774208.00 253421256704.00 253519265792.00 253621305344.00 253720805376.00 253821419520.00 253921460224.00 254021844992.00 254122115072.00 254222106624.00 254321836032.00 254422827008.00 254522605568.00 254622859264.00 
254721376256.00 254823202816.00 254923292672.00 255023497216.00 255122161664.00 255221727232.00 255325306880.00 255424593920.00 255524503552.00 255624527872.00 255721390080.00 255824838656.00 255924748288.00 256025116672.00 256125452288.00 256225509376.00 256325599232.00 256426049536.00 256526254080.00 256625623040.00 
256714670080.00 256826933248.00 256926793728.00 257026801664.00 257126400000.00 257227030528.00 257326465024.00 257427701760.00 257527267328.00 257627914240.00 257727037440.00 257827192832.00 257929117696.00 258029109248.00 258128953344.00 258227044352.00 258327937024.00 258429485056.00 258529394688.00 258630074368.00 
258728181760.00 258830221312.00 258929983488.00 259029794816.00 259129999360.00 259230351360.00 259330621440.00 259430744064.00 259529588736.00 259632136192.00 259730735104.00 259831889920.00 259929653248.00 260031725568.00 260131700736.00 260232364032.00 260332044288.00 260432265216.00 260532617216.00 260632788992.00 
260718100480.00 260833640448.00 260933353472.00 261033426944.00 261133402112.00 261233704960.00 261333778432.00 261434179584.00 261533089792.00 261635080192.00 261734318080.00 261834670080.00 261934858240.00 262035030016.00 262135349248.00 262234947584.00 262335463424.00 262435930112.00 262535774208.00 262636208128.00 
262734905344.00 262836633600.00 262936510464.00 263037206528.00 263134494720.00 263227637760.00 263337295872.00 263437615104.00 263537131520.00 263637778432.00 263737049088.00 263838138368.00 263937867776.00 264038400000.00 264138293248.00 264238514176.00 264338653184.00 264439103488.00 264539013120.00 264639070208.00 
264733589504.00 264839397376.00 264939814912.00 265040347136.00 265139519488.00 265240018944.00 265340502016.00 265440018432.00 265540108288.00 265640263680.00 265737191424.00 265841131520.00 265941041152.00 266040983552.00 266140909568.00 266241196032.00 266339123200.00 266441359360.00 266541285376.00 266641653760.00 
266739990528.00 266841849856.00 266941366272.00 267040423936.00 267139153920.00 267236933632.00 267327979520.00 267477434368.00 267552227328.00 267649597440.00 267746902016.00 267847270400.00 267945820160.00 268047073280.00 268147376128.00 268245073920.00 268346556416.00 268446662656.00 268547162112.00 268647448576.00 
268744441856.00 268847349760.00 268947800064.00 269047545856.00 269147242496.00 269248020480.00 269348241408.00 269447839744.00 269545603072.00 269648330752.00 269747830784.00 269848969216.00 269948895232.00 270049165312.00 270149566464.00 270249115648.00 270348976128.00 270449573888.00 270550007808.00 270649819136.00 
270742568960.00 270850293760.00 270950629376.00 271050932224.00 271149514752.00 271250456576.00 271351709696.00 271451078656.00 271551315968.00 271651815424.00 271751200768.00 271851864064.00 271951609856.00 272051994624.00 272151822336.00 272252125184.00 272352165888.00 272454598656.00 272553115648.00 272653008896.00 
272741335040.00 272853221376.00 272953638912.00 273053532160.00 273153671168.00 273252401152.00 273354358784.00 273453809664.00 273554128896.00 273654824960.00 273754046464.00 273854906368.00 273955061760.00 274055053312.00 274155323392.00 274255331328.00 274354667520.00 274457640960.00 274556370944.00 274656378880.00 
274754879488.00 274856837120.00 274957074432.00 275057639424.00 275156795392.00 275256672256.00 275357564928.00 275458752512.00 275557154816.00 275657621504.00 275739607040.00 275858489344.00 275956465664.00 276058931200.00 276158578688.00 276258586624.00 276359413760.00 276459192320.00 276559560704.00 276659863552.00 
276756725760.00 276860076032.00 276960608256.00 277060124672.00 277160198144.00 277260206080.00 277360607232.00 277460910080.00 277559443456.00 277658828800.00 277761589248.00 277861629952.00 277961572352.00 278061481984.00 278162243584.00 278260547584.00 278361800704.00 278462562304.00 278562865152.00 278663266304.00 
278761734144.00 278863446016.00 278963191808.00 279064084480.00 279161634816.00 279263969280.00 279364108288.00 279464050688.00 279564648448.00 279665541120.00 279763910656.00 279865163776.00 279964778496.00 280065179648.00 280165515264.00 280265064448.00 280365531136.00 280466456576.00 280565514240.00 280665358336.00 
280736399360.00 280867438592.00 280967348224.00 281067159552.00 281167003648.00 281266683904.00 281368035328.00 281466011648.00 281567625216.00 281668222976.00 281767280640.00 281868795904.00 281968312320.00 282068484096.00 282168623104.00 282269450240.00 282367066112.00 282469695488.00 282568818688.00 282669514752.00 
282768146432.00 282869858304.00 282969964544.00 283069317120.00 283170930688.00 283269365760.00 283370455040.00 283470725120.00 283571126272.00 283671199744.00 283770519552.00 283871838208.00 283970404352.00 284071329792.00 284172058624.00 284272132096.00 284372172800.00 284472213504.00 284572811264.00 284672950272.00 
284770238464.00 284873195520.00 284972744704.00 285073932288.00 285173612544.00 285273391104.00 285373857792.00 285473964032.00 285571776512.00 285673979904.00 285771104256.00 285874651136.00 285974495232.00 286075092992.00 286175166464.00 286274846720.00 286373904384.00 286461984768.00 286578442240.00 286677204992.00 
286775377920.00 286877089792.00 286976999424.00 287077236736.00 287176228864.00 287277219840.00 287377555456.00 287477923840.00 287578292224.00 287678169088.00 287777456128.00 287878578176.00 287977897984.00 288078659584.00 288179027968.00 288269664256.00 288378814464.00 288479313920.00 288579125248.00 288679329792.00 
288767901696.00 288880001024.00 288980172800.00 289080213504.00 289180549120.00 289280262144.00 289380499456.00 289480998912.00 289580482560.00 289683734528.00 289780858880.00 289881653248.00 289981497344.00 290082062336.00 290181939200.00 290281914368.00 290381201408.00 290482683904.00 290582724608.00 290682601472.00 
290775728128.00 290882977792.00 290984198144.00 291083354112.00 291183230976.00 291283533824.00 291384131584.00 291484073984.00 291583524864.00 291675439104.00 291784884224.00 291885613056.00 291983065088.00 292084744192.00 292185505792.00 292285415424.00 292385456128.00 292486053888.00 292586029056.00 292686987264.00 
292783390720.00 292886446080.00 292986978304.00 293085184000.00 293187158016.00 293285429248.00 293387304960.00 293487673344.00 293586501632.00 293687754752.00 293787172864.00 293887868928.00 293987778560.00 294087131136.00 294189334528.00 294288850944.00 294388498432.00 294489292800.00 294589235200.00 294689800192.00 
294788333568.00 294889684992.00 294989955072.00 295089930240.00 295188103168.00 295289880576.00 295390478336.00 295490355200.00 295591280640.00 295691091968.00 295787659264.00 295891763200.00 295991279616.00 296091615232.00 296191492096.00 296291893248.00 296392654848.00 296493023232.00 296592867328.00 296692908032.00 
296787050496.00 296892334080.00 296992407552.00 297096839168.00 297193013248.00 297293152256.00 297394110464.00 297493856256.00 297594290176.00 297694396416.00 297794076672.00 297894739968.00 297994485760.00 298095443968.00 298194632704.00 298293493760.00 298392846336.00 298495541248.00 298595942400.00 298696245248.00 
298794778624.00 298896523264.00 298996563968.00 299095818240.00 299196416000.00 299296391168.00 299397283840.00 299496800256.00 299597496320.00 299696652288.00 299796692992.00 299898339328.00 299996676096.00 300096782336.00 300197445632.00 300297453568.00 300397101056.00 300497436672.00 300596199424.00 300693651456.00 
300724584448.00 300906250240.00 301003079680.00 301101547520.00 301201489920.00 301301497856.00 301401669632.00 301501874176.00 301599227904.00 301701529600.00 301801504768.00 301902331904.00 302001848320.00 302103101440.00 302202454016.00 302302494720.00 302402699264.00 302502805504.00 302603304960.00 302703116288.00 
302801485824.00 302903820288.00 303003303936.00 303103574016.00 303202795520.00 303302246400.00 303404023808.00 303501967360.00 303603908608.00 303704735744.00 303803695104.00 303905144832.00 304004825088.00 304105521152.00 304205529088.00 304305340416.00 304405610496.00 304504963072.00 304606314496.00 304705863680.00 
304794468352.00 304906403840.00 305006641152.00 305107173376.00 305206919168.00 305306927104.00 305407295488.00 305507139584.00 305607802880.00 305708204032.00 305804541952.00 305908547584.00 306008195072.00 306108301312.00 306208702464.00 306308579328.00 306407931904.00 306509086720.00 306608930816.00 306711527424.00 
306808684544.00 306910101504.00 307010207744.00 307110117376.00 307210027008.00 307310198784.00 307410698240.00 307511066624.00 307611172864.00 307711115264.00 307810861056.00 307911589888.00 308009402368.00 308111605760.00 308211941376.00 308310310912.00 308411498496.00 308520255488.00 308613218304.00 308713160704.00 
308810317824.00 308912979968.00 309013938176.00 309113126912.00 309213560832.00 309313404928.00 309414264832.00 309514502144.00 309613264896.00 309714485248.00 309814034432.00 309916958720.00 310014869504.00 310115336192.00 310215278592.00 310315024384.00 310415360000.00 310515892224.00 310615834624.00 310715908096.00 
310808969216.00 310916481024.00 311015571456.00 311116791808.00 311214768128.00 311316447232.00 311417012224.00 311517446144.00 311617224704.00 311716872192.00 311816192000.00 311907090432.00 312019124224.00 312118804480.00 312218746880.00 312318722048.00 312418992128.00 312519589888.00 312619204608.00 312719212544.00 
312813518848.00 312919785472.00 313021136896.00 313120980992.00 313220268032.00 313311133696.00 313420709888.00 313520914432.00 313620168704.00 313721192448.00 313820315648.00 313921732608.00 314021675008.00 314121289728.00 314221690880.00 314321371136.00 314419970048.00 314522501120.00 314622803968.00 314722811904.00 
314821509120.00 314922926080.00 315022999552.00 315127332864.00 315223670784.00 315323777024.00 315423850496.00 315524382720.00 315623833600.00 315725283328.00 315821162496.00 315924971520.00 316024225792.00 316125085696.00 316225519616.00 316325298176.00 316425273344.00 316525871104.00 316628631552.00 316726345728.00 
316823601152.00 316926394368.00 317026762752.00 317127000064.00 317227040768.00 317326884864.00 317427253248.00 317527883776.00 317625270272.00 317727342592.00 317827186688.00 317927981056.00 318027595776.00 318129012736.00 318228856832.00 318326767616.00 318428217344.00 318529208320.00 318629052416.00 318729289728.00 
318828183552.00 318929960960.00 319029903360.00 319129976832.00 319229100032.00 319329763328.00 319430262784.00 319531024384.00 319630606336.00 319730483200.00 319830065152.00 319929942016.00 320030769152.00 320131563520.00 320231112704.00 320330924032.00 320431325184.00 320531333120.00 320630915072.00 320728956928.00 
320772866048.00 320937230336.00 321035304960.00 321134493696.00 321234436096.00 321334378496.00 321434484736.00 321535082496.00 321634238464.00 321734967296.00 321834549248.00 321934852096.00 322034761728.00 322135031808.00 322235465728.00 322335539200.00 322434891776.00 322536177664.00 322636349440.00 322736455680.00 
322835185664.00 322936864768.00 323036348416.00 323136946176.00 323236724736.00 323335028736.00 323437953024.00 323537534976.00 323637018624.00 323737780224.00 323837296640.00 323939008512.00 324036427776.00 324138205184.00 324237524992.00 324338876416.00 324438884352.00 324539645952.00 324636966912.00 324739530752.00 
324836622336.00 324939776000.00 325039751168.00 325139857408.00 325240193024.00 325340233728.00 325440831488.00 325540642816.00 325639307264.00 325740593152.00 325823070208.00 325942509568.00 326041436160.00 326141345792.00 326241648640.00 326341722112.00 326441402368.00 326542196736.00 326642925568.00 326743195648.00 
326841925632.00 326943866880.00 327043579904.00 327143456768.00 327241695232.00 327343669248.00 327444168704.00 327544373248.00 327644381184.00 327744290816.00 327843741696.00 327944372224.00 328043266048.00 328148025344.00 328245641216.00 328344207360.00 328446017536.00 328546254848.00 328645705728.00 328745844736.00 
328840085504.00 328946581504.00 329045573632.00 329146236928.00 329246310400.00 329346744320.00 329447899136.00 329547481088.00 329647063040.00 329748676608.00 329847046144.00 329947414528.00 330048077824.00 330148085760.00 330245570560.00 330349215744.00 330446503936.00 330549526528.00 330648780800.00 330749673472.00 
330842243072.00 330949754880.00 331049762816.00 331149737984.00 331249582080.00 331350474752.00 331450810368.00 331550687232.00 331650596864.00 331750801408.00 331850153984.00 331950915584.00 332050628608.00 332151422976.00 332251660288.00 332351930368.00 332452003840.00 332551553024.00 332652478464.00 332752650240.00 
332849938432.00 332952928256.00 333052280832.00 333152976896.00 333253345280.00 333351518208.00 333453000704.00 333553500160.00 333651607552.00 333753843712.00 333852999680.00 333953236992.00 334052753408.00 334146895872.00 334259191808.00 334356938752.00 334456160256.00 334555971584.00 334656307200.00 334756347904.00 
334855405568.00 334957117440.00 335056830464.00 335157559296.00 335255961600.00 335356690432.00 335457353728.00 335557951488.00 335657533440.00 335758000128.00 335854272512.00 335957983232.00 336057466880.00 336158588928.00 336258498560.00 336358998016.00 336459104256.00 336559243264.00 336658726912.00 336759324672.00 
336847667200.00 336959766528.00 337060036608.00 337160404992.00 337259921408.00 337359732736.00 337460396032.00 337560469504.00 337659756544.00 337761697792.00 337860165632.00 337961517056.00 338061230080.00 338162089984.00 338261573632.00 338352570368.00 338461196288.00 338562121728.00 338662424576.00 338763120640.00 
338861359104.00 338963267584.00 339063111680.00 339163152384.00 339261947904.00 339365036032.00 339464421376.00 339564167168.00 339664240640.00 339764641792.00 339863928832.00 339964264448.00 340062339072.00 340165623808.00 340266614784.00 340364984320.00 340465025024.00 340565852160.00 340665597952.00 340765966336.00 
340851228672.00 340966309888.00 341066874880.00 341167833088.00 341266464768.00 341367422976.00 341467365376.00 341566816256.00 341666430976.00 341767585792.00 341867134976.00 341967962112.00 342068363264.00 342168371200.00 342268149760.00 342368354304.00 342468034560.00 342568697856.00 342668935168.00 342769696768.00 
342867968000.00 342968926208.00 343069589504.00 343169630208.00 343267442688.00 343368335360.00 343469621248.00 343569760256.00 343667081216.00 343775739904.00 343871782912.00 343972118528.00 344071372800.00 344172298240.00 344272273408.00 344372051968.00 344472256512.00 344572788736.00 344672206848.00 344772673536.00 
344867078144.00 344973213696.00 345073614848.00 345173164032.00 345273040896.00 345373245440.00 345473679360.00 345573654528.00 345673662464.00 345774587904.00 345871187968.00 345976864768.00 346074316800.00 346175668224.00 346274824192.00 346375454720.00 346473267200.00 346575831040.00 346676101120.00 346775977984.00 
346875101184.00 346976780288.00 347076820992.00 347176861696.00 347276083200.00 347376156672.00 347476623360.00 347578695680.00 347677294592.00 347777597440.00 347877408768.00 347978039296.00 348077293568.00 348178022400.00 348278521856.00 348376629248.00 348478406656.00 348579004416.00 348678619136.00 348779577344.00 
348876734464.00 348979494912.00 349079371776.00 349180329984.00 349280796672.00 349379952640.00 349480386560.00 349580328960.00 349678206976.00 349780967424.00 349880352768.00 349981278208.00 350080761856.00 350181818368.00 350281367552.00 350381539328.00 350481252352.00 350581456896.00 350681726976.00 350781014016.00 
350845599744.00 350985093120.00 351083659264.00 351183765504.00 351282692096.00 351383355392.00 351483756544.00 351584157696.00 351684067328.00 351784763392.00 351883689984.00 351984549888.00 352084033536.00 352185253888.00 352284835840.00 352384647168.00 352485015552.00 352585613312.00 352685916160.00 352786219008.00 
352874201088.00 352986431488.00 353086046208.00 353186578432.00 353286619136.00 353385283584.00 353487192064.00 353587036160.00 353686552576.00 353787019264.00 353887846400.00 353988050944.00 354088026112.00 354188820480.00 354288795648.00 354388672512.00 354487599104.00 354589147136.00 354688761856.00 354789425152.00 
354888253440.00 354991079424.00 355089743872.00 355190046720.00 355290284032.00 355390291968.00 355490234368.00 355590144000.00 355689922560.00 355790618624.00 355887316992.00 355990994944.00 356089069568.00 356191928320.00 356290920448.00 356389519360.00 356494770176.00 356592844800.00 356692262912.00 356792696832.00 
356890050560.00 356993597440.00 357092655104.00 357193187328.00 357293424640.00 357393367040.00 357493637120.00 357594267648.00 357693587456.00 357794742272.00 357894029312.00 357994201088.00 358094438400.00 358194774016.00 358294945792.00 358393249792.00 358495256576.00 358595264512.00 358695501824.00 358801178624.00 
358895091712.00 358997131264.00 359095762944.00 359196033024.00 359294795776.00 359396605952.00 359496777728.00 359596916736.00 359697580032.00 359796867072.00 359897006080.00 359998259200.00 360097447936.00 360198307840.00 360298446848.00 360398127104.00 360498790400.00 360598405120.00 360698576896.00 360798945280.00 
360868773888.00 361000894464.00 361100541952.00 361200713728.00 361299607552.00 361400631296.00 361500246016.00 361601007616.00 361700032512.00 361800957952.00 361900638208.00 362001432576.00 362100752384.00 362202726400.00 362301521920.00 362401497088.00 362499997696.00 362601414656.00 362702209024.00 362798055424.00 
362901307392.00 363002789888.00 363102699520.00 363203133440.00 363303010304.00 363394695168.00 363503386624.00 363604148224.00 363704385536.00 363804327936.00 363903451136.00 364004868096.00 364103696384.00 364204720128.00 364304924672.00 364404244480.00 364502777856.00 364606881792.00 364705906688.00 364806078464.00 
364903235584.00 365005635584.00 365106692096.00 365206372352.00 365306544128.00 365406519296.00 365506428928.00 365605650432.00 365705396224.00 365807271936.00 365903609856.00 366006894592.00 366106902528.00 366208090112.00 366308261888.00 366408040448.00 366507884544.00 366608187392.00 366709342208.00 366809350144.00 
366907981824.00 367007989760.00 367110127616.00 367209054208.00 367308636160.00 367409496064.00 367509569536.00 367612362752.00 367710928896.00 367811035136.00 367910453248.00 368011476992.00 368110534656.00 368211525632.00 368311959552.00 368409837568.00 368511877120.00 368612147200.00 368712155136.00 368812032000.00 
368900407296.00 369012670464.00 369112612864.00 369213243392.00 369312858112.00 369413521408.00 369513332736.00 369614258176.00 369713414144.00 369814274048.00 369913167872.00 370014158848.00 370112364544.00 370215354368.00 370315591680.00 370414911488.00 370514100224.00 370616074240.00 370715328512.00 370815860736.00 
370908528640.00 371016368128.00 371116408832.00 371216351232.00 371316686848.00 371416760320.00 371517194240.00 371617202176.00 371716915200.00 371817119744.00 371917062144.00 372017627136.00 372115537920.00 372217774080.00 372316405760.00 372419002368.00 372518780928.00 372618690560.00 372719255552.00 372819001344.00 
372916027392.00 373020065792.00 373119451136.00 373219819520.00 373318975488.00 373418229760.00 373519482880.00 373620244480.00 373719728128.00 373820784640.00 373920301056.00 374020734976.00 374120579072.00 374220390400.00 374322102272.00 374421651456.00 374521593856.00 374622519296.00 374721904640.00 374822305792.00 
374921527296.00 375022190592.00 375124492288.00 375223287808.00 375320805376.00 375423336448.00 375522754560.00 375623450624.00 375723196416.00 375823499264.00 375905386496.00 376024465408.00 376124276736.00 376224874496.00 376324882432.00 376424464384.00 376525029376.00 376625430528.00 376725962752.00 376825348096.00 
376920047616.00 377025855488.00 377126551552.00 377226166272.00 377325584384.00 377427591168.00 377526976512.00 377627639808.00 377726664704.00 377827655680.00 377926713344.00 378027606016.00 378127581184.00 378227752960.00 378327990272.00 378426392576.00 378526302208.00 378628145152.00 378729922560.00 378828521472.00 
378927874048.00 379029323776.00 379129167872.00 379229863936.00 379329740800.00 379429847040.00 379529887744.00 379630649344.00 379730165760.00 379830042624.00 379930836992.00 380030615552.00 380130230272.00 380231024640.00 380331655168.00 380431761408.00 380531703808.00 380631973888.00 380732178432.00 380832350208.00 
380917186560.00 381033119744.00 381133193216.00 381232906240.00 381333078016.00 381433544704.00 381533454336.00 381633593344.00 381731536896.00 381833674752.00 381933551616.00 382034214912.00 382134419456.00 382234656768.00 382335713280.00 382434279424.00 382534287360.00 382635835392.00 382734139392.00 382835228672.00 
382934646784.00 383036522496.00 383136006144.00 383235457024.00 383334776832.00 383434194944.00 383534661632.00 383636865024.00 383737233408.00 383837175808.00 383937052672.00 384038797312.00 384137297920.00 384237142016.00 384338690048.00 384437649408.00 384538148864.00 384638353408.00 384738394112.00 384839221248.00 
384927039488.00 385039040512.00 385138982912.00 385238695936.00 385339326464.00 385439891456.00 385539145728.00 385640529920.00 385739849728.00 385839628288.00 385936982016.00 386040266752.00 386141224960.00 386240937984.00 386340585472.00 386441084928.00 386540142592.00 386640642048.00 386742059008.00 386841772032.00 
386940829696.00 387042082816.00 387140616192.00 387242426368.00 387342368768.00 387442573312.00 387543334912.00 387643768832.00 387743809536.00 387844243456.00 387942678528.00 388046618624.00 388141940736.00 388243030016.00 388344250368.00 388435476480.00 388544462848.00 388645093376.00 388745232384.00 388845568000.00 
388942659584.00 389045682176.00 389145231360.00 389245730816.00 389345804288.00 389445582848.00 389546508288.00 389646286848.00 389745016832.00 389847515136.00 389946933248.00 390046777344.00 390147899392.00 390248038400.00 390347096064.00 390447726592.00 390546882560.00 390648430592.00 390748700672.00 390848479232.00 
390941278208.00 391048724480.00 391148830720.00 391248674816.00 391346782208.00 391449149440.00 391549517824.00 391651655680.00 391749566464.00 391849377792.00 391949385728.00 392049819648.00 392149860352.00 392249573376.00 392351121408.00 392450932736.00 392550514688.00 392651440128.00 392751218688.00 392851554304.00 
392945762304.00 393051537408.00 393152233472.00 393252044800.00 393351626752.00 393451339776.00 393552658432.00 393652371456.00 393752838144.00 393853796352.00 393952264192.00 394052468736.00 394153623552.00 394253631488.00 394353278976.00 394453680128.00 394551984128.00 394653696000.00 394754588672.00 394854432768.00 
394952867840.00 395054579712.00 395154128896.00 395255185408.00 395354472448.00 395455037440.00 395555864576.00 395655512064.00 395755094016.00 395855560704.00 395952291840.00 396055937024.00 396155584512.00 396256772096.00 396356091904.00 396455936000.00 396556042240.00 396657623040.00 396756647936.00 396856557568.00 
396953976832.00 397057097728.00 397157072896.00 397257244672.00 397357252608.00 397457096704.00 397557366784.00 397657669632.00 397755023360.00 397858078720.00 397956972544.00 398057439232.00 398157578240.00 398257848320.00 398357856256.00 398455832576.00 398557282304.00 398657945600.00 398758150144.00 398858420224.00 
398956691456.00 399057813504.00 399157592064.00 399257174016.00 399356166144.00 399456600064.00 399557001216.00 399656583168.00 399755608064.00 399855026176.00 399953690624.00 400053501952.00 400151805952.00 400250830848.00 400348413952.00 400445112320.00 400540565504.00 400632545280.00 400715841536.00 400766173184.00 
end   dump: w
==END   DUMP_ARRAYS==
