==BEGIN DUMP_ARRAYS==
begin dump: w
0.00 0.00 0.00 0.00 0.00 0.00 0.00 0.00 0.00 0.00 0.00 0.00 0.00 0.00 0.00 0.00 0.00 0.00 0.00 0.00 
0.00 0.00 0.00 0.00 0.00 0.00 0.00 0.00 0.00 0.00 0.00 0.00 0.00 0.00 0.00 0.00 0.00 0.00 0.00 0.00 
0.00 0.00 0.00 0.00 0.00 0.00 0.00 0.00 0.00 0.00 0.00 0.00 0.00 0.00 0.00 0.00 0.00 0.00 0.00 0.00 
0.00 0.00 0.00 0.00 0.00 0.00 0.00 0.00 0.00 0.00 0.00 0.00 0.00 0.00 0.00 0.00 0.00 0.00 0.00 0.00 
0.00 0.00 0.00 0.00 0.00 0.00 0.00 0.00 0.00 0.00 0.00 0.00 0.00 0.00 0.00 0.00 0.00 0.00 0.00 0.00 
0.00 0.00 0.00 0.00 0.00 0.00 0.00 0.00 0.00 0.00 0.00 0.00 0.00 0.00 0.00 0.00 0.00 0.00 0.00 0.00 
0.00 0.00 0.00 0.00 0.00 0.00 0.00 0.00 0.00 0.00 0.00 0.00 0.00 0.00 0.00 0.00 0.00 0.00 0.00 0.00 
0.00 0.00 0.00 0.00 0.00 0.00 0.00 0.00 0.00 0.00 0.00 0.00 0.00 0.00 0.00 0.00 0.00 0.00 0.00 0.00 
0.00 0.00 0.00 0.00 0.00 0.00 0.00 0.00 0.00 0.00 0.00 0.00 0.00 0.00 0.00 0.00 0.00 0.00 0.00 0.00 
0.00 0.00 0.00 0.00 0.00 0.00 0.00 0.00 0.00 0.00 0.00 0.00 0.00 0.00 0.00 0.00 0.00 0.00 0.00 0.00 
0.00 0.00 0.00 0.00 0.00 0.00 0.00 0.00 0.00 0.00 0.00 0.00 0.00 0.00 0.00 0.00 0.00 0.00 0.00 0.00 
0.00 0.00 0.00 0.00 0.00 0.00 0.00 0.00 0.00 0.00 0.00 0.00 0.00 0.00 0.00 0.00 0.00 0.00 0.00 0.00 
0.00 0.00 0.00 0.00 0.00 0.00 0.00 0.00 0.00 0.00 0.00 0.00 0.00 0.00 0.00 0.00 0.00 0.00 0.00 0.00 
0.00 0.00 0.00 0.00 0.00 0.00 0.00 0.00 0.00 0.00 0.00 0.00 0.00 0.00 0.00 0.00 0.00 0.00 0.00 0.00 
0.00 0.00 0.00 0.00 0.00 0.00 0.00 0.00 0.00 0.00 0.00 0.00 0.00 0.00 0.00 0.00 0.00 0.00 0.00 0.00 
0.00 0.00 0.00 0.00 0.00 0.00 0.00 0.00 0.00 0.00 0.00 0.00 0.00 0.00 0.00 0.00 0.00 0.00 0.00 0.00 
0.00 0.00 0.00 0.00 0.00 0.00 0.00 0.00 0.00 0.00 0.00 0.00 0.00 0.00 0.00 0.00 0.00 0.00 0.00 0.00 
0.00 0.00 0.00 0.00 0.00 0.00 0.00 0.00 0.00 0.00 0.00 0.00 0.00 0.00 0.00 0.00 0.00 0.00 0.00 0.00 
0.00 0.00 0.00 0.00 0.00 0.00 0.00 0.00 0.00 0.00 0.00 0.00 0.00 0.00 0.00 0.00 0.00 0.00 0.00 0.00 
0.00 0.00 0.00 0.00 0.00 0.00 0.00 0.00 0.00 0.00 0.00 0.00 0.00 0.00 0.00 0.00 0.00 0.00 0.00 0.00 
0.00 0.00 0.00 0.00 0.00 0.00 0.00 0.00 0.00 0.00 0.00 0.00 0.00 0.00 0.00 0.00 0.00 0.00 0.00 0.00 
0.00 0.00 0.00 0.00 0.00 0.00 0.00 0.00 0.00 0.00 0.00 0.00 0.00 0.00 0.00 0.00 0.00 0.00 0.00 0.00 
0.00 0.00 0.00 0.00 0.00 0.00 0.00 0.00 0.00 0.00 0.00 0.00 0.00 0.00 0.00 0.00 0.00 0.00 0.00 0.00 
0.00 0.00 0.00 0.00 0.00 0.00 0.00 0.00 0.00 0.00 0.00 0.00 0.00 0.00 0.00 0.00 0.00 0.00 0.00 0.00 
0.00 0.00 0.00 0.00 0.00 0.00 0.00 0.00 0.00 0.00 0.00 0.00 0.00 0.00 0.00 0.00 0.00 0.00 0.00 0.00 
0.00 0.00 0.00 0.00 0.00 0.00 0.00 0.00 0.00 0.00 0.00 0.00 0.00 0.00 0.00 0.00 0.00 0.00 0.00 0.00 
0.00 0.00 0.00 0.00 0.00 0.00 0.00 0.00 0.00 0.00 0.00 0.00 0.00 0.00 0.00 0.00 0.00 0.00 0.00 0.00 
0.00 0.00 0.00 0.00 0.00 0.00 0.00 0.00 0.00 0.00 0.00 0.00 0.00 0.00 0.00 0.00 0.00 0.00 0.00 0.00 
0.00 0.00 0.00 0.00 0.00 0.00 0.00 0.00 0.00 0.00 0.00 0.00 0.00 0.00 0.00 0.00 0.00 0.00 0.00 0.00 
0.00 0.00 0.00 0.00 0.00 0.00 0.00 0.00 0.00 0.00 0.00 0.00 0.00 0.00 0.00 0.00 0.00 0.00 0.00 0.00 
0.00 0.00 0.00 0.00 0.00 0.00 0.00 0.00 0.00 0.00 0.00 0.00 0.00 0.00 0.00 0.00 0.00 0.00 0.00 0.00 
0.00 0.00 0.00 0.00 0.00 0.00 0.00 0.00 0.00 0.00 0.00 0.00 0.00 0.00 0.00 0.00 0.00 0.00 0.00 0.00 
0.00 0.00 0.00 0.00 0.00 0.00 0.00 0.00 0.00 0.00 0.00 0.00 0.00 0.00 0.00 0.00 0.00 0.00 0.00 0.00 
0.00 0.00 0.00 0.00 0.00 0.00 0.00 0.00 0.00 0.00 0.00 0.00 0.00 0.00 0.00 0.00 0.00 0.00 0.00 0.00 
0.00 0.00 0.00 0.00 0.00 0.00 0.00 0.00 0.00 0.00 0.00 0.00 0.00 0.00 0.00 0.00 0.00 0.00 0.00 0.00 
0.00 0.00 0.00 0.00 0.00 0.00 0.00 0.00 0.00 0.00 0.00 0.00 0.00 0.00 0.00 0.00 0.00 0.00 0.00 0.00 
0.00 0.00 0.00 0.00 0.00 0.00 0.00 0.00 0.00 0.00 0.00 0.00 0.00 0.00 0.00 0.00 0.00 0.00 0.00 0.00 
0.00 0.00 0.00 0.00 0.00 0.00 0.00 0.00 0.00 0.00 0.00 0.00 0.00 0.00 0.00 0.00 0.00 0.00 0.00 0.00 
0.00 0.00 0.00 0.00 0.00 0.00 0.00 0.00 0.00 0.00 0.00 0.00 0.00 0.00 0.00 0.00 0.00 0.00 0.00 0.00 
0.00 0.00 0.00 0.00 0.00 0.00 0.00 0.00 0.00 0.00 0.00 0.00 0.00 0.00 0.00 0.00 0.00 0.00 0.00 0.00 
0.00 0.00 0.00 0.00 0.00 0.00 0.00 0.00 0.00 0.00 0.00 0.00 0.00 0.00 0.00 0.00 0.00 0.00 0.00 0.00 
0.00 0.00 0.00 0.00 0.00 0.00 0.00 0.00 0.00 0.00 0.00 0.00 0.00 0.00 0.00 0.00 0.00 0.00 0.00 0.00 
0.00 0.00 0.00 0.00 0.00 0.00 0.00 0.00 0.00 0.00 0.00 0.00 0.00 0.00 0.00 0.00 0.00 0.00 0.00 0.00 
0.00 0.00 0.00 0.00 0.00 0.00 0.00 0.00 0.00 0.00 0.00 0.00 0.00 0.00 0.00 0.00 0.00 0.00 0.00 0.00 
0.00 0.00 0.00 0.00 0.00 0.00 0.00 0.00 0.00 0.00 0.00 0.00 0.00 0.00 0.00 0.00 0.00 0.00 0.00 0.00 
0.00 0.00 0.00 0.00 0.00 0.00 0.00 0.00 0.00 0.00 0.00 0.00 0.00 0.00 0.00 0.00 0.00 0.00 0.00 0.00 
0.00 0.00 0.00 0.00 0.00 0.00 0.00 0.00 0.00 0.00 0.00 0.00 0.00 0.00 0.00 0.00 0.00 0.00 0.00 0.00 
0.00 0.00 0.00 0.00 0.00 0.00 0.00 0.00 0.00 0.00 0.00 0.00 0.00 0.00 0.00 0.00 0.00 0.00 0.00 0.00 
0.00 0.00 0.00 0.00 0.00 0.00 0.00 0.00 0.00 0.00 0.00 0.00 0.00 0.00 0.00 0.00 0.00 0.00 0.00 0.00 
0.00 0.00 0.00 0.00 0.00 0.00 0.00 0.00 0.00 0.00 0.00 0.00 0.00 0.00 0.00 0.00 0.00 0.00 0.00 0.00 
0.00 0.00 0.00 0.00 0.00 0.00 0.00 0.00 0.00 0.00 0.00 0.00 0.00 0.00 0.00 0.00 0.00 0.00 0.00 0.00 
0.00 0.00 0.00 0.00 0.00 0.00 0.00 0.00 0.00 0.00 0.00 0.00 0.00 0.00 0.00 0.00 0.00 0.00 0.00 0.00 
0.00 0.00 0.00 0.00 0.00 0.00 0.00 0.00 0.00 0.00 0.00 0.00 0.00 0.00 0.00 0.00 0.00 0.00 0.00 0.00 
0.00 0.00 0.00 0.00 0.00 0.00 0.00 0.00 0.00 0.00 0.00 0.00 0.00 0.00 0.00 0.00 0.00 0.00 0.00 0.00 
0.00 0.00 0.00 0.00 0.00 0.00 0.00 0.00 0.00 0.00 0.00 0.00 0.00 0.00 0.00 0.00 0.00 0.00 0.00 0.00 
0.00 0.00 0.00 0.00 0.00 0.00 0.00 0.00 0.00 0.00 0.00 0.00 0.00 0.00 0.00 0.00 0.00 0.00 0.00 0.00 
0.00 0.00 0.00 0.00 0.00 0.00 0.00 0.00 0.00 0.00 0.00 0.00 0.00 0.00 0.00 0.00 0.00 0.00 0.00 0.00 
0.00 0.00 0.00 0.00 0.00 0.00 0.00 0.00 0.00 0.00 0.00 0.00 0.00 0.00 0.00 0.00 0.00 0.00 0.00 0.00 
0.00 0.00 0.00 0.00 0.00 0.00 0.00 0.00 0.00 0.00 0.00 0.00 0.00 0.00 0.00 0.00 0.00 0.00 0.00 0.00 
0.00 0.00 0.00 0.00 0.00 0.00 0.00 0.00 0.00 0.00 0.00 0.00 0.00 0.00 0.00 0.00 0.00 0.00 0.00 0.00 
0.00 0.00 0.00 0.00 0.00 0.00 0.00 0.00 0.00 0.00 0.00 0.00 0.00 0.00 0.00 0.00 0.00 0.00 0.00 0.00 
0.00 0.00 0.00 0.00 0.00 0.00 0.00 0.00 0.00 0.00 0.00 0.00 0.00 0.00 0.00 0.00 0.00 0.00 0.00 0.00 
0.00 0.00 0.00 0.00 0.00 0.00 0.00 0.00 0.00 0.00 0.00 0.00 0.00 0.00 0.00 0.00 0.00 0.00 0.00 0.00 
0.00 0.00 0.00 0.00 0.00 0.00 0.00 0.00 0.00 0.00 0.00 0.00 0.00 0.00 0.00 0.00 0.00 0.00 0.00 0.00 
0.00 0.00 0.00 0.00 0.00 0.00 0.00 0.00 0.00 0.00 0.00 0.00 0.00 0.00 0.00 0.00 0.00 0.00 0.00 0.00 
0.00 0.00 0.00 0.00 0.00 0.00 0.00 0.00 0.00 0.00 0.00 0.00 0.00 0.00 0.00 0.00 0.00 0.00 0.00 0.00 
0.00 0.00 0.00 0.00 0.00 0.00 0.00 0.00 0.00 0.00 0.00 0.00 0.00 0.00 0.00 0.00 0.00 0.00 0.00 0.00 
0.00 0.00 0.00 0.00 0.00 0.00 0.00 0.00 0.00 0.00 0.00 0.00 0.00 0.00 0.00 0.00 0.00 0.00 0.00 0.00 
0.00 0.00 0.00 0.00 0.00 0.00 0.00 0.00 0.00 0.00 0.00 0.00 0.00 0.00 0.00 0.00 0.00 0.00 0.00 0.00 
0.00 0.00 0.00 0.00 0.00 0.00 0.00 0.00 0.00 0.00 0.00 0.00 0.00 0.00 0.00 0.00 0.00 0.00 0.00 0.00 
0.00 0.00 0.00 0.00 0.00 0.00 0.00 0.00 0.00 0.00 0.00 0.00 0.00 0.00 0.00 0.00 0.00 0.00 0.00 0.00 
0.00 0.00 0.00 0.00 0.00 0.00 0.00 0.00 0.00 0.00 0.00 0.00 0.00 0.00 0.00 0.00 0.00 0.00 0.00 0.00 
0.00 0.00 0.00 0.00 0.00 0.00 0.00 0.00 0.00 0.00 0.00 0.00 0.00 0.00 0.00 0.00 0.00 0.00 0.00 0.00 
0.00 0.00 0.00 0.00 0.00 0.00 0.00 0.00 0.00 0.00 0.00 0.00 0.00 0.00 0.00 0.00 0.00 0.00 0.00 0.00 
0.00 0.00 0.00 0.00 0.00 0.00 0.00 0.00 0.00 0.00 0.00 0.00 0.00 0.00 0.00 0.00 0.00 0.00 0.00 0.00 
0.00 0.00 0.00 0.00 0.00 0.00 0.00 0.00 0.00 0.00 0.00 0.00 0.00 0.00 0.00 0.00 0.00 0.00 0.00 0.00 
0.00 0.00 0.00 0.00 0.00 0.00 0.00 0.00 0.00 0.00 0.00 0.00 0.00 0.00 0.00 0.00 0.00 0.00 0.00 0.00 
0.00 0.00 0.00 0.00 0.00 0.00 0.00 0.00 0.00 0.00 0.00 0.00 0.00 0.00 0.00 0.00 0.00 0.00 0.00 0.00 
0.00 0.00 0.00 0.00 0.00 0.00 0.00 0.00 0.00 0.00 0.00 0.00 0.00 0.00 0.00 0.00 0.00 0.00 0.00 0.00 
0.00 0.00 0.00 0.00 0.00 0.00 0.00 0.00 0.00 0.00 0.00 0.00 0.00 0.00 0.00 0.00 0.00 0.00 0.00 0.00 
0.00 0.00 0.00 0.00 0.00 0.00 0.00 0.00 0.00 0.00 0.00 0.00 0.00 0.00 0.00 0.00 0.00 0.00 0.00 0.00 
0.00 0.00 0.00 0.00 0.00 0.00 0.00 0.00 0.00 0.00 0.00 0.00 0.00 0.00 0.00 0.00 0.00 0.00 0.00 0.00 
0.00 0.00 0.00 0.00 0.00 0.00 0.00 0.00 0.00 0.00 0.00 0.00 0.00 0.00 0.00 0.00 0.00 0.00 0.00 0.00 
0.00 0.00 0.00 0.00 0.00 0.00 0.00 0.00 0.00 0.00 0.00 0.00 0.00 0.00 0.00 0.00 0.00 0.00 0.00 0.00 
0.00 0.00 0.00 0.00 0.00 0.00 0.00 0.00 0.00 0.00 0.00 0.00 0.00 0.00 0.00 0.00 0.00 0.00 0.00 0.00 
0.00 0.00 0.00 0.00 0.00 0.00 0.00 0.00 0.00 0.00 0.00 0.00 0.00 0.00 0.00 0.00 0.00 0.00 0.00 0.00 
0.00 0.00 0.00 0.00 0.00 0.00 0.00 0.00 0.00 0.00 0.00 0.00 0.00 0.00 0.00 0.00 0.00 0.00 0.00 0.00 
0.00 0.00 0.00 0.00 0.00 0.00 0.00 0.00 0.00 0.00 0.00 0.00 0.00 0.00 0.00 0.00 0.00 0.00 0.00 0.00 
0.00 0.00 0.00 0.00 0.00 0.00 0.00 0.00 0.00 0.00 0.00 0.00 0.00 0.00 0.00 0.00 0.00 0.00 0.00 0.00 
0.00 0.00 0.00 0.00 0.00 0.00 0.00 0.00 0.00 0.00 0.00 0.00 0.00 0.00 0.00 0.00 0.00 0.00 0.00 0.00 
0.00 0.00 0.00 0.00 0.00 0.00 0.00 0.00 0.00 0.00 0.00 0.00 0.00 0.00 0.00 0.00 0.00 0.00 0.00 0.00 
0.00 0.00 0.00 0.00 0.00 0.00 0.00 0.00 0.00 0.00 0.00 0.00 0.00 0.00 0.00 0.00 0.00 0.00 0.00 0.00 
0.00 0.00 0.00 0.00 0.00 0.00 0.00 0.00 0.00 0.00 0.00 0.00 0.00 0.00 0.00 0.00 0.00 0.00 0.00 0.00 
0.00 0.00 0.00 0.00 0.00 0.00 0.00 0.00 0.00 0.00 0.00 0.00 0.00 0.00 0.00 0.00 0.00 0.00 0.00 0.00 
0.00 0.00 0.00 0.00 0.00 0.00 0.00 0.00 0.00 0.00 0.00 0.00 0.00 0.00 0.00 0.00 0.00 0.00 0.00 0.00 
0.00 0.00 0.00 0.00 0.00 0.00 0.00 0.00 0.00 0.00 0.00 0.00 0.00 0.00 0.00 0.00 0.00 0.00 0.00 0.00 
0.00 0.00 0.00 0.00 0.00 0.00 0.00 0.00 0.00 0.00 0.00 0.00 0.00 0.00 0.00 0.00 0.00 0.00 0.00 0.00 
0.00 0.00 0.00 0.00 0.00 0.00 0.00 0.00 0.00 0.00 0.00 0.00 0.00 0.00 0.00 0.00 0.00 0.00 0.00 0.00 
0.00 0.00 0.00 0.00 0.00 0.00 0.00 0.00 0.00 0.00 0.00 0.00 0.00 0.00 0.00 0.00 0.00 0.00 0.00 0.00 
0.00 0.00 0.00 0.00 0.00 0.00 0.00 0.00 0.00 0.00 0.00 0.00 0.00 0.00 0.00 0.00 0.00 0.00 0.00 0.00 
0.00 0.00 0.00 0.00 0.00 0.00 0.00 0.00 0.00 0.00 0.00 0.00 0.00 0.00 0.00 0.00 0.00 0.00 0.00 0.00 
0.00 0.00 0.00 0.00 0.00 0.00 0.00 0.00 0.00 0.00 0.00 0.00 0.00 0.00 0.00 0.00 0.00 0.00 0.00 0.00 
0.00 0.00 0.00 0.00 0.00 0.00 0.00 0.00 0.00 0.00 0.00 0.00 0.00 0.00 0.00 0.00 0.00 0.00 0.00 0.00 
0.00 0.00 0.00 0.00 0.00 0.00 0.00 0.00 0.00 0.00 0.00 0.00 0.00 0.00 0.00 0.00 0.00 0.00 0.00 0.00 
0.00 0.00 0.00 0.00 0.00 0.00 0.00 0.00 0.00 0.00 0.00 0.00 0.00 0.00 0.00 0.00 0.00 0.00 0.00 0.00 
0.00 0.00 0.00 0.00 0.00 0.00 0.00 0.00 0.00 0.00 0.00 0.00 0.00 0.00 0.00 0.00 0.00 0.00 0.00 0.00 
0.00 0.00 0.00 0.00 0.00 0.00 0.00 0.00 0.00 0.00 0.00 0.00 0.00 0.00 0.00 0.00 0.00 0.00 0.00 0.00 
0.00 0.00 0.00 0.00 0.00 0.00 0.00 0.00 0.00 0.00 0.00 0.00 0.00 0.00 0.00 0.00 0.00 0.00 0.00 0.00 
0.00 0.00 0.00 0.00 0.00 0.00 0.00 0.00 0.00 0.00 0.00 0.00 0.00 0.00 0.00 0.00 0.00 0.00 0.00 0.00 
0.00 0.00 0.00 0.00 0.00 0.00 0.00 0.00 0.00 0.00 0.00 0.00 0.00 0.00 0.00 0.00 0.00 0.00 0.00 0.00 
0.00 0.00 0.00 0.00 0.00 0.00 0.00 0.00 0.00 0.00 0.00 0.00 0.00 0.00 0.00 0.00 0.00 0.00 0.00 0.00 
0.00 0.00 0.00 0.00 0.00 0.00 0.00 0.00 0.00 0.00 0.00 0.00 0.00 0.00 0.00 0.00 0.00 0.00 0.00 0.00 
0.00 0.00 0.00 0.00 0.00 0.00 0.00 0.00 0.00 0.00 0.00 0.00 0.00 0.00 0.00 0.00 0.00 0.00 0.00 0.00 
0.00 0.00 0.00 0.00 0.00 0.00 0.00 0.00 0.00 0.00 0.00 0.00 0.00 0.00 0.00 0.00 0.00 0.00 0.00 0.00 
0.00 0.00 0.00 0.00 0.00 0.00 0.00 0.00 0.00 0.00 0.00 0.00 0.00 0.00 0.00 0.00 0.00 0.00 0.00 0.00 
0.00 0.00 0.00 0.00 0.00 0.00 0.00 0.00 0.00 0.00 0.00 0.00 0.00 0.00 0.00 0.00 0.00 0.00 0.00 0.00 
0.00 0.00 0.00 0.00 0.00 0.00 0.00 0.00 0.00 0.00 0.00 0.00 0.00 0.00 0.00 0.00 0.00 0.00 0.00 0.00 
0.00 0.00 0.00 0.00 0.00 0.00 0.00 0.00 0.00 0.00 0.00 0.00 0.00 0.00 0.00 0.00 0.00 0.00 0.00 0.00 
0.00 0.00 0.00 0.00 0.00 0.00 0.00 0.00 0.00 0.00 0.00 0.00 0.00 0.00 0.00 0.00 0.00 0.00 0.00 0.00 
0.00 0.00 0.00 0.00 0.00 0.00 0.00 0.00 0.00 0.00 0.00 0.00 0.00 0.00 0.00 0.00 0.00 0.00 0.00 0.00 
0.00 0.00 0.00 0.00 0.00 0.00 0.00 0.00 0.00 0.00 0.00 0.00 0.00 0.00 0.00 0.00 0.00 0.00 0.00 0.00 
0.00 0.00 0.00 0.00 0.00 0.00 0.00 0.00 0.00 0.00 0.00 0.00 0.00 0.00 0.00 0.00 0.00 0.00 0.00 0.00 
0.00 0.00 0.00 0.00 0.00 0.00 0.00 0.00 0.00 0.00 0.00 0.00 0.00 0.00 0.00 0.00 0.00 0.00 0.00 0.00 
0.00 0.00 0.00 0.00 0.00 0.00 0.00 0.00 0.00 0.00 0.00 0.00 0.00 0.00 0.00 0.00 0.00 0.00 0.00 0.00 
0.00 0.00 0.00 0.00 0.00 0.00 0.00 0.00 0.00 0.00 0.00 0.00 0.00 0.00 0.00 0.00 0.00 0.00 0.00 0.00 
0.00 0.00 0.00 0.00 0.00 0.00 0.00 0.00 0.00 0.00 0.00 0.00 0.00 0.00 0.00 0.00 0.00 0.00 0.00 0.00 
0.00 0.00 0.00 0.00 0.00 0.00 0.00 0.00 0.00 0.00 0.00 0.00 0.00 0.00 0.00 0.00 0.00 0.00 0.00 0.00 
0.00 0.00 0.00 0.00 0.00 0.00 0.00 0.00 0.00 0.00 0.00 0.00 0.00 0.00 0.00 0.00 0.00 0.00 0.00 0.00 
0.00 0.00 0.00 0.00 0.00 0.00 0.00 0.00 0.00 0.00 0.00 0.00 0.00 0.00 0.00 0.00 0.00 0.00 0.00 0.00 
0.00 0.00 0.00 0.00 0.00 0.00 0.00 0.00 0.00 0.00 0.00 0.00 0.00 0.00 0.00 0.00 0.00 0.00 0.00 0.00 
0.00 0.00 0.00 0.00 0.00 0.00 0.00 0.00 0.00 0.00 0.00 0.00 0.00 0.00 0.00 0.00 0.00 0.00 0.00 0.00 
0.00 0.00 0.00 0.00 0.00 0.00 0.00 0.00 0.00 0.00 0.00 0.00 0.00 0.00 0.00 0.00 0.00 0.00 0.00 0.00 
0.00 0.00 0.00 0.00 0.00 0.00 0.00 0.00 0.00 0.00 0.00 0.00 0.00 0.00 0.00 0.00 0.00 0.00 0.00 0.00 
0.00 0.00 0.00 0.00 0.00 0.00 0.00 0.00 0.00 0.00 0.00 0.00 0.00 0.00 0.00 0.00 0.00 0.00 0.00 0.00 
0.00 0.00 0.00 0.00 0.00 0.00 0.00 0.00 0.00 0.00 0.00 0.00 0.00 0.00 0.00 0.00 0.00 0.00 0.00 0.00 
0.00 0.00 0.00 0.00 0.00 0.00 0.00 0.00 0.00 0.00 0.00 0.00 0.00 0.00 0.00 0.00 0.00 0.00 0.00 0.00 
0.00 0.00 0.00 0.00 0.00 0.00 0.00 0.00 0.00 0.00 0.00 0.00 0.00 0.00 0.00 0.00 0.00 0.00 0.00 0.00 
0.00 0.00 0.00 0.00 0.00 0.00 0.00 0.00 0.00 0.00 0.00 0.00 0.00 0.00 0.00 0.00 0.00 0.00 0.00 0.00 
0.00 0.00 0.00 0.00 0.00 0.00 0.00 0.00 0.00 0.00 0.00 0.00 0.00 0.00 0.00 0.00 0.00 0.00 0.00 0.00 
0.00 0.00 0.00 0.00 0.00 0.00 0.00 0.00 0.00 0.00 0.00 0.00 0.00 0.00 0.00 0.00 0.00 0.00 0.00 0.00 
0.00 0.00 0.00 0.00 0.00 0.00 0.00 0.00 0.00 0.00 0.00 0.00 0.00 0.00 0.00 0.00 0.00 0.00 0.00 0.00 
0.00 0.00 0.00 0.00 0.00 0.00 0.00 0.00 0.00 0.00 0.00 0.00 0.00 0.00 0.00 0.00 0.00 0.00 0.00 0.00 
0.00 0.00 0.00 0.00 0.00 0.00 0.00 0.00 0.00 0.00 0.00 0.00 0.00 0.00 0.00 0.00 0.00 0.00 0.00 0.00 
0.00 0.00 0.00 0.00 0.00 0.00 0.00 0.00 0.00 0.00 0.00 0.00 0.00 0.00 0.00 0.00 0.00 0.00 0.00 0.00 
0.00 0.00 0.00 0.00 0.00 0.00 0.00 0.00 0.00 0.00 0.00 0.00 0.00 0.00 0.00 0.00 0.00 0.00 0.00 0.00 
0.00 0.00 0.00 0.00 0.00 0.00 0.00 0.00 0.00 0.00 0.00 0.00 0.00 0.00 0.00 0.00 0.00 0.00 0.00 0.00 
0.00 0.00 0.00 0.00 0.00 0.00 0.00 0.00 0.00 0.00 0.00 0.00 0.00 0.00 0.00 0.00 0.00 0.00 0.00 0.00 
0.00 0.00 0.00 0.00 0.00 0.00 0.00 0.00 0.00 0.00 0.00 0.00 0.00 0.00 0.00 0.00 0.00 0.00 0.00 0.00 
0.00 0.00 0.00 0.00 0.00 0.00 0.00 0.00 0.00 0.00 0.00 0.00 0.00 0.00 0.00 0.00 0.00 0.00 0.00 0.00 
0.00 0.00 0.00 0.00 0.00 0.00 0.00 0.00 0.00 0.00 0.00 0.00 0.00 0.00 0.00 0.00 0.00 0.00 0.00 0.00 
0.00 0.00 0.00 0.00 0.00 0.00 0.00 0.00 0.00 0.00 0.00 0.00 0.00 0.00 0.00 0.00 0.00 0.00 0.00 0.00 
0.00 0.00 0.00 0.00 0.00 0.00 0.00 0.00 0.00 0.00 0.00 0.00 0.00 0.00 0.00 0.00 0.00 0.00 0.00 0.00 
0.00 0.00 0.00 0.00 0.00 0.00 0.00 0.00 0.00 0.00 0.00 0.00 0.00 0.00 0.00 0.00 0.00 0.00 0.00 0.00 
0.00 0.00 0.00 0.00 0.00 0.00 0.00 0.00 0.00 0.00 0.00 0.00 0.00 0.00 0.00 0.00 0.00 0.00 0.00 0.00 
0.00 0.00 0.00 0.00 0.00 0.00 0.00 0.00 0.00 0.00 0.00 0.00 0.00 0.00 0.00 0.00 0.00 0.00 0.00 0.00 
0.00 0.00 0.00 0.00 0.00 0.00 0.00 0.00 0.00 0.00 0.00 0.00 0.00 0.00 0.00 0.00 0.00 0.00 0.00 0.00 
0.00 0.00 0.00 0.00 0.00 0.00 0.00 0.00 0.00 0.00 0.00 0.00 0.00 0.00 0.00 0.00 0.00 0.00 0.00 0.00 
0.00 0.00 0.00 0.00 0.00 0.00 0.00 0.00 0.00 0.00 0.00 0.00 0.00 0.00 0.00 0.00 0.00 0.00 0.00 0.00 
0.00 0.00 0.00 0.00 0.00 0.00 0.00 0.00 0.00 0.00 0.00 0.00 0.00 0.00 0.00 0.00 0.00 0.00 0.00 0.00 
0.00 0.00 0.00 0.00 0.00 0.00 0.00 0.00 0.00 0.00 0.00 0.00 0.00 0.00 0.00 0.00 0.00 0.00 0.00 0.00 
0.00 0.00 0.00 0.00 0.00 0.00 0.00 0.00 0.00 0.00 0.00 0.00 0.00 0.00 0.00 0.00 0.00 0.00 0.00 0.00 
0.00 0.00 0.00 0.00 0.00 0.00 0.00 0.00 0.00 0.00 0.00 0.00 0.00 0.00 0.00 0.00 0.00 0.00 0.00 0.00 
0.00 0.00 0.00 0.00 0.00 0.00 0.00 0.00 0.00 0.00 0.00 0.00 0.00 0.00 0.00 0.00 0.00 0.00 0.00 0.00 
0.00 0.00 0.00 0.00 0.00 0.00 0.00 0.00 0.00 0.00 0.00 0.00 0.00 0.00 0.00 0.00 0.00 0.00 0.00 0.00 
0.00 0.00 0.00 0.00 0.00 0.00 0.00 0.00 0.00 0.00 0.00 0.00 0.00 0.00 0.00 0.00 0.00 0.00 0.00 0.00 
0.00 0.00 0.00 0.00 0.00 0.00 0.00 0.00 0.00 0.00 0.00 0.00 0.00 0.00 0.00 0.00 0.00 0.00 0.00 0.00 
0.00 0.00 0.00 0.00 0.00 0.00 0.00 0.00 0.00 0.00 0.00 0.00 0.00 0.00 0.00 0.00 0.00 0.00 0.00 0.00 
0.00 0.00 0.00 0.00 0.00 0.00 0.00 0.00 0.00 0.00 0.00 0.00 0.00 0.00 0.00 0.00 0.00 0.00 0.00 0.00 
0.00 0.00 0.00 0.00 0.00 0.00 0.00 0.00 0.00 0.00 0.00 0.00 0.00 0.00 0.00 0.00 0.00 0.00 0.00 0.00 
0.00 0.00 0.00 0.00 0.00 0.00 0.00 0.00 0.00 0.00 0.00 0.00 0.00 0.00 0.00 0.00 0.00 0.00 0.00 0.00 
0.00 0.00 0.00 0.00 0.00 0.00 0.00 0.00 0.00 0.00 0.00 0.00 0.00 0.00 0.00 0.00 0.00 0.00 0.00 0.00 
0.00 0.00 0.00 0.00 0.00 0.00 0.00 0.00 0.00 0.00 0.00 0.00 0.00 0.00 0.00 0.00 0.00 0.00 0.00 0.00 
0.00 0.00 0.00 0.00 0.00 0.00 0.00 0.00 0.00 0.00 0.00 0.00 0.00 0.00 0.00 0.00 0.00 0.00 0.00 0.00 
0.00 0.00 0.00 0.00 0.00 0.00 0.00 0.00 0.00 0.00 0.00 0.00 0.00 0.00 0.00 0.00 0.00 0.00 0.00 0.00 
0.00 0.00 0.00 0.00 0.00 0.00 0.00 0.00 0.00 0.00 0.00 0.00 0.00 0.00 0.00 0.00 0.00 0.00 0.00 0.00 
0.00 0.00 0.00 0.00 0.00 0.00 0.00 0.00 0.00 0.00 0.00 0.00 0.00 0.00 0.00 0.00 0.00 0.00 0.00 0.00 
0.00 0.00 0.00 0.00 0.00 0.00 0.00 0.00 0.00 0.00 0.00 0.00 0.00 0.00 0.00 0.00 0.00 0.00 0.00 0.00 
0.00 0.00 0.00 0.00 0.00 0.00 0.00 0.00 0.00 0.00 0.00 0.00 0.00 0.00 0.00 0.00 0.00 0.00 0.00 0.00 
0.00 0.00 0.00 0.00 0.00 0.00 0.00 0.00 0.00 0.00 0.00 0.00 0.00 0.00 0.00 0.00 0.00 0.00 0.00 0.00 
0.00 0.00 0.00 0.00 0.00 0.00 0.00 0.00 0.00 0.00 0.00 0.00 0.00 0.00 0.00 0.00 0.00 0.00 0.00 0.00 
0.00 0.00 0.00 0.00 0.00 0.00 0.00 0.00 0.00 0.00 0.00 0.00 0.00 0.00 0.00 0.00 0.00 0.00 0.00 0.00 
0.00 0.00 0.00 0.00 0.00 0.00 0.00 0.00 0.00 0.00 0.00 0.00 0.00 0.00 0.00 0.00 0.00 0.00 0.00 0.00 
0.00 0.00 0.00 0.00 0.00 0.00 0.00 0.00 0.00 0.00 0.00 0.00 0.00 0.00 0.00 0.00 0.00 0.00 0.00 0.00 
0.00 0.00 0.00 0.00 0.00 0.00 0.00 0.00 0.00 0.00 0.00 0.00 0.00 0.00 0.00 0.00 0.00 0.00 0.00 0.00 
0.00 0.00 0.00 0.00 0.00 0.00 0.00 0.00 0.00 0.00 0.00 0.00 0.00 0.00 0.00 0.00 0.00 0.00 0.00 0.00 
0.00 0.00 0.00 0.00 0.00 0.00 0.00 0.00 0.00 0.00 0.00 0.00 0.00 0.00 0.00 0.00 0.00 0.00 0.00 0.00 
0.00 0.00 0.00 0.00 0.00 0.00 0.00 0.00 0.00 0.00 0.00 0.00 0.00 0.00 0.00 0.00 0.00 0.00 0.00 0.00 
0.00 0.00 0.00 0.00 0.00 0.00 0.00 0.00 0.00 0.00 0.00 0.00 0.00 0.00 0.00 0.00 0.00 0.00 0.00 0.00 
0.00 0.00 0.00 0.00 0.00 0.00 0.00 0.00 0.00 0.00 0.00 0.00 0.00 0.00 0.00 0.00 0.00 0.00 0.00 0.00 
0.00 0.00 0.00 0.00 0.00 0.00 0.00 0.00 0.00 0.00 0.00 0.00 0.00 0.00 0.00 0.00 0.00 0.00 0.00 0.00 
0.00 0.00 0.00 0.00 0.00 0.00 0.00 0.00 0.00 0.00 0.00 0.00 0.00 0.00 0.00 0.00 0.00 0.00 0.00 0.00 
0.00 0.00 0.00 0.00 0.00 0.00 0.00 0.00 0.00 0.00 0.00 0.00 0.00 0.00 0.00 0.00 0.00 0.00 0.00 0.00 
0.00 0.00 0.00 0.00 0.00 0.00 0.00 0.00 0.00 0.00 0.00 0.00 0.00 0.00 0.00 0.00 0.00 0.00 0.00 0.00 
0.00 0.00 0.00 0.00 0.00 0.00 0.00 0.00 0.00 0.00 0.00 0.00 0.00 0.00 0.00 0.00 0.00 0.00 0.00 0.00 
0.00 0.00 0.00 0.00 0.00 0.00 0.00 0.00 0.00 0.00 0.00 0.00 0.00 0.00 0.00 0.00 0.00 0.00 0.00 0.00 
0.00 0.00 0.00 0.00 0.00 0.00 0.00 0.00 0.00 0.00 0.00 0.00 0.00 0.00 0.00 0.00 0.00 0.00 0.00 0.00 
0.00 0.00 0.00 0.00 0.00 0.00 0.00 0.00 0.00 0.00 0.00 0.00 0.00 0.00 0.00 0.00 0.00 0.00 0.00 0.00 
0.00 0.00 0.00 0.00 0.00 0.00 0.00 0.00 0.00 0.00 0.00 0.00 0.00 0.00 0.00 0.00 0.00 0.00 0.00 0.00 
0.00 0.00 0.00 0.00 0.00 0.00 0.00 0.00 0.00 0.00 0.00 0.00 0.00 0.00 0.00 0.00 0.00 0.00 0.00 0.00 
0.00 0.00 0.00 0.00 0.00 0.00 0.00 0.00 0.00 0.00 0.00 0.00 0.00 0.00 0.00 0.00 0.00 0.00 0.00 0.00 
end   dump: w
==END   DUMP_ARRAYS==
==BEGIN DUMP_ARRAYS==
begin dump: w
8346.50 500656896.00 550743744.00 634300160.00 725923904.00 821015040.00 918089728.00 1015954112.00 1113787520.00 1213137152.00 1311469568.00 1411444096.00 1510570752.00 1610316160.00 1709901568.00 1809362432.00 1908268288.00 2009175552.00 2108915328.00 2208739840.00 
2307386112.00 2408932352.00 2508680192.00 2608871424.00 2708132608.00 2806841088.00 2908674560.00 3008545280.00 3108596992.00 3209047808.00 3308117248.00 3408168704.00 3506603520.00 3608931584.00 3709092096.00 3808844800.00 3908871424.00 4009223424.00 4109271296.00 4209515008.00 
4306711552.00 4409717760.00 4509801472.00 4608967168.00 4710053376.00 4810051584.00 4910735872.00 5010269184.00 5109407744.00 5210697728.00 5307121152.00 5410845696.00 5511081984.00 5611322880.00 5710980608.00 5811192832.00 5911087616.00 6011648000.00 6112433152.00 6212273664.00 
6310724096.00 6412102144.00 6512030720.00 6613266432.00 6710365184.00 6812440576.00 6912805376.00 7013025792.00 7113134592.00 7214197248.00 7312783872.00 7413165056.00 7513279488.00 7614167552.00 7713684992.00 7812468736.00 7914235904.00 8014966272.00 8114714624.00 8214939648.00 
8309115392.00 8415203328.00 8515276800.00 8615479296.00 8715447296.00 8815145984.00 8915418112.00 9017117696.00 9115801600.00 9216838656.00 9315948544.00 9417251840.00 9516864512.00 9614788608.00 9717132288.00 9816876032.00 9915183104.00 10017666048.00 10117832704.00 10217790464.00 
10310685696.00 10418111488.00 10518278144.00 10618310656.00 10718316544.00 10818410496.00 10919096320.00 11019253760.00 11118538752.00 11219536896.00 11318982656.00 11419203584.00 11518926848.00 11620671488.00 11720052736.00 11820217344.00 11920712704.00 12020659200.00 12121138176.00 12221142016.00 
12318343168.00 12421101568.00 12521556992.00 12621461504.00 12721545216.00 12812763136.00 12922522624.00 13023916032.00 13120201728.00 13219580928.00 13322227712.00 13422892032.00 13522957312.00 13623112704.00 13723547648.00 13823391744.00 13923307520.00 14024198144.00 14125728768.00 14224680960.00 
14323046400.00 14424511488.00 14524424192.00 14625826816.00 14724058112.00 14825007104.00 14925678592.00 15025418240.00 15124707328.00 15226264576.00 15322426368.00 15426863104.00 15525967872.00 15626023936.00 15727579136.00 15826606080.00 15926921216.00 16027469824.00 16127357952.00 16227533824.00 
16315791360.00 16428036096.00 16528040960.00 16628119552.00 16728182784.00 16828325888.00 16928464896.00 17029447680.00 17128547328.00 17227878400.00 17328531456.00 17429547008.00 17529231360.00 17629696000.00 17732018176.00 17828464640.00 17929242624.00 18031304704.00 18130722816.00 18230573056.00 
18329524224.00 18431358976.00 18532296704.00 18631008256.00 18731227136.00 18831556608.00 18930814976.00 19032096768.00 19132051456.00 19232552960.00 19331540992.00 19433109504.00 19530704896.00 19633238016.00 19733282816.00 19832731648.00 19933323264.00 20033642496.00 20133373952.00 20233478144.00 
20319307776.00 20434176000.00 20534169600.00 20634832896.00 20734631936.00 20834332672.00 20935032832.00 21035513856.00 21134426112.00 21235742720.00 21334788096.00 21436618752.00 21536122880.00 21636360192.00 21736617984.00 21836298240.00 21936093184.00 22037170176.00 22137010176.00 22237214720.00 
22336057344.00 22437980160.00 22536507392.00 22638637056.00 22735986688.00 22836633600.00 22938691584.00 23038765056.00 23138643968.00 23239024640.00 23338536960.00 23439194112.00 23539085312.00 23638706176.00 23739549696.00 23838611456.00 23940370432.00 24040361984.00 24140374016.00 24240846848.00 
24334929920.00 24441339904.00 24541036544.00 24641605632.00 24741357568.00 24841664512.00 24941608960.00 25042147328.00 25141463040.00 25242017792.00 25323773952.00 25442926592.00 25542846464.00 25643061248.00 25743818752.00 25842980864.00 25941159936.00 26043523072.00 26142199808.00 26244636672.00 
26342690816.00 26444484608.00 26544199680.00 26644563968.00 26744135680.00 26844469248.00 26944462848.00 27046553600.00 27145484288.00 27245707264.00 27345149952.00 27445704704.00 27544977408.00 27646650368.00 27746938880.00 27844751360.00 27947333632.00 28046948352.00 28147150848.00 28246525952.00 
28344469504.00 28447746048.00 28547581952.00 28647819264.00 28747556864.00 28847294464.00 28950052864.00 29049282560.00 29146587136.00 29249042432.00 29348556800.00 29449615360.00 29549268992.00 29649807360.00 29749479424.00 29849550848.00 29949163520.00 30050445312.00 30150483968.00 30250477568.00 
30343256064.00 30450782208.00 30551189504.00 30650497024.00 30750189568.00 30851112960.00 30951186432.00 31051296768.00 31153698816.00 31252508672.00 31351891968.00 31452635136.00 31552212992.00 31652812800.00 31753185280.00 31852990464.00 31953442816.00 32053530624.00 32153724928.00 32253669376.00 
32342110208.00 32454541312.00 32554323968.00 32654729216.00 32754315264.00 32853073920.00 32954920960.00 33055211520.00 33154889728.00 33255129088.00 33354907648.00 33455542272.00 33555306496.00 33654241280.00 33757294592.00 33856602112.00 33955788800.00 34057265152.00 34156390400.00 34258855936.00 
34355871744.00 34457489408.00 34557501440.00 34658344960.00 34757427200.00 34858012672.00 34958209024.00 35058327552.00 35159449600.00 35259514880.00 35355332608.00 35459395584.00 35556950016.00 35660886016.00 35759955968.00 35859406848.00 35959701504.00 36060061696.00 36160143360.00 36260954112.00 
36357574656.00 36460535808.00 36560674816.00 36659838976.00 36763320320.00 36861734912.00 36961591296.00 37062213632.00 37161000960.00 37261860864.00 37361639424.00 37462523904.00 37561966592.00 37662908416.00 37762916352.00 37853822976.00 37962784768.00 38063456256.00 38163623936.00 38263848960.00 
38362353664.00 38468829184.00 38564315136.00 38664978432.00 38762307584.00 38864470016.00 38965002240.00 39064121344.00 39165063168.00 39265533952.00 39364726784.00 39465885696.00 39565225984.00 39666012160.00 39766106112.00 39865880576.00 39966056448.00 40066531328.00 40166236160.00 40266027008.00 
40337264640.00 40468172800.00 40567795712.00 40668041216.00 40767741952.00 40867770368.00 40968359936.00 41068564480.00 41167953920.00 41268924416.00 41368162304.00 41469300736.00 41569083392.00 41669222400.00 41770045440.00 41869488128.00 41967673344.00 42070208512.00 42170363904.00 42270265344.00 
42369019904.00 42465619968.00 42571034624.00 42671083520.00 42770784256.00 42869633024.00 42971529216.00 43071655936.00 43171586048.00 43272294400.00 43371536384.00 43472347136.00 43571339264.00 43672989696.00 43772846080.00 43872907264.00 43972870144.00 44073570304.00 44173455360.00 44273065984.00 
44370751488.00 44473839616.00 44573925376.00 44673892352.00 44771700736.00 44876623872.00 44975697920.00 45075488768.00 45173202944.00 45276061696.00 45372116992.00 45475926016.00 45575892992.00 45676236800.00 45776265216.00 45876228096.00 45976133632.00 46076272640.00 46176620544.00 46275538944.00 
46375755776.00 46477172736.00 46577676288.00 46677880832.00 46776807424.00 46877388800.00 46977736704.00 47077924864.00 47178235904.00 47278649344.00 47377731584.00 47479730176.00 47578828800.00 47679365120.00 47779516416.00 47877992448.00 47979438080.00 48079908864.00 48180416512.00 48280301568.00 
48368553984.00 48480530432.00 48580878336.00 48681037824.00 48780890112.00 48881553408.00 48981843968.00 49081741312.00 49181507584.00 49282195456.00 49381560320.00 49482301440.00 49582260224.00 49682726912.00 49782714368.00 49882525696.00 49981792256.00 50082865152.00 50182893568.00 50282217472.00 
50346348544.00 50485534720.00 50584842240.00 50685390848.00 50784391168.00 50884677632.00 50984931328.00 51084804096.00 51185422336.00 51285196800.00 51384950784.00 51485761536.00 51583639552.00 51686510592.00 51786158080.00 51886088192.00 51985608704.00 52086259712.00 52187045888.00 52287139840.00 
52384215040.00 52487032832.00 52588105728.00 52687548416.00 52787634176.00 52886261760.00 52988116992.00 53088522240.00 53187309568.00 53288525824.00 53388062720.00 53489156096.00 53588656128.00 53688045568.00 53790007296.00 53889507328.00 53989396480.00 54090022912.00 54189928448.00 54289752064.00 
54388985856.00 54490767360.00 54590697472.00 54691074048.00 54788792320.00 54890651648.00 54991781888.00 55090970624.00 55191818240.00 55290114048.00 55388479488.00 55492194304.00 55592325120.00 55693053952.00 55792857088.00 55892590592.00 55992999936.00 56093667328.00 56192974848.00 56293527552.00 
56387780608.00 56494047232.00 56594313216.00 56694304768.00 56793972736.00 56894201856.00 56994279424.00 57094762496.00 57194090496.00 57294491648.00 57393459200.00 57491001344.00 57599062016.00 57696985088.00 57796902912.00 57895079936.00 57994534912.00 58097086464.00 58196967424.00 58297470976.00 
58395934720.00 58497069056.00 58597629952.00 58698018816.00 58797416448.00 58897653760.00 58998464512.00 59098243072.00 59198058496.00 59298799616.00 59398107136.00 59499102208.00 59597918208.00 59699601408.00 59799392256.00 59899232256.00 59999731712.00 60098514944.00 60199903232.00 60300013568.00 
60385562624.00 60500758528.00 60600692736.00 60700921856.00 60801089536.00 60900904960.00 60999954432.00 61101371392.00 61199532032.00 61302325248.00 61401329664.00 61502251008.00 61602099200.00 61702471680.00 61802450944.00 61901242368.00 62003527680.00 62103638016.00 62203547648.00 62303465472.00 
62402461696.00 62503698432.00 62603935744.00 62704504832.00 62803279872.00 62895325184.00 63004782592.00 63104864256.00 63204904960.00 63305199616.00 63404724224.00 63505162240.00 63605862400.00 63706329088.00 63805956096.00 63906279424.00 64006090752.00 64106459136.00 64206655488.00 64306819072.00 
64395149312.00 64507252736.00 64607916032.00 64707809280.00 64807477248.00 64906977280.00 65008156672.00 65108062208.00 65207750656.00 65308581888.00 65405009920.00 65508589568.00 65608810496.00 65708638208.00 65809412096.00 65909325824.00 66008420352.00 66109349888.00 66209718272.00 66309685248.00 
66408681472.00 66510123008.00 66610094080.00 66710372352.00 66809606144.00 66909446144.00 67007295488.00 67119820800.00 67213586432.00 67313143808.00 67412250624.00 67512832000.00 67610595328.00 67713056768.00 67813130240.00 67911376896.00 68012785664.00 68113698816.00 68214358016.00 68313780224.00 
68410953728.00 68514275328.00 68614123520.00 68715134976.00 68814307328.00 68914307072.00 69015044096.00 69115109376.00 69214052352.00 69315682304.00 69415165952.00 69515927552.00 69615583232.00 69715951616.00 69815934976.00 69915828224.00 70016376832.00 70116900864.00 70216998912.00 70316728320.00 
70409699328.00 70516998144.00 70617456640.00 70717440000.00 70815326208.00 70917283840.00 71020855296.00 71118594048.00 71218479104.00 71318806528.00 71418109952.00 71518560256.00 71618576384.00 71719272448.00 71819018240.00 71919419392.00 72019591168.00 72120328192.00 72221229056.00 72320122880.00 
72414486528.00 72520507392.00 72620507136.00 72720867328.00 72820785152.00 72919105536.00 73020751872.00 73118580736.00 73222266880.00 73322315776.00 73421668352.00 73522479104.00 73622208512.00 73722732544.00 73822846976.00 73922781184.00 74020716544.00 74123706368.00 74223263744.00 74323427328.00 
74422132736.00 74524295168.00 74623991808.00 74724122624.00 74823639040.00 74924220416.00 75024703488.00 75125071872.00 75224850432.00 75324563456.00 75406655488.00 75525914624.00 75624759296.00 75726127104.00 75826151424.00 75925889024.00 76026150912.00 76126789632.00 76226707456.00 76327010304.00 
76424044544.00 76527190016.00 76629614592.00 76727197696.00 76827385856.00 76927549440.00 77028941824.00 77128032256.00 77225951232.00 77327802368.00 77428088832.00 77528760320.00 77629136896.00 77728997376.00 77828734976.00 77927743488.00 78028972032.00 78129987584.00 78230142976.00 78330101760.00 
78428782592.00 78530289664.00 78630494208.00 78730788864.00 78829707264.00 78930649088.00 79031132160.00 79131508736.00 79231434752.00 79331844096.00 79431057408.00 79531999232.00 79631441920.00 79731843072.00 79831932928.00 79931842560.00 80031817728.00 80132128768.00 80231260160.00 80329580544.00 
80373653504.00 80537722880.00 80635854848.00 80735461376.00 80835043328.00 80934928384.00 81035362304.00 81134968832.00 81234919424.00 81336631296.00 81435033600.00 81536204800.00 81635606528.00 81735319552.00 81836032000.00 81936285696.00 82035449856.00 82136678400.00 82236596224.00 82337136640.00 
82435719168.00 82537283584.00 82637660160.00 82737594368.00 82837463040.00 82936168448.00 83037978624.00 83137789952.00 83238510592.00 83338559488.00 83437985792.00 83538870272.00 83636756480.00 83738853376.00 83839475712.00 83939393536.00 84039655424.00 84139761664.00 84240113664.00 84340154368.00 
84437417984.00 84540391424.00 84638105600.00 84741185536.00 84840833024.00 84940800000.00 85041201152.00 85141340160.00 85240463360.00 85341978624.00 85438349312.00 85541519360.00 85642125312.00 85742403584.00 85842690048.00 85942534144.00 86042198016.00 86139723776.00 86243704832.00 86343507968.00 
86442369024.00 86543982592.00 86643949568.00 86744317952.00 86842040320.00 86944784384.00 87045070848.00 87145267200.00 87244840960.00 87344996352.00 87445102592.00 87545610240.00 87645159424.00 87745839104.00 87845969920.00 87936827392.00 88046264320.00 88146010112.00 88245428224.00 88346853376.00 
88440971264.00 88547082240.00 88647180288.00 88747122688.00 88847286272.00 88947400704.00 89047826432.00 89147531264.00 89246621696.00 89359712256.00 89449013248.00 89549791232.00 89649217536.00 89749487616.00 89849348096.00 89949470720.00 90047528960.00 90149904384.00 90251001856.00 90350206976.00 
90442932224.00 90550558720.00 90650853376.00 90750582784.00 90850574336.00 90950934528.00 91051360256.00 91151507456.00 91251449856.00 91349655552.00 91451441152.00 91552309248.00 91651268608.00 91752431616.00 91852300288.00 91952414720.00 92052725760.00 92153487360.00 92252422144.00 92353658880.00 
92450529280.00 92553601024.00 92653527040.00 92746506240.00 92854648832.00 92952846336.00 93054902272.00 93155008512.00 93252657152.00 93355081728.00 93454475264.00 93555359744.00 93655236608.00 93755318272.00 93855834112.00 93955743744.00 94055530496.00 94156374016.00 94256365568.00 94356652032.00 
94455324672.00 94555283456.00 94657568768.00 94757502976.00 94856544256.00 94957477888.00 95057920000.00 95158378496.00 95258099712.00 95358099456.00 95454969856.00 95558754304.00 95658016768.00 95759523840.00 95859245056.00 95959171072.00 96059441152.00 96159760384.00 96259940352.00 96359981056.00 
96448208896.00 96560676864.00 96659931136.00 96761585664.00 96860708864.00 96960593920.00 97061347328.00 97161322496.00 97260953600.00 97361461248.00 97461354496.00 97562058752.00 97662009344.00 97764950016.00 97862483968.00 97960796160.00 98061729792.00 98162974720.00 98263220224.00 98363047936.00 
98462031872.00 98563276800.00 98663636992.00 98763882496.00 98863546368.00 98963800064.00 99064307712.00 99163201536.00 99264315392.00 99364446208.00 99463995392.00 99565019136.00 99662716928.00 99764895744.00 99864772608.00 99964690432.00 100064608256.00 100164689920.00 100263493632.00 100360626176.00 
100391862272.00 100573331456.00 100670242816.00 100769472512.00 100868866048.00 100968603648.00 101069152256.00 101169651712.00 101267996672.00 101368258560.00 101468594176.00 101570330624.00 101668945920.00 101769887744.00 101869543424.00 101969862656.00 102069542912.00 102170656768.00 102270148608.00 102370418688.00 
102469173248.00 102570573824.00 102670868480.00 102771073024.00 102868918272.00 102969483264.00 103071563776.00 103170973696.00 103271415808.00 103372185600.00 103471423488.00 103572348928.00 103671603200.00 103772913664.00 103872397312.00 103972610048.00 104072790016.00 104169734144.00 104273633280.00 104374042624.00 
104467800064.00 104573837312.00 104673624064.00 104773976064.00 104874516480.00 104974213120.00 105074466816.00 105175080960.00 105274507264.00 105375154176.00 105471672320.00 105575522304.00 105675137024.00 105776594944.00 105876045824.00 105976135680.00 106073997312.00 106177028096.00 106276438016.00 106377134080.00 
106475601920.00 106576977920.00 106677329920.00 106777378816.00 106876993536.00 106977304576.00 107077197824.00 107179474944.00 107278467072.00 107378761728.00 107478040576.00 107578949632.00 107677859840.00 107778965504.00 107879251968.00 107977646080.00 108079284224.00 108181708800.00 108279742464.00 108380372992.00 
108477284352.00 108579569664.00 108680650752.00 108780675072.00 108880617472.00 108980805632.00 109081157632.00 109181460480.00 109279182848.00 109380976640.00 109480361984.00 109591232512.00 109682810880.00 109782679552.00 109882507264.00 109982720000.00 110082514944.00 110183301120.00 110282334208.00 110383726592.00 
110476271616.00 110583808000.00 110683725824.00 110784045056.00 110883340288.00 110984298496.00 111084666880.00 111184699392.00 111284830208.00 111384911872.00 111484502016.00 111582699520.00 111685287936.00 111785771008.00 111886147584.00 111985901568.00 112085901312.00 112186499072.00 112286261248.00 112386842624.00 
112474931200.00 112587096064.00 112687472640.00 112787464192.00 112887373824.00 112978386944.00 113087799296.00 113188110336.00 113287405568.00 113388281856.00 113487888384.00 113588625408.00 113688166400.00 113788903424.00 113888993280.00 113989009408.00 114088206336.00 114189598720.00 114289606656.00 114389598208.00 
114488205312.00 114589376512.00 114688245760.00 114804981760.00 114892095488.00 114991702016.00 115091578880.00 115191914496.00 115291742208.00 115392126976.00 115488571392.00 115592404992.00 115690127360.00 115792543744.00 115892781056.00 115992535040.00 116092796928.00 116192854016.00 116293812224.00 116393336832.00 
116490698752.00 116593549312.00 116693794816.00 116794425344.00 116893974528.00 116993916928.00 117094539264.00 117195063296.00 117293858816.00 117395021824.00 117494472704.00 117595619328.00 117695422464.00 117795602432.00 117895766016.00 117994168320.00 118095052800.00 118197043200.00 118296690688.00 118396895232.00 
118495485952.00 118597050368.00 118697549824.00 118797287424.00 118895255552.00 118996721664.00 119097745408.00 119198179328.00 119297941504.00 119397998592.00 119497777152.00 119598456832.00 119698309120.00 119800594432.00 119898398720.00 119999037440.00 120099061760.00 120199438336.00 120299257856.00 120399020032.00 
120470290432.00 120601362432.00 120701001728.00 120800509952.00 120900780032.00 121000845312.00 121101230080.00 121201344512.00 121301172224.00 121401458688.00 121501310976.00 121601245184.00 121701228544.00 121802702848.00 121902301184.00 122002366464.00 122100514816.00 122202529792.00 122303471616.00 122403471360.00 
122502103040.00 122603520000.00 122703486976.00 122803994624.00 122903666688.00 123002560512.00 123104436224.00 123205148672.00 123304534016.00 123404853248.00 123503730688.00 123607818240.00 123704795136.00 123805851648.00 123905679360.00 124005761024.00 124105908224.00 124206432256.00 124305940480.00 124406898688.00 
124503965696.00 124607021056.00 124707086336.00 124807380992.00 124907167744.00 125007159296.00 125108076544.00 125207805952.00 125305610240.00 125407936512.00 125489741824.00 125609009152.00 125708787712.00 125808050176.00 125909245952.00 126009450496.00 126108884992.00 126209179648.00 126309597184.00 126409834496.00 
126508777472.00 126610317312.00 126710259712.00 126808989696.00 126909972480.00 127010930688.00 127111258112.00 127211347968.00 127311142912.00 127411716096.00 127511166976.00 127611650048.00 127711346688.00 127812755456.00 127912386560.00 128010887168.00 128112533504.00 128213385216.00 128312795136.00 128413556736.00 
128501522432.00 128613801984.00 128713375744.00 128812138496.00 128914112512.00 129013800960.00 129114816512.00 129214586880.00 129314168832.00 129414864896.00 129514029056.00 129614733312.00 129715322880.00 129815650304.00 129915224064.00 130015625216.00 130114871296.00 130215673856.00 130315960320.00 130416566272.00 
130509275136.00 130616803328.00 130716721152.00 130817105920.00 130916728832.00 131017162752.00 131117318144.00 131217727488.00 131317760000.00 131417661440.00 131517546496.00 131618332672.00 131716046848.00 131818831872.00 131918454784.00 132018331648.00 132118806528.00 132219068416.00 132319035392.00 132419592192.00 
132516560896.00 132619485184.00 132719386624.00 132819894272.00 132919549952.00 133018009600.00 133119811584.00 133219573760.00 133318295552.00 133419032576.00 133517967360.00 133617491968.00 133713747968.00 133789310976.00 133938905088.00 134028754944.00 134126395392.00 134226141184.00 134325256192.00 134425174016.00 
134523797504.00 134625255424.00 134724911104.00 134825107456.00 134922797056.00 135025008640.00 135125368832.00 135225696256.00 135325401088.00 135425671168.00 135522066432.00 135626563584.00 135725457408.00 135826538496.00 135926349824.00 136026251264.00 136126849024.00 136226521088.00 136326782976.00 136427200512.00 
136521261056.00 136627601408.00 136727453696.00 136827715584.00 136927526912.00 137027608576.00 137128239104.00 137228091392.00 137327837184.00 137428746240.00 137528066048.00 137628827648.00 137729081344.00 137829515264.00 137929228288.00 138020208640.00 138127638528.00 138229514240.00 138330292224.00 138429841408.00 
138529144832.00 138630725632.00 138730831872.00 138830987264.00 138930257920.00 139031330816.00 139131355136.00 139231805440.00 139331403776.00 139431903232.00 139531124736.00 139631706112.00 139731484672.00 139832508416.00 139932745728.00 140032425984.00 140132876288.00 140233211904.00 140333056000.00 140433162240.00 
140518604800.00 140633931776.00 140733726720.00 140834471936.00 140934152192.00 141033930752.00 141134528512.00 141234700288.00 141332512768.00 141434798080.00 141534281728.00 141634928640.00 141736853504.00 141835730944.00 141936099328.00 142035877888.00 142135787520.00 142236598272.00 142336688128.00 142436728832.00 
142535557120.00 142636711936.00 142737096704.00 142837383168.00 142936260608.00 143035858944.00 143137783808.00 143237840896.00 143337324544.00 143439642624.00 143538077696.00 143638855680.00 143738421248.00 143839281152.00 143940124672.00 144039018496.00 144139796480.00 144240001024.00 144339714048.00 144439820288.00 
144528359424.00 144640917504.00 144740663296.00 144840491008.00 144940646400.00 145040572416.00 145140924416.00 145241473024.00 145340956672.00 145441587200.00 145538039808.00 145642307584.00 145741742080.00 145841979392.00 145940905984.00 146044141568.00 146142101504.00 146243371008.00 146343346176.00 146443517952.00 
146542166016.00 146643795968.00 146743869440.00 146843926528.00 146943737856.00 147043893248.00 147144376320.00 147244892160.00 147344556032.00 147445104640.00 147544637440.00 147645366272.00 147743113216.00 147845431296.00 147946569728.00 148044398592.00 148146028544.00 148246364160.00 148346421248.00 148447444992.00 
148543766528.00 148646674432.00 148747091968.00 148847296512.00 148947271680.00 149047214080.00 149147762688.00 149247819776.00 149346697216.00 149448278016.00 149547614208.00 149648359424.00 149748482048.00 149848801280.00 149949448192.00 150048964608.00 150148890624.00 150249160704.00 150348906496.00 150448553984.00 
150512599040.00 150652076032.00 150751150080.00 150850977792.00 150948839424.00 151051157504.00 151151460352.00 151251369984.00 151351476224.00 151452057600.00 151551148032.00 151651778560.00 151751671808.00 151852171264.00 151952457728.00 152052187136.00 152152670208.00 152252678144.00 152353226752.00 152454545408.00 
152547590144.00 152653660160.00 152753700864.00 152853692416.00 152955092992.00 153052676096.00 153154355200.00 153254428672.00 153354387456.00 153454788608.00 153554550784.00 153655427072.00 153755615232.00 153855524864.00 153955713024.00 154055671808.00 154153713664.00 154256179200.00 154355122176.00 154457686016.00 
154555645952.00 154657423360.00 154757103616.00 154857586688.00 154957119488.00 155057422336.00 155157479424.00 155257847808.00 155357872128.00 155458306048.00 155554709504.00 155656683520.00 155757576192.00 155859107840.00 155959017472.00 156058468352.00 156159770624.00 156259762176.00 156359819264.00 156459925504.00 
156557066240.00 156662595584.00 156760309760.00 156860727296.00 156960276480.00 157059842048.00 157161308160.00 157260398592.00 157358964736.00 157461594112.00 157561094144.00 157661954048.00 157762093056.00 157862019072.00 157962108928.00 158060789760.00 158162534400.00 158262788096.00 158363271168.00 158464589824.00 
158561959936.00 158663442432.00 158763859968.00 158863933440.00 158962761728.00 159064178688.00 159163957248.00 159264358400.00 159364186112.00 159464374272.00 159564021760.00 159665061888.00 159764529152.00 159865339904.00 159965659136.00 160064897024.00 160164937728.00 160264880128.00 160364412928.00 160462684160.00 
160506691584.00 160671105024.00 160769015808.00 160868712448.00 160968179712.00 161068122112.00 161168211968.00 161268580352.00 161368080384.00 161468497920.00 161568210944.00 161668661248.00 161769095168.00 161869496320.00 161968406528.00 162069250048.00 162168569856.00 162267873280.00 162370322432.00 162469052416.00 
162568863744.00 162670313472.00 162770583552.00 162870607872.00 162970075136.00 163062005760.00 163170713600.00 163271229440.00 163371171840.00 163471818752.00 163571630080.00 163672145920.00 163769925632.00 163872391168.00 163972530176.00 164072144896.00 164172038144.00 164273160192.00 164373299200.00 164473323520.00 
164570349568.00 164671225856.00 164773560320.00 164874076160.00 164974116864.00 165073666048.00 165174165504.00 165268733952.00 165373984768.00 165475024896.00 165571411968.00 165675188224.00 165775228928.00 165875875840.00 165975343104.00 166075039744.00 166175670272.00 166276071424.00 166376308736.00 166476808192.00 
166575357952.00 166676512768.00 166776979456.00 166877102080.00 166974898176.00 167077068800.00 167176814592.00 167279951872.00 167378255872.00 167478427648.00 167578042368.00 167678705664.00 167778304000.00 167878737920.00 167978811392.00 168077541376.00 168179187712.00 168279572480.00 168379777024.00 168478851072.00 
168573960192.00 168680292352.00 168780185600.00 168880521216.00 168979251200.00 169080651776.00 169181052928.00 169281044480.00 169380790272.00 169481846784.00 169580888064.00 169681747968.00 169781395456.00 169882451968.00 169982263296.00 170082484224.00 170180345856.00 170285875200.00 170382835712.00 170483367936.00 
170575888384.00 170683793408.00 170783391744.00 170884120576.00 170983424000.00 171084070912.00 171184111616.00 171283824640.00 171384340480.00 171484643328.00 171584225280.00 171684872192.00 171783307264.00 171884052480.00 171978719232.00 172088377344.00 172186845184.00 172286836736.00 172386516992.00 172486082560.00 
172583993344.00 172687392768.00 172787187712.00 172887392256.00 172987252736.00 173085884416.00 173187760128.00 173287997440.00 173385875456.00 173488291840.00 173588004864.00 173689061376.00 173788659712.00 173888798720.00 173989249024.00 174089322496.00 174189101056.00 174289403904.00 174389641216.00 174488666112.00 
174588903424.00 174690156544.00 174790737920.00 174890418176.00 174989623296.00 175090712576.00 175190917120.00 175291121664.00 175391080448.00 175491334144.00 175573041152.00 175691988992.00 175791702016.00 175892299776.00 175992176640.00 176092332032.00 176191897600.00 176292036608.00 176392945664.00 176493150208.00 
176581394432.00 176692953088.00 176793583616.00 176893788160.00 176993746944.00 177094197248.00 177194156032.00 177294540800.00 177394204672.00 177494523904.00 177594335232.00 177695735808.00 177795350528.00 177895456768.00 177995169792.00 178093637632.00 178194448384.00 178294734848.00 178401886208.00 178497290240.00 
178595741696.00 178696847360.00 178797330432.00 178897551360.00 178997280768.00 179097288704.00 179197689856.00 179297763328.00 179397787648.00 179498205184.00 179597950976.00 179698073600.00 179796590592.00 179897827328.00 179999031296.00 180099039232.00 180199620608.00 180299563008.00 180399652864.00 180499726336.00 
180585037824.00 180700545024.00 180800143360.00 180900347904.00 181000683520.00 181100691456.00 181200879616.00 181301231616.00 181400141824.00 181501493248.00 181600911360.00 181701574656.00 181801828352.00 181902114816.00 182002434048.00 182101917696.00 182201958400.00 182302195712.00 182398337024.00 182504112128.00 
182602301440.00 182703734784.00 182803906560.00 182903930880.00 183001874432.00 183102554112.00 183203872768.00 183304536064.00 183404363776.00 183505141760.00 183604363264.00 183705485312.00 183804854272.00 183905189888.00 184005951488.00 184105648128.00 184205459456.00 184306106368.00 184406654976.00 184506433536.00 
184600494080.00 184706351104.00 184806703104.00 184906842112.00 185007079424.00 185106530304.00 185203720192.00 185308413952.00 185407668224.00 185508298752.00 185604669440.00 185708544000.00 185808764928.00 185908822016.00 186009059328.00 186108608512.00 186206912512.00 186308526080.00 186409795584.00 186509901824.00 
186608418816.00 186710196224.00 186809827328.00 186909245440.00 187009777664.00 187110129664.00 187210121216.00 187312390144.00 187411251200.00 187511799808.00 187611152384.00 187712651264.00 187810775040.00 187911864320.00 188011986944.00 188102918144.00 188212297728.00 188312698880.00 188412968960.00 188513091584.00 
188610183168.00 188713172992.00 188812607488.00 188914368512.00 189013639168.00 189113597952.00 189214146560.00 189314269184.00 189412343808.00 189515218944.00 189614080000.00 189715365888.00 189815144448.00 189914923008.00 190015455232.00 190116347904.00 190215340032.00 190316265472.00 190416158720.00 190517231616.00 
190609162240.00 190717624320.00 190816829440.00 190916788224.00 191015993344.00 191117950976.00 191217532928.00 191318310912.00 191417483264.00 191517474816.00 191617482752.00 191718195200.00 191817646080.00 191914491904.00 192018972672.00 192118767616.00 192219070464.00 192319520768.00 192419299328.00 192519471104.00 
192607715328.00 192720076800.00 192820084736.00 192920027136.00 193019887616.00 193118650368.00 193222311936.00 193320189952.00 193420427264.00 193521221632.00 193620492288.00 193718124544.00 193821671424.00 193921646592.00 194022146048.00 194121531392.00 194221457408.00 194322661376.00 194422423552.00 194522791936.00 
194621669376.00 194723102720.00 194823225344.00 194924150784.00 195022864384.00 195123773440.00 195225419776.00 195324182528.00 195423928320.00 195524640768.00 195620945920.00 195724623872.00 195822600192.00 195925049344.00 196025139200.00 196125048832.00 196225400832.00 196325916672.00 196425678848.00 196525981696.00 
196623187968.00 196726358016.00 196826267648.00 196926619648.00 197026627584.00 197126979584.00 197226872832.00 197327388672.00 197426184192.00 197527486464.00 197626675200.00 197726404608.00 197827739648.00 197928042496.00 198027362304.00 198126419968.00 198228164608.00 198327500800.00 198427967488.00 198528679936.00 
198627328000.00 198729220096.00 198829522944.00 198928941056.00 199026638848.00 199128989696.00 199229079552.00 199329153024.00 199428898816.00 199529463808.00 199628849152.00 199729168384.00 199828455424.00 199928922112.00 200028372992.00 200127053824.00 200226324480.00 200324579328.00 200420491264.00 200508243968.00 
200482979840.00 200758378496.00 200846016512.00 200942256128.00 201039986688.00 201138683904.00 201238364160.00 201338077184.00 201437102080.00 201537601536.00 201636610048.00 201737486336.00 201837477888.00 201937469440.00 202037575680.00 202137059328.00 202235281408.00 202337746944.00 202437099520.00 202537500672.00 
202636722176.00 202737827840.00 202838556672.00 202939367424.00 203037573120.00 203136565248.00 203238932480.00 203338809344.00 203438784512.00 203540430848.00 203638751232.00 203739217920.00 203838242816.00 203939561472.00 204039962624.00 204139184128.00 204239667200.00 204339806208.00 204440305664.00 204540723200.00 
204637519872.00 204740657152.00 204840960000.00 204940754944.00 205041008640.00 205140967424.00 205241663488.00 205341638656.00 205439533056.00 205542080512.00 205638205440.00 205742260224.00 205842366464.00 205942374400.00 206041268224.00 206142570496.00 206242512896.00 206342602752.00 206443462656.00 206543634432.00 
206642249728.00 206743846912.00 206844133376.00 206944092160.00 207042953216.00 207144189952.00 207244804096.00 207344975872.00 207444574208.00 207548825600.00 207644672000.00 207745089536.00 207845113856.00 207946366976.00 208044294144.00 208144515072.00 208246538240.00 208347136000.00 208446980096.00 208546611200.00 
208635068416.00 208747184128.00 208847159296.00 208947576832.00 209047552000.00 209147199488.00 209247780864.00 209352425472.00 209447682048.00 209548525568.00 209647779840.00 209749245952.00 209848467456.00 209948377088.00 210049155072.00 210148065280.00 210248515584.00 210349785088.00 210449776640.00 210549129216.00 
210642698240.00 210749440000.00 210850463744.00 210950602752.00 211049906176.00 211149733888.00 211251265536.00 211351781376.00 211451199488.00 211551567872.00 211651231744.00 211751370752.00 211849854976.00 211952205824.00 212052508672.00 212152369152.00 212252409856.00 212352581632.00 212453834752.00 212553367552.00 
212650524672.00 212754038784.00 212853555200.00 212953923584.00 213054062592.00 213144862720.00 213254307840.00 213354790912.00 213453651968.00 213554266112.00 213654372352.00 213754691584.00 213855043584.00 213954609152.00 214056288256.00 214155902976.00 214255828992.00 214357524480.00 214456942592.00 214556557312.00 
214655336448.00 214757212160.00 214857056256.00 214958063616.00 215054843904.00 215157358592.00 215257595904.00 215358013440.00 215457480704.00 215558012928.00 215654498304.00 215758323712.00 215857889280.00 215958208512.00 216062853120.00 216159338496.00 216259084288.00 216359911424.00 216460099584.00 216560353280.00 
216654036992.00 216760451072.00 216859869184.00 216960516096.00 217060753408.00 217160613888.00 217260818432.00 217361514496.00 217461063680.00 217561350144.00 217661030400.00 217761366016.00 217861783552.00 217962119168.00 218062667776.00 218160791552.00 218260537344.00 218362904576.00 218462388224.00 218563100672.00 
218661437440.00 218762526720.00 218868006912.00 218964312064.00 219063812096.00 219164213248.00 219264155648.00 219364720640.00 219464663040.00 219565277184.00 219664367616.00 219765309440.00 219864252416.00 219965538304.00 220065677312.00 220165898240.00 220265267200.00 220366176256.00 220466380800.00 220566142976.00 
220651782144.00 220766928896.00 220866887680.00 220967124992.00 221066805248.00 221166993408.00 221267623936.00 221368647680.00 221465772032.00 221568647168.00 221667622912.00 221768384512.00 221868605440.00 221968891904.00 222068850688.00 222168530944.00 222268850176.00 222369169408.00 222469062656.00 222569627648.00 
222668292096.00 222769414144.00 222864719872.00 222972133376.00 223070011392.00 223169363968.00 223271108608.00 223371476992.00 223471353856.00 223571181568.00 223671009280.00 223772000256.00 223871287296.00 223972376576.00 224072302592.00 224171868160.00 224272449536.00 224372785152.00 224472940544.00 224573652992.00 
224661356544.00 224773472256.00 224873578496.00 224974700544.00 225074380800.00 225173929984.00 225274298368.00 225374371840.00 225474052096.00 225574797312.00 225656373248.00 225775370240.00 225875132416.00 225975369728.00 226075770880.00 226175549440.00 226274754560.00 226376368128.00 226475802624.00 226576662528.00 
226674982912.00 226778300416.00 226876981248.00 226977300480.00 227076620288.00 227177021440.00 227277324288.00 227377856512.00 227477569536.00 227577446400.00 227677339648.00 227778117632.00 227876012032.00 227978887168.00 228078813184.00 228177248256.00 228279025664.00 228379394048.00 228479287296.00 228579246080.00 
228676648960.00 228780523520.00 228879908864.00 228979605504.00 229079302144.00 229177769984.00 229288017920.00 229382766592.00 229480857600.00 229581619200.00 229681332224.00 229782126592.00 229881888768.00 229982797824.00 230082396160.00 230181978112.00 230282051584.00 230382731264.00 230483181568.00 230582894592.00 
230676119552.00 230783303680.00 230883688448.00 230980878336.00 231081705472.00 231183499264.00 231284162560.00 231384498176.00 231484751872.00 231585284096.00 231684374528.00 231784857600.00 231884734464.00 231985643520.00 232085209088.00 232185233408.00 232287092736.00 232386035712.00 232486174720.00 232586559488.00 
232680570880.00 232788082688.00 232886796288.00 232987148288.00 233086959616.00 233185394688.00 233287696384.00 233388048384.00 233487302656.00 233588031488.00 233687384064.00 233788243968.00 233887891456.00 233986916352.00 234089496576.00 234189176832.00 234287300608.00 234389225472.00 234489593856.00 234590044160.00 
234688315392.00 234789896192.00 234890444800.00 234990403584.00 235090067456.00 235190878208.00 235290771456.00 235390763008.00 235491311616.00 235591581696.00 235687854080.00 235791810560.00 235890573312.00 235997806592.00 236092817408.00 236191973376.00 236292227072.00 236392579072.00 236492783616.00 236595675136.00 
236690178048.00 236793626624.00 236893339648.00 236993839104.00 237093928960.00 237193871360.00 237294239744.00 237394575360.00 237492092928.00 237594492928.00 237694025728.00 237794738176.00 237894615040.00 237995245568.00 238095417344.00 238185938944.00 238295236608.00 238396096512.00 238495596544.00 238596440064.00 
238694957056.00 238797766656.00 238896201728.00 238999191552.00 239095824384.00 239197044736.00 239298101248.00 239397224448.00 239497166848.00 239598157824.00 239697395712.00 239798026240.00 239897657344.00 239998369792.00 240098295808.00 240197844992.00 240298180608.00 240397959168.00 240497459200.00 240595730432.00 
240639901696.00 240803971072.00 240902275072.00 241001775104.00 241101242368.00 241201004544.00 241301389312.00 241401298944.00 241501044736.00 241601675264.00 241701158912.00 241802313728.00 241902010368.00 242002231296.00 242102484992.00 242202214400.00 242301583360.00 242403131392.00 242502991872.00 242603442176.00 
242702057472.00 242802475008.00 242903220224.00 243003801600.00 243103268864.00 243202244608.00 243304202240.00 243404554240.00 243504250880.00 243604652032.00 243704266752.00 243805011968.00 243902922752.00 244006223872.00 244105297920.00 244206272512.00 244305739776.00 244405960704.00 244506378240.00 244604059648.00 
244703690752.00 244806647808.00 244906819584.00 245007155200.00 245106212864.00 245207613440.00 245307424768.00 245407678464.00 245506768896.00 245610053632.00 245704589312.00 245808496640.00 245908504576.00 246008709120.00 246109159424.00 246208495616.00 246308470784.00 246409248768.00 246509486080.00 246609182720.00 
246708109312.00 246809427968.00 246911500288.00 247010754560.00 247108435968.00 247210262528.00 247311073280.00 247410999296.00 247510597632.00 247611342848.00 247710875648.00 247811768320.00 247911284736.00 248012308480.00 248112152576.00 248210391040.00 248311250944.00 248412995584.00 248513282048.00 248612995072.00 
248707596288.00 248812158976.00 248913657856.00 249013977088.00 249113624576.00 249213566976.00 249314115584.00 249414467584.00 249514115072.00 249615007744.00 249713901568.00 249814892544.00 249914884096.00 250015236096.00 250115489792.00 250215006208.00 250313064448.00 250415628288.00 250515161088.00 250614661120.00 
250679050240.00 250818019328.00 250917814272.00 251017314304.00 251117109248.00 251217084416.00 251317272576.00 251417870336.00 251518140416.00 251618148352.00 251718025216.00 251818409984.00 251917369344.00 252019113984.00 252118908928.00 252218736640.00 252318711808.00 252418998272.00 252519088128.00 252620144640.00 
252716974080.00 252819685376.00 252920397824.00 253020454912.00 253120544768.00 253218734080.00 253319757824.00 253421273088.00 253519249408.00 253621288960.00 253720854528.00 253821353984.00 253921361920.00 254021844992.00 254122115072.00 254222057472.00 254321786880.00 254422827008.00 254522638336.00 254622810112.00 
254721392640.00 254823268352.00 254923309056.00 255023513600.00 255122178048.00 255221710848.00 255325339648.00 255424544768.00 255524470784.00 255624445952.00 255721406464.00 255824822272.00 255924633600.00 256025034752.00 256125534208.00 256225476608.00 256325664768.00 256426049536.00 256526237696.00 256625655808.00 
256714588160.00 256826834944.00 256926777344.00 257026736128.00 257126465536.00 257227014144.00 257326432256.00 257427685376.00 257527267328.00 257627897856.00 257727070208.00 257827209216.00 257929183232.00 258029060096.00 258128936960.00 258227109888.00 258327953408.00 258429419520.00 258529361920.00 258630025216.00 
258728099840.00 258830172160.00 258929967104.00 259029778432.00 259130015744.00 259230384128.00 259330621440.00 259430678528.00 259529605120.00 259632119808.00 259730718720.00 259831808000.00 259929636864.00 260031758336.00 260131733504.00 260232331264.00 260331995136.00 260432232448.00 260532682752.00 260632756224.00 
260718182400.00 260833591296.00 260933337088.00 261033443328.00 261133352960.00 261233606656.00 261333745664.00 261434097664.00 261533024256.00 261635063808.00 261734268928.00 261834555392.00 261934841856.00 262035013632.00 262135332864.00 262234947584.00 262335397888.00 262435930112.00 262535790592.00 262636158976.00 
262734807040.00 262836666368.00 262936510464.00 263037206528.00 263134593024.00 263227588608.00 263337279488.00 263437615104.00 263537131520.00 263637745664.00 263737049088.00 263838187520.00 263937916928.00 264038432768.00 264138260480.00 264238432256.00 264338653184.00 264439037952.00 264539045888.00 264639004672.00 
264733622272.00 264839380992.00 264939716608.00 265040265216.00 265139486720.00 265240018944.00 265340469248.00 265439952896.00 265539977216.00 265640280064.00 265737175040.00 265841131520.00 265941106688.00 266040999936.00 266140975104.00 266241114112.00 266339057664.00 266441359360.00 266541219840.00 266641637376.00 
266739974144.00 266841849856.00 266941267968.00 267040423936.00 267139104768.00 267236933632.00 267327930368.00 267477385216.00 267552292864.00 267649613824.00 267746869248.00 267847286784.00 267945836544.00 268047122432.00 268147392512.00 268245090304.00 268346556416.00 268446646272.00 268547194880.00 268647415808.00 
268744474624.00 268847333376.00 268947767296.00 269047513088.00 269147258880.00 269248036864.00 269348126720.00 269447806976.00 269545668608.00 269648363520.00 269747896320.00 269849001984.00 269948780544.00 270049116160.00 270149566464.00 270249213952.00 270348992512.00 270449573888.00 270550007808.00 270649819136.00 
270742552576.00 270850277376.00 270950662144.00 271050964992.00 271149563904.00 271250505728.00 271351644160.00 271451095040.00 271551332352.00 271651766272.00 271751249920.00 271851847680.00 271951675392.00 272052043776.00 272151822336.00 272252108800.00 272352133120.00 272454598656.00 272553132032.00 272652992512.00 
272741302272.00 272853123072.00 272953589760.00 273053564928.00 273153654784.00 273252466688.00 273354342400.00 273453727744.00 273554178048.00 273654824960.00 273754079232.00 273854922752.00 273955045376.00 274054987776.00 274155257856.00 274255265792.00 274354585600.00 274457690112.00 274556354560.00 274656428032.00 
274754863104.00 274856919040.00 274957074432.00 275057573888.00 275156795392.00 275256672256.00 275357433856.00 275458752512.00 275557089280.00 275657654272.00 275739607040.00 275858423808.00 275956432896.00 276058931200.00 276158578688.00 276258553856.00 276359413760.00 276459192320.00 276559462400.00 276659863552.00 
276756791296.00 276859944960.00 276960575488.00 277060124672.00 277160263680.00 277260206080.00 277360640000.00 277460811776.00 277559508992.00 277658828800.00 277761589248.00 277861629952.00 277961506816.00 278061580288.00 278162243584.00 278260514816.00 278361767936.00 278462562304.00 278562897920.00 278663331840.00 
278761701376.00 278863478784.00 278963191808.00 279064117248.00 279161667584.00 279263870976.00 279364173824.00 279463985152.00 279564648448.00 279665541120.00 279763910656.00 279865131008.00 279964712960.00 280065146880.00 280165515264.00 280265064448.00 280365465600.00 280466358272.00 280565547008.00 280665391104.00 
280736399360.00 280867405824.00 280967348224.00 281067094016.00 281166970880.00 281266651136.00 281368035328.00 281465978880.00 281567592448.00 281668157440.00 281767313408.00 281868894208.00 281968377856.00 282068385792.00 282168655872.00 282269417472.00 282367098880.00 282469662720.00 282568851456.00 282669449216.00 
282768146432.00 282869792768.00 282969899008.00 283069349888.00 283170963456.00 283269300224.00 283370422272.00 283470692352.00 283571093504.00 283671101440.00 283770552320.00 283871772672.00 283970404352.00 284071362560.00 284172091392.00 284272099328.00 284372172800.00 284472213504.00 284572778496.00 284672786432.00 
284770271232.00 284873162752.00 284972777472.00 285073932288.00 285173547008.00 285273325568.00 285373890560.00 285473964032.00 285571809280.00 285673947136.00 285771071488.00 285874585600.00 285974495232.00 286075027456.00 286175166464.00 286274912256.00 286373871616.00 286462017536.00 286578475008.00 286677368832.00 
286775377920.00 286877089792.00 286977032192.00 287077203968.00 287176196096.00 287277154304.00 287377522688.00 287477891072.00 287578292224.00 287678169088.00 287777456128.00 287878512640.00 287977865216.00 288078692352.00 288178995200.00 288269631488.00 288378781696.00 288479215616.00 288579190784.00 288679297024.00 
288767901696.00 288880033792.00 288980140032.00 289080180736.00 289180516352.00 289280262144.00 289380433920.00 289481031680.00 289580580864.00 289683767296.00 289780858880.00 289881653248.00 289981431808.00 290082029568.00 290182004736.00 290281979904.00 290381234176.00 290482683904.00 290582822912.00 290682535936.00 
290775760896.00 290882879488.00 290984296448.00 291083386880.00 291183198208.00 291283566592.00 291384164352.00 291484041216.00 291583524864.00 291675406336.00 291784851456.00 291885645824.00 291982999552.00 292084744192.00 292185440256.00 292285415424.00 292385488896.00 292485988352.00 292585996288.00 292687020032.00 
292783456256.00 292886347776.00 292987011072.00 293085151232.00 293187158016.00 293285363712.00 293387272192.00 293487706112.00 293586534400.00 293687754752.00 293787107328.00 293887770624.00 293987844096.00 294087229440.00 294189334528.00 294288883712.00 294388498432.00 294489292800.00 294589169664.00 294689734656.00 
294788333568.00 294889684992.00 294990020608.00 295089930240.00 295188037632.00 295289913344.00 295390445568.00 295490256896.00 295591215104.00 295690993664.00 295787626496.00 295891664896.00 295991345152.00 296091615232.00 296191492096.00 296291827712.00 296392687616.00 296493023232.00 296592900096.00 296693006336.00 
296787017728.00 296892301312.00 296992473088.00 297096839168.00 297192980480.00 297293152256.00 297394110464.00 297493757952.00 297594191872.00 297694396416.00 297794043904.00 297894707200.00 297994485760.00 298095476736.00 298194599936.00 298293460992.00 298392879104.00 298495541248.00 298595942400.00 298696278016.00 
298794778624.00 298896621568.00 298996498432.00 299095851008.00 299196416000.00 299296358400.00 299397283840.00 299496865792.00 299597496320.00 299696586752.00 299796692992.00 299898339328.00 299996708864.00 300096815104.00 300197412864.00 300297453568.00 300397068288.00 300497436672.00 300596199424.00 300693520384.00 
300724649984.00 300906315776.00 301003079680.00 301101481984.00 301201588224.00 301301465088.00 301401571328.00 301501874176.00 301599129600.00 301701529600.00 301801439232.00 301902397440.00 302001815552.00 302103101440.00 302202454016.00 302302429184.00 302402666496.00 302502805504.00 302603239424.00 302703083520.00 
302801453056.00 302903754752.00 303003271168.00 303103606784.00 303202795520.00 303302213632.00 303403991040.00 303502000128.00 303603974144.00 303704702976.00 303803662336.00 303905046528.00 304004792320.00 304105553920.00 304205496320.00 304305307648.00 304405577728.00 304504930304.00 304606314496.00 304705863680.00 
304794468352.00 304906371072.00 305006641152.00 305107173376.00 305206919168.00 305306861568.00 305407361024.00 305507074048.00 305607802880.00 305708105728.00 305804541952.00 305908547584.00 306008129536.00 306108301312.00 306208669696.00 306308579328.00 306408030208.00 306509152256.00 306608996352.00 306711494656.00 
306808619008.00 306909937664.00 307010207744.00 307110150144.00 307210027008.00 307310231552.00 307410665472.00 307511033856.00 307611238400.00 307711148032.00 307810893824.00 307911589888.00 308009435136.00 308111605760.00 308211941376.00 308310310912.00 308411531264.00 308520189952.00 308613283840.00 308713127936.00 
308810317824.00 308912947200.00 309013872640.00 309113126912.00 309213462528.00 309313437696.00 309414297600.00 309514469376.00 309613264896.00 309714485248.00 309813968896.00 309916893184.00 310014771200.00 310115303424.00 310215245824.00 310315024384.00 310415294464.00 310515990528.00 310615900160.00 310715908096.00 
310808903680.00 310916448256.00 311015440384.00 311116791808.00 311214800896.00 311316512768.00 311417110528.00 311517347840.00 311617257472.00 311716872192.00 311816159232.00 311907155968.00 312019058688.00 312118771712.00 312218779648.00 312318787584.00 312418861056.00 312519557120.00 312619237376.00 312719147008.00 
312813453312.00 312919621632.00 313021104128.00 313121013760.00 313220268032.00 313311068160.00 313420709888.00 313520881664.00 313620103168.00 313721094144.00 313820348416.00 313921830912.00 314021675008.00 314121289728.00 314221690880.00 314321403904.00 314419970048.00 314522501120.00 314622836736.00 314722713600.00 
314821476352.00 314922893312.00 315023097856.00 315127365632.00 315223703552.00 315323711488.00 315423817728.00 315524349952.00 315623866368.00 315725348864.00 315821228032.00 315924938752.00 316024160256.00 316125118464.00 316225617920.00 316325265408.00 316425306112.00 316525871104.00 316628631552.00 316726247424.00 
316823601152.00 316926361600.00 317026861056.00 317126967296.00 317226975232.00 317326819328.00 317427220480.00 317527883776.00 317625171968.00 317727408128.00 317827186688.00 317927981056.00 318027530240.00 318129045504.00 318228922368.00 318326833152.00 318428151808.00 318529208320.00 318629019648.00 318729224192.00 
318828183552.00 318929960960.00 319029903360.00 319129976832.00 319228968960.00 319329697792.00 319430295552.00 319531057152.00 319630671872.00 319730515968.00 319830097920.00 319929974784.00 320030769152.00 320131629056.00 320231047168.00 320330989568.00 320431325184.00 320531234816.00 320630816768.00 320728891392.00 
320772833280.00 320937230336.00 321035337728.00 321134460928.00 321234436096.00 321334312960.00 321434484736.00 321535016960.00 321634238464.00 321735032832.00 321834549248.00 321934917632.00 322034794496.00 322135031808.00 322235465728.00 322335571968.00 322434859008.00 322536144896.00 322636349440.00 322736521216.00 
322835120128.00 322936897536.00 323036413952.00 323136913408.00 323236724736.00 323335127040.00 323437887488.00 323537600512.00 323637018624.00 323737714688.00 323837362176.00 323939008512.00 324036427776.00 324138237952.00 324237623296.00 324338843648.00 324438786048.00 324539613184.00 324636901376.00 324739530752.00 
324836720640.00 324939874304.00 325039751168.00 325139922944.00 325240193024.00 325340233728.00 325440733184.00 325540610048.00 325639274496.00 325740527616.00 325823070208.00 325942476800.00 326041501696.00 326141345792.00 326241681408.00 326341656576.00 326441336832.00 326542163968.00 326642827264.00 326743228416.00 
326841892864.00 326943899648.00 327043678208.00 327143489536.00 327241695232.00 327343603712.00 327444135936.00 327544373248.00 327644381184.00 327744356352.00 327843741696.00 327944339456.00 328043233280.00 328147894272.00 328245608448.00 328344240128.00 328445984768.00 328546189312.00 328645672960.00 328745779200.00 
328840085504.00 328946581504.00 329045639168.00 329146171392.00 329246277632.00 329346744320.00 329447833600.00 329547415552.00 329647161344.00 329748676608.00 329847078912.00 329947447296.00 330048045056.00 330148020224.00 330245537792.00 330349215744.00 330446503936.00 330549493760.00 330648682496.00 330749640704.00 
330842144768.00 330949722112.00 331049762816.00 331149705216.00 331249614848.00 331350573056.00 331450810368.00 331550752768.00 331650596864.00 331750703104.00 331850153984.00 331950915584.00 332050530304.00 332151357440.00 332251594752.00 332351963136.00 332451905536.00 332551553024.00 332652412928.00 332752650240.00 
332849938432.00 332952961024.00 333052248064.00 333152976896.00 333253345280.00 333351550976.00 333453033472.00 333553565696.00 333651673088.00 333753876480.00 333852999680.00 333953302528.00 334052753408.00 334146797568.00 334259126272.00 334356938752.00 334456094720.00 334556102656.00 334656339968.00 334756315136.00 
334855372800.00 334957117440.00 335056830464.00 335157493760.00 335255863296.00 335356723200.00 335457386496.00 335557918720.00 335657566208.00 335758000128.00 335854338048.00 335957983232.00 336057466880.00 336158588928.00 336258433024.00 336358932480.00 336459071488.00 336559243264.00 336658726912.00 336759455744.00 
336847634432.00 336959832064.00 337059938304.00 337160437760.00 337259855872.00 337359732736.00 337460330496.00 337560469504.00 337659723776.00 337761697792.00 337860165632.00 337961549824.00 338061099008.00 338162024448.00 338261540864.00 338352472064.00 338461261824.00 338562088960.00 338662326272.00 338763120640.00 
338861424640.00 338963333120.00 339063046144.00 339163119616.00 339261980672.00 339365068800.00 339464388608.00 339564167168.00 339664240640.00 339764641792.00 339863896064.00 339964329984.00 340062306304.00 340165656576.00 340266614784.00 340365017088.00 340464992256.00 340565819392.00 340665696256.00 340765900800.00 
340851261440.00 340966309888.00 341066809344.00 341167833088.00 341266432000.00 341367357440.00 341467299840.00 341566816256.00 341666562048.00 341767618560.00 341867167744.00 341967962112.00 342068428800.00 342168371200.00 342268116992.00 342368419840.00 342468034560.00 342568665088.00 342668967936.00 342769631232.00 
342867968000.00 342968926208.00 343069556736.00 343169695744.00 343267377152.00 343368204288.00 343469588480.00 343569793024.00 343667081216.00 343775739904.00 343871782912.00 343972052992.00 344071438336.00 344172331008.00 344272240640.00 344372051968.00 344472223744.00 344572755968.00 344672272384.00 344772640768.00 
344867045376.00 344973213696.00 345073516544.00 345173098496.00 345273008128.00 345373245440.00 345473712128.00 345573720064.00 345673564160.00 345774620672.00 345871187968.00 345976897536.00 346074251264.00 346175733760.00 346274824192.00 346375454720.00 346473299968.00 346575863808.00 346676068352.00 346775879680.00 
346875068416.00 346976780288.00 347076755456.00 347176960000.00 347276115968.00 347376156672.00 347476557824.00 347578761216.00 347677294592.00 347777564672.00 347877441536.00 347978072064.00 348077359104.00 348178022400.00 348278489088.00 348376662016.00 348478472192.00 348579069952.00 348678651904.00 348779544576.00 
348876832768.00 348979593216.00 349079437312.00 349180329984.00 349280763904.00 349380018176.00 349480386560.00 349580263424.00 349678206976.00 349780901888.00 349880352768.00 349981310976.00 350080794624.00 350181752832.00 350281334784.00 350381604864.00 350481252352.00 350581456896.00 350681726976.00 350780948480.00 
350845566976.00 350985060352.00 351083659264.00 351183831040.00 351282561024.00 351383355392.00 351483723776.00 351584190464.00 351684001792.00 351784730624.00 351883624448.00 351984517120.00 352084099072.00 352185221120.00 352284704768.00 352384614400.00 352485048320.00 352585515008.00 352685817856.00 352786120704.00 
352874201088.00 352986431488.00 353086046208.00 353186545664.00 353286488064.00 353385316352.00 353487126528.00 353587003392.00 353686585344.00 353786986496.00 353887780864.00 353988018176.00 354088058880.00 354188820480.00 354288664576.00 354388705280.00 354487533568.00 354589081600.00 354688729088.00 354789392384.00 
354888187904.00 354991013888.00 355089711104.00 355189981184.00 355290284032.00 355390259200.00 355490234368.00 355590144000.00 355689824256.00 355790487552.00 355887382528.00 355991060480.00 356089102336.00 356191830016.00 356290887680.00 356389453824.00 356494606336.00 356592779264.00 356692230144.00 356792729600.00 
356889985024.00 356993531904.00 357092720640.00 357193121792.00 357293359104.00 357393334272.00 357493833728.00 357594169344.00 357693554688.00 357794742272.00 357894029312.00 357994135552.00 358094438400.00 358194741248.00 358294978560.00 358393217024.00 358495125504.00 358595297280.00 358695501824.00 358801244160.00 
358895058944.00 358997131264.00 359095795712.00 359196000256.00 359294795776.00 359396638720.00 359496712192.00 359596883968.00 359697612800.00 359796932608.00 359897104384.00 359998390272.00 360097447936.00 360198340608.00 360298446848.00 360398094336.00 360498790400.00 360598306816.00 360698380288.00 360798978048.00 
360868872192.00 361000927232.00 361100574720.00 361200680960.00 361299607552.00 361400598528.00 361500311552.00 361600942080.00 361699999744.00 361801023488.00 361900638208.00 362001432576.00 362100785152.00 362202595328.00 362301489152.00 362401562624.00 362499833856.00 362601414656.00 362702143488.00 362797924352.00 
362901340160.00 363002691584.00 363102666752.00 363203100672.00 363302977536.00 363394662400.00 363503386624.00 363604148224.00 363704352768.00 363804360704.00 363903418368.00 364004835328.00 364103729152.00 364204654592.00 364304859136.00 364404211712.00 364502679552.00 364606750720.00 364706037760.00 364806078464.00 
364903235584.00 365005602816.00 365106724864.00 365206306816.00 365306576896.00 365406453760.00 365506428928.00 365605552128.00 365705396224.00 365807370240.00 365903708160.00 366006861824.00 366106836992.00 366208188416.00 366308261888.00 366408105984.00 366507982848.00 366608121856.00 366709374976.00 366809251840.00 
366907850752.00 367007956992.00 367110062080.00 367209086976.00 367308767232.00 367409364992.00 367509569536.00 367612461056.00 367710928896.00 367810969600.00 367910354944.00 368011378688.00 368110567424.00 368211558400.00 368311894016.00 368409739264.00 368511909888.00 368612081664.00 368712056832.00 368812032000.00 
368900374528.00 369012703232.00 369112612864.00 369213210624.00 369312923648.00 369413423104.00 369513299968.00 369614225408.00 369713512448.00 369814241280.00 369913135104.00 370014224384.00 370112364544.00 370215157760.00 370315558912.00 370415009792.00 370514067456.00 370616074240.00 370715262976.00 370815827968.00 
370908397568.00 371016302592.00 371116277760.00 371216285696.00 371316686848.00 371416662016.00 371517292544.00 371617234944.00 371716882432.00 371817054208.00 371916996608.00 372017692672.00 372115603456.00 372217675776.00 372316438528.00 372419067904.00 372518879232.00 372618592256.00 372719255552.00 372818935808.00 
372916060160.00 373020065792.00 373119418368.00 373219786752.00 373318942720.00 373418196992.00 373519450112.00 373620146176.00 373719662592.00 373820751872.00 373920268288.00 374020833280.00 374120579072.00 374220423168.00 374322167808.00 374421520384.00 374521561088.00 374622552064.00 374721970176.00 374822174720.00 
374921494528.00 375022190592.00 375124459520.00 375223156736.00 375320805376.00 375423401984.00 375522721792.00 375623483392.00 375723196416.00 375823433728.00 375905419264.00 376024465408.00 376124178432.00 376224874496.00 376324784128.00 376424300544.00 376525029376.00 376625397760.00 376725929984.00 376825348096.00 
376919949312.00 377026019328.00 377126486016.00 377226133504.00 377325551616.00 377427492864.00 377526910976.00 377627607040.00 377726599168.00 377827622912.00 377926778880.00 378027638784.00 378127581184.00 378227785728.00 378328023040.00 378426327040.00 378526269440.00 378628112384.00 378729824256.00 378828554240.00 
378927874048.00 379029258240.00 379129135104.00 379229831168.00 379329708032.00 379429748736.00 379529822208.00 379630649344.00 379730132992.00 379830009856.00 379930804224.00 380030681088.00 380130197504.00 380230893568.00 380331589632.00 380431695872.00 380531769344.00 380631941120.00 380732211200.00 380832317440.00 
380917088256.00 381033054208.00 381133094912.00 381232906240.00 381333045248.00 381433479168.00 381533290496.00 381633527808.00 381731635200.00 381833674752.00 381933584384.00 382034214912.00 382134353920.00 382234722304.00 382335746048.00 382434312192.00 382534254592.00 382635769856.00 382734139392.00 382835228672.00 
382934679552.00 383036456960.00 383136071680.00 383235293184.00 383334744064.00 383434162176.00 383534694400.00 383636963328.00 383737266176.00 383837077504.00 383936954368.00 384038830080.00 384137134080.00 384237142016.00 384338591744.00 384437714944.00 384538083328.00 384638386176.00 384738426880.00 384839188480.00 
384927006720.00 385039007744.00 385138917376.00 385238695936.00 385339293696.00 385439924224.00 385539047424.00 385640595456.00 385739653120.00 385839661056.00 385936916480.00 386040299520.00 386141159424.00 386240905216.00 386340519936.00 386441117696.00 386540142592.00 386640576512.00 386741993472.00 386841804800.00 
386940764160.00 387042082816.00 387140616192.00 387242360832.00 387342368768.00 387442540544.00 387543367680.00 387643670528.00 387743678464.00 387844210688.00 387942612992.00 388046553088.00 388141842432.00 388242997248.00 388344152064.00 388435443712.00 388544561152.00 388645060608.00 388745232384.00 388845600768.00 
388942462976.00 389045714944.00 389145198592.00 389245730816.00 389345902592.00 389445550080.00 389546442752.00 389646385152.00 389745147904.00 389847515136.00 389946966016.00 390046875648.00 390147997696.00 390247907328.00 390347030528.00 390447661056.00 390546948096.00 390648463360.00 390748569600.00 390848446464.00 
390941245440.00 391048790016.00 391148896256.00 391248740352.00 391346749440.00 391449116672.00 391549616128.00 391651622912.00 391749599232.00 391849345024.00 391949418496.00 392049852416.00 392149925888.00 392249573376.00 392351154176.00 392450998272.00 392550547456.00 392651407360.00 392751185920.00 392851357696.00 
392945762304.00 393051668480.00 393152266240.00 393252012032.00 393351528448.00 393451307008.00 393552756736.00 393652338688.00 393752838144.00 393853698048.00 393952264192.00 394052468736.00 394153656320.00 394253598720.00 394353278976.00 394453647360.00 394552049664.00 394653696000.00 394754555904.00 394854400000.00 
394952966144.00 395054579712.00 395154161664.00 395255152640.00 395354439680.00 395454971904.00 395555799040.00 395655577600.00 395755126784.00 395855527936.00 395952226304.00 396055937024.00 396155617280.00 396256739328.00 396356190208.00 396455936000.00 396556042240.00 396657721344.00 396756615168.00 396856393728.00 
396953845760.00 397057064960.00 397157007360.00 397257211904.00 397357318144.00 397457129472.00 397557334016.00 397657571328.00 397754957824.00 397858045952.00 397956972544.00 398057472000.00 398157545472.00 398257750016.00 398357823488.00 398455832576.00 398557249536.00 398657847296.00 398758182912.00 398858420224.00 
398956691456.00 399057747968.00 399157657600.00 399257174016.00 399356100608.00 399456468992.00 399556935680.00 399656615936.00 399755673600.00 399854993408.00 399953657856.00 400053534720.00 400151740416.00 400250732544.00 400348348416.00 400445112320.00 400540532736.00 400632578048.00 400715776000.00 400766074880.00 
end   dump: w
==END   DUMP_ARRAYS==
