==BEGIN DUMP_ARRAYS==
begin dump: w
0.00 0.00 0.00 0.00 0.00 0.00 0.00 0.00 0.00 0.00 0.00 0.00 0.00 0.00 0.00 0.00 0.00 0.00 0.00 0.00 
0.00 0.00 0.00 0.00 0.00 0.00 0.00 0.00 0.00 0.00 0.00 0.00 0.00 0.00 0.00 0.00 0.00 0.00 0.00 0.00 
0.00 0.00 0.00 0.00 0.00 0.00 0.00 0.00 0.00 0.00 0.00 0.00 0.00 0.00 0.00 0.00 0.00 0.00 0.00 0.00 
0.00 0.00 0.00 0.00 0.00 0.00 0.00 0.00 0.00 0.00 0.00 0.00 0.00 0.00 0.00 0.00 0.00 0.00 0.00 0.00 
0.00 0.00 0.00 0.00 0.00 0.00 0.00 0.00 0.00 0.00 0.00 0.00 0.00 0.00 0.00 0.00 0.00 0.00 0.00 0.00 
0.00 0.00 0.00 0.00 0.00 0.00 0.00 0.00 0.00 0.00 0.00 0.00 0.00 0.00 0.00 0.00 0.00 0.00 0.00 0.00 
end   dump: w
==END   DUMP_ARRAYS==
==BEGIN DUMP_ARRAYS==
begin dump: w
7.89 14070.10 15492.60 17818.47 20369.04 23010.12 25696.26 28739.55 31135.85 34288.70 36620.13 40271.50 42127.58 45723.29 48486.14 50409.37 53747.78 56767.80 59583.09 62829.32 
64243.39 68322.77 71278.80 74089.23 75324.78 79584.15 82588.41 85400.84 88113.95 91127.38 91956.88 97024.30 99258.66 102464.46 105217.55 107993.81 110304.85 114062.39 116663.77 119272.72 
119689.18 125591.66 127920.66 131112.28 133696.20 135730.19 139453.73 142426.58 143608.80 148148.59 150307.36 153576.56 156451.88 159410.28 161942.09 164837.16 167433.98 170587.78 173394.28 175974.55 
175181.27 182883.58 185322.69 187985.75 190422.39 193448.09 196203.39 199447.80 201979.34 204996.86 207261.22 210709.55 211945.83 216431.52 219263.22 221117.62 224735.02 227745.81 230224.81 233266.42 
233554.61 239300.80 242053.17 244795.70 246978.91 250291.48 253499.34 256109.08 258597.72 261833.78 262732.56 267730.72 270317.28 273172.62 276128.56 278701.12 280229.84 284768.84 287438.16 290250.75 
291885.69 296028.75 298562.41 302090.25 304108.62 306438.41 310230.75 313134.75 315156.19 318586.66 320948.59 324284.81 326720.44 330118.59 332449.25 335275.12 338062.16 340755.03 343224.31 344787.97 
end   dump: w
==END   DUMP_ARRAYS==
