==BEGIN DUMP_ARRAYS==
begin dump: w
0.00 0.00 0.00 0.00 0.00 0.00 0.00 0.00 0.00 0.00 0.00 0.00 0.00 0.00 0.00 0.00 0.00 0.00 0.00 0.00 
0.00 0.00 0.00 0.00 0.00 0.00 0.00 0.00 0.00 0.00 0.00 0.00 0.00 0.00 0.00 0.00 0.00 0.00 0.00 0.00 
0.00 0.00 0.00 0.00 0.00 0.00 0.00 0.00 0.00 0.00 0.00 0.00 0.00 0.00 0.00 0.00 0.00 0.00 0.00 0.00 
0.00 0.00 0.00 0.00 0.00 0.00 0.00 0.00 0.00 0.00 0.00 0.00 0.00 0.00 0.00 0.00 0.00 0.00 0.00 0.00 
0.00 0.00 0.00 0.00 0.00 0.00 0.00 0.00 0.00 0.00 0.00 0.00 0.00 0.00 0.00 0.00 0.00 0.00 0.00 0.00 
0.00 0.00 0.00 0.00 0.00 0.00 0.00 0.00 0.00 0.00 0.00 0.00 0.00 0.00 0.00 0.00 0.00 0.00 0.00 0.00 
end   dump: w
==END   DUMP_ARRAYS==
==BEGIN DUMP_ARRAYS==
begin dump: w
7.89 14070.04 15492.49 17818.31 20368.82 23009.84 25695.93 28739.15 31135.41 34288.20 36619.57 40270.89 42126.91 45722.57 48485.36 50408.53 53746.89 56766.85 59582.25 62828.43 
64242.54 68321.88 71277.84 74088.22 75324.17 79583.49 82587.69 85400.07 88113.11 91126.48 91956.00 97023.36 99257.68 102463.42 105216.45 107992.83 110303.81 114061.30 116662.62 119271.51 
119688.14 125590.55 127919.50 131111.05 133694.94 135728.86 139452.36 142425.12 143607.78 148147.52 150306.20 153575.38 156450.80 159409.16 161940.86 164835.92 167432.69 170586.41 173392.86 175973.08 
175179.95 182882.20 185321.23 187984.30 190420.86 193446.50 196201.75 199446.05 201977.61 204995.22 207259.52 210707.78 211944.48 216430.08 219261.77 221116.11 224733.42 227744.19 230223.11 233264.67 
233553.02 239299.12 242051.47 244793.94 246977.11 250289.61 253497.61 256107.23 258595.86 261831.91 262730.69 267728.75 270315.25 273170.56 276126.41 278698.94 280228.03 284767.03 287436.28 290248.78 
291883.75 296026.78 298560.47 302088.34 304106.69 306436.38 310228.69 313132.66 315154.00 318584.41 320946.28 324282.47 326718.03 330116.09 332446.72 335272.56 338059.53 340752.31 343221.59 344785.19 
end   dump: w
==END   DUMP_ARRAYS==
