==BEGIN DUMP_ARRAYS==
begin dump: w
0.00 0.00 0.00 0.00 0.00 0.00 0.00 0.00 0.00 0.00 0.00 0.00 0.00 0.00 0.00 0.00 0.00 0.00 0.00 0.00 
0.00 0.00 0.00 0.00 0.00 0.00 0.00 0.00 0.00 0.00 0.00 0.00 0.00 0.00 0.00 0.00 0.00 0.00 0.00 0.00 
0.00 0.00 0.00 0.00 0.00 0.00 0.00 0.00 0.00 0.00 0.00 0.00 0.00 0.00 0.00 0.00 0.00 0.00 0.00 0.00 
0.00 0.00 0.00 0.00 0.00 0.00 0.00 0.00 0.00 0.00 0.00 0.00 0.00 0.00 0.00 0.00 0.00 0.00 0.00 0.00 
0.00 0.00 0.00 0.00 0.00 0.00 0.00 0.00 0.00 0.00 0.00 0.00 0.00 0.00 0.00 0.00 0.00 0.00 0.00 0.00 
0.00 0.00 0.00 0.00 0.00 0.00 0.00 0.00 0.00 0.00 0.00 0.00 0.00 0.00 0.00 0.00 0.00 0.00 0.00 0.00 
end   dump: w
==END   DUMP_ARRAYS==
==BEGIN DUMP_ARRAYS==
begin dump: w
7.89 14070.10 15492.60 17818.47 20369.04 23010.12 25696.26 28739.54 31135.86 34288.70 36620.13 40271.50 42127.58 45723.30 48486.14 50409.37 53747.78 56767.80 59583.09 62829.32 
64243.39 68322.78 71278.80 74089.23 75324.79 79584.16 82588.41 85400.84 88113.95 91127.37 91956.88 97024.30 99258.66 102464.45 105217.55 107993.80 110304.86 114062.41 116663.76 119272.72 
119689.20 125591.66 127920.66 131112.27 133696.20 135730.19 139453.75 142426.56 143608.80 148148.59 150307.36 153576.56 156451.89 159410.30 161942.06 164837.17 167433.98 170587.77 173394.30 175974.55 
175181.28 182883.56 185322.66 187985.77 190422.39 193448.11 196203.39 199447.78 201979.36 204996.88 207261.20 210709.55 211945.84 216431.53 219263.23 221117.62 224735.02 227745.83 230224.80 233266.41 
233554.61 239300.77 242053.17 244795.70 246978.95 250291.47 253499.36 256109.06 258597.73 261833.81 262732.56 267730.75 270317.28 273172.66 276128.53 278701.12 280229.88 284768.88 287438.16 290250.75 
291885.69 296028.78 298562.44 302090.25 304108.62 306438.41 310230.75 313134.78 315156.22 318586.66 320948.59 324284.84 326720.44 330118.56 332449.25 335275.16 338062.16 340755.00 343224.31 344787.94 
end   dump: w
==END   DUMP_ARRAYS==
