==BEGIN DUMP_ARRAYS==
begin dump: w
0.00 0.00 0.00 0.00 0.00 0.00 0.00 0.00 0.00 0.00 0.00 0.00 0.00 0.00 0.00 0.00 0.00 0.00 0.00 0.00 
0.00 0.00 0.00 0.00 0.00 0.00 0.00 0.00 0.00 0.00 0.00 0.00 0.00 0.00 0.00 0.00 0.00 0.00 0.00 0.00 
0.00 0.00 0.00 0.00 0.00 0.00 0.00 0.00 0.00 0.00 0.00 0.00 0.00 0.00 0.00 0.00 0.00 0.00 0.00 0.00 
0.00 0.00 0.00 0.00 0.00 0.00 0.00 0.00 0.00 0.00 0.00 0.00 0.00 0.00 0.00 0.00 0.00 0.00 0.00 0.00 
0.00 0.00 0.00 0.00 0.00 0.00 0.00 0.00 0.00 0.00 0.00 0.00 0.00 0.00 0.00 0.00 0.00 0.00 0.00 0.00 
0.00 0.00 0.00 0.00 0.00 0.00 0.00 0.00 0.00 0.00 0.00 0.00 0.00 0.00 0.00 0.00 0.00 0.00 0.00 0.00 
end   dump: w
==END   DUMP_ARRAYS==
==BEGIN DUMP_ARRAYS==
begin dump: w
7.89 14070.10 15492.60 17818.47 20369.04 23010.12 25696.26 28739.54 31135.85 34288.70 36620.13 40271.50 42127.58 45723.29 48486.14 50409.37 53747.78 56767.80 59583.09 62829.32 
64243.39 68322.78 71278.80 74089.23 75324.78 79584.15 82588.41 85400.84 88113.94 91127.36 91956.88 97024.28 99258.66 102464.45 105217.54 107993.81 110304.85 114062.40 116663.77 119272.72 
119689.18 125591.65 127920.67 131112.25 133696.20 135730.19 139453.75 142426.58 143608.80 148148.59 150307.36 153576.56 156451.89 159410.30 161942.06 164837.17 167433.98 170587.78 173394.28 175974.55 
175181.28 182883.56 185322.66 187985.77 190422.39 193448.12 196203.39 199447.77 201979.34 204996.86 207261.19 210709.53 211945.83 216431.47 219263.20 221117.62 224735.02 227745.83 230224.78 233266.41 
233554.58 239300.78 242053.17 244795.70 246978.91 250291.47 253499.36 256109.05 258597.72 261833.81 262732.56 267730.75 270317.25 273172.66 276128.53 278701.12 280229.81 284768.81 287438.16 290250.72 
291885.69 296028.75 298562.41 302090.25 304108.62 306438.41 310230.72 313134.75 315156.19 318586.62 320948.56 324284.78 326720.44 330118.59 332449.25 335275.16 338062.12 340755.00 343224.31 344788.00 
end   dump: w
==END   DUMP_ARRAYS==
