==BEGIN DUMP_ARRAYS==
begin dump: w
0.00 0.00 0.00 0.00 0.00 0.00 0.00 0.00 0.00 0.00 0.00 0.00 0.00 0.00 0.00 0.00 0.00 0.00 0.00 0.00 
0.00 0.00 0.00 0.00 0.00 0.00 0.00 0.00 0.00 0.00 0.00 0.00 0.00 0.00 0.00 0.00 0.00 0.00 0.00 0.00 
0.00 0.00 0.00 0.00 0.00 0.00 0.00 0.00 0.00 0.00 0.00 0.00 0.00 0.00 0.00 0.00 0.00 0.00 0.00 0.00 
0.00 0.00 0.00 0.00 0.00 0.00 0.00 0.00 0.00 0.00 0.00 0.00 0.00 0.00 0.00 0.00 0.00 0.00 0.00 0.00 
0.00 0.00 0.00 0.00 0.00 0.00 0.00 0.00 0.00 0.00 0.00 0.00 0.00 0.00 0.00 0.00 0.00 0.00 0.00 0.00 
0.00 0.00 0.00 0.00 0.00 0.00 0.00 0.00 0.00 0.00 0.00 0.00 0.00 0.00 0.00 0.00 0.00 0.00 0.00 0.00 
end   dump: w
==END   DUMP_ARRAYS==
==BEGIN DUMP_ARRAYS==
begin dump: w
7.89 14070.10 15492.60 17818.47 20369.04 23010.12 25696.26 28739.54 31135.85 34288.70 36620.12 40271.50 42127.57 45723.29 48486.14 50409.36 53747.77 56767.79 59583.08 62829.31 
64243.38 68322.77 71278.80 74089.22 75324.77 79584.14 82588.39 85400.83 88113.92 91127.35 91956.86 97024.27 99258.65 102464.43 105217.52 107993.80 110304.83 114062.38 116663.75 119272.70 
119689.16 125591.63 127920.65 131112.23 133696.17 135730.17 139453.73 142426.55 143608.77 148148.56 150307.34 153576.53 156451.86 159410.27 161942.03 164837.14 167433.97 170587.75 173394.25 175974.52 
175181.25 182883.53 185322.62 187985.73 190422.36 193448.09 196203.36 199447.73 201979.31 204996.83 207261.16 210709.50 211945.78 216431.44 219263.17 221117.58 224734.98 227745.78 230224.73 233266.36 
233554.55 239300.75 242053.12 244795.67 246978.88 250291.42 253499.33 256109.00 258597.67 261833.77 262732.53 267730.69 270317.22 273172.59 276128.50 278701.06 280229.75 284768.78 287438.09 290250.66 
291885.62 296028.72 298562.34 302090.19 304108.56 306438.34 310230.66 313134.72 315156.12 318586.56 320948.50 324284.75 326720.38 330118.53 332449.22 335275.09 338062.09 340754.97 343224.25 344787.94 
end   dump: w
==END   DUMP_ARRAYS==
