==BEGIN DUMP_ARRAYS==
begin dump: w
0.00 0.00 0.00 0.00 0.00 0.00 0.00 0.00 0.00 0.00 0.00 0.00 0.00 0.00 0.00 0.00 0.00 0.00 0.00 0.00 
0.00 0.00 0.00 0.00 0.00 0.00 0.00 0.00 0.00 0.00 0.00 0.00 0.00 0.00 0.00 0.00 0.00 0.00 0.00 0.00 
0.00 0.00 0.00 0.00 0.00 0.00 0.00 0.00 0.00 0.00 0.00 0.00 0.00 0.00 0.00 0.00 0.00 0.00 0.00 0.00 
0.00 0.00 0.00 0.00 0.00 0.00 0.00 0.00 0.00 0.00 0.00 0.00 0.00 0.00 0.00 0.00 0.00 0.00 0.00 0.00 
0.00 0.00 0.00 0.00 0.00 0.00 0.00 0.00 0.00 0.00 0.00 0.00 0.00 0.00 0.00 0.00 0.00 0.00 0.00 0.00 
0.00 0.00 0.00 0.00 0.00 0.00 0.00 0.00 0.00 0.00 0.00 0.00 0.00 0.00 0.00 0.00 0.00 0.00 0.00 0.00 
end   dump: w
==END   DUMP_ARRAYS==
==BEGIN DUMP_ARRAYS==
begin dump: w
7.89 14070.10 15492.60 17818.47 20369.04 23010.12 25696.26 28739.54 31135.85 34288.71 36620.13 40271.50 42127.58 45723.30 48486.14 50409.37 53747.78 56767.80 59583.09 62829.32 
64243.39 68322.77 71278.80 74089.23 75324.78 79584.16 82588.41 85400.85 88113.94 91127.37 91956.88 97024.28 99258.67 102464.46 105217.55 107993.81 110304.85 114062.38 116663.77 119272.71 
119689.19 125591.65 127920.66 131112.25 133696.20 135730.19 139453.75 142426.56 143608.81 148148.59 150307.34 153576.58 156451.89 159410.30 161942.06 164837.17 167433.98 170587.78 173394.28 175974.55 
175181.28 182883.55 185322.67 187985.78 190422.39 193448.11 196203.42 199447.75 201979.38 204996.89 207261.23 210709.55 211945.86 216431.48 219263.23 221117.62 224735.00 227745.81 230224.80 233266.42 
233554.59 239300.77 242053.17 244795.69 246978.91 250291.47 253499.36 256109.05 258597.73 261833.83 262732.56 267730.72 270317.28 273172.62 276128.53 278701.12 280229.81 284768.84 287438.16 290250.72 
291885.66 296028.75 298562.47 302090.25 304108.62 306438.38 310230.75 313134.78 315156.19 318586.62 320948.56 324284.81 326720.44 330118.56 332449.25 335275.16 338062.16 340755.00 343224.34 344788.00 
end   dump: w
==END   DUMP_ARRAYS==
